{
  "uid" : "255a3f7bc5eaee87",
  "name" : "TUA-321",
  "fullName" : "com.ita.edu.teachua.ui.tests.RestorePasswordViaGmailApiTest.testPasswordRecovery",
  "historyId" : "1b357d7d3e0df694619d7b2cb5b398cb",
  "time" : {
    "start" : 1642760448525,
    "stop" : 1642760455379,
    "duration" : 6854
  },
  "description" : "Verify if error message is displayed after inputting invalid data for recover or change the password.",
  "descriptionHtml" : "<p>Verify if error message is displayed after inputting invalid data for recover or change the password.</p>\n",
  "status" : "broken",
  "statusMessage" : "java.io.FileNotFoundException: /home/runner/work/Selenium648PageFactory/Selenium648PageFactory/src/test/resources/credentials.json (No such file or directory)",
  "statusTrace" : "java.lang.RuntimeException: java.io.FileNotFoundException: /home/runner/work/Selenium648PageFactory/Selenium648PageFactory/src/test/resources/credentials.json (No such file or directory)\n\tat com.ita.edu.teachua.utils.GmailContentExtractor.getGmailData(GmailContentExtractor.java:123)\n\tat com.ita.edu.teachua.utils.GmailContentExtractor.getGmailMessageLink(GmailContentExtractor.java:192)\n\tat com.ita.edu.teachua.ui.pages.header_page.RestoringBeginPopUpComponent.clickOnRestore(RestoringBeginPopUpComponent.java:40)\n\tat com.ita.edu.teachua.ui.tests.RestorePasswordViaGmailApiTest.testPasswordRecovery(RestorePasswordViaGmailApiTest.java:45)\n\tat sun.reflect.NativeMethodAccessorImpl.invoke0(Native Method)\n\tat sun.reflect.NativeMethodAccessorImpl.invoke(NativeMethodAccessorImpl.java:62)\n\tat sun.reflect.DelegatingMethodAccessorImpl.invoke(DelegatingMethodAccessorImpl.java:43)\n\tat java.lang.reflect.Method.invoke(Method.java:498)\n\tat org.testng.internal.MethodInvocationHelper.invokeMethod(MethodInvocationHelper.java:133)\n\tat org.testng.internal.TestInvoker.invokeMethod(TestInvoker.java:598)\n\tat org.testng.internal.TestInvoker.invokeTestMethod(TestInvoker.java:173)\n\tat org.testng.internal.MethodRunner.runInSequence(MethodRunner.java:46)\n\tat org.testng.internal.TestInvoker$MethodInvocationAgent.invoke(TestInvoker.java:824)\n\tat org.testng.internal.TestInvoker.invokeTestMethods(TestInvoker.java:146)\n\tat org.testng.internal.TestMethodWorker.invokeTestMethods(TestMethodWorker.java:146)\n\tat org.testng.internal.TestMethodWorker.run(TestMethodWorker.java:128)\n\tat java.util.ArrayList.forEach(ArrayList.java:1259)\n\tat org.testng.TestRunner.privateRun(TestRunner.java:794)\n\tat org.testng.TestRunner.run(TestRunner.java:596)\n\tat org.testng.SuiteRunner.runTest(SuiteRunner.java:377)\n\tat org.testng.SuiteRunner.access$000(SuiteRunner.java:28)\n\tat org.testng.SuiteRunner$SuiteWorker.run(SuiteRunner.java:418)\n\tat org.testng.internal.thread.ThreadUtil.lambda$execute$0(ThreadUtil.java:64)\n\tat java.util.concurrent.FutureTask.run(FutureTask.java:266)\n\tat java.util.concurrent.ThreadPoolExecutor.runWorker(ThreadPoolExecutor.java:1149)\n\tat java.util.concurrent.ThreadPoolExecutor$Worker.run(ThreadPoolExecutor.java:624)\n\tat java.lang.Thread.run(Thread.java:748)\nCaused by: java.io.FileNotFoundException: /home/runner/work/Selenium648PageFactory/Selenium648PageFactory/src/test/resources/credentials.json (No such file or directory)\n\tat java.io.FileInputStream.open0(Native Method)\n\tat java.io.FileInputStream.open(FileInputStream.java:195)\n\tat java.io.FileInputStream.<init>(FileInputStream.java:138)\n\tat java.io.FileInputStream.<init>(FileInputStream.java:93)\n\tat com.ita.edu.teachua.utils.GmailContentExtractor.getCredentials(GmailContentExtractor.java:54)\n\tat com.ita.edu.teachua.utils.GmailContentExtractor.getService(GmailContentExtractor.java:73)\n\tat com.ita.edu.teachua.utils.GmailContentExtractor.getGmailData(GmailContentExtractor.java:101)\n\t... 26 more\n",
  "flaky" : false,
  "newFailed" : false,
  "beforeStages" : [ {
    "name" : "beforeMethod",
    "time" : {
      "start" : 1642760443771,
      "stop" : 1642760448524,
      "duration" : 4753
    },
    "description" : "",
    "status" : "passed",
    "steps" : [ ],
    "attachments" : [ ],
    "parameters" : [ ],
    "stepsCount" : 0,
    "attachmentsCount" : 0,
    "shouldDisplayMessage" : false,
    "hasContent" : false
  }, {
    "name" : "beforeSuite",
    "time" : {
      "start" : 1642759772883,
      "stop" : 1642759775567,
      "duration" : 2684
    },
    "description" : "",
    "status" : "passed",
    "steps" : [ ],
    "attachments" : [ ],
    "parameters" : [ ],
    "stepsCount" : 0,
    "attachmentsCount" : 0,
    "shouldDisplayMessage" : false,
    "hasContent" : false
  } ],
  "testStage" : {
    "description" : "Verify if error message is displayed after inputting invalid data for recover or change the password.",
    "status" : "broken",
    "statusMessage" : "java.io.FileNotFoundException: /home/runner/work/Selenium648PageFactory/Selenium648PageFactory/src/test/resources/credentials.json (No such file or directory)",
    "statusTrace" : "java.lang.RuntimeException: java.io.FileNotFoundException: /home/runner/work/Selenium648PageFactory/Selenium648PageFactory/src/test/resources/credentials.json (No such file or directory)\n\tat com.ita.edu.teachua.utils.GmailContentExtractor.getGmailData(GmailContentExtractor.java:123)\n\tat com.ita.edu.teachua.utils.GmailContentExtractor.getGmailMessageLink(GmailContentExtractor.java:192)\n\tat com.ita.edu.teachua.ui.pages.header_page.RestoringBeginPopUpComponent.clickOnRestore(RestoringBeginPopUpComponent.java:40)\n\tat com.ita.edu.teachua.ui.tests.RestorePasswordViaGmailApiTest.testPasswordRecovery(RestorePasswordViaGmailApiTest.java:45)\n\tat sun.reflect.NativeMethodAccessorImpl.invoke0(Native Method)\n\tat sun.reflect.NativeMethodAccessorImpl.invoke(NativeMethodAccessorImpl.java:62)\n\tat sun.reflect.DelegatingMethodAccessorImpl.invoke(DelegatingMethodAccessorImpl.java:43)\n\tat java.lang.reflect.Method.invoke(Method.java:498)\n\tat org.testng.internal.MethodInvocationHelper.invokeMethod(MethodInvocationHelper.java:133)\n\tat org.testng.internal.TestInvoker.invokeMethod(TestInvoker.java:598)\n\tat org.testng.internal.TestInvoker.invokeTestMethod(TestInvoker.java:173)\n\tat org.testng.internal.MethodRunner.runInSequence(MethodRunner.java:46)\n\tat org.testng.internal.TestInvoker$MethodInvocationAgent.invoke(TestInvoker.java:824)\n\tat org.testng.internal.TestInvoker.invokeTestMethods(TestInvoker.java:146)\n\tat org.testng.internal.TestMethodWorker.invokeTestMethods(TestMethodWorker.java:146)\n\tat org.testng.internal.TestMethodWorker.run(TestMethodWorker.java:128)\n\tat java.util.ArrayList.forEach(ArrayList.java:1259)\n\tat org.testng.TestRunner.privateRun(TestRunner.java:794)\n\tat org.testng.TestRunner.run(TestRunner.java:596)\n\tat org.testng.SuiteRunner.runTest(SuiteRunner.java:377)\n\tat org.testng.SuiteRunner.access$000(SuiteRunner.java:28)\n\tat org.testng.SuiteRunner$SuiteWorker.run(SuiteRunner.java:418)\n\tat org.testng.internal.thread.ThreadUtil.lambda$execute$0(ThreadUtil.java:64)\n\tat java.util.concurrent.FutureTask.run(FutureTask.java:266)\n\tat java.util.concurrent.ThreadPoolExecutor.runWorker(ThreadPoolExecutor.java:1149)\n\tat java.util.concurrent.ThreadPoolExecutor$Worker.run(ThreadPoolExecutor.java:624)\n\tat java.lang.Thread.run(Thread.java:748)\nCaused by: java.io.FileNotFoundException: /home/runner/work/Selenium648PageFactory/Selenium648PageFactory/src/test/resources/credentials.json (No such file or directory)\n\tat java.io.FileInputStream.open0(Native Method)\n\tat java.io.FileInputStream.open(FileInputStream.java:195)\n\tat java.io.FileInputStream.<init>(FileInputStream.java:138)\n\tat java.io.FileInputStream.<init>(FileInputStream.java:93)\n\tat com.ita.edu.teachua.utils.GmailContentExtractor.getCredentials(GmailContentExtractor.java:54)\n\tat com.ita.edu.teachua.utils.GmailContentExtractor.getService(GmailContentExtractor.java:73)\n\tat com.ita.edu.teachua.utils.GmailContentExtractor.getGmailData(GmailContentExtractor.java:101)\n\t... 26 more\n",
    "steps" : [ {
      "name" : "Click on guest dropdown",
      "time" : {
        "start" : 1642760448526,
        "stop" : 1642760448608,
        "duration" : 82
      },
      "status" : "passed",
      "steps" : [ ],
      "attachments" : [ ],
      "parameters" : [ ],
      "stepsCount" : 0,
      "attachmentsCount" : 0,
      "shouldDisplayMessage" : false,
      "hasContent" : false
    }, {
      "name" : "Click on `Увійти` button",
      "time" : {
        "start" : 1642760448608,
        "stop" : 1642760449238,
        "duration" : 630
      },
      "status" : "passed",
      "steps" : [ ],
      "attachments" : [ ],
      "parameters" : [ ],
      "stepsCount" : 0,
      "attachmentsCount" : 0,
      "shouldDisplayMessage" : false,
      "hasContent" : false
    }, {
      "name" : "Click on 'Забули пароль' button.",
      "time" : {
        "start" : 1642760449238,
        "stop" : 1642760449801,
        "duration" : 563
      },
      "status" : "passed",
      "steps" : [ ],
      "attachments" : [ ],
      "parameters" : [ ],
      "stepsCount" : 0,
      "attachmentsCount" : 0,
      "shouldDisplayMessage" : false,
      "hasContent" : false
    }, {
      "name" : "Filling email field",
      "time" : {
        "start" : 1642760449801,
        "stop" : 1642760450110,
        "duration" : 309
      },
      "status" : "passed",
      "steps" : [ ],
      "attachments" : [ ],
      "parameters" : [ {
        "name" : "email",
        "value" : "speak.ukrainian.atqc.test@gmail.com"
      } ],
      "stepsCount" : 0,
      "attachmentsCount" : 0,
      "shouldDisplayMessage" : false,
      "hasContent" : true
    }, {
      "name" : "Click on 'Відновити' button",
      "time" : {
        "start" : 1642760450110,
        "stop" : 1642760455163,
        "duration" : 5053
      },
      "status" : "broken",
      "statusMessage" : "java.io.FileNotFoundException: /home/runner/work/Selenium648PageFactory/Selenium648PageFactory/src/test/resources/credentials.json (No such file or directory)",
      "statusTrace" : "java.lang.RuntimeException: java.io.FileNotFoundException: /home/runner/work/Selenium648PageFactory/Selenium648PageFactory/src/test/resources/credentials.json (No such file or directory)\n\tat com.ita.edu.teachua.utils.GmailContentExtractor.getGmailData(GmailContentExtractor.java:123)\n\tat com.ita.edu.teachua.utils.GmailContentExtractor.getGmailMessageLink(GmailContentExtractor.java:192)\n\tat com.ita.edu.teachua.ui.pages.header_page.RestoringBeginPopUpComponent.clickOnRestore(RestoringBeginPopUpComponent.java:40)\n\tat com.ita.edu.teachua.ui.tests.RestorePasswordViaGmailApiTest.testPasswordRecovery(RestorePasswordViaGmailApiTest.java:45)\n\tat sun.reflect.NativeMethodAccessorImpl.invoke0(Native Method)\n\tat sun.reflect.NativeMethodAccessorImpl.invoke(NativeMethodAccessorImpl.java:62)\n\tat sun.reflect.DelegatingMethodAccessorImpl.invoke(DelegatingMethodAccessorImpl.java:43)\n\tat java.lang.reflect.Method.invoke(Method.java:498)\n\tat org.testng.internal.MethodInvocationHelper.invokeMethod(MethodInvocationHelper.java:133)\n\tat org.testng.internal.TestInvoker.invokeMethod(TestInvoker.java:598)\n\tat org.testng.internal.TestInvoker.invokeTestMethod(TestInvoker.java:173)\n\tat org.testng.internal.MethodRunner.runInSequence(MethodRunner.java:46)\n\tat org.testng.internal.TestInvoker$MethodInvocationAgent.invoke(TestInvoker.java:824)\n\tat org.testng.internal.TestInvoker.invokeTestMethods(TestInvoker.java:146)\n\tat org.testng.internal.TestMethodWorker.invokeTestMethods(TestMethodWorker.java:146)\n\tat org.testng.internal.TestMethodWorker.run(TestMethodWorker.java:128)\n\tat java.util.ArrayList.forEach(ArrayList.java:1259)\n\tat org.testng.TestRunner.privateRun(TestRunner.java:794)\n\tat org.testng.TestRunner.run(TestRunner.java:596)\n\tat org.testng.SuiteRunner.runTest(SuiteRunner.java:377)\n\tat org.testng.SuiteRunner.access$000(SuiteRunner.java:28)\n\tat org.testng.SuiteRunner$SuiteWorker.run(SuiteRunner.java:418)\n\tat org.testng.internal.thread.ThreadUtil.lambda$execute$0(ThreadUtil.java:64)\n\tat java.util.concurrent.FutureTask.run(FutureTask.java:266)\n\tat java.util.concurrent.ThreadPoolExecutor.runWorker(ThreadPoolExecutor.java:1149)\n\tat java.util.concurrent.ThreadPoolExecutor$Worker.run(ThreadPoolExecutor.java:624)\n\tat java.lang.Thread.run(Thread.java:748)\nCaused by: java.io.FileNotFoundException: /home/runner/work/Selenium648PageFactory/Selenium648PageFactory/src/test/resources/credentials.json (No such file or directory)\n\tat java.io.FileInputStream.open0(Native Method)\n\tat java.io.FileInputStream.open(FileInputStream.java:195)\n\tat java.io.FileInputStream.<init>(FileInputStream.java:138)\n\tat java.io.FileInputStream.<init>(FileInputStream.java:93)\n\tat com.ita.edu.teachua.utils.GmailContentExtractor.getCredentials(GmailContentExtractor.java:54)\n\tat com.ita.edu.teachua.utils.GmailContentExtractor.getService(GmailContentExtractor.java:73)\n\tat com.ita.edu.teachua.utils.GmailContentExtractor.getGmailData(GmailContentExtractor.java:101)\n\t... 26 more\n",
      "steps" : [ ],
      "attachments" : [ ],
      "parameters" : [ ],
      "stepsCount" : 0,
      "attachmentsCount" : 0,
      "shouldDisplayMessage" : true,
      "hasContent" : true
    } ],
    "attachments" : [ {
      "uid" : "45794d2d4b2e178b",
      "name" : "Logs for thread 14",
      "source" : "45794d2d4b2e178b.log",
      "type" : "text/plain",
      "size" : 4
    }, {
      "uid" : "b0ad5e575c37da12",
      "name" : "Request logs for testPasswordRecovery",
      "source" : "b0ad5e575c37da12.log",
      "type" : "text/plain",
      "size" : 4
    }, {
      "uid" : "799c86fd12a215df",
      "name" : "Page screenshot",
      "source" : "799c86fd12a215df.png",
      "type" : "image/png",
      "size" : 232869
    } ],
    "parameters" : [ ],
    "stepsCount" : 5,
    "attachmentsCount" : 3,
    "shouldDisplayMessage" : false,
    "hasContent" : true
  },
  "afterStages" : [ {
    "name" : "afterMethod",
    "time" : {
      "start" : 1642760455379,
      "stop" : 1642760455448,
      "duration" : 69
    },
    "description" : "",
    "status" : "passed",
    "steps" : [ ],
    "attachments" : [ ],
    "parameters" : [ ],
    "stepsCount" : 0,
    "attachmentsCount" : 0,
    "shouldDisplayMessage" : false,
    "hasContent" : false
  } ],
  "labels" : [ {
    "name" : "package",
    "value" : "com.ita.edu.teachua.ui.tests.RestorePasswordViaGmailApiTest"
  }, {
    "name" : "testClass",
    "value" : "com.ita.edu.teachua.ui.tests.RestorePasswordViaGmailApiTest"
  }, {
    "name" : "testMethod",
    "value" : "testPasswordRecovery"
  }, {
    "name" : "parentSuite",
    "value" : "Test Suite"
  }, {
    "name" : "suite",
    "value" : "UI Tests"
  }, {
    "name" : "subSuite",
    "value" : "com.ita.edu.teachua.ui.tests.RestorePasswordViaGmailApiTest"
  }, {
    "name" : "host",
    "value" : "fv-az74-933"
  }, {
    "name" : "thread",
    "value" : "2959@fv-az74-933.TestNG-tests-2(14)"
  }, {
    "name" : "framework",
    "value" : "testng"
  }, {
    "name" : "language",
    "value" : "java"
  }, {
    "name" : "resultFormat",
    "value" : "allure2"
  } ],
  "parameters" : [ ],
  "links" : [ {
    "name" : "TUA-321",
    "type" : "issue"
  } ],
  "hidden" : false,
  "retry" : false,
  "extra" : {
    "severity" : "normal",
    "retries" : [ ],
    "categories" : [ {
      "name" : "Test defects",
      "matchedStatuses" : [ ],
      "flaky" : false
    } ],
    "history" : {
      "statistic" : {
        "failed" : 0,
        "broken" : 2,
        "skipped" : 0,
        "passed" : 0,
        "unknown" : 0,
        "total" : 2
      },
      "items" : [ {
        "uid" : "76b6a5261225840e",
        "reportUrl" : "https://Lv-648-TAQC-Java-project.github.io/Selenium648PageFactory/33//#testresult/76b6a5261225840e",
        "status" : "broken",
        "statusDetails" : "java.io.FileNotFoundException: /home/runner/work/Selenium648PageFactory/Selenium648PageFactory/src/test/resources/credentials.json (No such file or directory)",
        "time" : {
          "start" : 1642759883631,
          "stop" : 1642759891966,
          "duration" : 8335
        }
      } ]
    },
    "tags" : [ ]
  },
  "source" : "255a3f7bc5eaee87.json",
  "parameterValues" : [ ]
}