{
  "uid" : "771d27f20251072b",
  "name" : "TUA-160",
  "fullName" : "com.ita.edu.teachua.ui.tests.OwnerProfileTest.VerifyThatOwnerCannotAddLocationToTheListOfLocationsAfterLeavingFieldsEmpty",
  "historyId" : "91a4eadc8fcaed5ef2a2eb00eeebe764",
  "time" : {
    "start" : 1642759888301,
    "stop" : 1642759902405,
    "duration" : 14104
  },
  "description" : "This test case verifies that a 'Керівник' cannot add a location to the list of locations after leaving all mandatory and optional fields empty",
  "descriptionHtml" : "<p>This test case verifies that a 'Керівник' cannot add a location to the list of locations after leaving all mandatory and optional fields empty</p>\n",
  "status" : "broken",
  "statusMessage" : "no such element: Unable to locate element: {\"method\":\"css selector\",\"selector\":\"div.ant-dropdown-trigger.user-profile>span.avatarIfLogin\"}\n  (Session info: chrome=97.0.4692.71)\nFor documentation on this error, please visit: https://selenium.dev/exceptions/#no_such_element\nBuild info: version: '4.1.0', revision: '87802e897b'\nSystem info: host: 'fv-az74-933', ip: '10.1.0.27', os.name: 'Linux', os.arch: 'amd64', os.version: '5.11.0-1025-azure', java.version: '1.8.0_292'\nDriver info: org.openqa.selenium.chrome.ChromeDriver\nCommand: [6b4309292bb20913beace6e8c4a7b617, findElement {using=css selector, value=div.ant-dropdown-trigger.user-profile>span.avatarIfLogin}]\nCapabilities {acceptInsecureCerts: false, browserName: chrome, browserVersion: 97.0.4692.71, chrome: {chromedriverVersion: 97.0.4692.71 (adefa7837d02a..., userDataDir: /tmp/.com.google.Chrome.xiGlxL}, goog:chromeOptions: {debuggerAddress: localhost:42401}, javascriptEnabled: true, networkConnectionEnabled: false, pageLoadStrategy: normal, platform: LINUX, platformName: LINUX, proxy: Proxy(), se:cdp: ws://localhost:42401/devtoo..., se:cdpVersion: 97.0.4692.71, setWindowRect: true, strictFileInteractability: false, timeouts: {implicit: 0, pageLoad: 300000, script: 30000}, unhandledPromptBehavior: dismiss and notify, webauthn:extension:credBlob: true, webauthn:extension:largeBlob: true, webauthn:virtualAuthenticators: true}\nSession ID: 6b4309292bb20913beace6e8c4a7b617",
  "statusTrace" : "org.openqa.selenium.NoSuchElementException: no such element: Unable to locate element: {\"method\":\"css selector\",\"selector\":\"div.ant-dropdown-trigger.user-profile>span.avatarIfLogin\"}\n  (Session info: chrome=97.0.4692.71)\nFor documentation on this error, please visit: https://selenium.dev/exceptions/#no_such_element\nBuild info: version: '4.1.0', revision: '87802e897b'\nSystem info: host: 'fv-az74-933', ip: '10.1.0.27', os.name: 'Linux', os.arch: 'amd64', os.version: '5.11.0-1025-azure', java.version: '1.8.0_292'\nDriver info: org.openqa.selenium.chrome.ChromeDriver\nCommand: [6b4309292bb20913beace6e8c4a7b617, findElement {using=css selector, value=div.ant-dropdown-trigger.user-profile>span.avatarIfLogin}]\nCapabilities {acceptInsecureCerts: false, browserName: chrome, browserVersion: 97.0.4692.71, chrome: {chromedriverVersion: 97.0.4692.71 (adefa7837d02a..., userDataDir: /tmp/.com.google.Chrome.xiGlxL}, goog:chromeOptions: {debuggerAddress: localhost:42401}, javascriptEnabled: true, networkConnectionEnabled: false, pageLoadStrategy: normal, platform: LINUX, platformName: LINUX, proxy: Proxy(), se:cdp: ws://localhost:42401/devtoo..., se:cdpVersion: 97.0.4692.71, setWindowRect: true, strictFileInteractability: false, timeouts: {implicit: 0, pageLoad: 300000, script: 30000}, unhandledPromptBehavior: dismiss and notify, webauthn:extension:credBlob: true, webauthn:extension:largeBlob: true, webauthn:virtualAuthenticators: true}\nSession ID: 6b4309292bb20913beace6e8c4a7b617\n\tat sun.reflect.NativeConstructorAccessorImpl.newInstance0(Native Method)\n\tat sun.reflect.NativeConstructorAccessorImpl.newInstance(NativeConstructorAccessorImpl.java:62)\n\tat sun.reflect.DelegatingConstructorAccessorImpl.newInstance(DelegatingConstructorAccessorImpl.java:45)\n\tat java.lang.reflect.Constructor.newInstance(Constructor.java:423)\n\tat org.openqa.selenium.remote.codec.w3c.W3CHttpResponseCodec.createException(W3CHttpResponseCodec.java:200)\n\tat org.openqa.selenium.remote.codec.w3c.W3CHttpResponseCodec.decode(W3CHttpResponseCodec.java:133)\n\tat org.openqa.selenium.remote.codec.w3c.W3CHttpResponseCodec.decode(W3CHttpResponseCodec.java:53)\n\tat org.openqa.selenium.remote.HttpCommandExecutor.execute(HttpCommandExecutor.java:184)\n\tat org.openqa.selenium.remote.service.DriverCommandExecutor.invokeExecute(DriverCommandExecutor.java:164)\n\tat org.openqa.selenium.remote.service.DriverCommandExecutor.execute(DriverCommandExecutor.java:139)\n\tat org.openqa.selenium.remote.RemoteWebDriver.execute(RemoteWebDriver.java:559)\n\tat org.openqa.selenium.remote.ElementLocation$ElementFinder$2.findElement(ElementLocation.java:162)\n\tat org.openqa.selenium.remote.ElementLocation.findElement(ElementLocation.java:60)\n\tat org.openqa.selenium.remote.RemoteWebDriver.findElement(RemoteWebDriver.java:383)\n\tat org.openqa.selenium.remote.RemoteWebDriver.findElement(RemoteWebDriver.java:375)\n\tat org.openqa.selenium.support.pagefactory.DefaultElementLocator.findElement(DefaultElementLocator.java:70)\n\tat com.ita.edu.teachua.ui.pagefactory.ElementHandler.invoke(ElementHandler.java:32)\n\tat com.sun.proxy.$Proxy39.click(Unknown Source)\n\tat com.ita.edu.teachua.ui.pages.header_page.HeaderPage.clickOnOwnerDropdown(HeaderPage.java:33)\n\tat com.ita.edu.teachua.ui.tests.OwnerProfileTest.VerifyThatOwnerCannotAddLocationToTheListOfLocationsAfterLeavingFieldsEmpty(OwnerProfileTest.java:121)\n\tat sun.reflect.NativeMethodAccessorImpl.invoke0(Native Method)\n\tat sun.reflect.NativeMethodAccessorImpl.invoke(NativeMethodAccessorImpl.java:62)\n\tat sun.reflect.DelegatingMethodAccessorImpl.invoke(DelegatingMethodAccessorImpl.java:43)\n\tat java.lang.reflect.Method.invoke(Method.java:498)\n\tat org.testng.internal.MethodInvocationHelper.invokeMethod(MethodInvocationHelper.java:133)\n\tat org.testng.internal.TestInvoker.invokeMethod(TestInvoker.java:598)\n\tat org.testng.internal.TestInvoker.invokeTestMethod(TestInvoker.java:173)\n\tat org.testng.internal.MethodRunner.runInSequence(MethodRunner.java:46)\n\tat org.testng.internal.TestInvoker$MethodInvocationAgent.invoke(TestInvoker.java:824)\n\tat org.testng.internal.TestInvoker.invokeTestMethods(TestInvoker.java:146)\n\tat org.testng.internal.TestMethodWorker.invokeTestMethods(TestMethodWorker.java:146)\n\tat org.testng.internal.TestMethodWorker.run(TestMethodWorker.java:128)\n\tat java.util.ArrayList.forEach(ArrayList.java:1259)\n\tat org.testng.TestRunner.privateRun(TestRunner.java:794)\n\tat org.testng.TestRunner.run(TestRunner.java:596)\n\tat org.testng.SuiteRunner.runTest(SuiteRunner.java:377)\n\tat org.testng.SuiteRunner.access$000(SuiteRunner.java:28)\n\tat org.testng.SuiteRunner$SuiteWorker.run(SuiteRunner.java:418)\n\tat org.testng.internal.thread.ThreadUtil.lambda$execute$0(ThreadUtil.java:64)\n\tat java.util.concurrent.FutureTask.run(FutureTask.java:266)\n\tat java.util.concurrent.ThreadPoolExecutor.runWorker(ThreadPoolExecutor.java:1149)\n\tat java.util.concurrent.ThreadPoolExecutor$Worker.run(ThreadPoolExecutor.java:624)\n\tat java.lang.Thread.run(Thread.java:748)\n",
  "flaky" : false,
  "newFailed" : false,
  "beforeStages" : [ {
    "name" : "beforeMethod",
    "time" : {
      "start" : 1642759882649,
      "stop" : 1642759888299,
      "duration" : 5650
    },
    "description" : "",
    "status" : "passed",
    "steps" : [ ],
    "attachments" : [ ],
    "parameters" : [ ],
    "stepsCount" : 0,
    "attachmentsCount" : 0,
    "shouldDisplayMessage" : false,
    "hasContent" : false
  }, {
    "name" : "beforeSuite",
    "time" : {
      "start" : 1642759772883,
      "stop" : 1642759775567,
      "duration" : 2684
    },
    "description" : "",
    "status" : "passed",
    "steps" : [ ],
    "attachments" : [ ],
    "parameters" : [ ],
    "stepsCount" : 0,
    "attachmentsCount" : 0,
    "shouldDisplayMessage" : false,
    "hasContent" : false
  } ],
  "testStage" : {
    "description" : "This test case verifies that a 'Керівник' cannot add a location to the list of locations after leaving all mandatory and optional fields empty",
    "status" : "broken",
    "statusMessage" : "no such element: Unable to locate element: {\"method\":\"css selector\",\"selector\":\"div.ant-dropdown-trigger.user-profile>span.avatarIfLogin\"}\n  (Session info: chrome=97.0.4692.71)\nFor documentation on this error, please visit: https://selenium.dev/exceptions/#no_such_element\nBuild info: version: '4.1.0', revision: '87802e897b'\nSystem info: host: 'fv-az74-933', ip: '10.1.0.27', os.name: 'Linux', os.arch: 'amd64', os.version: '5.11.0-1025-azure', java.version: '1.8.0_292'\nDriver info: org.openqa.selenium.chrome.ChromeDriver\nCommand: [6b4309292bb20913beace6e8c4a7b617, findElement {using=css selector, value=div.ant-dropdown-trigger.user-profile>span.avatarIfLogin}]\nCapabilities {acceptInsecureCerts: false, browserName: chrome, browserVersion: 97.0.4692.71, chrome: {chromedriverVersion: 97.0.4692.71 (adefa7837d02a..., userDataDir: /tmp/.com.google.Chrome.xiGlxL}, goog:chromeOptions: {debuggerAddress: localhost:42401}, javascriptEnabled: true, networkConnectionEnabled: false, pageLoadStrategy: normal, platform: LINUX, platformName: LINUX, proxy: Proxy(), se:cdp: ws://localhost:42401/devtoo..., se:cdpVersion: 97.0.4692.71, setWindowRect: true, strictFileInteractability: false, timeouts: {implicit: 0, pageLoad: 300000, script: 30000}, unhandledPromptBehavior: dismiss and notify, webauthn:extension:credBlob: true, webauthn:extension:largeBlob: true, webauthn:virtualAuthenticators: true}\nSession ID: 6b4309292bb20913beace6e8c4a7b617",
    "statusTrace" : "org.openqa.selenium.NoSuchElementException: no such element: Unable to locate element: {\"method\":\"css selector\",\"selector\":\"div.ant-dropdown-trigger.user-profile>span.avatarIfLogin\"}\n  (Session info: chrome=97.0.4692.71)\nFor documentation on this error, please visit: https://selenium.dev/exceptions/#no_such_element\nBuild info: version: '4.1.0', revision: '87802e897b'\nSystem info: host: 'fv-az74-933', ip: '10.1.0.27', os.name: 'Linux', os.arch: 'amd64', os.version: '5.11.0-1025-azure', java.version: '1.8.0_292'\nDriver info: org.openqa.selenium.chrome.ChromeDriver\nCommand: [6b4309292bb20913beace6e8c4a7b617, findElement {using=css selector, value=div.ant-dropdown-trigger.user-profile>span.avatarIfLogin}]\nCapabilities {acceptInsecureCerts: false, browserName: chrome, browserVersion: 97.0.4692.71, chrome: {chromedriverVersion: 97.0.4692.71 (adefa7837d02a..., userDataDir: /tmp/.com.google.Chrome.xiGlxL}, goog:chromeOptions: {debuggerAddress: localhost:42401}, javascriptEnabled: true, networkConnectionEnabled: false, pageLoadStrategy: normal, platform: LINUX, platformName: LINUX, proxy: Proxy(), se:cdp: ws://localhost:42401/devtoo..., se:cdpVersion: 97.0.4692.71, setWindowRect: true, strictFileInteractability: false, timeouts: {implicit: 0, pageLoad: 300000, script: 30000}, unhandledPromptBehavior: dismiss and notify, webauthn:extension:credBlob: true, webauthn:extension:largeBlob: true, webauthn:virtualAuthenticators: true}\nSession ID: 6b4309292bb20913beace6e8c4a7b617\n\tat sun.reflect.NativeConstructorAccessorImpl.newInstance0(Native Method)\n\tat sun.reflect.NativeConstructorAccessorImpl.newInstance(NativeConstructorAccessorImpl.java:62)\n\tat sun.reflect.DelegatingConstructorAccessorImpl.newInstance(DelegatingConstructorAccessorImpl.java:45)\n\tat java.lang.reflect.Constructor.newInstance(Constructor.java:423)\n\tat org.openqa.selenium.remote.codec.w3c.W3CHttpResponseCodec.createException(W3CHttpResponseCodec.java:200)\n\tat org.openqa.selenium.remote.codec.w3c.W3CHttpResponseCodec.decode(W3CHttpResponseCodec.java:133)\n\tat org.openqa.selenium.remote.codec.w3c.W3CHttpResponseCodec.decode(W3CHttpResponseCodec.java:53)\n\tat org.openqa.selenium.remote.HttpCommandExecutor.execute(HttpCommandExecutor.java:184)\n\tat org.openqa.selenium.remote.service.DriverCommandExecutor.invokeExecute(DriverCommandExecutor.java:164)\n\tat org.openqa.selenium.remote.service.DriverCommandExecutor.execute(DriverCommandExecutor.java:139)\n\tat org.openqa.selenium.remote.RemoteWebDriver.execute(RemoteWebDriver.java:559)\n\tat org.openqa.selenium.remote.ElementLocation$ElementFinder$2.findElement(ElementLocation.java:162)\n\tat org.openqa.selenium.remote.ElementLocation.findElement(ElementLocation.java:60)\n\tat org.openqa.selenium.remote.RemoteWebDriver.findElement(RemoteWebDriver.java:383)\n\tat org.openqa.selenium.remote.RemoteWebDriver.findElement(RemoteWebDriver.java:375)\n\tat org.openqa.selenium.support.pagefactory.DefaultElementLocator.findElement(DefaultElementLocator.java:70)\n\tat com.ita.edu.teachua.ui.pagefactory.ElementHandler.invoke(ElementHandler.java:32)\n\tat com.sun.proxy.$Proxy39.click(Unknown Source)\n\tat com.ita.edu.teachua.ui.pages.header_page.HeaderPage.clickOnOwnerDropdown(HeaderPage.java:33)\n\tat com.ita.edu.teachua.ui.tests.OwnerProfileTest.VerifyThatOwnerCannotAddLocationToTheListOfLocationsAfterLeavingFieldsEmpty(OwnerProfileTest.java:121)\n\tat sun.reflect.NativeMethodAccessorImpl.invoke0(Native Method)\n\tat sun.reflect.NativeMethodAccessorImpl.invoke(NativeMethodAccessorImpl.java:62)\n\tat sun.reflect.DelegatingMethodAccessorImpl.invoke(DelegatingMethodAccessorImpl.java:43)\n\tat java.lang.reflect.Method.invoke(Method.java:498)\n\tat org.testng.internal.MethodInvocationHelper.invokeMethod(MethodInvocationHelper.java:133)\n\tat org.testng.internal.TestInvoker.invokeMethod(TestInvoker.java:598)\n\tat org.testng.internal.TestInvoker.invokeTestMethod(TestInvoker.java:173)\n\tat org.testng.internal.MethodRunner.runInSequence(MethodRunner.java:46)\n\tat org.testng.internal.TestInvoker$MethodInvocationAgent.invoke(TestInvoker.java:824)\n\tat org.testng.internal.TestInvoker.invokeTestMethods(TestInvoker.java:146)\n\tat org.testng.internal.TestMethodWorker.invokeTestMethods(TestMethodWorker.java:146)\n\tat org.testng.internal.TestMethodWorker.run(TestMethodWorker.java:128)\n\tat java.util.ArrayList.forEach(ArrayList.java:1259)\n\tat org.testng.TestRunner.privateRun(TestRunner.java:794)\n\tat org.testng.TestRunner.run(TestRunner.java:596)\n\tat org.testng.SuiteRunner.runTest(SuiteRunner.java:377)\n\tat org.testng.SuiteRunner.access$000(SuiteRunner.java:28)\n\tat org.testng.SuiteRunner$SuiteWorker.run(SuiteRunner.java:418)\n\tat org.testng.internal.thread.ThreadUtil.lambda$execute$0(ThreadUtil.java:64)\n\tat java.util.concurrent.FutureTask.run(FutureTask.java:266)\n\tat java.util.concurrent.ThreadPoolExecutor.runWorker(ThreadPoolExecutor.java:1149)\n\tat java.util.concurrent.ThreadPoolExecutor$Worker.run(ThreadPoolExecutor.java:624)\n\tat java.lang.Thread.run(Thread.java:748)\n",
    "steps" : [ {
      "name" : "Authorize user with valid email admin@gmail.com and password admin",
      "time" : {
        "start" : 1642759888301,
        "stop" : 1642759892004,
        "duration" : 3703
      },
      "status" : "passed",
      "steps" : [ {
        "name" : "Click on guest dropdown",
        "time" : {
          "start" : 1642759888301,
          "stop" : 1642759888390,
          "duration" : 89
        },
        "status" : "passed",
        "steps" : [ ],
        "attachments" : [ ],
        "parameters" : [ ],
        "stepsCount" : 0,
        "attachmentsCount" : 0,
        "shouldDisplayMessage" : false,
        "hasContent" : false
      }, {
        "name" : "Click on `Увійти` button",
        "time" : {
          "start" : 1642759888390,
          "stop" : 1642759889081,
          "duration" : 691
        },
        "status" : "passed",
        "steps" : [ ],
        "attachments" : [ ],
        "parameters" : [ ],
        "stepsCount" : 0,
        "attachmentsCount" : 0,
        "shouldDisplayMessage" : false,
        "hasContent" : false
      }, {
        "name" : "Set values 'admin@gmail.com'/'admin' for `Емейл` and `Пароль` fields",
        "time" : {
          "start" : 1642759889081,
          "stop" : 1642759892004,
          "duration" : 2923
        },
        "status" : "passed",
        "steps" : [ {
          "name" : "Fill in Password field: 'admin'",
          "time" : {
            "start" : 1642759889810,
            "stop" : 1642759889909,
            "duration" : 99
          },
          "status" : "passed",
          "steps" : [ ],
          "attachments" : [ ],
          "parameters" : [ {
            "name" : "passwordValue",
            "value" : "admin"
          } ],
          "stepsCount" : 0,
          "attachmentsCount" : 0,
          "shouldDisplayMessage" : false,
          "hasContent" : true
        }, {
          "name" : "Click on Submit button",
          "time" : {
            "start" : 1642759889909,
            "stop" : 1642759892004,
            "duration" : 2095
          },
          "status" : "passed",
          "steps" : [ ],
          "attachments" : [ ],
          "parameters" : [ ],
          "stepsCount" : 0,
          "attachmentsCount" : 0,
          "shouldDisplayMessage" : false,
          "hasContent" : false
        } ],
        "attachments" : [ ],
        "parameters" : [ {
          "name" : "email",
          "value" : "admin@gmail.com"
        }, {
          "name" : "password",
          "value" : "admin"
        } ],
        "stepsCount" : 2,
        "attachmentsCount" : 0,
        "shouldDisplayMessage" : false,
        "hasContent" : true
      } ],
      "attachments" : [ ],
      "parameters" : [ {
        "name" : "email",
        "value" : "admin@gmail.com"
      }, {
        "name" : "password",
        "value" : "admin"
      } ],
      "stepsCount" : 5,
      "attachmentsCount" : 0,
      "shouldDisplayMessage" : false,
      "hasContent" : true
    }, {
      "name" : "Click on dropdown for authorized user in top right corner of header",
      "time" : {
        "start" : 1642759892004,
        "stop" : 1642759902041,
        "duration" : 10037
      },
      "status" : "broken",
      "statusMessage" : "no such element: Unable to locate element: {\"method\":\"css selector\",\"selector\":\"div.ant-dropdown-trigger.user-profile>span.avatarIfLogin\"}\n  (Session info: chrome=97.0.4692.71)\nFor documentation on this error, please visit: https://selenium.dev/exceptions/#no_such_element\nBuild info: version: '4.1.0', revision: '87802e897b'\nSystem info: host: 'fv-az74-933', ip: '10.1.0.27', os.name: 'Linux', os.arch: 'amd64', os.version: '5.11.0-1025-azure', java.version: '1.8.0_292'\nDriver info: org.openqa.selenium.chrome.ChromeDriver\nCommand: [6b4309292bb20913beace6e8c4a7b617, findElement {using=css selector, value=div.ant-dropdown-trigger.user-profile>span.avatarIfLogin}]\nCapabilities {acceptInsecureCerts: false, browserName: chrome, browserVersion: 97.0.4692.71, chrome: {chromedriverVersion: 97.0.4692.71 (adefa7837d02a..., userDataDir: /tmp/.com.google.Chrome.xiGlxL}, goog:chromeOptions: {debuggerAddress: localhost:42401}, javascriptEnabled: true, networkConnectionEnabled: false, pageLoadStrategy: normal, platform: LINUX, platformName: LINUX, proxy: Proxy(), se:cdp: ws://localhost:42401/devtoo..., se:cdpVersion: 97.0.4692.71, setWindowRect: true, strictFileInteractability: false, timeouts: {implicit: 0, pageLoad: 300000, script: 30000}, unhandledPromptBehavior: dismiss and notify, webauthn:extension:credBlob: true, webauthn:extension:largeBlob: true, webauthn:virtualAuthenticators: true}\nSession ID: 6b4309292bb20913beace6e8c4a7b617",
      "statusTrace" : "org.openqa.selenium.NoSuchElementException: no such element: Unable to locate element: {\"method\":\"css selector\",\"selector\":\"div.ant-dropdown-trigger.user-profile>span.avatarIfLogin\"}\n  (Session info: chrome=97.0.4692.71)\nFor documentation on this error, please visit: https://selenium.dev/exceptions/#no_such_element\nBuild info: version: '4.1.0', revision: '87802e897b'\nSystem info: host: 'fv-az74-933', ip: '10.1.0.27', os.name: 'Linux', os.arch: 'amd64', os.version: '5.11.0-1025-azure', java.version: '1.8.0_292'\nDriver info: org.openqa.selenium.chrome.ChromeDriver\nCommand: [6b4309292bb20913beace6e8c4a7b617, findElement {using=css selector, value=div.ant-dropdown-trigger.user-profile>span.avatarIfLogin}]\nCapabilities {acceptInsecureCerts: false, browserName: chrome, browserVersion: 97.0.4692.71, chrome: {chromedriverVersion: 97.0.4692.71 (adefa7837d02a..., userDataDir: /tmp/.com.google.Chrome.xiGlxL}, goog:chromeOptions: {debuggerAddress: localhost:42401}, javascriptEnabled: true, networkConnectionEnabled: false, pageLoadStrategy: normal, platform: LINUX, platformName: LINUX, proxy: Proxy(), se:cdp: ws://localhost:42401/devtoo..., se:cdpVersion: 97.0.4692.71, setWindowRect: true, strictFileInteractability: false, timeouts: {implicit: 0, pageLoad: 300000, script: 30000}, unhandledPromptBehavior: dismiss and notify, webauthn:extension:credBlob: true, webauthn:extension:largeBlob: true, webauthn:virtualAuthenticators: true}\nSession ID: 6b4309292bb20913beace6e8c4a7b617\n\tat sun.reflect.NativeConstructorAccessorImpl.newInstance0(Native Method)\n\tat sun.reflect.NativeConstructorAccessorImpl.newInstance(NativeConstructorAccessorImpl.java:62)\n\tat sun.reflect.DelegatingConstructorAccessorImpl.newInstance(DelegatingConstructorAccessorImpl.java:45)\n\tat java.lang.reflect.Constructor.newInstance(Constructor.java:423)\n\tat org.openqa.selenium.remote.codec.w3c.W3CHttpResponseCodec.createException(W3CHttpResponseCodec.java:200)\n\tat org.openqa.selenium.remote.codec.w3c.W3CHttpResponseCodec.decode(W3CHttpResponseCodec.java:133)\n\tat org.openqa.selenium.remote.codec.w3c.W3CHttpResponseCodec.decode(W3CHttpResponseCodec.java:53)\n\tat org.openqa.selenium.remote.HttpCommandExecutor.execute(HttpCommandExecutor.java:184)\n\tat org.openqa.selenium.remote.service.DriverCommandExecutor.invokeExecute(DriverCommandExecutor.java:164)\n\tat org.openqa.selenium.remote.service.DriverCommandExecutor.execute(DriverCommandExecutor.java:139)\n\tat org.openqa.selenium.remote.RemoteWebDriver.execute(RemoteWebDriver.java:559)\n\tat org.openqa.selenium.remote.ElementLocation$ElementFinder$2.findElement(ElementLocation.java:162)\n\tat org.openqa.selenium.remote.ElementLocation.findElement(ElementLocation.java:60)\n\tat org.openqa.selenium.remote.RemoteWebDriver.findElement(RemoteWebDriver.java:383)\n\tat org.openqa.selenium.remote.RemoteWebDriver.findElement(RemoteWebDriver.java:375)\n\tat org.openqa.selenium.support.pagefactory.DefaultElementLocator.findElement(DefaultElementLocator.java:70)\n\tat com.ita.edu.teachua.ui.pagefactory.ElementHandler.invoke(ElementHandler.java:32)\n\tat com.sun.proxy.$Proxy39.click(Unknown Source)\n\tat com.ita.edu.teachua.ui.pages.header_page.HeaderPage.clickOnOwnerDropdown(HeaderPage.java:33)\n\tat com.ita.edu.teachua.ui.tests.OwnerProfileTest.VerifyThatOwnerCannotAddLocationToTheListOfLocationsAfterLeavingFieldsEmpty(OwnerProfileTest.java:121)\n\tat sun.reflect.NativeMethodAccessorImpl.invoke0(Native Method)\n\tat sun.reflect.NativeMethodAccessorImpl.invoke(NativeMethodAccessorImpl.java:62)\n\tat sun.reflect.DelegatingMethodAccessorImpl.invoke(DelegatingMethodAccessorImpl.java:43)\n\tat java.lang.reflect.Method.invoke(Method.java:498)\n\tat org.testng.internal.MethodInvocationHelper.invokeMethod(MethodInvocationHelper.java:133)\n\tat org.testng.internal.TestInvoker.invokeMethod(TestInvoker.java:598)\n\tat org.testng.internal.TestInvoker.invokeTestMethod(TestInvoker.java:173)\n\tat org.testng.internal.MethodRunner.runInSequence(MethodRunner.java:46)\n\tat org.testng.internal.TestInvoker$MethodInvocationAgent.invoke(TestInvoker.java:824)\n\tat org.testng.internal.TestInvoker.invokeTestMethods(TestInvoker.java:146)\n\tat org.testng.internal.TestMethodWorker.invokeTestMethods(TestMethodWorker.java:146)\n\tat org.testng.internal.TestMethodWorker.run(TestMethodWorker.java:128)\n\tat java.util.ArrayList.forEach(ArrayList.java:1259)\n\tat org.testng.TestRunner.privateRun(TestRunner.java:794)\n\tat org.testng.TestRunner.run(TestRunner.java:596)\n\tat org.testng.SuiteRunner.runTest(SuiteRunner.java:377)\n\tat org.testng.SuiteRunner.access$000(SuiteRunner.java:28)\n\tat org.testng.SuiteRunner$SuiteWorker.run(SuiteRunner.java:418)\n\tat org.testng.internal.thread.ThreadUtil.lambda$execute$0(ThreadUtil.java:64)\n\tat java.util.concurrent.FutureTask.run(FutureTask.java:266)\n\tat java.util.concurrent.ThreadPoolExecutor.runWorker(ThreadPoolExecutor.java:1149)\n\tat java.util.concurrent.ThreadPoolExecutor$Worker.run(ThreadPoolExecutor.java:624)\n\tat java.lang.Thread.run(Thread.java:748)\n",
      "steps" : [ ],
      "attachments" : [ ],
      "parameters" : [ ],
      "stepsCount" : 0,
      "attachmentsCount" : 0,
      "shouldDisplayMessage" : true,
      "hasContent" : true
    } ],
    "attachments" : [ {
      "uid" : "b194d660bc53b91c",
      "name" : "Logs for thread 14",
      "source" : "b194d660bc53b91c.log",
      "type" : "text/plain",
      "size" : 4
    }, {
      "uid" : "cb34ca934838a33b",
      "name" : "Page screenshot",
      "source" : "cb34ca934838a33b.png",
      "type" : "image/png",
      "size" : 589511
    } ],
    "parameters" : [ ],
    "stepsCount" : 7,
    "attachmentsCount" : 2,
    "shouldDisplayMessage" : false,
    "hasContent" : true
  },
  "afterStages" : [ {
    "name" : "afterMethod",
    "time" : {
      "start" : 1642759902407,
      "stop" : 1642759902486,
      "duration" : 79
    },
    "description" : "",
    "status" : "passed",
    "steps" : [ ],
    "attachments" : [ ],
    "parameters" : [ ],
    "stepsCount" : 0,
    "attachmentsCount" : 0,
    "shouldDisplayMessage" : false,
    "hasContent" : false
  } ],
  "labels" : [ {
    "name" : "package",
    "value" : "com.ita.edu.teachua.ui.tests.OwnerProfileTest"
  }, {
    "name" : "testClass",
    "value" : "com.ita.edu.teachua.ui.tests.OwnerProfileTest"
  }, {
    "name" : "testMethod",
    "value" : "VerifyThatOwnerCannotAddLocationToTheListOfLocationsAfterLeavingFieldsEmpty"
  }, {
    "name" : "parentSuite",
    "value" : "Test Suite"
  }, {
    "name" : "suite",
    "value" : "UI Tests"
  }, {
    "name" : "subSuite",
    "value" : "com.ita.edu.teachua.ui.tests.OwnerProfileTest"
  }, {
    "name" : "host",
    "value" : "fv-az74-933"
  }, {
    "name" : "thread",
    "value" : "2959@fv-az74-933.TestNG-tests-2(14)"
  }, {
    "name" : "framework",
    "value" : "testng"
  }, {
    "name" : "language",
    "value" : "java"
  }, {
    "name" : "resultFormat",
    "value" : "allure2"
  } ],
  "parameters" : [ ],
  "links" : [ {
    "name" : "TUA-160",
    "type" : "issue"
  } ],
  "hidden" : false,
  "retry" : false,
  "extra" : {
    "severity" : "normal",
    "retries" : [ ],
    "categories" : [ {
      "name" : "Test defects",
      "matchedStatuses" : [ ],
      "flaky" : false
    } ],
    "history" : {
      "statistic" : {
        "failed" : 0,
        "broken" : 1,
        "skipped" : 0,
        "passed" : 1,
        "unknown" : 0,
        "total" : 2
      },
      "items" : [ {
        "uid" : "ea7a90cdb33c4aab",
        "reportUrl" : "https://Lv-648-TAQC-Java-project.github.io/Selenium648PageFactory/33//#testresult/ea7a90cdb33c4aab",
        "status" : "passed",
        "time" : {
          "start" : 1642759200645,
          "stop" : 1642759212352,
          "duration" : 11707
        }
      } ]
    },
    "tags" : [ ]
  },
  "source" : "771d27f20251072b.json",
  "parameterValues" : [ ]
}