{
  "uid" : "7394baed8d5e6e0f",
  "name" : "TUA-454",
  "fullName" : "com.ita.edu.teachua.ui.tests.OwnerProfileTest.checkLastVerifyEnteredDataInRegistrationRemembered",
  "historyId" : "b7ea80f314978665456119401e0051b3",
  "time" : {
    "start" : 1643142313680,
    "stop" : 1643142323986,
    "duration" : 10306
  },
  "description" : "This test check that last entered data on the ‘Реєстрація’ page are remembered #31",
  "descriptionHtml" : "<p>This test check that last entered data on the ‘Реєстрація’ page are remembered #31</p>\n",
  "status" : "broken",
  "statusMessage" : "no such element: Unable to locate element: {\"method\":\"xpath\",\"selector\":\"//div[@class = 'ant-dropdown-trigger user-profile']/span[@role]\"}\n  (Session info: chrome=97.0.4692.71)\nFor documentation on this error, please visit: https://selenium.dev/exceptions/#no_such_element\nBuild info: version: '4.1.0', revision: '87802e897b'\nSystem info: host: 'fv-az202-534', ip: '10.1.0.105', os.name: 'Linux', os.arch: 'amd64', os.version: '5.11.0-1027-azure', java.version: '1.8.0_292'\nDriver info: org.openqa.selenium.chrome.ChromeDriver\nCommand: [740d29b456a3cd0d836b92965685e10d, findElement {using=xpath, value=//div[@class = 'ant-dropdown-trigger user-profile']/span[@role]}]\nCapabilities {acceptInsecureCerts: false, browserName: chrome, browserVersion: 97.0.4692.71, chrome: {chromedriverVersion: 97.0.4692.71 (adefa7837d02a..., userDataDir: /tmp/.com.google.Chrome.OHzvFV}, goog:chromeOptions: {debuggerAddress: localhost:37739}, javascriptEnabled: true, networkConnectionEnabled: false, pageLoadStrategy: normal, platform: LINUX, platformName: LINUX, proxy: Proxy(), se:cdp: ws://localhost:37739/devtoo..., se:cdpVersion: 97.0.4692.71, setWindowRect: true, strictFileInteractability: false, timeouts: {implicit: 0, pageLoad: 300000, script: 30000}, unhandledPromptBehavior: dismiss and notify, webauthn:extension:credBlob: true, webauthn:extension:largeBlob: true, webauthn:virtualAuthenticators: true}\nSession ID: 740d29b456a3cd0d836b92965685e10d",
  "statusTrace" : "org.openqa.selenium.NoSuchElementException: no such element: Unable to locate element: {\"method\":\"xpath\",\"selector\":\"//div[@class = 'ant-dropdown-trigger user-profile']/span[@role]\"}\n  (Session info: chrome=97.0.4692.71)\nFor documentation on this error, please visit: https://selenium.dev/exceptions/#no_such_element\nBuild info: version: '4.1.0', revision: '87802e897b'\nSystem info: host: 'fv-az202-534', ip: '10.1.0.105', os.name: 'Linux', os.arch: 'amd64', os.version: '5.11.0-1027-azure', java.version: '1.8.0_292'\nDriver info: org.openqa.selenium.chrome.ChromeDriver\nCommand: [740d29b456a3cd0d836b92965685e10d, findElement {using=xpath, value=//div[@class = 'ant-dropdown-trigger user-profile']/span[@role]}]\nCapabilities {acceptInsecureCerts: false, browserName: chrome, browserVersion: 97.0.4692.71, chrome: {chromedriverVersion: 97.0.4692.71 (adefa7837d02a..., userDataDir: /tmp/.com.google.Chrome.OHzvFV}, goog:chromeOptions: {debuggerAddress: localhost:37739}, javascriptEnabled: true, networkConnectionEnabled: false, pageLoadStrategy: normal, platform: LINUX, platformName: LINUX, proxy: Proxy(), se:cdp: ws://localhost:37739/devtoo..., se:cdpVersion: 97.0.4692.71, setWindowRect: true, strictFileInteractability: false, timeouts: {implicit: 0, pageLoad: 300000, script: 30000}, unhandledPromptBehavior: dismiss and notify, webauthn:extension:credBlob: true, webauthn:extension:largeBlob: true, webauthn:virtualAuthenticators: true}\nSession ID: 740d29b456a3cd0d836b92965685e10d\n\tat sun.reflect.GeneratedConstructorAccessor121.newInstance(Unknown Source)\n\tat sun.reflect.DelegatingConstructorAccessorImpl.newInstance(DelegatingConstructorAccessorImpl.java:45)\n\tat java.lang.reflect.Constructor.newInstance(Constructor.java:423)\n\tat org.openqa.selenium.remote.codec.w3c.W3CHttpResponseCodec.createException(W3CHttpResponseCodec.java:200)\n\tat org.openqa.selenium.remote.codec.w3c.W3CHttpResponseCodec.decode(W3CHttpResponseCodec.java:133)\n\tat org.openqa.selenium.remote.codec.w3c.W3CHttpResponseCodec.decode(W3CHttpResponseCodec.java:53)\n\tat org.openqa.selenium.remote.HttpCommandExecutor.execute(HttpCommandExecutor.java:184)\n\tat org.openqa.selenium.remote.service.DriverCommandExecutor.invokeExecute(DriverCommandExecutor.java:164)\n\tat org.openqa.selenium.remote.service.DriverCommandExecutor.execute(DriverCommandExecutor.java:139)\n\tat org.openqa.selenium.remote.RemoteWebDriver.execute(RemoteWebDriver.java:559)\n\tat org.openqa.selenium.remote.ElementLocation$ElementFinder$2.findElement(ElementLocation.java:162)\n\tat org.openqa.selenium.remote.ElementLocation.findElement(ElementLocation.java:60)\n\tat org.openqa.selenium.remote.RemoteWebDriver.findElement(RemoteWebDriver.java:383)\n\tat org.openqa.selenium.remote.RemoteWebDriver.findElement(RemoteWebDriver.java:375)\n\tat org.openqa.selenium.support.pagefactory.DefaultElementLocator.findElement(DefaultElementLocator.java:70)\n\tat com.ita.edu.teachua.ui.pagefactory.ElementHandler.invoke(ElementHandler.java:32)\n\tat com.sun.proxy.$Proxy42.click(Unknown Source)\n\tat com.ita.edu.teachua.ui.pages.header_page.HeaderPage.clickOnGuestDropdown(HeaderPage.java:27)\n\tat com.ita.edu.teachua.ui.tests.OwnerProfileTest.checkLastVerifyEnteredDataInRegistrationRemembered(OwnerProfileTest.java:403)\n\tat sun.reflect.NativeMethodAccessorImpl.invoke0(Native Method)\n\tat sun.reflect.NativeMethodAccessorImpl.invoke(NativeMethodAccessorImpl.java:62)\n\tat sun.reflect.DelegatingMethodAccessorImpl.invoke(DelegatingMethodAccessorImpl.java:43)\n\tat java.lang.reflect.Method.invoke(Method.java:498)\n\tat org.testng.internal.MethodInvocationHelper.invokeMethod(MethodInvocationHelper.java:133)\n\tat org.testng.internal.TestInvoker.invokeMethod(TestInvoker.java:598)\n\tat org.testng.internal.TestInvoker.invokeTestMethod(TestInvoker.java:173)\n\tat org.testng.internal.MethodRunner.runInSequence(MethodRunner.java:46)\n\tat org.testng.internal.TestInvoker$MethodInvocationAgent.invoke(TestInvoker.java:824)\n\tat org.testng.internal.TestInvoker.invokeTestMethods(TestInvoker.java:146)\n\tat org.testng.internal.TestMethodWorker.invokeTestMethods(TestMethodWorker.java:146)\n\tat org.testng.internal.TestMethodWorker.run(TestMethodWorker.java:128)\n\tat java.util.ArrayList.forEach(ArrayList.java:1259)\n\tat org.testng.TestRunner.privateRun(TestRunner.java:794)\n\tat org.testng.TestRunner.run(TestRunner.java:596)\n\tat org.testng.SuiteRunner.runTest(SuiteRunner.java:377)\n\tat org.testng.SuiteRunner.access$000(SuiteRunner.java:28)\n\tat org.testng.SuiteRunner$SuiteWorker.run(SuiteRunner.java:418)\n\tat org.testng.internal.thread.ThreadUtil.lambda$execute$0(ThreadUtil.java:64)\n\tat java.util.concurrent.FutureTask.run(FutureTask.java:266)\n\tat java.util.concurrent.ThreadPoolExecutor.runWorker(ThreadPoolExecutor.java:1149)\n\tat java.util.concurrent.ThreadPoolExecutor$Worker.run(ThreadPoolExecutor.java:624)\n\tat java.lang.Thread.run(Thread.java:748)\n",
  "flaky" : false,
  "newFailed" : false,
  "beforeStages" : [ {
    "name" : "beforeMethod",
    "time" : {
      "start" : 1643142279082,
      "stop" : 1643142313679,
      "duration" : 34597
    },
    "description" : "",
    "status" : "passed",
    "steps" : [ ],
    "attachments" : [ ],
    "parameters" : [ ],
    "stepsCount" : 0,
    "attachmentsCount" : 0,
    "shouldDisplayMessage" : false,
    "hasContent" : false
  }, {
    "name" : "beforeSuite",
    "time" : {
      "start" : 1643141388735,
      "stop" : 1643141388748,
      "duration" : 13
    },
    "description" : "",
    "status" : "passed",
    "steps" : [ ],
    "attachments" : [ ],
    "parameters" : [ ],
    "stepsCount" : 0,
    "attachmentsCount" : 0,
    "shouldDisplayMessage" : false,
    "hasContent" : false
  }, {
    "name" : "beforeSuite",
    "time" : {
      "start" : 1643141388750,
      "stop" : 1643141390620,
      "duration" : 1870
    },
    "description" : "",
    "status" : "passed",
    "steps" : [ ],
    "attachments" : [ ],
    "parameters" : [ ],
    "stepsCount" : 0,
    "attachmentsCount" : 0,
    "shouldDisplayMessage" : false,
    "hasContent" : false
  }, {
    "name" : "beforeSuite",
    "time" : {
      "start" : 1643141390621,
      "stop" : 1643141390621,
      "duration" : 0
    },
    "description" : "",
    "status" : "passed",
    "steps" : [ ],
    "attachments" : [ ],
    "parameters" : [ ],
    "stepsCount" : 0,
    "attachmentsCount" : 0,
    "shouldDisplayMessage" : false,
    "hasContent" : false
  }, {
    "name" : "beforeSuite",
    "time" : {
      "start" : 1643141390621,
      "stop" : 1643141390621,
      "duration" : 0
    },
    "description" : "",
    "status" : "passed",
    "steps" : [ ],
    "attachments" : [ ],
    "parameters" : [ ],
    "stepsCount" : 0,
    "attachmentsCount" : 0,
    "shouldDisplayMessage" : false,
    "hasContent" : false
  }, {
    "name" : "beforeSuite",
    "time" : {
      "start" : 1643141390621,
      "stop" : 1643141390621,
      "duration" : 0
    },
    "description" : "",
    "status" : "passed",
    "steps" : [ ],
    "attachments" : [ ],
    "parameters" : [ ],
    "stepsCount" : 0,
    "attachmentsCount" : 0,
    "shouldDisplayMessage" : false,
    "hasContent" : false
  } ],
  "testStage" : {
    "description" : "This test check that last entered data on the ‘Реєстрація’ page are remembered #31",
    "status" : "broken",
    "statusMessage" : "no such element: Unable to locate element: {\"method\":\"xpath\",\"selector\":\"//div[@class = 'ant-dropdown-trigger user-profile']/span[@role]\"}\n  (Session info: chrome=97.0.4692.71)\nFor documentation on this error, please visit: https://selenium.dev/exceptions/#no_such_element\nBuild info: version: '4.1.0', revision: '87802e897b'\nSystem info: host: 'fv-az202-534', ip: '10.1.0.105', os.name: 'Linux', os.arch: 'amd64', os.version: '5.11.0-1027-azure', java.version: '1.8.0_292'\nDriver info: org.openqa.selenium.chrome.ChromeDriver\nCommand: [740d29b456a3cd0d836b92965685e10d, findElement {using=xpath, value=//div[@class = 'ant-dropdown-trigger user-profile']/span[@role]}]\nCapabilities {acceptInsecureCerts: false, browserName: chrome, browserVersion: 97.0.4692.71, chrome: {chromedriverVersion: 97.0.4692.71 (adefa7837d02a..., userDataDir: /tmp/.com.google.Chrome.OHzvFV}, goog:chromeOptions: {debuggerAddress: localhost:37739}, javascriptEnabled: true, networkConnectionEnabled: false, pageLoadStrategy: normal, platform: LINUX, platformName: LINUX, proxy: Proxy(), se:cdp: ws://localhost:37739/devtoo..., se:cdpVersion: 97.0.4692.71, setWindowRect: true, strictFileInteractability: false, timeouts: {implicit: 0, pageLoad: 300000, script: 30000}, unhandledPromptBehavior: dismiss and notify, webauthn:extension:credBlob: true, webauthn:extension:largeBlob: true, webauthn:virtualAuthenticators: true}\nSession ID: 740d29b456a3cd0d836b92965685e10d",
    "statusTrace" : "org.openqa.selenium.NoSuchElementException: no such element: Unable to locate element: {\"method\":\"xpath\",\"selector\":\"//div[@class = 'ant-dropdown-trigger user-profile']/span[@role]\"}\n  (Session info: chrome=97.0.4692.71)\nFor documentation on this error, please visit: https://selenium.dev/exceptions/#no_such_element\nBuild info: version: '4.1.0', revision: '87802e897b'\nSystem info: host: 'fv-az202-534', ip: '10.1.0.105', os.name: 'Linux', os.arch: 'amd64', os.version: '5.11.0-1027-azure', java.version: '1.8.0_292'\nDriver info: org.openqa.selenium.chrome.ChromeDriver\nCommand: [740d29b456a3cd0d836b92965685e10d, findElement {using=xpath, value=//div[@class = 'ant-dropdown-trigger user-profile']/span[@role]}]\nCapabilities {acceptInsecureCerts: false, browserName: chrome, browserVersion: 97.0.4692.71, chrome: {chromedriverVersion: 97.0.4692.71 (adefa7837d02a..., userDataDir: /tmp/.com.google.Chrome.OHzvFV}, goog:chromeOptions: {debuggerAddress: localhost:37739}, javascriptEnabled: true, networkConnectionEnabled: false, pageLoadStrategy: normal, platform: LINUX, platformName: LINUX, proxy: Proxy(), se:cdp: ws://localhost:37739/devtoo..., se:cdpVersion: 97.0.4692.71, setWindowRect: true, strictFileInteractability: false, timeouts: {implicit: 0, pageLoad: 300000, script: 30000}, unhandledPromptBehavior: dismiss and notify, webauthn:extension:credBlob: true, webauthn:extension:largeBlob: true, webauthn:virtualAuthenticators: true}\nSession ID: 740d29b456a3cd0d836b92965685e10d\n\tat sun.reflect.GeneratedConstructorAccessor121.newInstance(Unknown Source)\n\tat sun.reflect.DelegatingConstructorAccessorImpl.newInstance(DelegatingConstructorAccessorImpl.java:45)\n\tat java.lang.reflect.Constructor.newInstance(Constructor.java:423)\n\tat org.openqa.selenium.remote.codec.w3c.W3CHttpResponseCodec.createException(W3CHttpResponseCodec.java:200)\n\tat org.openqa.selenium.remote.codec.w3c.W3CHttpResponseCodec.decode(W3CHttpResponseCodec.java:133)\n\tat org.openqa.selenium.remote.codec.w3c.W3CHttpResponseCodec.decode(W3CHttpResponseCodec.java:53)\n\tat org.openqa.selenium.remote.HttpCommandExecutor.execute(HttpCommandExecutor.java:184)\n\tat org.openqa.selenium.remote.service.DriverCommandExecutor.invokeExecute(DriverCommandExecutor.java:164)\n\tat org.openqa.selenium.remote.service.DriverCommandExecutor.execute(DriverCommandExecutor.java:139)\n\tat org.openqa.selenium.remote.RemoteWebDriver.execute(RemoteWebDriver.java:559)\n\tat org.openqa.selenium.remote.ElementLocation$ElementFinder$2.findElement(ElementLocation.java:162)\n\tat org.openqa.selenium.remote.ElementLocation.findElement(ElementLocation.java:60)\n\tat org.openqa.selenium.remote.RemoteWebDriver.findElement(RemoteWebDriver.java:383)\n\tat org.openqa.selenium.remote.RemoteWebDriver.findElement(RemoteWebDriver.java:375)\n\tat org.openqa.selenium.support.pagefactory.DefaultElementLocator.findElement(DefaultElementLocator.java:70)\n\tat com.ita.edu.teachua.ui.pagefactory.ElementHandler.invoke(ElementHandler.java:32)\n\tat com.sun.proxy.$Proxy42.click(Unknown Source)\n\tat com.ita.edu.teachua.ui.pages.header_page.HeaderPage.clickOnGuestDropdown(HeaderPage.java:27)\n\tat com.ita.edu.teachua.ui.tests.OwnerProfileTest.checkLastVerifyEnteredDataInRegistrationRemembered(OwnerProfileTest.java:403)\n\tat sun.reflect.NativeMethodAccessorImpl.invoke0(Native Method)\n\tat sun.reflect.NativeMethodAccessorImpl.invoke(NativeMethodAccessorImpl.java:62)\n\tat sun.reflect.DelegatingMethodAccessorImpl.invoke(DelegatingMethodAccessorImpl.java:43)\n\tat java.lang.reflect.Method.invoke(Method.java:498)\n\tat org.testng.internal.MethodInvocationHelper.invokeMethod(MethodInvocationHelper.java:133)\n\tat org.testng.internal.TestInvoker.invokeMethod(TestInvoker.java:598)\n\tat org.testng.internal.TestInvoker.invokeTestMethod(TestInvoker.java:173)\n\tat org.testng.internal.MethodRunner.runInSequence(MethodRunner.java:46)\n\tat org.testng.internal.TestInvoker$MethodInvocationAgent.invoke(TestInvoker.java:824)\n\tat org.testng.internal.TestInvoker.invokeTestMethods(TestInvoker.java:146)\n\tat org.testng.internal.TestMethodWorker.invokeTestMethods(TestMethodWorker.java:146)\n\tat org.testng.internal.TestMethodWorker.run(TestMethodWorker.java:128)\n\tat java.util.ArrayList.forEach(ArrayList.java:1259)\n\tat org.testng.TestRunner.privateRun(TestRunner.java:794)\n\tat org.testng.TestRunner.run(TestRunner.java:596)\n\tat org.testng.SuiteRunner.runTest(SuiteRunner.java:377)\n\tat org.testng.SuiteRunner.access$000(SuiteRunner.java:28)\n\tat org.testng.SuiteRunner$SuiteWorker.run(SuiteRunner.java:418)\n\tat org.testng.internal.thread.ThreadUtil.lambda$execute$0(ThreadUtil.java:64)\n\tat java.util.concurrent.FutureTask.run(FutureTask.java:266)\n\tat java.util.concurrent.ThreadPoolExecutor.runWorker(ThreadPoolExecutor.java:1149)\n\tat java.util.concurrent.ThreadPoolExecutor$Worker.run(ThreadPoolExecutor.java:624)\n\tat java.lang.Thread.run(Thread.java:748)\n",
    "steps" : [ {
      "name" : "Click on guest dropdown",
      "time" : {
        "start" : 1643142313681,
        "stop" : 1643142323895,
        "duration" : 10214
      },
      "status" : "broken",
      "statusMessage" : "no such element: Unable to locate element: {\"method\":\"xpath\",\"selector\":\"//div[@class = 'ant-dropdown-trigger user-profile']/span[@role]\"}\n  (Session info: chrome=97.0.4692.71)\nFor documentation on this error, please visit: https://selenium.dev/exceptions/#no_such_element\nBuild info: version: '4.1.0', revision: '87802e897b'\nSystem info: host: 'fv-az202-534', ip: '10.1.0.105', os.name: 'Linux', os.arch: 'amd64', os.version: '5.11.0-1027-azure', java.version: '1.8.0_292'\nDriver info: org.openqa.selenium.chrome.ChromeDriver\nCommand: [740d29b456a3cd0d836b92965685e10d, findElement {using=xpath, value=//div[@class = 'ant-dropdown-trigger user-profile']/span[@role]}]\nCapabilities {acceptInsecureCerts: false, browserName: chrome, browserVersion: 97.0.4692.71, chrome: {chromedriverVersion: 97.0.4692.71 (adefa7837d02a..., userDataDir: /tmp/.com.google.Chrome.OHzvFV}, goog:chromeOptions: {debuggerAddress: localhost:37739}, javascriptEnabled: true, networkConnectionEnabled: false, pageLoadStrategy: normal, platform: LINUX, platformName: LINUX, proxy: Proxy(), se:cdp: ws://localhost:37739/devtoo..., se:cdpVersion: 97.0.4692.71, setWindowRect: true, strictFileInteractability: false, timeouts: {implicit: 0, pageLoad: 300000, script: 30000}, unhandledPromptBehavior: dismiss and notify, webauthn:extension:credBlob: true, webauthn:extension:largeBlob: true, webauthn:virtualAuthenticators: true}\nSession ID: 740d29b456a3cd0d836b92965685e10d",
      "statusTrace" : "org.openqa.selenium.NoSuchElementException: no such element: Unable to locate element: {\"method\":\"xpath\",\"selector\":\"//div[@class = 'ant-dropdown-trigger user-profile']/span[@role]\"}\n  (Session info: chrome=97.0.4692.71)\nFor documentation on this error, please visit: https://selenium.dev/exceptions/#no_such_element\nBuild info: version: '4.1.0', revision: '87802e897b'\nSystem info: host: 'fv-az202-534', ip: '10.1.0.105', os.name: 'Linux', os.arch: 'amd64', os.version: '5.11.0-1027-azure', java.version: '1.8.0_292'\nDriver info: org.openqa.selenium.chrome.ChromeDriver\nCommand: [740d29b456a3cd0d836b92965685e10d, findElement {using=xpath, value=//div[@class = 'ant-dropdown-trigger user-profile']/span[@role]}]\nCapabilities {acceptInsecureCerts: false, browserName: chrome, browserVersion: 97.0.4692.71, chrome: {chromedriverVersion: 97.0.4692.71 (adefa7837d02a..., userDataDir: /tmp/.com.google.Chrome.OHzvFV}, goog:chromeOptions: {debuggerAddress: localhost:37739}, javascriptEnabled: true, networkConnectionEnabled: false, pageLoadStrategy: normal, platform: LINUX, platformName: LINUX, proxy: Proxy(), se:cdp: ws://localhost:37739/devtoo..., se:cdpVersion: 97.0.4692.71, setWindowRect: true, strictFileInteractability: false, timeouts: {implicit: 0, pageLoad: 300000, script: 30000}, unhandledPromptBehavior: dismiss and notify, webauthn:extension:credBlob: true, webauthn:extension:largeBlob: true, webauthn:virtualAuthenticators: true}\nSession ID: 740d29b456a3cd0d836b92965685e10d\n\tat sun.reflect.GeneratedConstructorAccessor121.newInstance(Unknown Source)\n\tat sun.reflect.DelegatingConstructorAccessorImpl.newInstance(DelegatingConstructorAccessorImpl.java:45)\n\tat java.lang.reflect.Constructor.newInstance(Constructor.java:423)\n\tat org.openqa.selenium.remote.codec.w3c.W3CHttpResponseCodec.createException(W3CHttpResponseCodec.java:200)\n\tat org.openqa.selenium.remote.codec.w3c.W3CHttpResponseCodec.decode(W3CHttpResponseCodec.java:133)\n\tat org.openqa.selenium.remote.codec.w3c.W3CHttpResponseCodec.decode(W3CHttpResponseCodec.java:53)\n\tat org.openqa.selenium.remote.HttpCommandExecutor.execute(HttpCommandExecutor.java:184)\n\tat org.openqa.selenium.remote.service.DriverCommandExecutor.invokeExecute(DriverCommandExecutor.java:164)\n\tat org.openqa.selenium.remote.service.DriverCommandExecutor.execute(DriverCommandExecutor.java:139)\n\tat org.openqa.selenium.remote.RemoteWebDriver.execute(RemoteWebDriver.java:559)\n\tat org.openqa.selenium.remote.ElementLocation$ElementFinder$2.findElement(ElementLocation.java:162)\n\tat org.openqa.selenium.remote.ElementLocation.findElement(ElementLocation.java:60)\n\tat org.openqa.selenium.remote.RemoteWebDriver.findElement(RemoteWebDriver.java:383)\n\tat org.openqa.selenium.remote.RemoteWebDriver.findElement(RemoteWebDriver.java:375)\n\tat org.openqa.selenium.support.pagefactory.DefaultElementLocator.findElement(DefaultElementLocator.java:70)\n\tat com.ita.edu.teachua.ui.pagefactory.ElementHandler.invoke(ElementHandler.java:32)\n\tat com.sun.proxy.$Proxy42.click(Unknown Source)\n\tat com.ita.edu.teachua.ui.pages.header_page.HeaderPage.clickOnGuestDropdown(HeaderPage.java:27)\n\tat com.ita.edu.teachua.ui.tests.OwnerProfileTest.checkLastVerifyEnteredDataInRegistrationRemembered(OwnerProfileTest.java:403)\n\tat sun.reflect.NativeMethodAccessorImpl.invoke0(Native Method)\n\tat sun.reflect.NativeMethodAccessorImpl.invoke(NativeMethodAccessorImpl.java:62)\n\tat sun.reflect.DelegatingMethodAccessorImpl.invoke(DelegatingMethodAccessorImpl.java:43)\n\tat java.lang.reflect.Method.invoke(Method.java:498)\n\tat org.testng.internal.MethodInvocationHelper.invokeMethod(MethodInvocationHelper.java:133)\n\tat org.testng.internal.TestInvoker.invokeMethod(TestInvoker.java:598)\n\tat org.testng.internal.TestInvoker.invokeTestMethod(TestInvoker.java:173)\n\tat org.testng.internal.MethodRunner.runInSequence(MethodRunner.java:46)\n\tat org.testng.internal.TestInvoker$MethodInvocationAgent.invoke(TestInvoker.java:824)\n\tat org.testng.internal.TestInvoker.invokeTestMethods(TestInvoker.java:146)\n\tat org.testng.internal.TestMethodWorker.invokeTestMethods(TestMethodWorker.java:146)\n\tat org.testng.internal.TestMethodWorker.run(TestMethodWorker.java:128)\n\tat java.util.ArrayList.forEach(ArrayList.java:1259)\n\tat org.testng.TestRunner.privateRun(TestRunner.java:794)\n\tat org.testng.TestRunner.run(TestRunner.java:596)\n\tat org.testng.SuiteRunner.runTest(SuiteRunner.java:377)\n\tat org.testng.SuiteRunner.access$000(SuiteRunner.java:28)\n\tat org.testng.SuiteRunner$SuiteWorker.run(SuiteRunner.java:418)\n\tat org.testng.internal.thread.ThreadUtil.lambda$execute$0(ThreadUtil.java:64)\n\tat java.util.concurrent.FutureTask.run(FutureTask.java:266)\n\tat java.util.concurrent.ThreadPoolExecutor.runWorker(ThreadPoolExecutor.java:1149)\n\tat java.util.concurrent.ThreadPoolExecutor$Worker.run(ThreadPoolExecutor.java:624)\n\tat java.lang.Thread.run(Thread.java:748)\n",
      "steps" : [ ],
      "attachments" : [ ],
      "parameters" : [ ],
      "stepsCount" : 0,
      "attachmentsCount" : 0,
      "shouldDisplayMessage" : true,
      "hasContent" : true
    } ],
    "attachments" : [ {
      "uid" : "437dc0bb9e9be063",
      "name" : "Logs for thread 14",
      "source" : "437dc0bb9e9be063.log",
      "type" : "text/plain",
      "size" : 4
    }, {
      "uid" : "57e492566db74d9e",
      "name" : "Page screenshot",
      "source" : "57e492566db74d9e.png",
      "type" : "image/png",
      "size" : 6665
    } ],
    "parameters" : [ ],
    "stepsCount" : 1,
    "attachmentsCount" : 2,
    "shouldDisplayMessage" : false,
    "hasContent" : true
  },
  "afterStages" : [ {
    "name" : "afterMethod",
    "time" : {
      "start" : 1643142323987,
      "stop" : 1643142324059,
      "duration" : 72
    },
    "description" : "",
    "status" : "passed",
    "steps" : [ ],
    "attachments" : [ ],
    "parameters" : [ ],
    "stepsCount" : 0,
    "attachmentsCount" : 0,
    "shouldDisplayMessage" : false,
    "hasContent" : false
  } ],
  "labels" : [ {
    "name" : "package",
    "value" : "com.ita.edu.teachua.ui.tests.OwnerProfileTest"
  }, {
    "name" : "testClass",
    "value" : "com.ita.edu.teachua.ui.tests.OwnerProfileTest"
  }, {
    "name" : "testMethod",
    "value" : "checkLastVerifyEnteredDataInRegistrationRemembered"
  }, {
    "name" : "parentSuite",
    "value" : "Test Suite"
  }, {
    "name" : "suite",
    "value" : "UI Tests"
  }, {
    "name" : "subSuite",
    "value" : "com.ita.edu.teachua.ui.tests.OwnerProfileTest"
  }, {
    "name" : "host",
    "value" : "fv-az202-534"
  }, {
    "name" : "thread",
    "value" : "2938@fv-az202-534.TestNG-tests-2(14)"
  }, {
    "name" : "framework",
    "value" : "testng"
  }, {
    "name" : "language",
    "value" : "java"
  }, {
    "name" : "resultFormat",
    "value" : "allure2"
  } ],
  "parameters" : [ ],
  "links" : [ {
    "name" : "TUA-454",
    "type" : "issue"
  } ],
  "hidden" : false,
  "retry" : false,
  "extra" : {
    "severity" : "normal",
    "retries" : [ ],
    "categories" : [ {
      "name" : "Test defects",
      "matchedStatuses" : [ ],
      "flaky" : false
    } ],
    "history" : {
      "statistic" : {
        "failed" : 0,
        "broken" : 17,
        "skipped" : 0,
        "passed" : 37,
        "unknown" : 0,
        "total" : 54
      },
      "items" : [ {
        "uid" : "55cdc339dd2db289",
        "reportUrl" : "https://ita-social-projects.github.io/TeachUA_TA/90//#testresult/55cdc339dd2db289",
        "status" : "broken",
        "statusDetails" : "element not interactable\n  (Session info: chrome=97.0.4692.71)\nBuild info: version: '4.1.0', revision: '87802e897b'\nSystem info: host: 'fv-az75-82', ip: '10.1.0.250', os.name: 'Linux', os.arch: 'amd64', os.version: '5.11.0-1027-azure', java.version: '1.8.0_292'\nDriver info: org.openqa.selenium.chrome.ChromeDriver\nCommand: [f6a7dc42ad93267821ea8458beacd46b, sendKeysToElement {id=5d31b212-4281-455a-96c8-dd51bbb7f1ef, value=[Ljava.lang.CharSequence;@1bd373ee}]\nCapabilities {acceptInsecureCerts: false, browserName: chrome, browserVersion: 97.0.4692.71, chrome: {chromedriverVersion: 97.0.4692.71 (adefa7837d02a..., userDataDir: /tmp/.com.google.Chrome.kI7Yfp}, goog:chromeOptions: {debuggerAddress: localhost:38649}, javascriptEnabled: true, networkConnectionEnabled: false, pageLoadStrategy: normal, platform: LINUX, platformName: LINUX, proxy: Proxy(), se:cdp: ws://localhost:38649/devtoo..., se:cdpVersion: 97.0.4692.71, setWindowRect: true, strictFileInteractability: false, timeouts: {implicit: 0, pageLoad: 300000, script: 30000}, unhandledPromptBehavior: dismiss and notify, webauthn:extension:credBlob: true, webauthn:extension:largeBlob: true, webauthn:virtualAuthenticators: true}\nElement: [[ChromeDriver: chrome on LINUX (f6a7dc42ad93267821ea8458beacd46b)] -> id: firstName]\nSession ID: f6a7dc42ad93267821ea8458beacd46b",
        "time" : {
          "start" : 1643142160729,
          "stop" : 1643142172117,
          "duration" : 11388
        }
      }, {
        "uid" : "ff60df4109ff1c90",
        "reportUrl" : "https://ita-social-projects.github.io/TeachUA_TA/85//#testresult/ff60df4109ff1c90",
        "status" : "passed",
        "time" : {
          "start" : 1643141583653,
          "stop" : 1643141586318,
          "duration" : 2665
        }
      }, {
        "uid" : "c50cf5f1ed10cff9",
        "reportUrl" : "https://ita-social-projects.github.io/TeachUA_TA/84//#testresult/c50cf5f1ed10cff9",
        "status" : "passed",
        "time" : {
          "start" : 1643140463580,
          "stop" : 1643140466475,
          "duration" : 2895
        }
      }, {
        "uid" : "239b704abed85919",
        "reportUrl" : "https://ita-social-projects.github.io/TeachUA_TA/83//#testresult/239b704abed85919",
        "status" : "passed",
        "time" : {
          "start" : 1643139854894,
          "stop" : 1643139857753,
          "duration" : 2859
        }
      }, {
        "uid" : "f3dfb0591fb1c337",
        "reportUrl" : "https://ita-social-projects.github.io/TeachUA_TA/82//#testresult/f3dfb0591fb1c337",
        "status" : "passed",
        "time" : {
          "start" : 1643138874180,
          "stop" : 1643138876831,
          "duration" : 2651
        }
      }, {
        "uid" : "27ca3d1b659c053f",
        "reportUrl" : "https://ita-social-projects.github.io/TeachUA_TA/81//#testresult/27ca3d1b659c053f",
        "status" : "passed",
        "time" : {
          "start" : 1643138733770,
          "stop" : 1643138737024,
          "duration" : 3254
        }
      }, {
        "uid" : "5b887d607de14d3c",
        "reportUrl" : "https://ita-social-projects.github.io/TeachUA_TA/80//#testresult/5b887d607de14d3c",
        "status" : "passed",
        "time" : {
          "start" : 1643137537336,
          "stop" : 1643137539957,
          "duration" : 2621
        }
      }, {
        "uid" : "103b9cb6fba0e4ad",
        "reportUrl" : "https://ita-social-projects.github.io/TeachUA_TA/79//#testresult/103b9cb6fba0e4ad",
        "status" : "passed",
        "time" : {
          "start" : 1643137472369,
          "stop" : 1643137474960,
          "duration" : 2591
        }
      }, {
        "uid" : "3a72c8ee5adee859",
        "reportUrl" : "https://ita-social-projects.github.io/TeachUA_TA/78//#testresult/3a72c8ee5adee859",
        "status" : "broken",
        "statusDetails" : "element click intercepted: Element <input class=\"ant-input registration-box\" placeholder=\"Введіть ваше прізвище\" type=\"text\" id=\"lastName\" value=\"\"> is not clickable at point (829, 225). Other element would receive the click: <div class=\"ant-radio-group ant-radio-group-solid button-container\" id=\"role\">...</div>\n  (Session info: chrome=97.0.4692.71)\nBuild info: version: '4.1.0', revision: '87802e897b'\nSystem info: host: 'fv-az203-521', ip: '10.1.0.213', os.name: 'Linux', os.arch: 'amd64', os.version: '5.11.0-1027-azure', java.version: '1.8.0_292'\nDriver info: org.openqa.selenium.chrome.ChromeDriver\nCommand: [87c3cff24a5fcf37eed397fdc81b1364, clickElement {id=dd601e14-f5b0-4f53-bcf9-1e3b67682357}]\nCapabilities {acceptInsecureCerts: false, browserName: chrome, browserVersion: 97.0.4692.71, chrome: {chromedriverVersion: 97.0.4692.71 (adefa7837d02a..., userDataDir: /tmp/.com.google.Chrome.f4E4dF}, goog:chromeOptions: {debuggerAddress: localhost:43249}, javascriptEnabled: true, networkConnectionEnabled: false, pageLoadStrategy: normal, platform: LINUX, platformName: LINUX, proxy: Proxy(), se:cdp: ws://localhost:43249/devtoo..., se:cdpVersion: 97.0.4692.71, setWindowRect: true, strictFileInteractability: false, timeouts: {implicit: 0, pageLoad: 300000, script: 30000}, unhandledPromptBehavior: dismiss and notify, webauthn:extension:credBlob: true, webauthn:extension:largeBlob: true, webauthn:virtualAuthenticators: true}\nElement: [[ChromeDriver: chrome on LINUX (87c3cff24a5fcf37eed397fdc81b1364)] -> id: lastName]\nSession ID: 87c3cff24a5fcf37eed397fdc81b1364",
        "time" : {
          "start" : 1643136502952,
          "stop" : 1643136504979,
          "duration" : 2027
        }
      }, {
        "uid" : "36acde9e5ab03e12",
        "reportUrl" : "https://ita-social-projects.github.io/TeachUA_TA/77//#testresult/36acde9e5ab03e12",
        "status" : "broken",
        "statusDetails" : "element click intercepted: Element <input class=\"ant-input registration-box\" placeholder=\"Введіть ваше прізвище\" type=\"text\" id=\"lastName\" value=\"\"> is not clickable at point (829, 225). Other element would receive the click: <div class=\"ant-radio-group ant-radio-group-solid button-container\" id=\"role\">...</div>\n  (Session info: chrome=97.0.4692.71)\nBuild info: version: '4.1.0', revision: '87802e897b'\nSystem info: host: 'fv-az208-739', ip: '10.1.0.71', os.name: 'Linux', os.arch: 'amd64', os.version: '5.11.0-1027-azure', java.version: '1.8.0_292'\nDriver info: org.openqa.selenium.chrome.ChromeDriver\nCommand: [ff39be01deab625dd866fd955f4e51a2, clickElement {id=a0a94f0e-a0d5-4a69-b0ca-58ec81435bc4}]\nCapabilities {acceptInsecureCerts: false, browserName: chrome, browserVersion: 97.0.4692.71, chrome: {chromedriverVersion: 97.0.4692.71 (adefa7837d02a..., userDataDir: /tmp/.com.google.Chrome.1laNso}, goog:chromeOptions: {debuggerAddress: localhost:38627}, javascriptEnabled: true, networkConnectionEnabled: false, pageLoadStrategy: normal, platform: LINUX, platformName: LINUX, proxy: Proxy(), se:cdp: ws://localhost:38627/devtoo..., se:cdpVersion: 97.0.4692.71, setWindowRect: true, strictFileInteractability: false, timeouts: {implicit: 0, pageLoad: 300000, script: 30000}, unhandledPromptBehavior: dismiss and notify, webauthn:extension:credBlob: true, webauthn:extension:largeBlob: true, webauthn:virtualAuthenticators: true}\nElement: [[ChromeDriver: chrome on LINUX (ff39be01deab625dd866fd955f4e51a2)] -> id: lastName]\nSession ID: ff39be01deab625dd866fd955f4e51a2",
        "time" : {
          "start" : 1643134715316,
          "stop" : 1643134717371,
          "duration" : 2055
        }
      }, {
        "uid" : "8710c565fb752fa4",
        "reportUrl" : "https://ita-social-projects.github.io/TeachUA_TA/76//#testresult/8710c565fb752fa4",
        "status" : "passed",
        "time" : {
          "start" : 1643134047287,
          "stop" : 1643134049372,
          "duration" : 2085
        }
      }, {
        "uid" : "b0801cb5b7e2715d",
        "reportUrl" : "https://ita-social-projects.github.io/TeachUA_TA/74//#testresult/b0801cb5b7e2715d",
        "status" : "passed",
        "time" : {
          "start" : 1643130874391,
          "stop" : 1643130876680,
          "duration" : 2289
        }
      }, {
        "uid" : "cd1b4a0d6a6e10cf",
        "reportUrl" : "https://ita-social-projects.github.io/TeachUA_TA/75//#testresult/cd1b4a0d6a6e10cf",
        "status" : "passed",
        "time" : {
          "start" : 1643130829180,
          "stop" : 1643130831226,
          "duration" : 2046
        }
      }, {
        "uid" : "ffc6ace40c600fe0",
        "reportUrl" : "https://ita-social-projects.github.io/TeachUA_TA/73//#testresult/ffc6ace40c600fe0",
        "status" : "passed",
        "time" : {
          "start" : 1643129921399,
          "stop" : 1643129923849,
          "duration" : 2450
        }
      }, {
        "uid" : "de9f75624faf9029",
        "reportUrl" : "https://ita-social-projects.github.io/TeachUA_TA/72//#testresult/de9f75624faf9029",
        "status" : "passed",
        "time" : {
          "start" : 1643129731322,
          "stop" : 1643129733444,
          "duration" : 2122
        }
      }, {
        "uid" : "d19de5ee00cd2292",
        "reportUrl" : "https://ita-social-projects.github.io/TeachUA_TA/71//#testresult/d19de5ee00cd2292",
        "status" : "passed",
        "time" : {
          "start" : 1643129712140,
          "stop" : 1643129714563,
          "duration" : 2423
        }
      }, {
        "uid" : "8696586325622cb3",
        "reportUrl" : "https://ita-social-projects.github.io/TeachUA_TA/70//#testresult/8696586325622cb3",
        "status" : "passed",
        "time" : {
          "start" : 1643123268628,
          "stop" : 1643123270881,
          "duration" : 2253
        }
      }, {
        "uid" : "6f55ef6612e03c86",
        "reportUrl" : "https://ita-social-projects.github.io/TeachUA_TA/69//#testresult/6f55ef6612e03c86",
        "status" : "broken",
        "statusDetails" : "element not interactable\n  (Session info: chrome=97.0.4692.71)\nBuild info: version: '4.1.0', revision: '87802e897b'\nSystem info: host: 'fv-az105-937', ip: '10.1.0.227', os.name: 'Linux', os.arch: 'amd64', os.version: '5.11.0-1027-azure', java.version: '1.8.0_292'\nDriver info: org.openqa.selenium.chrome.ChromeDriver\nCommand: [7658b7223924bf497a47a5c95c102391, clickElement {id=67cc5fe5-4e28-4de6-879f-47e83171f2ac}]\nCapabilities {acceptInsecureCerts: false, browserName: chrome, browserVersion: 97.0.4692.71, chrome: {chromedriverVersion: 97.0.4692.71 (adefa7837d02a..., userDataDir: /tmp/.com.google.Chrome.V3vsmf}, goog:chromeOptions: {debuggerAddress: localhost:46061}, javascriptEnabled: true, networkConnectionEnabled: false, pageLoadStrategy: normal, platform: LINUX, platformName: LINUX, proxy: Proxy(), se:cdp: ws://localhost:46061/devtoo..., se:cdpVersion: 97.0.4692.71, setWindowRect: true, strictFileInteractability: false, timeouts: {implicit: 0, pageLoad: 300000, script: 30000}, unhandledPromptBehavior: dismiss and notify, webauthn:extension:credBlob: true, webauthn:extension:largeBlob: true, webauthn:virtualAuthenticators: true}\nElement: [[ChromeDriver: chrome on LINUX (7658b7223924bf497a47a5c95c102391)] -> id: phone]\nSession ID: 7658b7223924bf497a47a5c95c102391",
        "time" : {
          "start" : 1643123217734,
          "stop" : 1643123228834,
          "duration" : 11100
        }
      }, {
        "uid" : "80663584cf5f9104",
        "reportUrl" : "https://ita-social-projects.github.io/TeachUA_TA/68//#testresult/80663584cf5f9104",
        "status" : "broken",
        "statusDetails" : "element not interactable\n  (Session info: chrome=97.0.4692.71)\nBuild info: version: '4.1.0', revision: '87802e897b'\nSystem info: host: 'fv-az96-851', ip: '10.1.0.193', os.name: 'Linux', os.arch: 'amd64', os.version: '5.11.0-1027-azure', java.version: '1.8.0_292'\nDriver info: org.openqa.selenium.chrome.ChromeDriver\nCommand: [27cce235a14441660edbacab90fbea60, sendKeysToElement {id=aed726ab-9c05-4265-9ba9-39369dee44b3, value=[Ljava.lang.CharSequence;@35b27d85}]\nCapabilities {acceptInsecureCerts: false, browserName: chrome, browserVersion: 97.0.4692.71, chrome: {chromedriverVersion: 97.0.4692.71 (adefa7837d02a..., userDataDir: /tmp/.com.google.Chrome.1w5PZc}, goog:chromeOptions: {debuggerAddress: localhost:45815}, javascriptEnabled: true, networkConnectionEnabled: false, pageLoadStrategy: normal, platform: LINUX, platformName: LINUX, proxy: Proxy(), se:cdp: ws://localhost:45815/devtoo..., se:cdpVersion: 97.0.4692.71, setWindowRect: true, strictFileInteractability: false, timeouts: {implicit: 0, pageLoad: 300000, script: 30000}, unhandledPromptBehavior: dismiss and notify, webauthn:extension:credBlob: true, webauthn:extension:largeBlob: true, webauthn:virtualAuthenticators: true}\nElement: [[ChromeDriver: chrome on LINUX (27cce235a14441660edbacab90fbea60)] -> id: firstName]\nSession ID: 27cce235a14441660edbacab90fbea60",
        "time" : {
          "start" : 1643109263007,
          "stop" : 1643109274280,
          "duration" : 11273
        }
      }, {
        "uid" : "7a041a014a6365ba",
        "reportUrl" : "https://ita-social-projects.github.io/TeachUA_TA/68//#testresult/7a041a014a6365ba",
        "status" : "passed",
        "time" : {
          "start" : 1643104512985,
          "stop" : 1643104515530,
          "duration" : 2545
        }
      } ]
    },
    "tags" : [ ]
  },
  "source" : "7394baed8d5e6e0f.json",
  "parameterValues" : [ ]
}