{
  "uid" : "7a4d4111c0f81456",
  "name" : "TUA-343",
  "fullName" : "com.ita.edu.teachua.ui.tests.OwnerProfileTest.checkErrorMsWhenFillInvalidDataIntoLastNameField",
  "historyId" : "d0e4194e474567f6be7b3f45a3f59b13",
  "time" : {
    "start" : 1643277653205,
    "stop" : 1643277660907,
    "duration" : 7702
  },
  "description" : "Verify that error messages are shown and 'Зберегти зміни' button becomes disabled while entering invalid data into the 'Прізвище' field",
  "descriptionHtml" : "<p>Verify that error messages are shown and 'Зберегти зміни' button becomes disabled while entering invalid data into the 'Прізвище' field</p>\n",
  "status" : "broken",
  "statusMessage" : "invalid element state: Element is not currently interactable and may not be manipulated\n  (Session info: chrome=97.0.4692.99)\nBuild info: version: '4.1.0', revision: '87802e897b'\nSystem info: host: 'fv-az202-404', ip: '10.1.0.57', os.name: 'Linux', os.arch: 'amd64', os.version: '5.11.0-1027-azure', java.version: '1.8.0_292'\nDriver info: org.openqa.selenium.chrome.ChromeDriver\nCommand: [69b13a35587621063232e14956e53da5, clearElement {id=7ee89fa0-8e18-4ebe-b476-c2400aa15189}]\nCapabilities {acceptInsecureCerts: false, browserName: chrome, browserVersion: 97.0.4692.99, chrome: {chromedriverVersion: 97.0.4692.71 (adefa7837d02a..., userDataDir: /tmp/.com.google.Chrome.1avjIS}, goog:chromeOptions: {debuggerAddress: localhost:39445}, javascriptEnabled: true, networkConnectionEnabled: false, pageLoadStrategy: normal, platform: LINUX, platformName: LINUX, proxy: Proxy(), se:cdp: ws://localhost:39445/devtoo..., se:cdpVersion: 97.0.4692.99, setWindowRect: true, strictFileInteractability: false, timeouts: {implicit: 0, pageLoad: 300000, script: 30000}, unhandledPromptBehavior: dismiss and notify, webauthn:extension:credBlob: true, webauthn:extension:largeBlob: true, webauthn:virtualAuthenticators: true}\nElement: [[ChromeDriver: chrome on LINUX (69b13a35587621063232e14956e53da5)] -> xpath: //input[@id='edit_lastName']]\nSession ID: 69b13a35587621063232e14956e53da5",
  "statusTrace" : "org.openqa.selenium.InvalidElementStateException: invalid element state: Element is not currently interactable and may not be manipulated\n  (Session info: chrome=97.0.4692.99)\nBuild info: version: '4.1.0', revision: '87802e897b'\nSystem info: host: 'fv-az202-404', ip: '10.1.0.57', os.name: 'Linux', os.arch: 'amd64', os.version: '5.11.0-1027-azure', java.version: '1.8.0_292'\nDriver info: org.openqa.selenium.chrome.ChromeDriver\nCommand: [69b13a35587621063232e14956e53da5, clearElement {id=7ee89fa0-8e18-4ebe-b476-c2400aa15189}]\nCapabilities {acceptInsecureCerts: false, browserName: chrome, browserVersion: 97.0.4692.99, chrome: {chromedriverVersion: 97.0.4692.71 (adefa7837d02a..., userDataDir: /tmp/.com.google.Chrome.1avjIS}, goog:chromeOptions: {debuggerAddress: localhost:39445}, javascriptEnabled: true, networkConnectionEnabled: false, pageLoadStrategy: normal, platform: LINUX, platformName: LINUX, proxy: Proxy(), se:cdp: ws://localhost:39445/devtoo..., se:cdpVersion: 97.0.4692.99, setWindowRect: true, strictFileInteractability: false, timeouts: {implicit: 0, pageLoad: 300000, script: 30000}, unhandledPromptBehavior: dismiss and notify, webauthn:extension:credBlob: true, webauthn:extension:largeBlob: true, webauthn:virtualAuthenticators: true}\nElement: [[ChromeDriver: chrome on LINUX (69b13a35587621063232e14956e53da5)] -> xpath: //input[@id='edit_lastName']]\nSession ID: 69b13a35587621063232e14956e53da5\n\tat sun.reflect.NativeConstructorAccessorImpl.newInstance0(Native Method)\n\tat sun.reflect.NativeConstructorAccessorImpl.newInstance(NativeConstructorAccessorImpl.java:62)\n\tat sun.reflect.DelegatingConstructorAccessorImpl.newInstance(DelegatingConstructorAccessorImpl.java:45)\n\tat java.lang.reflect.Constructor.newInstance(Constructor.java:423)\n\tat org.openqa.selenium.remote.codec.w3c.W3CHttpResponseCodec.createException(W3CHttpResponseCodec.java:200)\n\tat org.openqa.selenium.remote.codec.w3c.W3CHttpResponseCodec.decode(W3CHttpResponseCodec.java:133)\n\tat org.openqa.selenium.remote.codec.w3c.W3CHttpResponseCodec.decode(W3CHttpResponseCodec.java:53)\n\tat org.openqa.selenium.remote.HttpCommandExecutor.execute(HttpCommandExecutor.java:184)\n\tat org.openqa.selenium.remote.service.DriverCommandExecutor.invokeExecute(DriverCommandExecutor.java:164)\n\tat org.openqa.selenium.remote.service.DriverCommandExecutor.execute(DriverCommandExecutor.java:139)\n\tat org.openqa.selenium.remote.RemoteWebDriver.execute(RemoteWebDriver.java:559)\n\tat org.openqa.selenium.remote.RemoteWebElement.execute(RemoteWebElement.java:251)\n\tat org.openqa.selenium.remote.RemoteWebElement.clear(RemoteWebElement.java:126)\n\tat com.ita.edu.teachua.ui.elements.custom_elements.InputElement.clear(InputElement.java:16)\n\tat sun.reflect.GeneratedMethodAccessor385.invoke(Unknown Source)\n\tat sun.reflect.DelegatingMethodAccessorImpl.invoke(DelegatingMethodAccessorImpl.java:43)\n\tat java.lang.reflect.Method.invoke(Method.java:498)\n\tat com.ita.edu.teachua.ui.pagefactory.ElementHandler.invoke(ElementHandler.java:46)\n\tat com.sun.proxy.$Proxy44.clear(Unknown Source)\n\tat com.ita.edu.teachua.ui.pages.profile_page.ProfileEditPopUpComponent.fillLastName(ProfileEditPopUpComponent.java:67)\n\tat com.ita.edu.teachua.ui.tests.OwnerProfileTest.checkErrorMsWhenFillInvalidDataIntoLastNameField(OwnerProfileTest.java:477)\n\tat sun.reflect.NativeMethodAccessorImpl.invoke0(Native Method)\n\tat sun.reflect.NativeMethodAccessorImpl.invoke(NativeMethodAccessorImpl.java:62)\n\tat sun.reflect.DelegatingMethodAccessorImpl.invoke(DelegatingMethodAccessorImpl.java:43)\n\tat java.lang.reflect.Method.invoke(Method.java:498)\n\tat org.testng.internal.MethodInvocationHelper.invokeMethod(MethodInvocationHelper.java:133)\n\tat org.testng.internal.TestInvoker.invokeMethod(TestInvoker.java:598)\n\tat org.testng.internal.TestInvoker.invokeTestMethod(TestInvoker.java:173)\n\tat org.testng.internal.MethodRunner.runInSequence(MethodRunner.java:46)\n\tat org.testng.internal.TestInvoker$MethodInvocationAgent.invoke(TestInvoker.java:824)\n\tat org.testng.internal.TestInvoker.invokeTestMethods(TestInvoker.java:146)\n\tat org.testng.internal.TestMethodWorker.invokeTestMethods(TestMethodWorker.java:146)\n\tat org.testng.internal.TestMethodWorker.run(TestMethodWorker.java:128)\n\tat java.util.ArrayList.forEach(ArrayList.java:1259)\n\tat org.testng.TestRunner.privateRun(TestRunner.java:794)\n\tat org.testng.TestRunner.run(TestRunner.java:596)\n\tat org.testng.SuiteRunner.runTest(SuiteRunner.java:377)\n\tat org.testng.SuiteRunner.access$000(SuiteRunner.java:28)\n\tat org.testng.SuiteRunner$SuiteWorker.run(SuiteRunner.java:418)\n\tat org.testng.internal.thread.ThreadUtil.lambda$execute$0(ThreadUtil.java:64)\n\tat java.util.concurrent.FutureTask.run(FutureTask.java:266)\n\tat java.util.concurrent.ThreadPoolExecutor.runWorker(ThreadPoolExecutor.java:1149)\n\tat java.util.concurrent.ThreadPoolExecutor$Worker.run(ThreadPoolExecutor.java:624)\n\tat java.lang.Thread.run(Thread.java:748)\n",
  "flaky" : false,
  "newFailed" : false,
  "beforeStages" : [ {
    "name" : "beforeMethod",
    "time" : {
      "start" : 1643277648114,
      "stop" : 1643277653204,
      "duration" : 5090
    },
    "description" : "",
    "status" : "passed",
    "steps" : [ ],
    "attachments" : [ ],
    "parameters" : [ ],
    "attachmentsCount" : 0,
    "shouldDisplayMessage" : false,
    "hasContent" : false,
    "stepsCount" : 0
  }, {
    "name" : "beforeSuite",
    "time" : {
      "start" : 1643277027804,
      "stop" : 1643277027813,
      "duration" : 9
    },
    "description" : "",
    "status" : "passed",
    "steps" : [ ],
    "attachments" : [ ],
    "parameters" : [ ],
    "attachmentsCount" : 0,
    "shouldDisplayMessage" : false,
    "hasContent" : false,
    "stepsCount" : 0
  }, {
    "name" : "beforeSuite",
    "time" : {
      "start" : 1643277027813,
      "stop" : 1643277030969,
      "duration" : 3156
    },
    "description" : "",
    "status" : "passed",
    "steps" : [ ],
    "attachments" : [ ],
    "parameters" : [ ],
    "attachmentsCount" : 0,
    "shouldDisplayMessage" : false,
    "hasContent" : false,
    "stepsCount" : 0
  }, {
    "name" : "beforeSuite",
    "time" : {
      "start" : 1643277030970,
      "stop" : 1643277030970,
      "duration" : 0
    },
    "description" : "",
    "status" : "passed",
    "steps" : [ ],
    "attachments" : [ ],
    "parameters" : [ ],
    "attachmentsCount" : 0,
    "shouldDisplayMessage" : false,
    "hasContent" : false,
    "stepsCount" : 0
  }, {
    "name" : "beforeSuite",
    "time" : {
      "start" : 1643277030970,
      "stop" : 1643277030970,
      "duration" : 0
    },
    "description" : "",
    "status" : "passed",
    "steps" : [ ],
    "attachments" : [ ],
    "parameters" : [ ],
    "attachmentsCount" : 0,
    "shouldDisplayMessage" : false,
    "hasContent" : false,
    "stepsCount" : 0
  }, {
    "name" : "beforeSuite",
    "time" : {
      "start" : 1643277030970,
      "stop" : 1643277030970,
      "duration" : 0
    },
    "description" : "",
    "status" : "passed",
    "steps" : [ ],
    "attachments" : [ ],
    "parameters" : [ ],
    "attachmentsCount" : 0,
    "shouldDisplayMessage" : false,
    "hasContent" : false,
    "stepsCount" : 0
  } ],
  "testStage" : {
    "description" : "Verify that error messages are shown and 'Зберегти зміни' button becomes disabled while entering invalid data into the 'Прізвище' field",
    "status" : "broken",
    "statusMessage" : "invalid element state: Element is not currently interactable and may not be manipulated\n  (Session info: chrome=97.0.4692.99)\nBuild info: version: '4.1.0', revision: '87802e897b'\nSystem info: host: 'fv-az202-404', ip: '10.1.0.57', os.name: 'Linux', os.arch: 'amd64', os.version: '5.11.0-1027-azure', java.version: '1.8.0_292'\nDriver info: org.openqa.selenium.chrome.ChromeDriver\nCommand: [69b13a35587621063232e14956e53da5, clearElement {id=7ee89fa0-8e18-4ebe-b476-c2400aa15189}]\nCapabilities {acceptInsecureCerts: false, browserName: chrome, browserVersion: 97.0.4692.99, chrome: {chromedriverVersion: 97.0.4692.71 (adefa7837d02a..., userDataDir: /tmp/.com.google.Chrome.1avjIS}, goog:chromeOptions: {debuggerAddress: localhost:39445}, javascriptEnabled: true, networkConnectionEnabled: false, pageLoadStrategy: normal, platform: LINUX, platformName: LINUX, proxy: Proxy(), se:cdp: ws://localhost:39445/devtoo..., se:cdpVersion: 97.0.4692.99, setWindowRect: true, strictFileInteractability: false, timeouts: {implicit: 0, pageLoad: 300000, script: 30000}, unhandledPromptBehavior: dismiss and notify, webauthn:extension:credBlob: true, webauthn:extension:largeBlob: true, webauthn:virtualAuthenticators: true}\nElement: [[ChromeDriver: chrome on LINUX (69b13a35587621063232e14956e53da5)] -> xpath: //input[@id='edit_lastName']]\nSession ID: 69b13a35587621063232e14956e53da5",
    "statusTrace" : "org.openqa.selenium.InvalidElementStateException: invalid element state: Element is not currently interactable and may not be manipulated\n  (Session info: chrome=97.0.4692.99)\nBuild info: version: '4.1.0', revision: '87802e897b'\nSystem info: host: 'fv-az202-404', ip: '10.1.0.57', os.name: 'Linux', os.arch: 'amd64', os.version: '5.11.0-1027-azure', java.version: '1.8.0_292'\nDriver info: org.openqa.selenium.chrome.ChromeDriver\nCommand: [69b13a35587621063232e14956e53da5, clearElement {id=7ee89fa0-8e18-4ebe-b476-c2400aa15189}]\nCapabilities {acceptInsecureCerts: false, browserName: chrome, browserVersion: 97.0.4692.99, chrome: {chromedriverVersion: 97.0.4692.71 (adefa7837d02a..., userDataDir: /tmp/.com.google.Chrome.1avjIS}, goog:chromeOptions: {debuggerAddress: localhost:39445}, javascriptEnabled: true, networkConnectionEnabled: false, pageLoadStrategy: normal, platform: LINUX, platformName: LINUX, proxy: Proxy(), se:cdp: ws://localhost:39445/devtoo..., se:cdpVersion: 97.0.4692.99, setWindowRect: true, strictFileInteractability: false, timeouts: {implicit: 0, pageLoad: 300000, script: 30000}, unhandledPromptBehavior: dismiss and notify, webauthn:extension:credBlob: true, webauthn:extension:largeBlob: true, webauthn:virtualAuthenticators: true}\nElement: [[ChromeDriver: chrome on LINUX (69b13a35587621063232e14956e53da5)] -> xpath: //input[@id='edit_lastName']]\nSession ID: 69b13a35587621063232e14956e53da5\n\tat sun.reflect.NativeConstructorAccessorImpl.newInstance0(Native Method)\n\tat sun.reflect.NativeConstructorAccessorImpl.newInstance(NativeConstructorAccessorImpl.java:62)\n\tat sun.reflect.DelegatingConstructorAccessorImpl.newInstance(DelegatingConstructorAccessorImpl.java:45)\n\tat java.lang.reflect.Constructor.newInstance(Constructor.java:423)\n\tat org.openqa.selenium.remote.codec.w3c.W3CHttpResponseCodec.createException(W3CHttpResponseCodec.java:200)\n\tat org.openqa.selenium.remote.codec.w3c.W3CHttpResponseCodec.decode(W3CHttpResponseCodec.java:133)\n\tat org.openqa.selenium.remote.codec.w3c.W3CHttpResponseCodec.decode(W3CHttpResponseCodec.java:53)\n\tat org.openqa.selenium.remote.HttpCommandExecutor.execute(HttpCommandExecutor.java:184)\n\tat org.openqa.selenium.remote.service.DriverCommandExecutor.invokeExecute(DriverCommandExecutor.java:164)\n\tat org.openqa.selenium.remote.service.DriverCommandExecutor.execute(DriverCommandExecutor.java:139)\n\tat org.openqa.selenium.remote.RemoteWebDriver.execute(RemoteWebDriver.java:559)\n\tat org.openqa.selenium.remote.RemoteWebElement.execute(RemoteWebElement.java:251)\n\tat org.openqa.selenium.remote.RemoteWebElement.clear(RemoteWebElement.java:126)\n\tat com.ita.edu.teachua.ui.elements.custom_elements.InputElement.clear(InputElement.java:16)\n\tat sun.reflect.GeneratedMethodAccessor385.invoke(Unknown Source)\n\tat sun.reflect.DelegatingMethodAccessorImpl.invoke(DelegatingMethodAccessorImpl.java:43)\n\tat java.lang.reflect.Method.invoke(Method.java:498)\n\tat com.ita.edu.teachua.ui.pagefactory.ElementHandler.invoke(ElementHandler.java:46)\n\tat com.sun.proxy.$Proxy44.clear(Unknown Source)\n\tat com.ita.edu.teachua.ui.pages.profile_page.ProfileEditPopUpComponent.fillLastName(ProfileEditPopUpComponent.java:67)\n\tat com.ita.edu.teachua.ui.tests.OwnerProfileTest.checkErrorMsWhenFillInvalidDataIntoLastNameField(OwnerProfileTest.java:477)\n\tat sun.reflect.NativeMethodAccessorImpl.invoke0(Native Method)\n\tat sun.reflect.NativeMethodAccessorImpl.invoke(NativeMethodAccessorImpl.java:62)\n\tat sun.reflect.DelegatingMethodAccessorImpl.invoke(DelegatingMethodAccessorImpl.java:43)\n\tat java.lang.reflect.Method.invoke(Method.java:498)\n\tat org.testng.internal.MethodInvocationHelper.invokeMethod(MethodInvocationHelper.java:133)\n\tat org.testng.internal.TestInvoker.invokeMethod(TestInvoker.java:598)\n\tat org.testng.internal.TestInvoker.invokeTestMethod(TestInvoker.java:173)\n\tat org.testng.internal.MethodRunner.runInSequence(MethodRunner.java:46)\n\tat org.testng.internal.TestInvoker$MethodInvocationAgent.invoke(TestInvoker.java:824)\n\tat org.testng.internal.TestInvoker.invokeTestMethods(TestInvoker.java:146)\n\tat org.testng.internal.TestMethodWorker.invokeTestMethods(TestMethodWorker.java:146)\n\tat org.testng.internal.TestMethodWorker.run(TestMethodWorker.java:128)\n\tat java.util.ArrayList.forEach(ArrayList.java:1259)\n\tat org.testng.TestRunner.privateRun(TestRunner.java:794)\n\tat org.testng.TestRunner.run(TestRunner.java:596)\n\tat org.testng.SuiteRunner.runTest(SuiteRunner.java:377)\n\tat org.testng.SuiteRunner.access$000(SuiteRunner.java:28)\n\tat org.testng.SuiteRunner$SuiteWorker.run(SuiteRunner.java:418)\n\tat org.testng.internal.thread.ThreadUtil.lambda$execute$0(ThreadUtil.java:64)\n\tat java.util.concurrent.FutureTask.run(FutureTask.java:266)\n\tat java.util.concurrent.ThreadPoolExecutor.runWorker(ThreadPoolExecutor.java:1149)\n\tat java.util.concurrent.ThreadPoolExecutor$Worker.run(ThreadPoolExecutor.java:624)\n\tat java.lang.Thread.run(Thread.java:748)\n",
    "steps" : [ {
      "name" : "Authorize user with valid email admin@gmail.com and password admin",
      "time" : {
        "start" : 1643277653205,
        "stop" : 1643277656587,
        "duration" : 3382
      },
      "status" : "passed",
      "steps" : [ {
        "name" : "Click on guest dropdown",
        "time" : {
          "start" : 1643277653205,
          "stop" : 1643277653673,
          "duration" : 468
        },
        "status" : "passed",
        "steps" : [ ],
        "attachments" : [ ],
        "parameters" : [ ],
        "attachmentsCount" : 0,
        "shouldDisplayMessage" : false,
        "hasContent" : false,
        "stepsCount" : 0
      }, {
        "name" : "Click on `Увійти` button",
        "time" : {
          "start" : 1643277653673,
          "stop" : 1643277653776,
          "duration" : 103
        },
        "status" : "passed",
        "steps" : [ ],
        "attachments" : [ ],
        "parameters" : [ ],
        "attachmentsCount" : 0,
        "shouldDisplayMessage" : false,
        "hasContent" : false,
        "stepsCount" : 0
      }, {
        "name" : "Set values 'admin@gmail.com'/'admin' for `Емейл` and `Пароль` fields",
        "time" : {
          "start" : 1643277653776,
          "stop" : 1643277656587,
          "duration" : 2811
        },
        "status" : "passed",
        "steps" : [ {
          "name" : "Fill in Password field: 'admin'",
          "time" : {
            "start" : 1643277654448,
            "stop" : 1643277654534,
            "duration" : 86
          },
          "status" : "passed",
          "steps" : [ ],
          "attachments" : [ ],
          "parameters" : [ {
            "name" : "passwordValue",
            "value" : "admin"
          } ],
          "attachmentsCount" : 0,
          "shouldDisplayMessage" : false,
          "hasContent" : true,
          "stepsCount" : 0
        }, {
          "name" : "Click on Submit button",
          "time" : {
            "start" : 1643277654534,
            "stop" : 1643277656587,
            "duration" : 2053
          },
          "status" : "passed",
          "steps" : [ ],
          "attachments" : [ ],
          "parameters" : [ ],
          "attachmentsCount" : 0,
          "shouldDisplayMessage" : false,
          "hasContent" : false,
          "stepsCount" : 0
        } ],
        "attachments" : [ ],
        "parameters" : [ {
          "name" : "email",
          "value" : "admin@gmail.com"
        }, {
          "name" : "password",
          "value" : "admin"
        } ],
        "attachmentsCount" : 0,
        "shouldDisplayMessage" : false,
        "hasContent" : true,
        "stepsCount" : 2
      } ],
      "attachments" : [ ],
      "parameters" : [ {
        "name" : "email",
        "value" : "admin@gmail.com"
      }, {
        "name" : "password",
        "value" : "admin"
      } ],
      "attachmentsCount" : 0,
      "shouldDisplayMessage" : false,
      "hasContent" : true,
      "stepsCount" : 5
    }, {
      "name" : "Click on dropdown for authorized user in top right corner of header",
      "time" : {
        "start" : 1643277656587,
        "stop" : 1643277659817,
        "duration" : 3230
      },
      "status" : "passed",
      "steps" : [ ],
      "attachments" : [ ],
      "parameters" : [ ],
      "attachmentsCount" : 0,
      "shouldDisplayMessage" : false,
      "hasContent" : false,
      "stepsCount" : 0
    }, {
      "name" : "Click on 'Мій профіль' button in dropdown for authorized users",
      "time" : {
        "start" : 1643277659817,
        "stop" : 1643277660491,
        "duration" : 674
      },
      "status" : "passed",
      "steps" : [ ],
      "attachments" : [ ],
      "parameters" : [ ],
      "attachmentsCount" : 0,
      "shouldDisplayMessage" : false,
      "hasContent" : false,
      "stepsCount" : 0
    }, {
      "name" : "Click edit pop up",
      "time" : {
        "start" : 1643277660491,
        "stop" : 1643277660557,
        "duration" : 66
      },
      "status" : "passed",
      "steps" : [ ],
      "attachments" : [ ],
      "parameters" : [ ],
      "attachmentsCount" : 0,
      "shouldDisplayMessage" : false,
      "hasContent" : false,
      "stepsCount" : 0
    }, {
      "name" : "Fill AfBbCcDdEeFfGgHhIiJjKkLlMmNn in last name field",
      "time" : {
        "start" : 1643277660557,
        "stop" : 1643277660605,
        "duration" : 48
      },
      "status" : "broken",
      "statusMessage" : "invalid element state: Element is not currently interactable and may not be manipulated\n  (Session info: chrome=97.0.4692.99)\nBuild info: version: '4.1.0', revision: '87802e897b'\nSystem info: host: 'fv-az202-404', ip: '10.1.0.57', os.name: 'Linux', os.arch: 'amd64', os.version: '5.11.0-1027-azure', java.version: '1.8.0_292'\nDriver info: org.openqa.selenium.chrome.ChromeDriver\nCommand: [69b13a35587621063232e14956e53da5, clearElement {id=7ee89fa0-8e18-4ebe-b476-c2400aa15189}]\nCapabilities {acceptInsecureCerts: false, browserName: chrome, browserVersion: 97.0.4692.99, chrome: {chromedriverVersion: 97.0.4692.71 (adefa7837d02a..., userDataDir: /tmp/.com.google.Chrome.1avjIS}, goog:chromeOptions: {debuggerAddress: localhost:39445}, javascriptEnabled: true, networkConnectionEnabled: false, pageLoadStrategy: normal, platform: LINUX, platformName: LINUX, proxy: Proxy(), se:cdp: ws://localhost:39445/devtoo..., se:cdpVersion: 97.0.4692.99, setWindowRect: true, strictFileInteractability: false, timeouts: {implicit: 0, pageLoad: 300000, script: 30000}, unhandledPromptBehavior: dismiss and notify, webauthn:extension:credBlob: true, webauthn:extension:largeBlob: true, webauthn:virtualAuthenticators: true}\nElement: [[ChromeDriver: chrome on LINUX (69b13a35587621063232e14956e53da5)] -> xpath: //input[@id='edit_lastName']]\nSession ID: 69b13a35587621063232e14956e53da5",
      "statusTrace" : "org.openqa.selenium.InvalidElementStateException: invalid element state: Element is not currently interactable and may not be manipulated\n  (Session info: chrome=97.0.4692.99)\nBuild info: version: '4.1.0', revision: '87802e897b'\nSystem info: host: 'fv-az202-404', ip: '10.1.0.57', os.name: 'Linux', os.arch: 'amd64', os.version: '5.11.0-1027-azure', java.version: '1.8.0_292'\nDriver info: org.openqa.selenium.chrome.ChromeDriver\nCommand: [69b13a35587621063232e14956e53da5, clearElement {id=7ee89fa0-8e18-4ebe-b476-c2400aa15189}]\nCapabilities {acceptInsecureCerts: false, browserName: chrome, browserVersion: 97.0.4692.99, chrome: {chromedriverVersion: 97.0.4692.71 (adefa7837d02a..., userDataDir: /tmp/.com.google.Chrome.1avjIS}, goog:chromeOptions: {debuggerAddress: localhost:39445}, javascriptEnabled: true, networkConnectionEnabled: false, pageLoadStrategy: normal, platform: LINUX, platformName: LINUX, proxy: Proxy(), se:cdp: ws://localhost:39445/devtoo..., se:cdpVersion: 97.0.4692.99, setWindowRect: true, strictFileInteractability: false, timeouts: {implicit: 0, pageLoad: 300000, script: 30000}, unhandledPromptBehavior: dismiss and notify, webauthn:extension:credBlob: true, webauthn:extension:largeBlob: true, webauthn:virtualAuthenticators: true}\nElement: [[ChromeDriver: chrome on LINUX (69b13a35587621063232e14956e53da5)] -> xpath: //input[@id='edit_lastName']]\nSession ID: 69b13a35587621063232e14956e53da5\n\tat sun.reflect.NativeConstructorAccessorImpl.newInstance0(Native Method)\n\tat sun.reflect.NativeConstructorAccessorImpl.newInstance(NativeConstructorAccessorImpl.java:62)\n\tat sun.reflect.DelegatingConstructorAccessorImpl.newInstance(DelegatingConstructorAccessorImpl.java:45)\n\tat java.lang.reflect.Constructor.newInstance(Constructor.java:423)\n\tat org.openqa.selenium.remote.codec.w3c.W3CHttpResponseCodec.createException(W3CHttpResponseCodec.java:200)\n\tat org.openqa.selenium.remote.codec.w3c.W3CHttpResponseCodec.decode(W3CHttpResponseCodec.java:133)\n\tat org.openqa.selenium.remote.codec.w3c.W3CHttpResponseCodec.decode(W3CHttpResponseCodec.java:53)\n\tat org.openqa.selenium.remote.HttpCommandExecutor.execute(HttpCommandExecutor.java:184)\n\tat org.openqa.selenium.remote.service.DriverCommandExecutor.invokeExecute(DriverCommandExecutor.java:164)\n\tat org.openqa.selenium.remote.service.DriverCommandExecutor.execute(DriverCommandExecutor.java:139)\n\tat org.openqa.selenium.remote.RemoteWebDriver.execute(RemoteWebDriver.java:559)\n\tat org.openqa.selenium.remote.RemoteWebElement.execute(RemoteWebElement.java:251)\n\tat org.openqa.selenium.remote.RemoteWebElement.clear(RemoteWebElement.java:126)\n\tat com.ita.edu.teachua.ui.elements.custom_elements.InputElement.clear(InputElement.java:16)\n\tat sun.reflect.GeneratedMethodAccessor385.invoke(Unknown Source)\n\tat sun.reflect.DelegatingMethodAccessorImpl.invoke(DelegatingMethodAccessorImpl.java:43)\n\tat java.lang.reflect.Method.invoke(Method.java:498)\n\tat com.ita.edu.teachua.ui.pagefactory.ElementHandler.invoke(ElementHandler.java:46)\n\tat com.sun.proxy.$Proxy44.clear(Unknown Source)\n\tat com.ita.edu.teachua.ui.pages.profile_page.ProfileEditPopUpComponent.fillLastName(ProfileEditPopUpComponent.java:67)\n\tat com.ita.edu.teachua.ui.tests.OwnerProfileTest.checkErrorMsWhenFillInvalidDataIntoLastNameField(OwnerProfileTest.java:477)\n\tat sun.reflect.NativeMethodAccessorImpl.invoke0(Native Method)\n\tat sun.reflect.NativeMethodAccessorImpl.invoke(NativeMethodAccessorImpl.java:62)\n\tat sun.reflect.DelegatingMethodAccessorImpl.invoke(DelegatingMethodAccessorImpl.java:43)\n\tat java.lang.reflect.Method.invoke(Method.java:498)\n\tat org.testng.internal.MethodInvocationHelper.invokeMethod(MethodInvocationHelper.java:133)\n\tat org.testng.internal.TestInvoker.invokeMethod(TestInvoker.java:598)\n\tat org.testng.internal.TestInvoker.invokeTestMethod(TestInvoker.java:173)\n\tat org.testng.internal.MethodRunner.runInSequence(MethodRunner.java:46)\n\tat org.testng.internal.TestInvoker$MethodInvocationAgent.invoke(TestInvoker.java:824)\n\tat org.testng.internal.TestInvoker.invokeTestMethods(TestInvoker.java:146)\n\tat org.testng.internal.TestMethodWorker.invokeTestMethods(TestMethodWorker.java:146)\n\tat org.testng.internal.TestMethodWorker.run(TestMethodWorker.java:128)\n\tat java.util.ArrayList.forEach(ArrayList.java:1259)\n\tat org.testng.TestRunner.privateRun(TestRunner.java:794)\n\tat org.testng.TestRunner.run(TestRunner.java:596)\n\tat org.testng.SuiteRunner.runTest(SuiteRunner.java:377)\n\tat org.testng.SuiteRunner.access$000(SuiteRunner.java:28)\n\tat org.testng.SuiteRunner$SuiteWorker.run(SuiteRunner.java:418)\n\tat org.testng.internal.thread.ThreadUtil.lambda$execute$0(ThreadUtil.java:64)\n\tat java.util.concurrent.FutureTask.run(FutureTask.java:266)\n\tat java.util.concurrent.ThreadPoolExecutor.runWorker(ThreadPoolExecutor.java:1149)\n\tat java.util.concurrent.ThreadPoolExecutor$Worker.run(ThreadPoolExecutor.java:624)\n\tat java.lang.Thread.run(Thread.java:748)\n",
      "steps" : [ ],
      "attachments" : [ ],
      "parameters" : [ {
        "name" : "lastNameFill",
        "value" : "AfBbCcDdEeFfGgHhIiJjKkLlMmNn"
      } ],
      "attachmentsCount" : 0,
      "shouldDisplayMessage" : true,
      "hasContent" : true,
      "stepsCount" : 0
    } ],
    "attachments" : [ {
      "uid" : "6bc26edeab5b78fa",
      "name" : "Logs for thread 14",
      "source" : "6bc26edeab5b78fa.log",
      "type" : "text/plain",
      "size" : 4
    }, {
      "uid" : "bd4a401b3438def8",
      "name" : "Page screenshot",
      "source" : "bd4a401b3438def8.png",
      "type" : "image/png",
      "size" : 196197
    } ],
    "parameters" : [ ],
    "attachmentsCount" : 2,
    "shouldDisplayMessage" : false,
    "hasContent" : true,
    "stepsCount" : 10
  },
  "afterStages" : [ {
    "name" : "afterMethod",
    "time" : {
      "start" : 1643277660907,
      "stop" : 1643277660977,
      "duration" : 70
    },
    "description" : "",
    "status" : "passed",
    "steps" : [ ],
    "attachments" : [ ],
    "parameters" : [ ],
    "attachmentsCount" : 0,
    "shouldDisplayMessage" : false,
    "hasContent" : false,
    "stepsCount" : 0
  } ],
  "labels" : [ {
    "name" : "package",
    "value" : "com.ita.edu.teachua.ui.tests.OwnerProfileTest"
  }, {
    "name" : "testClass",
    "value" : "com.ita.edu.teachua.ui.tests.OwnerProfileTest"
  }, {
    "name" : "testMethod",
    "value" : "checkErrorMsWhenFillInvalidDataIntoLastNameField"
  }, {
    "name" : "parentSuite",
    "value" : "Test Suite"
  }, {
    "name" : "suite",
    "value" : "UI Tests"
  }, {
    "name" : "subSuite",
    "value" : "com.ita.edu.teachua.ui.tests.OwnerProfileTest"
  }, {
    "name" : "host",
    "value" : "fv-az202-404"
  }, {
    "name" : "thread",
    "value" : "2767@fv-az202-404.TestNG-tests-2(14)"
  }, {
    "name" : "framework",
    "value" : "testng"
  }, {
    "name" : "language",
    "value" : "java"
  }, {
    "name" : "resultFormat",
    "value" : "allure2"
  } ],
  "parameters" : [ {
    "name" : "arg0",
    "value" : "[AfBbCcDdEeFfGgHhIiJjKkLlMmNn, Прізвище не може містити більше, ніж 25 символів, AfBbCcDdEeFfGgHhIiJjKkLlMm, Прізвище не може містити більше, ніж 25 символів, 1Admin, Прізвище не може містити цифри, 2Admin, Прізвище не може містити цифри, 3Admin, Прізвище не може містити цифри, 4Admin, Прізвище не може містити цифри, -Lastname, Прізвище повинно починатися і закінчуватися літерою, < Lastname>, Прізвище не може містити спеціальні символи, 'Lastname, Прізвище повинно починатися і закінчуватися літерою, Lastname-, Прізвище повинно починатися і закінчуватися літерою, <Lastname >, Прізвище не може містити спеціальні символи, Lastname', Прізвище повинно починатися і закінчуватися літерою, !Admin, Прізвище не може містити спеціальні символи, @Admin, Прізвище не може містити спеціальні символи, #Admin, Прізвище не може містити спеціальні символи, $Admin, Прізвище не може містити спеціальні символи, %Admin, Прізвище не може містити спеціальні символи, ^Admin, Прізвище не може містити спеціальні символи, &Admin, Прізвище не може містити спеціальні символи, *Admin, Прізвище не може містити спеціальні символи, (Admin, Прізвище не може містити спеціальні символи, _Admin, Прізвище не може містити спеціальні символи, +Admin, Прізвище не може містити спеціальні символи, .Admin, Прізвище не може містити спеціальні символи, :Admin, Прізвище не може містити спеціальні символи, , Будь ласка введіть Ваше прізвище]"
  } ],
  "links" : [ {
    "name" : "TUA-343",
    "type" : "issue"
  } ],
  "hidden" : false,
  "retry" : false,
  "extra" : {
    "severity" : "normal",
    "retries" : [ ],
    "categories" : [ {
      "name" : "Test defects",
      "matchedStatuses" : [ ],
      "flaky" : false
    } ],
    "history" : {
      "statistic" : {
        "failed" : 2,
        "broken" : 11,
        "skipped" : 0,
        "passed" : 50,
        "unknown" : 0,
        "total" : 63
      },
      "items" : [ {
        "uid" : "552827c31b8d4bbf",
        "reportUrl" : "https://ita-social-projects.github.io/TeachUA_TA/100//#testresult/552827c31b8d4bbf",
        "status" : "passed",
        "time" : {
          "start" : 1643227881503,
          "stop" : 1643227918683,
          "duration" : 37180
        }
      }, {
        "uid" : "ee6b27ae47674e9",
        "reportUrl" : "https://ita-social-projects.github.io/TeachUA_TA/98//#testresult/ee6b27ae47674e9",
        "status" : "passed",
        "time" : {
          "start" : 1643212261528,
          "stop" : 1643212300279,
          "duration" : 38751
        }
      }, {
        "uid" : "66f010e25b629509",
        "reportUrl" : "https://ita-social-projects.github.io/TeachUA_TA/97//#testresult/66f010e25b629509",
        "status" : "passed",
        "time" : {
          "start" : 1643189150117,
          "stop" : 1643189188506,
          "duration" : 38389
        }
      }, {
        "uid" : "5279d3da9638fecb",
        "reportUrl" : "https://ita-social-projects.github.io/TeachUA_TA/96//#testresult/5279d3da9638fecb",
        "status" : "passed",
        "time" : {
          "start" : 1643189094636,
          "stop" : 1643189133107,
          "duration" : 38471
        }
      }, {
        "uid" : "24c79674cc72a35a",
        "reportUrl" : "https://ita-social-projects.github.io/TeachUA_TA/95//#testresult/24c79674cc72a35a",
        "status" : "passed",
        "time" : {
          "start" : 1643189030177,
          "stop" : 1643189068854,
          "duration" : 38677
        }
      }, {
        "uid" : "6f32dfc1349dc0d8",
        "reportUrl" : "https://ita-social-projects.github.io/TeachUA_TA/94//#testresult/6f32dfc1349dc0d8",
        "status" : "passed",
        "time" : {
          "start" : 1643185529067,
          "stop" : 1643185567892,
          "duration" : 38825
        }
      }, {
        "uid" : "33c5233719b652c8",
        "reportUrl" : "https://ita-social-projects.github.io/TeachUA_TA/93//#testresult/33c5233719b652c8",
        "status" : "passed",
        "time" : {
          "start" : 1643181622114,
          "stop" : 1643181660870,
          "duration" : 38756
        }
      }, {
        "uid" : "748d95ae94d2bbf1",
        "reportUrl" : "https://ita-social-projects.github.io/TeachUA_TA/92//#testresult/748d95ae94d2bbf1",
        "status" : "passed",
        "time" : {
          "start" : 1643142403304,
          "stop" : 1643142443048,
          "duration" : 39744
        }
      }, {
        "uid" : "66875274babfd453",
        "reportUrl" : "https://ita-social-projects.github.io/TeachUA_TA/91//#testresult/66875274babfd453",
        "status" : "broken",
        "statusDetails" : "no such element: Unable to locate element: {\"method\":\"css selector\",\"selector\":\"div.ant-dropdown-trigger.user-profile>span.avatarIfLogin\"}\n  (Session info: chrome=97.0.4692.71)\nFor documentation on this error, please visit: https://selenium.dev/exceptions/#no_such_element\nBuild info: version: '4.1.0', revision: '87802e897b'\nSystem info: host: 'fv-az202-534', ip: '10.1.0.105', os.name: 'Linux', os.arch: 'amd64', os.version: '5.11.0-1027-azure', java.version: '1.8.0_292'\nDriver info: org.openqa.selenium.chrome.ChromeDriver\nCommand: [cd55bdce2139791e6a7e7bb6f29ba95d, findElement {using=css selector, value=div.ant-dropdown-trigger.user-profile>span.avatarIfLogin}]\nCapabilities {acceptInsecureCerts: false, browserName: chrome, browserVersion: 97.0.4692.71, chrome: {chromedriverVersion: 97.0.4692.71 (adefa7837d02a..., userDataDir: /tmp/.com.google.Chrome.BnpZuw}, goog:chromeOptions: {debuggerAddress: localhost:37495}, javascriptEnabled: true, networkConnectionEnabled: false, pageLoadStrategy: normal, platform: LINUX, platformName: LINUX, proxy: Proxy(), se:cdp: ws://localhost:37495/devtoo..., se:cdpVersion: 97.0.4692.71, setWindowRect: true, strictFileInteractability: false, timeouts: {implicit: 0, pageLoad: 300000, script: 30000}, unhandledPromptBehavior: dismiss and notify, webauthn:extension:credBlob: true, webauthn:extension:largeBlob: true, webauthn:virtualAuthenticators: true}\nSession ID: cd55bdce2139791e6a7e7bb6f29ba95d",
        "time" : {
          "start" : 1643142265324,
          "stop" : 1643142279012,
          "duration" : 13688
        }
      }, {
        "uid" : "fde5f445afe10fd9",
        "reportUrl" : "https://ita-social-projects.github.io/TeachUA_TA/90//#testresult/fde5f445afe10fd9",
        "status" : "broken",
        "statusDetails" : "no such element: Unable to locate element: {\"method\":\"css selector\",\"selector\":\"div.ant-dropdown-trigger.user-profile>span.avatarIfLogin\"}\n  (Session info: chrome=97.0.4692.71)\nFor documentation on this error, please visit: https://selenium.dev/exceptions/#no_such_element\nBuild info: version: '4.1.0', revision: '87802e897b'\nSystem info: host: 'fv-az75-82', ip: '10.1.0.250', os.name: 'Linux', os.arch: 'amd64', os.version: '5.11.0-1027-azure', java.version: '1.8.0_292'\nDriver info: org.openqa.selenium.chrome.ChromeDriver\nCommand: [7bf79a9975ea38a448992c031007d0fc, findElement {using=css selector, value=div.ant-dropdown-trigger.user-profile>span.avatarIfLogin}]\nCapabilities {acceptInsecureCerts: false, browserName: chrome, browserVersion: 97.0.4692.71, chrome: {chromedriverVersion: 97.0.4692.71 (adefa7837d02a..., userDataDir: /tmp/.com.google.Chrome.Qd34Hr}, goog:chromeOptions: {debuggerAddress: localhost:43919}, javascriptEnabled: true, networkConnectionEnabled: false, pageLoadStrategy: normal, platform: LINUX, platformName: LINUX, proxy: Proxy(), se:cdp: ws://localhost:43919/devtoo..., se:cdpVersion: 97.0.4692.71, setWindowRect: true, strictFileInteractability: false, timeouts: {implicit: 0, pageLoad: 300000, script: 30000}, unhandledPromptBehavior: dismiss and notify, webauthn:extension:credBlob: true, webauthn:extension:largeBlob: true, webauthn:virtualAuthenticators: true}\nSession ID: 7bf79a9975ea38a448992c031007d0fc",
        "time" : {
          "start" : 1643142124307,
          "stop" : 1643142138134,
          "duration" : 13827
        }
      }, {
        "uid" : "986b74d33eb93fe5",
        "reportUrl" : "https://ita-social-projects.github.io/TeachUA_TA/85//#testresult/986b74d33eb93fe5",
        "status" : "broken",
        "statusDetails" : "no such element: Unable to locate element: {\"method\":\"css selector\",\"selector\":\"div.ant-dropdown-trigger.user-profile>span.avatarIfLogin\"}\n  (Session info: chrome=97.0.4692.71)\nFor documentation on this error, please visit: https://selenium.dev/exceptions/#no_such_element\nBuild info: version: '4.1.0', revision: '87802e897b'\nSystem info: host: 'fv-az214-35', ip: '10.1.0.107', os.name: 'Linux', os.arch: 'amd64', os.version: '5.11.0-1027-azure', java.version: '1.8.0_292'\nDriver info: org.openqa.selenium.chrome.ChromeDriver\nCommand: [48606bd97ba944aa0bac4f6d9a25ef1a, findElement {using=css selector, value=div.ant-dropdown-trigger.user-profile>span.avatarIfLogin}]\nCapabilities {acceptInsecureCerts: false, browserName: chrome, browserVersion: 97.0.4692.71, chrome: {chromedriverVersion: 97.0.4692.71 (adefa7837d02a..., userDataDir: /tmp/.com.google.Chrome.tb1dzk}, goog:chromeOptions: {debuggerAddress: localhost:38375}, javascriptEnabled: true, networkConnectionEnabled: false, pageLoadStrategy: normal, platform: LINUX, platformName: LINUX, proxy: Proxy(), se:cdp: ws://localhost:38375/devtoo..., se:cdpVersion: 97.0.4692.71, setWindowRect: true, strictFileInteractability: false, timeouts: {implicit: 0, pageLoad: 300000, script: 30000}, unhandledPromptBehavior: dismiss and notify, webauthn:extension:credBlob: true, webauthn:extension:largeBlob: true, webauthn:virtualAuthenticators: true}\nSession ID: 48606bd97ba944aa0bac4f6d9a25ef1a",
        "time" : {
          "start" : 1643141546143,
          "stop" : 1643141559870,
          "duration" : 13727
        }
      }, {
        "uid" : "1c0df2f776d083c9",
        "reportUrl" : "https://ita-social-projects.github.io/TeachUA_TA/84//#testresult/1c0df2f776d083c9",
        "status" : "passed",
        "time" : {
          "start" : 1643140420312,
          "stop" : 1643140458938,
          "duration" : 38626
        }
      }, {
        "uid" : "e825d90276f3be81",
        "reportUrl" : "https://ita-social-projects.github.io/TeachUA_TA/83//#testresult/e825d90276f3be81",
        "status" : "passed",
        "time" : {
          "start" : 1643139812185,
          "stop" : 1643139850969,
          "duration" : 38784
        }
      }, {
        "uid" : "9888e17607e25aef",
        "reportUrl" : "https://ita-social-projects.github.io/TeachUA_TA/82//#testresult/9888e17607e25aef",
        "status" : "passed",
        "time" : {
          "start" : 1643138832400,
          "stop" : 1643138870206,
          "duration" : 37806
        }
      }, {
        "uid" : "63f80b13d678b3aa",
        "reportUrl" : "https://ita-social-projects.github.io/TeachUA_TA/81//#testresult/63f80b13d678b3aa",
        "status" : "passed",
        "time" : {
          "start" : 1643138688349,
          "stop" : 1643138728961,
          "duration" : 40612
        }
      }, {
        "uid" : "da5fee509e9e6079",
        "reportUrl" : "https://ita-social-projects.github.io/TeachUA_TA/80//#testresult/da5fee509e9e6079",
        "status" : "passed",
        "time" : {
          "start" : 1643137495374,
          "stop" : 1643137533682,
          "duration" : 38308
        }
      }, {
        "uid" : "e41842fd13f5d664",
        "reportUrl" : "https://ita-social-projects.github.io/TeachUA_TA/79//#testresult/e41842fd13f5d664",
        "status" : "passed",
        "time" : {
          "start" : 1643137430673,
          "stop" : 1643137468173,
          "duration" : 37500
        }
      }, {
        "uid" : "359c35c1b32f843e",
        "reportUrl" : "https://ita-social-projects.github.io/TeachUA_TA/78//#testresult/359c35c1b32f843e",
        "status" : "passed",
        "time" : {
          "start" : 1643136461391,
          "stop" : 1643136499049,
          "duration" : 37658
        }
      }, {
        "uid" : "3795d3f0034ce47",
        "reportUrl" : "https://ita-social-projects.github.io/TeachUA_TA/77//#testresult/3795d3f0034ce47",
        "status" : "passed",
        "time" : {
          "start" : 1643134673998,
          "stop" : 1643134711434,
          "duration" : 37436
        }
      }, {
        "uid" : "5d9253cd09865d37",
        "reportUrl" : "https://ita-social-projects.github.io/TeachUA_TA/76//#testresult/5d9253cd09865d37",
        "status" : "passed",
        "time" : {
          "start" : 1643134006516,
          "stop" : 1643134043473,
          "duration" : 36957
        }
      } ]
    },
    "tags" : [ ]
  },
  "source" : "7a4d4111c0f81456.json",
  "parameterValues" : [ "[AfBbCcDdEeFfGgHhIiJjKkLlMmNn, Прізвище не може містити більше, ніж 25 символів, AfBbCcDdEeFfGgHhIiJjKkLlMm, Прізвище не може містити більше, ніж 25 символів, 1Admin, Прізвище не може містити цифри, 2Admin, Прізвище не може містити цифри, 3Admin, Прізвище не може містити цифри, 4Admin, Прізвище не може містити цифри, -Lastname, Прізвище повинно починатися і закінчуватися літерою, < Lastname>, Прізвище не може містити спеціальні символи, 'Lastname, Прізвище повинно починатися і закінчуватися літерою, Lastname-, Прізвище повинно починатися і закінчуватися літерою, <Lastname >, Прізвище не може містити спеціальні символи, Lastname', Прізвище повинно починатися і закінчуватися літерою, !Admin, Прізвище не може містити спеціальні символи, @Admin, Прізвище не може містити спеціальні символи, #Admin, Прізвище не може містити спеціальні символи, $Admin, Прізвище не може містити спеціальні символи, %Admin, Прізвище не може містити спеціальні символи, ^Admin, Прізвище не може містити спеціальні символи, &Admin, Прізвище не може містити спеціальні символи, *Admin, Прізвище не може містити спеціальні символи, (Admin, Прізвище не може містити спеціальні символи, _Admin, Прізвище не може містити спеціальні символи, +Admin, Прізвище не може містити спеціальні символи, .Admin, Прізвище не може містити спеціальні символи, :Admin, Прізвище не може містити спеціальні символи, , Будь ласка введіть Ваше прізвище]" ]
}