{
  "uid" : "a115281311ed99f",
  "name" : "TUA-454",
  "fullName" : "com.ita.edu.teachua.ui.tests.OwnerProfileTest.checkLastVerifyEnteredDataInRegistrationRemembered",
  "historyId" : "b7ea80f314978665456119401e0051b3",
  "time" : {
    "start" : 1643285126498,
    "stop" : 1643285128577,
    "duration" : 2079
  },
  "description" : "This test check that last entered data on the ‘Реєстрація’ page are remembered #31",
  "descriptionHtml" : "<p>This test check that last entered data on the ‘Реєстрація’ page are remembered #31</p>\n",
  "status" : "broken",
  "statusMessage" : "element click intercepted: Element <input class=\"ant-input registration-box\" placeholder=\"Введіть ваше прізвище\" type=\"text\" id=\"lastName\" value=\"\"> is not clickable at point (829, 225). Other element would receive the click: <div class=\"ant-radio-group ant-radio-group-solid button-container\" id=\"role\">...</div>\n  (Session info: chrome=97.0.4692.99)\nBuild info: version: '4.1.0', revision: '87802e897b'\nSystem info: host: 'fv-az91-43', ip: '10.1.0.196', os.name: 'Linux', os.arch: 'amd64', os.version: '5.11.0-1027-azure', java.version: '1.8.0_292'\nDriver info: org.openqa.selenium.chrome.ChromeDriver\nCommand: [90988afc2ae62d1122176f2e441f85df, clickElement {id=3d58d56c-bff2-410a-a0f6-eba344f84bdb}]\nCapabilities {acceptInsecureCerts: false, browserName: chrome, browserVersion: 97.0.4692.99, chrome: {chromedriverVersion: 97.0.4692.71 (adefa7837d02a..., userDataDir: /tmp/.com.google.Chrome.EPof0c}, goog:chromeOptions: {debuggerAddress: localhost:41243}, javascriptEnabled: true, networkConnectionEnabled: false, pageLoadStrategy: normal, platform: LINUX, platformName: LINUX, proxy: Proxy(), se:cdp: ws://localhost:41243/devtoo..., se:cdpVersion: 97.0.4692.99, setWindowRect: true, strictFileInteractability: false, timeouts: {implicit: 0, pageLoad: 300000, script: 30000}, unhandledPromptBehavior: dismiss and notify, webauthn:extension:credBlob: true, webauthn:extension:largeBlob: true, webauthn:virtualAuthenticators: true}\nElement: [[ChromeDriver: chrome on LINUX (90988afc2ae62d1122176f2e441f85df)] -> id: lastName]\nSession ID: 90988afc2ae62d1122176f2e441f85df",
  "statusTrace" : "org.openqa.selenium.ElementClickInterceptedException: element click intercepted: Element <input class=\"ant-input registration-box\" placeholder=\"Введіть ваше прізвище\" type=\"text\" id=\"lastName\" value=\"\"> is not clickable at point (829, 225). Other element would receive the click: <div class=\"ant-radio-group ant-radio-group-solid button-container\" id=\"role\">...</div>\n  (Session info: chrome=97.0.4692.99)\nBuild info: version: '4.1.0', revision: '87802e897b'\nSystem info: host: 'fv-az91-43', ip: '10.1.0.196', os.name: 'Linux', os.arch: 'amd64', os.version: '5.11.0-1027-azure', java.version: '1.8.0_292'\nDriver info: org.openqa.selenium.chrome.ChromeDriver\nCommand: [90988afc2ae62d1122176f2e441f85df, clickElement {id=3d58d56c-bff2-410a-a0f6-eba344f84bdb}]\nCapabilities {acceptInsecureCerts: false, browserName: chrome, browserVersion: 97.0.4692.99, chrome: {chromedriverVersion: 97.0.4692.71 (adefa7837d02a..., userDataDir: /tmp/.com.google.Chrome.EPof0c}, goog:chromeOptions: {debuggerAddress: localhost:41243}, javascriptEnabled: true, networkConnectionEnabled: false, pageLoadStrategy: normal, platform: LINUX, platformName: LINUX, proxy: Proxy(), se:cdp: ws://localhost:41243/devtoo..., se:cdpVersion: 97.0.4692.99, setWindowRect: true, strictFileInteractability: false, timeouts: {implicit: 0, pageLoad: 300000, script: 30000}, unhandledPromptBehavior: dismiss and notify, webauthn:extension:credBlob: true, webauthn:extension:largeBlob: true, webauthn:virtualAuthenticators: true}\nElement: [[ChromeDriver: chrome on LINUX (90988afc2ae62d1122176f2e441f85df)] -> id: lastName]\nSession ID: 90988afc2ae62d1122176f2e441f85df\n\tat sun.reflect.NativeConstructorAccessorImpl.newInstance0(Native Method)\n\tat sun.reflect.NativeConstructorAccessorImpl.newInstance(NativeConstructorAccessorImpl.java:62)\n\tat sun.reflect.DelegatingConstructorAccessorImpl.newInstance(DelegatingConstructorAccessorImpl.java:45)\n\tat java.lang.reflect.Constructor.newInstance(Constructor.java:423)\n\tat org.openqa.selenium.remote.codec.w3c.W3CHttpResponseCodec.createException(W3CHttpResponseCodec.java:200)\n\tat org.openqa.selenium.remote.codec.w3c.W3CHttpResponseCodec.decode(W3CHttpResponseCodec.java:133)\n\tat org.openqa.selenium.remote.codec.w3c.W3CHttpResponseCodec.decode(W3CHttpResponseCodec.java:53)\n\tat org.openqa.selenium.remote.HttpCommandExecutor.execute(HttpCommandExecutor.java:184)\n\tat org.openqa.selenium.remote.service.DriverCommandExecutor.invokeExecute(DriverCommandExecutor.java:164)\n\tat org.openqa.selenium.remote.service.DriverCommandExecutor.execute(DriverCommandExecutor.java:139)\n\tat org.openqa.selenium.remote.RemoteWebDriver.execute(RemoteWebDriver.java:559)\n\tat org.openqa.selenium.remote.RemoteWebElement.execute(RemoteWebElement.java:251)\n\tat org.openqa.selenium.remote.RemoteWebElement.click(RemoteWebElement.java:77)\n\tat com.ita.edu.teachua.ui.elements.base_element.BaseElement.click(BaseElement.java:21)\n\tat sun.reflect.GeneratedMethodAccessor177.invoke(Unknown Source)\n\tat sun.reflect.DelegatingMethodAccessorImpl.invoke(DelegatingMethodAccessorImpl.java:43)\n\tat java.lang.reflect.Method.invoke(Method.java:498)\n\tat com.ita.edu.teachua.ui.pagefactory.ElementHandler.invoke(ElementHandler.java:46)\n\tat com.sun.proxy.$Proxy43.click(Unknown Source)\n\tat com.ita.edu.teachua.ui.pages.header_page.RegisterPopUpComponent.clickLastNameField(RegisterPopUpComponent.java:55)\n\tat com.ita.edu.teachua.ui.tests.OwnerProfileTest.checkLastVerifyEnteredDataInRegistrationRemembered(OwnerProfileTest.java:405)\n\tat sun.reflect.NativeMethodAccessorImpl.invoke0(Native Method)\n\tat sun.reflect.NativeMethodAccessorImpl.invoke(NativeMethodAccessorImpl.java:62)\n\tat sun.reflect.DelegatingMethodAccessorImpl.invoke(DelegatingMethodAccessorImpl.java:43)\n\tat java.lang.reflect.Method.invoke(Method.java:498)\n\tat org.testng.internal.MethodInvocationHelper.invokeMethod(MethodInvocationHelper.java:133)\n\tat org.testng.internal.TestInvoker.invokeMethod(TestInvoker.java:598)\n\tat org.testng.internal.TestInvoker.invokeTestMethod(TestInvoker.java:173)\n\tat org.testng.internal.MethodRunner.runInSequence(MethodRunner.java:46)\n\tat org.testng.internal.TestInvoker$MethodInvocationAgent.invoke(TestInvoker.java:824)\n\tat org.testng.internal.TestInvoker.invokeTestMethods(TestInvoker.java:146)\n\tat org.testng.internal.TestMethodWorker.invokeTestMethods(TestMethodWorker.java:146)\n\tat org.testng.internal.TestMethodWorker.run(TestMethodWorker.java:128)\n\tat java.util.ArrayList.forEach(ArrayList.java:1259)\n\tat org.testng.TestRunner.privateRun(TestRunner.java:794)\n\tat org.testng.TestRunner.run(TestRunner.java:596)\n\tat org.testng.SuiteRunner.runTest(SuiteRunner.java:377)\n\tat org.testng.SuiteRunner.access$000(SuiteRunner.java:28)\n\tat org.testng.SuiteRunner$SuiteWorker.run(SuiteRunner.java:418)\n\tat org.testng.internal.thread.ThreadUtil.lambda$execute$0(ThreadUtil.java:64)\n\tat java.util.concurrent.FutureTask.run(FutureTask.java:266)\n\tat java.util.concurrent.ThreadPoolExecutor.runWorker(ThreadPoolExecutor.java:1149)\n\tat java.util.concurrent.ThreadPoolExecutor$Worker.run(ThreadPoolExecutor.java:624)\n\tat java.lang.Thread.run(Thread.java:748)\n",
  "flaky" : false,
  "newFailed" : false,
  "beforeStages" : [ {
    "name" : "beforeMethod",
    "time" : {
      "start" : 1643285122453,
      "stop" : 1643285126496,
      "duration" : 4043
    },
    "description" : "",
    "status" : "passed",
    "steps" : [ ],
    "attachments" : [ ],
    "parameters" : [ ],
    "stepsCount" : 0,
    "attachmentsCount" : 0,
    "shouldDisplayMessage" : false,
    "hasContent" : false
  }, {
    "name" : "beforeSuite",
    "time" : {
      "start" : 1643284452642,
      "stop" : 1643284452652,
      "duration" : 10
    },
    "description" : "",
    "status" : "passed",
    "steps" : [ ],
    "attachments" : [ ],
    "parameters" : [ ],
    "stepsCount" : 0,
    "attachmentsCount" : 0,
    "shouldDisplayMessage" : false,
    "hasContent" : false
  }, {
    "name" : "beforeSuite",
    "time" : {
      "start" : 1643284452653,
      "stop" : 1643284455545,
      "duration" : 2892
    },
    "description" : "",
    "status" : "passed",
    "steps" : [ ],
    "attachments" : [ ],
    "parameters" : [ ],
    "stepsCount" : 0,
    "attachmentsCount" : 0,
    "shouldDisplayMessage" : false,
    "hasContent" : false
  }, {
    "name" : "beforeSuite",
    "time" : {
      "start" : 1643284455545,
      "stop" : 1643284455545,
      "duration" : 0
    },
    "description" : "",
    "status" : "passed",
    "steps" : [ ],
    "attachments" : [ ],
    "parameters" : [ ],
    "stepsCount" : 0,
    "attachmentsCount" : 0,
    "shouldDisplayMessage" : false,
    "hasContent" : false
  }, {
    "name" : "beforeSuite",
    "time" : {
      "start" : 1643284455545,
      "stop" : 1643284455545,
      "duration" : 0
    },
    "description" : "",
    "status" : "passed",
    "steps" : [ ],
    "attachments" : [ ],
    "parameters" : [ ],
    "stepsCount" : 0,
    "attachmentsCount" : 0,
    "shouldDisplayMessage" : false,
    "hasContent" : false
  }, {
    "name" : "beforeSuite",
    "time" : {
      "start" : 1643284455546,
      "stop" : 1643284455546,
      "duration" : 0
    },
    "description" : "",
    "status" : "passed",
    "steps" : [ ],
    "attachments" : [ ],
    "parameters" : [ ],
    "stepsCount" : 0,
    "attachmentsCount" : 0,
    "shouldDisplayMessage" : false,
    "hasContent" : false
  } ],
  "testStage" : {
    "description" : "This test check that last entered data on the ‘Реєстрація’ page are remembered #31",
    "status" : "broken",
    "statusMessage" : "element click intercepted: Element <input class=\"ant-input registration-box\" placeholder=\"Введіть ваше прізвище\" type=\"text\" id=\"lastName\" value=\"\"> is not clickable at point (829, 225). Other element would receive the click: <div class=\"ant-radio-group ant-radio-group-solid button-container\" id=\"role\">...</div>\n  (Session info: chrome=97.0.4692.99)\nBuild info: version: '4.1.0', revision: '87802e897b'\nSystem info: host: 'fv-az91-43', ip: '10.1.0.196', os.name: 'Linux', os.arch: 'amd64', os.version: '5.11.0-1027-azure', java.version: '1.8.0_292'\nDriver info: org.openqa.selenium.chrome.ChromeDriver\nCommand: [90988afc2ae62d1122176f2e441f85df, clickElement {id=3d58d56c-bff2-410a-a0f6-eba344f84bdb}]\nCapabilities {acceptInsecureCerts: false, browserName: chrome, browserVersion: 97.0.4692.99, chrome: {chromedriverVersion: 97.0.4692.71 (adefa7837d02a..., userDataDir: /tmp/.com.google.Chrome.EPof0c}, goog:chromeOptions: {debuggerAddress: localhost:41243}, javascriptEnabled: true, networkConnectionEnabled: false, pageLoadStrategy: normal, platform: LINUX, platformName: LINUX, proxy: Proxy(), se:cdp: ws://localhost:41243/devtoo..., se:cdpVersion: 97.0.4692.99, setWindowRect: true, strictFileInteractability: false, timeouts: {implicit: 0, pageLoad: 300000, script: 30000}, unhandledPromptBehavior: dismiss and notify, webauthn:extension:credBlob: true, webauthn:extension:largeBlob: true, webauthn:virtualAuthenticators: true}\nElement: [[ChromeDriver: chrome on LINUX (90988afc2ae62d1122176f2e441f85df)] -> id: lastName]\nSession ID: 90988afc2ae62d1122176f2e441f85df",
    "statusTrace" : "org.openqa.selenium.ElementClickInterceptedException: element click intercepted: Element <input class=\"ant-input registration-box\" placeholder=\"Введіть ваше прізвище\" type=\"text\" id=\"lastName\" value=\"\"> is not clickable at point (829, 225). Other element would receive the click: <div class=\"ant-radio-group ant-radio-group-solid button-container\" id=\"role\">...</div>\n  (Session info: chrome=97.0.4692.99)\nBuild info: version: '4.1.0', revision: '87802e897b'\nSystem info: host: 'fv-az91-43', ip: '10.1.0.196', os.name: 'Linux', os.arch: 'amd64', os.version: '5.11.0-1027-azure', java.version: '1.8.0_292'\nDriver info: org.openqa.selenium.chrome.ChromeDriver\nCommand: [90988afc2ae62d1122176f2e441f85df, clickElement {id=3d58d56c-bff2-410a-a0f6-eba344f84bdb}]\nCapabilities {acceptInsecureCerts: false, browserName: chrome, browserVersion: 97.0.4692.99, chrome: {chromedriverVersion: 97.0.4692.71 (adefa7837d02a..., userDataDir: /tmp/.com.google.Chrome.EPof0c}, goog:chromeOptions: {debuggerAddress: localhost:41243}, javascriptEnabled: true, networkConnectionEnabled: false, pageLoadStrategy: normal, platform: LINUX, platformName: LINUX, proxy: Proxy(), se:cdp: ws://localhost:41243/devtoo..., se:cdpVersion: 97.0.4692.99, setWindowRect: true, strictFileInteractability: false, timeouts: {implicit: 0, pageLoad: 300000, script: 30000}, unhandledPromptBehavior: dismiss and notify, webauthn:extension:credBlob: true, webauthn:extension:largeBlob: true, webauthn:virtualAuthenticators: true}\nElement: [[ChromeDriver: chrome on LINUX (90988afc2ae62d1122176f2e441f85df)] -> id: lastName]\nSession ID: 90988afc2ae62d1122176f2e441f85df\n\tat sun.reflect.NativeConstructorAccessorImpl.newInstance0(Native Method)\n\tat sun.reflect.NativeConstructorAccessorImpl.newInstance(NativeConstructorAccessorImpl.java:62)\n\tat sun.reflect.DelegatingConstructorAccessorImpl.newInstance(DelegatingConstructorAccessorImpl.java:45)\n\tat java.lang.reflect.Constructor.newInstance(Constructor.java:423)\n\tat org.openqa.selenium.remote.codec.w3c.W3CHttpResponseCodec.createException(W3CHttpResponseCodec.java:200)\n\tat org.openqa.selenium.remote.codec.w3c.W3CHttpResponseCodec.decode(W3CHttpResponseCodec.java:133)\n\tat org.openqa.selenium.remote.codec.w3c.W3CHttpResponseCodec.decode(W3CHttpResponseCodec.java:53)\n\tat org.openqa.selenium.remote.HttpCommandExecutor.execute(HttpCommandExecutor.java:184)\n\tat org.openqa.selenium.remote.service.DriverCommandExecutor.invokeExecute(DriverCommandExecutor.java:164)\n\tat org.openqa.selenium.remote.service.DriverCommandExecutor.execute(DriverCommandExecutor.java:139)\n\tat org.openqa.selenium.remote.RemoteWebDriver.execute(RemoteWebDriver.java:559)\n\tat org.openqa.selenium.remote.RemoteWebElement.execute(RemoteWebElement.java:251)\n\tat org.openqa.selenium.remote.RemoteWebElement.click(RemoteWebElement.java:77)\n\tat com.ita.edu.teachua.ui.elements.base_element.BaseElement.click(BaseElement.java:21)\n\tat sun.reflect.GeneratedMethodAccessor177.invoke(Unknown Source)\n\tat sun.reflect.DelegatingMethodAccessorImpl.invoke(DelegatingMethodAccessorImpl.java:43)\n\tat java.lang.reflect.Method.invoke(Method.java:498)\n\tat com.ita.edu.teachua.ui.pagefactory.ElementHandler.invoke(ElementHandler.java:46)\n\tat com.sun.proxy.$Proxy43.click(Unknown Source)\n\tat com.ita.edu.teachua.ui.pages.header_page.RegisterPopUpComponent.clickLastNameField(RegisterPopUpComponent.java:55)\n\tat com.ita.edu.teachua.ui.tests.OwnerProfileTest.checkLastVerifyEnteredDataInRegistrationRemembered(OwnerProfileTest.java:405)\n\tat sun.reflect.NativeMethodAccessorImpl.invoke0(Native Method)\n\tat sun.reflect.NativeMethodAccessorImpl.invoke(NativeMethodAccessorImpl.java:62)\n\tat sun.reflect.DelegatingMethodAccessorImpl.invoke(DelegatingMethodAccessorImpl.java:43)\n\tat java.lang.reflect.Method.invoke(Method.java:498)\n\tat org.testng.internal.MethodInvocationHelper.invokeMethod(MethodInvocationHelper.java:133)\n\tat org.testng.internal.TestInvoker.invokeMethod(TestInvoker.java:598)\n\tat org.testng.internal.TestInvoker.invokeTestMethod(TestInvoker.java:173)\n\tat org.testng.internal.MethodRunner.runInSequence(MethodRunner.java:46)\n\tat org.testng.internal.TestInvoker$MethodInvocationAgent.invoke(TestInvoker.java:824)\n\tat org.testng.internal.TestInvoker.invokeTestMethods(TestInvoker.java:146)\n\tat org.testng.internal.TestMethodWorker.invokeTestMethods(TestMethodWorker.java:146)\n\tat org.testng.internal.TestMethodWorker.run(TestMethodWorker.java:128)\n\tat java.util.ArrayList.forEach(ArrayList.java:1259)\n\tat org.testng.TestRunner.privateRun(TestRunner.java:794)\n\tat org.testng.TestRunner.run(TestRunner.java:596)\n\tat org.testng.SuiteRunner.runTest(SuiteRunner.java:377)\n\tat org.testng.SuiteRunner.access$000(SuiteRunner.java:28)\n\tat org.testng.SuiteRunner$SuiteWorker.run(SuiteRunner.java:418)\n\tat org.testng.internal.thread.ThreadUtil.lambda$execute$0(ThreadUtil.java:64)\n\tat java.util.concurrent.FutureTask.run(FutureTask.java:266)\n\tat java.util.concurrent.ThreadPoolExecutor.runWorker(ThreadPoolExecutor.java:1149)\n\tat java.util.concurrent.ThreadPoolExecutor$Worker.run(ThreadPoolExecutor.java:624)\n\tat java.lang.Thread.run(Thread.java:748)\n",
    "steps" : [ {
      "name" : "Click on guest dropdown",
      "time" : {
        "start" : 1643285126498,
        "stop" : 1643285126973,
        "duration" : 475
      },
      "status" : "passed",
      "steps" : [ ],
      "attachments" : [ ],
      "parameters" : [ ],
      "stepsCount" : 0,
      "attachmentsCount" : 0,
      "shouldDisplayMessage" : false,
      "hasContent" : false
    }, {
      "name" : "Click on register button",
      "time" : {
        "start" : 1643285126973,
        "stop" : 1643285127264,
        "duration" : 291
      },
      "status" : "passed",
      "steps" : [ ],
      "attachments" : [ ],
      "parameters" : [ ],
      "stepsCount" : 0,
      "attachmentsCount" : 0,
      "shouldDisplayMessage" : false,
      "hasContent" : false
    } ],
    "attachments" : [ {
      "uid" : "752dfb0c0d95dec8",
      "name" : "Logs for thread 14",
      "source" : "752dfb0c0d95dec8.log",
      "type" : "text/plain",
      "size" : 4
    }, {
      "uid" : "6bb84adce7092822",
      "name" : "Page screenshot",
      "source" : "6bb84adce7092822.png",
      "type" : "image/png",
      "size" : 242405
    } ],
    "parameters" : [ ],
    "stepsCount" : 2,
    "attachmentsCount" : 2,
    "shouldDisplayMessage" : true,
    "hasContent" : true
  },
  "afterStages" : [ {
    "name" : "afterMethod",
    "time" : {
      "start" : 1643285128577,
      "stop" : 1643285128658,
      "duration" : 81
    },
    "description" : "",
    "status" : "passed",
    "steps" : [ ],
    "attachments" : [ ],
    "parameters" : [ ],
    "stepsCount" : 0,
    "attachmentsCount" : 0,
    "shouldDisplayMessage" : false,
    "hasContent" : false
  } ],
  "labels" : [ {
    "name" : "package",
    "value" : "com.ita.edu.teachua.ui.tests.OwnerProfileTest"
  }, {
    "name" : "testClass",
    "value" : "com.ita.edu.teachua.ui.tests.OwnerProfileTest"
  }, {
    "name" : "testMethod",
    "value" : "checkLastVerifyEnteredDataInRegistrationRemembered"
  }, {
    "name" : "parentSuite",
    "value" : "Test Suite"
  }, {
    "name" : "suite",
    "value" : "UI Tests"
  }, {
    "name" : "subSuite",
    "value" : "com.ita.edu.teachua.ui.tests.OwnerProfileTest"
  }, {
    "name" : "host",
    "value" : "fv-az91-43"
  }, {
    "name" : "thread",
    "value" : "2761@fv-az91-43.TestNG-tests-2(14)"
  }, {
    "name" : "framework",
    "value" : "testng"
  }, {
    "name" : "language",
    "value" : "java"
  }, {
    "name" : "resultFormat",
    "value" : "allure2"
  } ],
  "parameters" : [ ],
  "links" : [ {
    "name" : "TUA-454",
    "type" : "issue"
  } ],
  "hidden" : false,
  "retry" : false,
  "extra" : {
    "severity" : "normal",
    "retries" : [ ],
    "categories" : [ {
      "name" : "Test defects",
      "matchedStatuses" : [ ],
      "flaky" : false
    } ],
    "history" : {
      "statistic" : {
        "failed" : 0,
        "broken" : 21,
        "skipped" : 0,
        "passed" : 44,
        "unknown" : 0,
        "total" : 65
      },
      "items" : [ {
        "uid" : "7e8790f44a7e259d",
        "reportUrl" : "https://ita-social-projects.github.io/TeachUA_TA/101//#testresult/7e8790f44a7e259d",
        "status" : "passed",
        "time" : {
          "start" : 1643279635028,
          "stop" : 1643279637664,
          "duration" : 2636
        }
      }, {
        "uid" : "4f55a2411928366e",
        "reportUrl" : "https://ita-social-projects.github.io/TeachUA_TA/101//#testresult/4f55a2411928366e",
        "status" : "passed",
        "time" : {
          "start" : 1643277665979,
          "stop" : 1643277668440,
          "duration" : 2461
        }
      }, {
        "uid" : "f35516fd2e416384",
        "reportUrl" : "https://ita-social-projects.github.io/TeachUA_TA/100//#testresult/f35516fd2e416384",
        "status" : "passed",
        "time" : {
          "start" : 1643227923569,
          "stop" : 1643227926135,
          "duration" : 2566
        }
      }, {
        "uid" : "94029eadb8b0f46a",
        "reportUrl" : "https://ita-social-projects.github.io/TeachUA_TA/98//#testresult/94029eadb8b0f46a",
        "status" : "broken",
        "statusDetails" : "element not interactable\n  (Session info: chrome=97.0.4692.71)\nBuild info: version: '4.1.0', revision: '87802e897b'\nSystem info: host: 'fv-az91-939', ip: '10.1.0.68', os.name: 'Linux', os.arch: 'amd64', os.version: '5.11.0-1027-azure', java.version: '1.8.0_292'\nDriver info: org.openqa.selenium.chrome.ChromeDriver\nCommand: [cad9de73d5187774f49a2f1209480b48, clickElement {id=a1f2cd24-9761-4374-8ca9-7e4c78126124}]\nCapabilities {acceptInsecureCerts: false, browserName: chrome, browserVersion: 97.0.4692.71, chrome: {chromedriverVersion: 97.0.4692.71 (adefa7837d02a..., userDataDir: /tmp/.com.google.Chrome.EJy2cG}, goog:chromeOptions: {debuggerAddress: localhost:36077}, javascriptEnabled: true, networkConnectionEnabled: false, pageLoadStrategy: normal, platform: LINUX, platformName: LINUX, proxy: Proxy(), se:cdp: ws://localhost:36077/devtoo..., se:cdpVersion: 97.0.4692.71, setWindowRect: true, strictFileInteractability: false, timeouts: {implicit: 0, pageLoad: 300000, script: 30000}, unhandledPromptBehavior: dismiss and notify, webauthn:extension:credBlob: true, webauthn:extension:largeBlob: true, webauthn:virtualAuthenticators: true}\nElement: [[ChromeDriver: chrome on LINUX (cad9de73d5187774f49a2f1209480b48)] -> id: phone]\nSession ID: cad9de73d5187774f49a2f1209480b48",
        "time" : {
          "start" : 1643212304499,
          "stop" : 1643212315982,
          "duration" : 11483
        }
      }, {
        "uid" : "7c2d385f73ecfe92",
        "reportUrl" : "https://ita-social-projects.github.io/TeachUA_TA/97//#testresult/7c2d385f73ecfe92",
        "status" : "passed",
        "time" : {
          "start" : 1643189193262,
          "stop" : 1643189195985,
          "duration" : 2723
        }
      }, {
        "uid" : "206508cdcdfd0089",
        "reportUrl" : "https://ita-social-projects.github.io/TeachUA_TA/96//#testresult/206508cdcdfd0089",
        "status" : "passed",
        "time" : {
          "start" : 1643189137501,
          "stop" : 1643189140183,
          "duration" : 2682
        }
      }, {
        "uid" : "7eeb18be941e3226",
        "reportUrl" : "https://ita-social-projects.github.io/TeachUA_TA/95//#testresult/7eeb18be941e3226",
        "status" : "passed",
        "time" : {
          "start" : 1643189073799,
          "stop" : 1643189076456,
          "duration" : 2657
        }
      }, {
        "uid" : "d4ea158862b68d9f",
        "reportUrl" : "https://ita-social-projects.github.io/TeachUA_TA/94//#testresult/d4ea158862b68d9f",
        "status" : "broken",
        "statusDetails" : "element click intercepted: Element <input class=\"ant-input registration-box\" placeholder=\"Введіть ваше прізвище\" type=\"text\" id=\"lastName\" value=\"\"> is not clickable at point (731, 255). Other element would receive the click: <div class=\"registration-or\">...</div>\n  (Session info: chrome=97.0.4692.71)\nBuild info: version: '4.1.0', revision: '87802e897b'\nSystem info: host: 'fv-az119-533', ip: '10.1.1.34', os.name: 'Linux', os.arch: 'amd64', os.version: '5.11.0-1027-azure', java.version: '1.8.0_292'\nDriver info: org.openqa.selenium.chrome.ChromeDriver\nCommand: [777840996cd612da475a3cb9bbd661ec, clickElement {id=addd4a3e-d8f9-470c-a646-76e30d86c325}]\nCapabilities {acceptInsecureCerts: false, browserName: chrome, browserVersion: 97.0.4692.71, chrome: {chromedriverVersion: 97.0.4692.71 (adefa7837d02a..., userDataDir: /tmp/.com.google.Chrome.84aicn}, goog:chromeOptions: {debuggerAddress: localhost:39981}, javascriptEnabled: true, networkConnectionEnabled: false, pageLoadStrategy: normal, platform: LINUX, platformName: LINUX, proxy: Proxy(), se:cdp: ws://localhost:39981/devtoo..., se:cdpVersion: 97.0.4692.71, setWindowRect: true, strictFileInteractability: false, timeouts: {implicit: 0, pageLoad: 300000, script: 30000}, unhandledPromptBehavior: dismiss and notify, webauthn:extension:credBlob: true, webauthn:extension:largeBlob: true, webauthn:virtualAuthenticators: true}\nElement: [[ChromeDriver: chrome on LINUX (777840996cd612da475a3cb9bbd661ec)] -> id: lastName]\nSession ID: 777840996cd612da475a3cb9bbd661ec",
        "time" : {
          "start" : 1643185572000,
          "stop" : 1643185574147,
          "duration" : 2147
        }
      }, {
        "uid" : "1eeeb3ea3b174140",
        "reportUrl" : "https://ita-social-projects.github.io/TeachUA_TA/93//#testresult/1eeeb3ea3b174140",
        "status" : "broken",
        "statusDetails" : "element click intercepted: Element <input class=\"ant-input registration-box\" placeholder=\"Введіть ваше прізвище\" type=\"text\" id=\"lastName\" value=\"\"> is not clickable at point (829, 225). Other element would receive the click: <div class=\"ant-radio-group ant-radio-group-solid button-container\" id=\"role\">...</div>\n  (Session info: chrome=97.0.4692.71)\nBuild info: version: '4.1.0', revision: '87802e897b'\nSystem info: host: 'fv-az191-415', ip: '10.1.0.160', os.name: 'Linux', os.arch: 'amd64', os.version: '5.11.0-1027-azure', java.version: '1.8.0_292'\nDriver info: org.openqa.selenium.chrome.ChromeDriver\nCommand: [a8cfd4bea250ab06df976920f48bf853, clickElement {id=9891d26e-e1ed-469b-be61-96c063169659}]\nCapabilities {acceptInsecureCerts: false, browserName: chrome, browserVersion: 97.0.4692.71, chrome: {chromedriverVersion: 97.0.4692.71 (adefa7837d02a..., userDataDir: /tmp/.com.google.Chrome.u6wchX}, goog:chromeOptions: {debuggerAddress: localhost:42389}, javascriptEnabled: true, networkConnectionEnabled: false, pageLoadStrategy: normal, platform: LINUX, platformName: LINUX, proxy: Proxy(), se:cdp: ws://localhost:42389/devtoo..., se:cdpVersion: 97.0.4692.71, setWindowRect: true, strictFileInteractability: false, timeouts: {implicit: 0, pageLoad: 300000, script: 30000}, unhandledPromptBehavior: dismiss and notify, webauthn:extension:credBlob: true, webauthn:extension:largeBlob: true, webauthn:virtualAuthenticators: true}\nElement: [[ChromeDriver: chrome on LINUX (a8cfd4bea250ab06df976920f48bf853)] -> id: lastName]\nSession ID: a8cfd4bea250ab06df976920f48bf853",
        "time" : {
          "start" : 1643181664650,
          "stop" : 1643181666800,
          "duration" : 2150
        }
      }, {
        "uid" : "8cc8eff831d8bfcb",
        "reportUrl" : "https://ita-social-projects.github.io/TeachUA_TA/92//#testresult/8cc8eff831d8bfcb",
        "status" : "passed",
        "time" : {
          "start" : 1643142447403,
          "stop" : 1643142450252,
          "duration" : 2849
        }
      }, {
        "uid" : "7394baed8d5e6e0f",
        "reportUrl" : "https://ita-social-projects.github.io/TeachUA_TA/91//#testresult/7394baed8d5e6e0f",
        "status" : "broken",
        "statusDetails" : "no such element: Unable to locate element: {\"method\":\"xpath\",\"selector\":\"//div[@class = 'ant-dropdown-trigger user-profile']/span[@role]\"}\n  (Session info: chrome=97.0.4692.71)\nFor documentation on this error, please visit: https://selenium.dev/exceptions/#no_such_element\nBuild info: version: '4.1.0', revision: '87802e897b'\nSystem info: host: 'fv-az202-534', ip: '10.1.0.105', os.name: 'Linux', os.arch: 'amd64', os.version: '5.11.0-1027-azure', java.version: '1.8.0_292'\nDriver info: org.openqa.selenium.chrome.ChromeDriver\nCommand: [740d29b456a3cd0d836b92965685e10d, findElement {using=xpath, value=//div[@class = 'ant-dropdown-trigger user-profile']/span[@role]}]\nCapabilities {acceptInsecureCerts: false, browserName: chrome, browserVersion: 97.0.4692.71, chrome: {chromedriverVersion: 97.0.4692.71 (adefa7837d02a..., userDataDir: /tmp/.com.google.Chrome.OHzvFV}, goog:chromeOptions: {debuggerAddress: localhost:37739}, javascriptEnabled: true, networkConnectionEnabled: false, pageLoadStrategy: normal, platform: LINUX, platformName: LINUX, proxy: Proxy(), se:cdp: ws://localhost:37739/devtoo..., se:cdpVersion: 97.0.4692.71, setWindowRect: true, strictFileInteractability: false, timeouts: {implicit: 0, pageLoad: 300000, script: 30000}, unhandledPromptBehavior: dismiss and notify, webauthn:extension:credBlob: true, webauthn:extension:largeBlob: true, webauthn:virtualAuthenticators: true}\nSession ID: 740d29b456a3cd0d836b92965685e10d",
        "time" : {
          "start" : 1643142313680,
          "stop" : 1643142323986,
          "duration" : 10306
        }
      }, {
        "uid" : "55cdc339dd2db289",
        "reportUrl" : "https://ita-social-projects.github.io/TeachUA_TA/90//#testresult/55cdc339dd2db289",
        "status" : "broken",
        "statusDetails" : "element not interactable\n  (Session info: chrome=97.0.4692.71)\nBuild info: version: '4.1.0', revision: '87802e897b'\nSystem info: host: 'fv-az75-82', ip: '10.1.0.250', os.name: 'Linux', os.arch: 'amd64', os.version: '5.11.0-1027-azure', java.version: '1.8.0_292'\nDriver info: org.openqa.selenium.chrome.ChromeDriver\nCommand: [f6a7dc42ad93267821ea8458beacd46b, sendKeysToElement {id=5d31b212-4281-455a-96c8-dd51bbb7f1ef, value=[Ljava.lang.CharSequence;@1bd373ee}]\nCapabilities {acceptInsecureCerts: false, browserName: chrome, browserVersion: 97.0.4692.71, chrome: {chromedriverVersion: 97.0.4692.71 (adefa7837d02a..., userDataDir: /tmp/.com.google.Chrome.kI7Yfp}, goog:chromeOptions: {debuggerAddress: localhost:38649}, javascriptEnabled: true, networkConnectionEnabled: false, pageLoadStrategy: normal, platform: LINUX, platformName: LINUX, proxy: Proxy(), se:cdp: ws://localhost:38649/devtoo..., se:cdpVersion: 97.0.4692.71, setWindowRect: true, strictFileInteractability: false, timeouts: {implicit: 0, pageLoad: 300000, script: 30000}, unhandledPromptBehavior: dismiss and notify, webauthn:extension:credBlob: true, webauthn:extension:largeBlob: true, webauthn:virtualAuthenticators: true}\nElement: [[ChromeDriver: chrome on LINUX (f6a7dc42ad93267821ea8458beacd46b)] -> id: firstName]\nSession ID: f6a7dc42ad93267821ea8458beacd46b",
        "time" : {
          "start" : 1643142160729,
          "stop" : 1643142172117,
          "duration" : 11388
        }
      }, {
        "uid" : "ff60df4109ff1c90",
        "reportUrl" : "https://ita-social-projects.github.io/TeachUA_TA/85//#testresult/ff60df4109ff1c90",
        "status" : "passed",
        "time" : {
          "start" : 1643141583653,
          "stop" : 1643141586318,
          "duration" : 2665
        }
      }, {
        "uid" : "c50cf5f1ed10cff9",
        "reportUrl" : "https://ita-social-projects.github.io/TeachUA_TA/84//#testresult/c50cf5f1ed10cff9",
        "status" : "passed",
        "time" : {
          "start" : 1643140463580,
          "stop" : 1643140466475,
          "duration" : 2895
        }
      }, {
        "uid" : "239b704abed85919",
        "reportUrl" : "https://ita-social-projects.github.io/TeachUA_TA/83//#testresult/239b704abed85919",
        "status" : "passed",
        "time" : {
          "start" : 1643139854894,
          "stop" : 1643139857753,
          "duration" : 2859
        }
      }, {
        "uid" : "f3dfb0591fb1c337",
        "reportUrl" : "https://ita-social-projects.github.io/TeachUA_TA/82//#testresult/f3dfb0591fb1c337",
        "status" : "passed",
        "time" : {
          "start" : 1643138874180,
          "stop" : 1643138876831,
          "duration" : 2651
        }
      }, {
        "uid" : "27ca3d1b659c053f",
        "reportUrl" : "https://ita-social-projects.github.io/TeachUA_TA/81//#testresult/27ca3d1b659c053f",
        "status" : "passed",
        "time" : {
          "start" : 1643138733770,
          "stop" : 1643138737024,
          "duration" : 3254
        }
      }, {
        "uid" : "5b887d607de14d3c",
        "reportUrl" : "https://ita-social-projects.github.io/TeachUA_TA/80//#testresult/5b887d607de14d3c",
        "status" : "passed",
        "time" : {
          "start" : 1643137537336,
          "stop" : 1643137539957,
          "duration" : 2621
        }
      }, {
        "uid" : "103b9cb6fba0e4ad",
        "reportUrl" : "https://ita-social-projects.github.io/TeachUA_TA/79//#testresult/103b9cb6fba0e4ad",
        "status" : "passed",
        "time" : {
          "start" : 1643137472369,
          "stop" : 1643137474960,
          "duration" : 2591
        }
      }, {
        "uid" : "3a72c8ee5adee859",
        "reportUrl" : "https://ita-social-projects.github.io/TeachUA_TA/78//#testresult/3a72c8ee5adee859",
        "status" : "broken",
        "statusDetails" : "element click intercepted: Element <input class=\"ant-input registration-box\" placeholder=\"Введіть ваше прізвище\" type=\"text\" id=\"lastName\" value=\"\"> is not clickable at point (829, 225). Other element would receive the click: <div class=\"ant-radio-group ant-radio-group-solid button-container\" id=\"role\">...</div>\n  (Session info: chrome=97.0.4692.71)\nBuild info: version: '4.1.0', revision: '87802e897b'\nSystem info: host: 'fv-az203-521', ip: '10.1.0.213', os.name: 'Linux', os.arch: 'amd64', os.version: '5.11.0-1027-azure', java.version: '1.8.0_292'\nDriver info: org.openqa.selenium.chrome.ChromeDriver\nCommand: [87c3cff24a5fcf37eed397fdc81b1364, clickElement {id=dd601e14-f5b0-4f53-bcf9-1e3b67682357}]\nCapabilities {acceptInsecureCerts: false, browserName: chrome, browserVersion: 97.0.4692.71, chrome: {chromedriverVersion: 97.0.4692.71 (adefa7837d02a..., userDataDir: /tmp/.com.google.Chrome.f4E4dF}, goog:chromeOptions: {debuggerAddress: localhost:43249}, javascriptEnabled: true, networkConnectionEnabled: false, pageLoadStrategy: normal, platform: LINUX, platformName: LINUX, proxy: Proxy(), se:cdp: ws://localhost:43249/devtoo..., se:cdpVersion: 97.0.4692.71, setWindowRect: true, strictFileInteractability: false, timeouts: {implicit: 0, pageLoad: 300000, script: 30000}, unhandledPromptBehavior: dismiss and notify, webauthn:extension:credBlob: true, webauthn:extension:largeBlob: true, webauthn:virtualAuthenticators: true}\nElement: [[ChromeDriver: chrome on LINUX (87c3cff24a5fcf37eed397fdc81b1364)] -> id: lastName]\nSession ID: 87c3cff24a5fcf37eed397fdc81b1364",
        "time" : {
          "start" : 1643136502952,
          "stop" : 1643136504979,
          "duration" : 2027
        }
      } ]
    },
    "tags" : [ ]
  },
  "source" : "a115281311ed99f.json",
  "parameterValues" : [ ]
}