{
  "uid" : "da8b74a32a5e6946",
  "name" : "TUA-252",
  "fullName" : "com.ita.edu.teachua.ui.tests.OwnerProfileTest.VerifyThatErrorMessagesIsDisplayedAfterUserLeavesFieldsEmptyAndClicksNextStepButton",
  "historyId" : "42d0011745c77150021aa8d8cccfba07",
  "time" : {
    "start" : 1643277438845,
    "stop" : 1643277448083,
    "duration" : 9238
  },
  "description" : "This test case verifies that error messages is displayed after user leaves fields empty and clicks 'Наступний крок' button on 'Основна інформація' tab",
  "descriptionHtml" : "<p>This test case verifies that error messages is displayed after user leaves fields empty and clicks 'Наступний крок' button on 'Основна інформація' tab</p>\n",
  "status" : "broken",
  "statusMessage" : "element click intercepted: Element <span>...</span> is not clickable at point (977, 661). Other element would receive the click: <form id=\"basic\" class=\"ant-form ant-form-horizontal mainInfo\">...</form>\n  (Session info: chrome=97.0.4692.99)\nBuild info: version: '4.1.0', revision: '87802e897b'\nSystem info: host: 'fv-az202-404', ip: '10.1.0.57', os.name: 'Linux', os.arch: 'amd64', os.version: '5.11.0-1027-azure', java.version: '1.8.0_292'\nDriver info: org.openqa.selenium.chrome.ChromeDriver\nCommand: [c39a4d24ff038ede896ea9a2d6126218, clickElement {id=e435f6cf-b3ef-4aff-a884-41d8c2e97f6a}]\nCapabilities {acceptInsecureCerts: false, browserName: chrome, browserVersion: 97.0.4692.99, chrome: {chromedriverVersion: 97.0.4692.71 (adefa7837d02a..., userDataDir: /tmp/.com.google.Chrome.ZYC5dt}, goog:chromeOptions: {debuggerAddress: localhost:45679}, javascriptEnabled: true, networkConnectionEnabled: false, pageLoadStrategy: normal, platform: LINUX, platformName: LINUX, proxy: Proxy(), se:cdp: ws://localhost:45679/devtoo..., se:cdpVersion: 97.0.4692.99, setWindowRect: true, strictFileInteractability: false, timeouts: {implicit: 0, pageLoad: 300000, script: 30000}, unhandledPromptBehavior: dismiss and notify, webauthn:extension:credBlob: true, webauthn:extension:largeBlob: true, webauthn:virtualAuthenticators: true}\nElement: [[ChromeDriver: chrome on LINUX (c39a4d24ff038ede896ea9a2d6126218)] -> css selector: button[class='ant-btn next-btn'] span]\nSession ID: c39a4d24ff038ede896ea9a2d6126218",
  "statusTrace" : "org.openqa.selenium.ElementClickInterceptedException: element click intercepted: Element <span>...</span> is not clickable at point (977, 661). Other element would receive the click: <form id=\"basic\" class=\"ant-form ant-form-horizontal mainInfo\">...</form>\n  (Session info: chrome=97.0.4692.99)\nBuild info: version: '4.1.0', revision: '87802e897b'\nSystem info: host: 'fv-az202-404', ip: '10.1.0.57', os.name: 'Linux', os.arch: 'amd64', os.version: '5.11.0-1027-azure', java.version: '1.8.0_292'\nDriver info: org.openqa.selenium.chrome.ChromeDriver\nCommand: [c39a4d24ff038ede896ea9a2d6126218, clickElement {id=e435f6cf-b3ef-4aff-a884-41d8c2e97f6a}]\nCapabilities {acceptInsecureCerts: false, browserName: chrome, browserVersion: 97.0.4692.99, chrome: {chromedriverVersion: 97.0.4692.71 (adefa7837d02a..., userDataDir: /tmp/.com.google.Chrome.ZYC5dt}, goog:chromeOptions: {debuggerAddress: localhost:45679}, javascriptEnabled: true, networkConnectionEnabled: false, pageLoadStrategy: normal, platform: LINUX, platformName: LINUX, proxy: Proxy(), se:cdp: ws://localhost:45679/devtoo..., se:cdpVersion: 97.0.4692.99, setWindowRect: true, strictFileInteractability: false, timeouts: {implicit: 0, pageLoad: 300000, script: 30000}, unhandledPromptBehavior: dismiss and notify, webauthn:extension:credBlob: true, webauthn:extension:largeBlob: true, webauthn:virtualAuthenticators: true}\nElement: [[ChromeDriver: chrome on LINUX (c39a4d24ff038ede896ea9a2d6126218)] -> css selector: button[class='ant-btn next-btn'] span]\nSession ID: c39a4d24ff038ede896ea9a2d6126218\n\tat sun.reflect.NativeConstructorAccessorImpl.newInstance0(Native Method)\n\tat sun.reflect.NativeConstructorAccessorImpl.newInstance(NativeConstructorAccessorImpl.java:62)\n\tat sun.reflect.DelegatingConstructorAccessorImpl.newInstance(DelegatingConstructorAccessorImpl.java:45)\n\tat java.lang.reflect.Constructor.newInstance(Constructor.java:423)\n\tat org.openqa.selenium.remote.codec.w3c.W3CHttpResponseCodec.createException(W3CHttpResponseCodec.java:200)\n\tat org.openqa.selenium.remote.codec.w3c.W3CHttpResponseCodec.decode(W3CHttpResponseCodec.java:133)\n\tat org.openqa.selenium.remote.codec.w3c.W3CHttpResponseCodec.decode(W3CHttpResponseCodec.java:53)\n\tat org.openqa.selenium.remote.HttpCommandExecutor.execute(HttpCommandExecutor.java:184)\n\tat org.openqa.selenium.remote.service.DriverCommandExecutor.invokeExecute(DriverCommandExecutor.java:164)\n\tat org.openqa.selenium.remote.service.DriverCommandExecutor.execute(DriverCommandExecutor.java:139)\n\tat org.openqa.selenium.remote.RemoteWebDriver.execute(RemoteWebDriver.java:559)\n\tat org.openqa.selenium.remote.RemoteWebElement.execute(RemoteWebElement.java:251)\n\tat org.openqa.selenium.remote.RemoteWebElement.click(RemoteWebElement.java:77)\n\tat com.ita.edu.teachua.ui.elements.base_element.BaseElement.click(BaseElement.java:21)\n\tat sun.reflect.GeneratedMethodAccessor216.invoke(Unknown Source)\n\tat sun.reflect.DelegatingMethodAccessorImpl.invoke(DelegatingMethodAccessorImpl.java:43)\n\tat java.lang.reflect.Method.invoke(Method.java:498)\n\tat com.ita.edu.teachua.ui.pagefactory.ElementHandler.invoke(ElementHandler.java:46)\n\tat com.sun.proxy.$Proxy43.click(Unknown Source)\n\tat com.ita.edu.teachua.ui.pages.profile_page.AddCenterPopUpComponent.clickOnNextStepButton(AddCenterPopUpComponent.java:81)\n\tat com.ita.edu.teachua.ui.tests.OwnerProfileTest.VerifyThatErrorMessagesIsDisplayedAfterUserLeavesFieldsEmptyAndClicksNextStepButton(OwnerProfileTest.java:271)\n\tat sun.reflect.NativeMethodAccessorImpl.invoke0(Native Method)\n\tat sun.reflect.NativeMethodAccessorImpl.invoke(NativeMethodAccessorImpl.java:62)\n\tat sun.reflect.DelegatingMethodAccessorImpl.invoke(DelegatingMethodAccessorImpl.java:43)\n\tat java.lang.reflect.Method.invoke(Method.java:498)\n\tat org.testng.internal.MethodInvocationHelper.invokeMethod(MethodInvocationHelper.java:133)\n\tat org.testng.internal.TestInvoker.invokeMethod(TestInvoker.java:598)\n\tat org.testng.internal.TestInvoker.invokeTestMethod(TestInvoker.java:173)\n\tat org.testng.internal.MethodRunner.runInSequence(MethodRunner.java:46)\n\tat org.testng.internal.TestInvoker$MethodInvocationAgent.invoke(TestInvoker.java:824)\n\tat org.testng.internal.TestInvoker.invokeTestMethods(TestInvoker.java:146)\n\tat org.testng.internal.TestMethodWorker.invokeTestMethods(TestMethodWorker.java:146)\n\tat org.testng.internal.TestMethodWorker.run(TestMethodWorker.java:128)\n\tat java.util.ArrayList.forEach(ArrayList.java:1259)\n\tat org.testng.TestRunner.privateRun(TestRunner.java:794)\n\tat org.testng.TestRunner.run(TestRunner.java:596)\n\tat org.testng.SuiteRunner.runTest(SuiteRunner.java:377)\n\tat org.testng.SuiteRunner.access$000(SuiteRunner.java:28)\n\tat org.testng.SuiteRunner$SuiteWorker.run(SuiteRunner.java:418)\n\tat org.testng.internal.thread.ThreadUtil.lambda$execute$0(ThreadUtil.java:64)\n\tat java.util.concurrent.FutureTask.run(FutureTask.java:266)\n\tat java.util.concurrent.ThreadPoolExecutor.runWorker(ThreadPoolExecutor.java:1149)\n\tat java.util.concurrent.ThreadPoolExecutor$Worker.run(ThreadPoolExecutor.java:624)\n\tat java.lang.Thread.run(Thread.java:748)\n",
  "flaky" : false,
  "newFailed" : false,
  "beforeStages" : [ {
    "name" : "beforeMethod",
    "time" : {
      "start" : 1643277434335,
      "stop" : 1643277438844,
      "duration" : 4509
    },
    "description" : "",
    "status" : "passed",
    "steps" : [ ],
    "attachments" : [ ],
    "parameters" : [ ],
    "attachmentsCount" : 0,
    "shouldDisplayMessage" : false,
    "hasContent" : false,
    "stepsCount" : 0
  }, {
    "name" : "beforeSuite",
    "time" : {
      "start" : 1643277027804,
      "stop" : 1643277027813,
      "duration" : 9
    },
    "description" : "",
    "status" : "passed",
    "steps" : [ ],
    "attachments" : [ ],
    "parameters" : [ ],
    "attachmentsCount" : 0,
    "shouldDisplayMessage" : false,
    "hasContent" : false,
    "stepsCount" : 0
  }, {
    "name" : "beforeSuite",
    "time" : {
      "start" : 1643277027813,
      "stop" : 1643277030969,
      "duration" : 3156
    },
    "description" : "",
    "status" : "passed",
    "steps" : [ ],
    "attachments" : [ ],
    "parameters" : [ ],
    "attachmentsCount" : 0,
    "shouldDisplayMessage" : false,
    "hasContent" : false,
    "stepsCount" : 0
  }, {
    "name" : "beforeSuite",
    "time" : {
      "start" : 1643277030970,
      "stop" : 1643277030970,
      "duration" : 0
    },
    "description" : "",
    "status" : "passed",
    "steps" : [ ],
    "attachments" : [ ],
    "parameters" : [ ],
    "attachmentsCount" : 0,
    "shouldDisplayMessage" : false,
    "hasContent" : false,
    "stepsCount" : 0
  }, {
    "name" : "beforeSuite",
    "time" : {
      "start" : 1643277030970,
      "stop" : 1643277030970,
      "duration" : 0
    },
    "description" : "",
    "status" : "passed",
    "steps" : [ ],
    "attachments" : [ ],
    "parameters" : [ ],
    "attachmentsCount" : 0,
    "shouldDisplayMessage" : false,
    "hasContent" : false,
    "stepsCount" : 0
  }, {
    "name" : "beforeSuite",
    "time" : {
      "start" : 1643277030970,
      "stop" : 1643277030970,
      "duration" : 0
    },
    "description" : "",
    "status" : "passed",
    "steps" : [ ],
    "attachments" : [ ],
    "parameters" : [ ],
    "attachmentsCount" : 0,
    "shouldDisplayMessage" : false,
    "hasContent" : false,
    "stepsCount" : 0
  } ],
  "testStage" : {
    "description" : "This test case verifies that error messages is displayed after user leaves fields empty and clicks 'Наступний крок' button on 'Основна інформація' tab",
    "status" : "broken",
    "statusMessage" : "element click intercepted: Element <span>...</span> is not clickable at point (977, 661). Other element would receive the click: <form id=\"basic\" class=\"ant-form ant-form-horizontal mainInfo\">...</form>\n  (Session info: chrome=97.0.4692.99)\nBuild info: version: '4.1.0', revision: '87802e897b'\nSystem info: host: 'fv-az202-404', ip: '10.1.0.57', os.name: 'Linux', os.arch: 'amd64', os.version: '5.11.0-1027-azure', java.version: '1.8.0_292'\nDriver info: org.openqa.selenium.chrome.ChromeDriver\nCommand: [c39a4d24ff038ede896ea9a2d6126218, clickElement {id=e435f6cf-b3ef-4aff-a884-41d8c2e97f6a}]\nCapabilities {acceptInsecureCerts: false, browserName: chrome, browserVersion: 97.0.4692.99, chrome: {chromedriverVersion: 97.0.4692.71 (adefa7837d02a..., userDataDir: /tmp/.com.google.Chrome.ZYC5dt}, goog:chromeOptions: {debuggerAddress: localhost:45679}, javascriptEnabled: true, networkConnectionEnabled: false, pageLoadStrategy: normal, platform: LINUX, platformName: LINUX, proxy: Proxy(), se:cdp: ws://localhost:45679/devtoo..., se:cdpVersion: 97.0.4692.99, setWindowRect: true, strictFileInteractability: false, timeouts: {implicit: 0, pageLoad: 300000, script: 30000}, unhandledPromptBehavior: dismiss and notify, webauthn:extension:credBlob: true, webauthn:extension:largeBlob: true, webauthn:virtualAuthenticators: true}\nElement: [[ChromeDriver: chrome on LINUX (c39a4d24ff038ede896ea9a2d6126218)] -> css selector: button[class='ant-btn next-btn'] span]\nSession ID: c39a4d24ff038ede896ea9a2d6126218",
    "statusTrace" : "org.openqa.selenium.ElementClickInterceptedException: element click intercepted: Element <span>...</span> is not clickable at point (977, 661). Other element would receive the click: <form id=\"basic\" class=\"ant-form ant-form-horizontal mainInfo\">...</form>\n  (Session info: chrome=97.0.4692.99)\nBuild info: version: '4.1.0', revision: '87802e897b'\nSystem info: host: 'fv-az202-404', ip: '10.1.0.57', os.name: 'Linux', os.arch: 'amd64', os.version: '5.11.0-1027-azure', java.version: '1.8.0_292'\nDriver info: org.openqa.selenium.chrome.ChromeDriver\nCommand: [c39a4d24ff038ede896ea9a2d6126218, clickElement {id=e435f6cf-b3ef-4aff-a884-41d8c2e97f6a}]\nCapabilities {acceptInsecureCerts: false, browserName: chrome, browserVersion: 97.0.4692.99, chrome: {chromedriverVersion: 97.0.4692.71 (adefa7837d02a..., userDataDir: /tmp/.com.google.Chrome.ZYC5dt}, goog:chromeOptions: {debuggerAddress: localhost:45679}, javascriptEnabled: true, networkConnectionEnabled: false, pageLoadStrategy: normal, platform: LINUX, platformName: LINUX, proxy: Proxy(), se:cdp: ws://localhost:45679/devtoo..., se:cdpVersion: 97.0.4692.99, setWindowRect: true, strictFileInteractability: false, timeouts: {implicit: 0, pageLoad: 300000, script: 30000}, unhandledPromptBehavior: dismiss and notify, webauthn:extension:credBlob: true, webauthn:extension:largeBlob: true, webauthn:virtualAuthenticators: true}\nElement: [[ChromeDriver: chrome on LINUX (c39a4d24ff038ede896ea9a2d6126218)] -> css selector: button[class='ant-btn next-btn'] span]\nSession ID: c39a4d24ff038ede896ea9a2d6126218\n\tat sun.reflect.NativeConstructorAccessorImpl.newInstance0(Native Method)\n\tat sun.reflect.NativeConstructorAccessorImpl.newInstance(NativeConstructorAccessorImpl.java:62)\n\tat sun.reflect.DelegatingConstructorAccessorImpl.newInstance(DelegatingConstructorAccessorImpl.java:45)\n\tat java.lang.reflect.Constructor.newInstance(Constructor.java:423)\n\tat org.openqa.selenium.remote.codec.w3c.W3CHttpResponseCodec.createException(W3CHttpResponseCodec.java:200)\n\tat org.openqa.selenium.remote.codec.w3c.W3CHttpResponseCodec.decode(W3CHttpResponseCodec.java:133)\n\tat org.openqa.selenium.remote.codec.w3c.W3CHttpResponseCodec.decode(W3CHttpResponseCodec.java:53)\n\tat org.openqa.selenium.remote.HttpCommandExecutor.execute(HttpCommandExecutor.java:184)\n\tat org.openqa.selenium.remote.service.DriverCommandExecutor.invokeExecute(DriverCommandExecutor.java:164)\n\tat org.openqa.selenium.remote.service.DriverCommandExecutor.execute(DriverCommandExecutor.java:139)\n\tat org.openqa.selenium.remote.RemoteWebDriver.execute(RemoteWebDriver.java:559)\n\tat org.openqa.selenium.remote.RemoteWebElement.execute(RemoteWebElement.java:251)\n\tat org.openqa.selenium.remote.RemoteWebElement.click(RemoteWebElement.java:77)\n\tat com.ita.edu.teachua.ui.elements.base_element.BaseElement.click(BaseElement.java:21)\n\tat sun.reflect.GeneratedMethodAccessor216.invoke(Unknown Source)\n\tat sun.reflect.DelegatingMethodAccessorImpl.invoke(DelegatingMethodAccessorImpl.java:43)\n\tat java.lang.reflect.Method.invoke(Method.java:498)\n\tat com.ita.edu.teachua.ui.pagefactory.ElementHandler.invoke(ElementHandler.java:46)\n\tat com.sun.proxy.$Proxy43.click(Unknown Source)\n\tat com.ita.edu.teachua.ui.pages.profile_page.AddCenterPopUpComponent.clickOnNextStepButton(AddCenterPopUpComponent.java:81)\n\tat com.ita.edu.teachua.ui.tests.OwnerProfileTest.VerifyThatErrorMessagesIsDisplayedAfterUserLeavesFieldsEmptyAndClicksNextStepButton(OwnerProfileTest.java:271)\n\tat sun.reflect.NativeMethodAccessorImpl.invoke0(Native Method)\n\tat sun.reflect.NativeMethodAccessorImpl.invoke(NativeMethodAccessorImpl.java:62)\n\tat sun.reflect.DelegatingMethodAccessorImpl.invoke(DelegatingMethodAccessorImpl.java:43)\n\tat java.lang.reflect.Method.invoke(Method.java:498)\n\tat org.testng.internal.MethodInvocationHelper.invokeMethod(MethodInvocationHelper.java:133)\n\tat org.testng.internal.TestInvoker.invokeMethod(TestInvoker.java:598)\n\tat org.testng.internal.TestInvoker.invokeTestMethod(TestInvoker.java:173)\n\tat org.testng.internal.MethodRunner.runInSequence(MethodRunner.java:46)\n\tat org.testng.internal.TestInvoker$MethodInvocationAgent.invoke(TestInvoker.java:824)\n\tat org.testng.internal.TestInvoker.invokeTestMethods(TestInvoker.java:146)\n\tat org.testng.internal.TestMethodWorker.invokeTestMethods(TestMethodWorker.java:146)\n\tat org.testng.internal.TestMethodWorker.run(TestMethodWorker.java:128)\n\tat java.util.ArrayList.forEach(ArrayList.java:1259)\n\tat org.testng.TestRunner.privateRun(TestRunner.java:794)\n\tat org.testng.TestRunner.run(TestRunner.java:596)\n\tat org.testng.SuiteRunner.runTest(SuiteRunner.java:377)\n\tat org.testng.SuiteRunner.access$000(SuiteRunner.java:28)\n\tat org.testng.SuiteRunner$SuiteWorker.run(SuiteRunner.java:418)\n\tat org.testng.internal.thread.ThreadUtil.lambda$execute$0(ThreadUtil.java:64)\n\tat java.util.concurrent.FutureTask.run(FutureTask.java:266)\n\tat java.util.concurrent.ThreadPoolExecutor.runWorker(ThreadPoolExecutor.java:1149)\n\tat java.util.concurrent.ThreadPoolExecutor$Worker.run(ThreadPoolExecutor.java:624)\n\tat java.lang.Thread.run(Thread.java:748)\n",
    "steps" : [ {
      "name" : "Authorize user with valid email admin@gmail.com and password admin",
      "time" : {
        "start" : 1643277438846,
        "stop" : 1643277442239,
        "duration" : 3393
      },
      "status" : "passed",
      "steps" : [ {
        "name" : "Click on guest dropdown",
        "time" : {
          "start" : 1643277438846,
          "stop" : 1643277439318,
          "duration" : 472
        },
        "status" : "passed",
        "steps" : [ ],
        "attachments" : [ ],
        "parameters" : [ ],
        "attachmentsCount" : 0,
        "shouldDisplayMessage" : false,
        "hasContent" : false,
        "stepsCount" : 0
      }, {
        "name" : "Click on `Увійти` button",
        "time" : {
          "start" : 1643277439318,
          "stop" : 1643277439424,
          "duration" : 106
        },
        "status" : "passed",
        "steps" : [ ],
        "attachments" : [ ],
        "parameters" : [ ],
        "attachmentsCount" : 0,
        "shouldDisplayMessage" : false,
        "hasContent" : false,
        "stepsCount" : 0
      }, {
        "name" : "Set values 'admin@gmail.com'/'admin' for `Емейл` and `Пароль` fields",
        "time" : {
          "start" : 1643277439424,
          "stop" : 1643277442239,
          "duration" : 2815
        },
        "status" : "passed",
        "steps" : [ {
          "name" : "Fill in Password field: 'admin'",
          "time" : {
            "start" : 1643277440102,
            "stop" : 1643277440189,
            "duration" : 87
          },
          "status" : "passed",
          "steps" : [ ],
          "attachments" : [ ],
          "parameters" : [ {
            "name" : "passwordValue",
            "value" : "admin"
          } ],
          "attachmentsCount" : 0,
          "shouldDisplayMessage" : false,
          "hasContent" : true,
          "stepsCount" : 0
        }, {
          "name" : "Click on Submit button",
          "time" : {
            "start" : 1643277440189,
            "stop" : 1643277442239,
            "duration" : 2050
          },
          "status" : "passed",
          "steps" : [ ],
          "attachments" : [ ],
          "parameters" : [ ],
          "attachmentsCount" : 0,
          "shouldDisplayMessage" : false,
          "hasContent" : false,
          "stepsCount" : 0
        } ],
        "attachments" : [ ],
        "parameters" : [ {
          "name" : "email",
          "value" : "admin@gmail.com"
        }, {
          "name" : "password",
          "value" : "admin"
        } ],
        "attachmentsCount" : 0,
        "shouldDisplayMessage" : false,
        "hasContent" : true,
        "stepsCount" : 2
      } ],
      "attachments" : [ ],
      "parameters" : [ {
        "name" : "email",
        "value" : "admin@gmail.com"
      }, {
        "name" : "password",
        "value" : "admin"
      } ],
      "attachmentsCount" : 0,
      "shouldDisplayMessage" : false,
      "hasContent" : true,
      "stepsCount" : 5
    }, {
      "name" : "Click on dropdown for authorized user in top right corner of header",
      "time" : {
        "start" : 1643277442239,
        "stop" : 1643277445873,
        "duration" : 3634
      },
      "status" : "passed",
      "steps" : [ ],
      "attachments" : [ ],
      "parameters" : [ ],
      "attachmentsCount" : 0,
      "shouldDisplayMessage" : false,
      "hasContent" : false,
      "stepsCount" : 0
    }, {
      "name" : "Click on 'Мій профіль' button in dropdown for authorized users",
      "time" : {
        "start" : 1643277445873,
        "stop" : 1643277446232,
        "duration" : 359
      },
      "status" : "passed",
      "steps" : [ ],
      "attachments" : [ ],
      "parameters" : [ ],
      "attachmentsCount" : 0,
      "shouldDisplayMessage" : false,
      "hasContent" : false,
      "stepsCount" : 0
    }, {
      "name" : "Click on 'Додати' button",
      "time" : {
        "start" : 1643277446232,
        "stop" : 1643277446275,
        "duration" : 43
      },
      "status" : "passed",
      "steps" : [ ],
      "attachments" : [ ],
      "parameters" : [ ],
      "attachmentsCount" : 0,
      "shouldDisplayMessage" : false,
      "hasContent" : false,
      "stepsCount" : 0
    }, {
      "name" : "Click on 'Додати центр' button",
      "time" : {
        "start" : 1643277446275,
        "stop" : 1643277446822,
        "duration" : 547
      },
      "status" : "passed",
      "steps" : [ ],
      "attachments" : [ ],
      "parameters" : [ ],
      "attachmentsCount" : 0,
      "shouldDisplayMessage" : false,
      "hasContent" : false,
      "stepsCount" : 0
    }, {
      "name" : "Delete possible values from 'Назва центру' field",
      "time" : {
        "start" : 1643277446822,
        "stop" : 1643277446853,
        "duration" : 31
      },
      "status" : "passed",
      "steps" : [ ],
      "attachments" : [ ],
      "parameters" : [ ],
      "attachmentsCount" : 0,
      "shouldDisplayMessage" : false,
      "hasContent" : false,
      "stepsCount" : 0
    }, {
      "name" : "Click on 'Наступний крок' button",
      "time" : {
        "start" : 1643277446853,
        "stop" : 1643277447916,
        "duration" : 1063
      },
      "status" : "broken",
      "statusMessage" : "element click intercepted: Element <span>...</span> is not clickable at point (977, 661). Other element would receive the click: <form id=\"basic\" class=\"ant-form ant-form-horizontal mainInfo\">...</form>\n  (Session info: chrome=97.0.4692.99)\nBuild info: version: '4.1.0', revision: '87802e897b'\nSystem info: host: 'fv-az202-404', ip: '10.1.0.57', os.name: 'Linux', os.arch: 'amd64', os.version: '5.11.0-1027-azure', java.version: '1.8.0_292'\nDriver info: org.openqa.selenium.chrome.ChromeDriver\nCommand: [c39a4d24ff038ede896ea9a2d6126218, clickElement {id=e435f6cf-b3ef-4aff-a884-41d8c2e97f6a}]\nCapabilities {acceptInsecureCerts: false, browserName: chrome, browserVersion: 97.0.4692.99, chrome: {chromedriverVersion: 97.0.4692.71 (adefa7837d02a..., userDataDir: /tmp/.com.google.Chrome.ZYC5dt}, goog:chromeOptions: {debuggerAddress: localhost:45679}, javascriptEnabled: true, networkConnectionEnabled: false, pageLoadStrategy: normal, platform: LINUX, platformName: LINUX, proxy: Proxy(), se:cdp: ws://localhost:45679/devtoo..., se:cdpVersion: 97.0.4692.99, setWindowRect: true, strictFileInteractability: false, timeouts: {implicit: 0, pageLoad: 300000, script: 30000}, unhandledPromptBehavior: dismiss and notify, webauthn:extension:credBlob: true, webauthn:extension:largeBlob: true, webauthn:virtualAuthenticators: true}\nElement: [[ChromeDriver: chrome on LINUX (c39a4d24ff038ede896ea9a2d6126218)] -> css selector: button[class='ant-btn next-btn'] span]\nSession ID: c39a4d24ff038ede896ea9a2d6126218",
      "statusTrace" : "org.openqa.selenium.ElementClickInterceptedException: element click intercepted: Element <span>...</span> is not clickable at point (977, 661). Other element would receive the click: <form id=\"basic\" class=\"ant-form ant-form-horizontal mainInfo\">...</form>\n  (Session info: chrome=97.0.4692.99)\nBuild info: version: '4.1.0', revision: '87802e897b'\nSystem info: host: 'fv-az202-404', ip: '10.1.0.57', os.name: 'Linux', os.arch: 'amd64', os.version: '5.11.0-1027-azure', java.version: '1.8.0_292'\nDriver info: org.openqa.selenium.chrome.ChromeDriver\nCommand: [c39a4d24ff038ede896ea9a2d6126218, clickElement {id=e435f6cf-b3ef-4aff-a884-41d8c2e97f6a}]\nCapabilities {acceptInsecureCerts: false, browserName: chrome, browserVersion: 97.0.4692.99, chrome: {chromedriverVersion: 97.0.4692.71 (adefa7837d02a..., userDataDir: /tmp/.com.google.Chrome.ZYC5dt}, goog:chromeOptions: {debuggerAddress: localhost:45679}, javascriptEnabled: true, networkConnectionEnabled: false, pageLoadStrategy: normal, platform: LINUX, platformName: LINUX, proxy: Proxy(), se:cdp: ws://localhost:45679/devtoo..., se:cdpVersion: 97.0.4692.99, setWindowRect: true, strictFileInteractability: false, timeouts: {implicit: 0, pageLoad: 300000, script: 30000}, unhandledPromptBehavior: dismiss and notify, webauthn:extension:credBlob: true, webauthn:extension:largeBlob: true, webauthn:virtualAuthenticators: true}\nElement: [[ChromeDriver: chrome on LINUX (c39a4d24ff038ede896ea9a2d6126218)] -> css selector: button[class='ant-btn next-btn'] span]\nSession ID: c39a4d24ff038ede896ea9a2d6126218\n\tat sun.reflect.NativeConstructorAccessorImpl.newInstance0(Native Method)\n\tat sun.reflect.NativeConstructorAccessorImpl.newInstance(NativeConstructorAccessorImpl.java:62)\n\tat sun.reflect.DelegatingConstructorAccessorImpl.newInstance(DelegatingConstructorAccessorImpl.java:45)\n\tat java.lang.reflect.Constructor.newInstance(Constructor.java:423)\n\tat org.openqa.selenium.remote.codec.w3c.W3CHttpResponseCodec.createException(W3CHttpResponseCodec.java:200)\n\tat org.openqa.selenium.remote.codec.w3c.W3CHttpResponseCodec.decode(W3CHttpResponseCodec.java:133)\n\tat org.openqa.selenium.remote.codec.w3c.W3CHttpResponseCodec.decode(W3CHttpResponseCodec.java:53)\n\tat org.openqa.selenium.remote.HttpCommandExecutor.execute(HttpCommandExecutor.java:184)\n\tat org.openqa.selenium.remote.service.DriverCommandExecutor.invokeExecute(DriverCommandExecutor.java:164)\n\tat org.openqa.selenium.remote.service.DriverCommandExecutor.execute(DriverCommandExecutor.java:139)\n\tat org.openqa.selenium.remote.RemoteWebDriver.execute(RemoteWebDriver.java:559)\n\tat org.openqa.selenium.remote.RemoteWebElement.execute(RemoteWebElement.java:251)\n\tat org.openqa.selenium.remote.RemoteWebElement.click(RemoteWebElement.java:77)\n\tat com.ita.edu.teachua.ui.elements.base_element.BaseElement.click(BaseElement.java:21)\n\tat sun.reflect.GeneratedMethodAccessor216.invoke(Unknown Source)\n\tat sun.reflect.DelegatingMethodAccessorImpl.invoke(DelegatingMethodAccessorImpl.java:43)\n\tat java.lang.reflect.Method.invoke(Method.java:498)\n\tat com.ita.edu.teachua.ui.pagefactory.ElementHandler.invoke(ElementHandler.java:46)\n\tat com.sun.proxy.$Proxy43.click(Unknown Source)\n\tat com.ita.edu.teachua.ui.pages.profile_page.AddCenterPopUpComponent.clickOnNextStepButton(AddCenterPopUpComponent.java:81)\n\tat com.ita.edu.teachua.ui.tests.OwnerProfileTest.VerifyThatErrorMessagesIsDisplayedAfterUserLeavesFieldsEmptyAndClicksNextStepButton(OwnerProfileTest.java:271)\n\tat sun.reflect.NativeMethodAccessorImpl.invoke0(Native Method)\n\tat sun.reflect.NativeMethodAccessorImpl.invoke(NativeMethodAccessorImpl.java:62)\n\tat sun.reflect.DelegatingMethodAccessorImpl.invoke(DelegatingMethodAccessorImpl.java:43)\n\tat java.lang.reflect.Method.invoke(Method.java:498)\n\tat org.testng.internal.MethodInvocationHelper.invokeMethod(MethodInvocationHelper.java:133)\n\tat org.testng.internal.TestInvoker.invokeMethod(TestInvoker.java:598)\n\tat org.testng.internal.TestInvoker.invokeTestMethod(TestInvoker.java:173)\n\tat org.testng.internal.MethodRunner.runInSequence(MethodRunner.java:46)\n\tat org.testng.internal.TestInvoker$MethodInvocationAgent.invoke(TestInvoker.java:824)\n\tat org.testng.internal.TestInvoker.invokeTestMethods(TestInvoker.java:146)\n\tat org.testng.internal.TestMethodWorker.invokeTestMethods(TestMethodWorker.java:146)\n\tat org.testng.internal.TestMethodWorker.run(TestMethodWorker.java:128)\n\tat java.util.ArrayList.forEach(ArrayList.java:1259)\n\tat org.testng.TestRunner.privateRun(TestRunner.java:794)\n\tat org.testng.TestRunner.run(TestRunner.java:596)\n\tat org.testng.SuiteRunner.runTest(SuiteRunner.java:377)\n\tat org.testng.SuiteRunner.access$000(SuiteRunner.java:28)\n\tat org.testng.SuiteRunner$SuiteWorker.run(SuiteRunner.java:418)\n\tat org.testng.internal.thread.ThreadUtil.lambda$execute$0(ThreadUtil.java:64)\n\tat java.util.concurrent.FutureTask.run(FutureTask.java:266)\n\tat java.util.concurrent.ThreadPoolExecutor.runWorker(ThreadPoolExecutor.java:1149)\n\tat java.util.concurrent.ThreadPoolExecutor$Worker.run(ThreadPoolExecutor.java:624)\n\tat java.lang.Thread.run(Thread.java:748)\n",
      "steps" : [ ],
      "attachments" : [ ],
      "parameters" : [ ],
      "attachmentsCount" : 0,
      "shouldDisplayMessage" : true,
      "hasContent" : true,
      "stepsCount" : 0
    } ],
    "attachments" : [ {
      "uid" : "ebc48d4040b5e0",
      "name" : "Logs for thread 14",
      "source" : "ebc48d4040b5e0.log",
      "type" : "text/plain",
      "size" : 4
    }, {
      "uid" : "e766f080546bb245",
      "name" : "Page screenshot",
      "source" : "e766f080546bb245.png",
      "type" : "image/png",
      "size" : 114297
    } ],
    "parameters" : [ ],
    "attachmentsCount" : 2,
    "shouldDisplayMessage" : false,
    "hasContent" : true,
    "stepsCount" : 12
  },
  "afterStages" : [ {
    "name" : "afterMethod",
    "time" : {
      "start" : 1643277448084,
      "stop" : 1643277448156,
      "duration" : 72
    },
    "description" : "",
    "status" : "passed",
    "steps" : [ ],
    "attachments" : [ ],
    "parameters" : [ ],
    "attachmentsCount" : 0,
    "shouldDisplayMessage" : false,
    "hasContent" : false,
    "stepsCount" : 0
  } ],
  "labels" : [ {
    "name" : "package",
    "value" : "com.ita.edu.teachua.ui.tests.OwnerProfileTest"
  }, {
    "name" : "testClass",
    "value" : "com.ita.edu.teachua.ui.tests.OwnerProfileTest"
  }, {
    "name" : "testMethod",
    "value" : "VerifyThatErrorMessagesIsDisplayedAfterUserLeavesFieldsEmptyAndClicksNextStepButton"
  }, {
    "name" : "parentSuite",
    "value" : "Test Suite"
  }, {
    "name" : "suite",
    "value" : "UI Tests"
  }, {
    "name" : "subSuite",
    "value" : "com.ita.edu.teachua.ui.tests.OwnerProfileTest"
  }, {
    "name" : "host",
    "value" : "fv-az202-404"
  }, {
    "name" : "thread",
    "value" : "2767@fv-az202-404.TestNG-tests-2(14)"
  }, {
    "name" : "framework",
    "value" : "testng"
  }, {
    "name" : "language",
    "value" : "java"
  }, {
    "name" : "resultFormat",
    "value" : "allure2"
  } ],
  "parameters" : [ ],
  "links" : [ {
    "name" : "TUA-252",
    "type" : "issue"
  } ],
  "hidden" : false,
  "retry" : false,
  "extra" : {
    "severity" : "normal",
    "retries" : [ ],
    "categories" : [ {
      "name" : "Test defects",
      "matchedStatuses" : [ ],
      "flaky" : false
    } ],
    "history" : {
      "statistic" : {
        "failed" : 0,
        "broken" : 17,
        "skipped" : 0,
        "passed" : 46,
        "unknown" : 0,
        "total" : 63
      },
      "items" : [ {
        "uid" : "75132f656d7fbf46",
        "reportUrl" : "https://ita-social-projects.github.io/TeachUA_TA/100//#testresult/75132f656d7fbf46",
        "status" : "passed",
        "time" : {
          "start" : 1643227664732,
          "stop" : 1643227674663,
          "duration" : 9931
        }
      }, {
        "uid" : "1b1363676c63b3ff",
        "reportUrl" : "https://ita-social-projects.github.io/TeachUA_TA/98//#testresult/1b1363676c63b3ff",
        "status" : "passed",
        "time" : {
          "start" : 1643212047550,
          "stop" : 1643212056196,
          "duration" : 8646
        }
      }, {
        "uid" : "2d212e9ec41703c6",
        "reportUrl" : "https://ita-social-projects.github.io/TeachUA_TA/97//#testresult/2d212e9ec41703c6",
        "status" : "passed",
        "time" : {
          "start" : 1643188934221,
          "stop" : 1643188942614,
          "duration" : 8393
        }
      }, {
        "uid" : "ac0ef63d3829d32",
        "reportUrl" : "https://ita-social-projects.github.io/TeachUA_TA/96//#testresult/ac0ef63d3829d32",
        "status" : "passed",
        "time" : {
          "start" : 1643188876972,
          "stop" : 1643188885653,
          "duration" : 8681
        }
      }, {
        "uid" : "2e94ea8363e8827f",
        "reportUrl" : "https://ita-social-projects.github.io/TeachUA_TA/95//#testresult/2e94ea8363e8827f",
        "status" : "passed",
        "time" : {
          "start" : 1643188803799,
          "stop" : 1643188813313,
          "duration" : 9514
        }
      }, {
        "uid" : "bc95d371dc5020bc",
        "reportUrl" : "https://ita-social-projects.github.io/TeachUA_TA/94//#testresult/bc95d371dc5020bc",
        "status" : "passed",
        "time" : {
          "start" : 1643185315137,
          "stop" : 1643185323823,
          "duration" : 8686
        }
      }, {
        "uid" : "704ed158716e6d51",
        "reportUrl" : "https://ita-social-projects.github.io/TeachUA_TA/93//#testresult/704ed158716e6d51",
        "status" : "passed",
        "time" : {
          "start" : 1643181399919,
          "stop" : 1643181408010,
          "duration" : 8091
        }
      }, {
        "uid" : "dd760db3e10d7c42",
        "reportUrl" : "https://ita-social-projects.github.io/TeachUA_TA/92//#testresult/dd760db3e10d7c42",
        "status" : "broken",
        "statusDetails" : "no such element: Unable to locate element: {\"method\":\"css selector\",\"selector\":\"div.ant-dropdown-trigger.user-profile>span.avatarIfLogin\"}\n  (Session info: chrome=97.0.4692.71)\nFor documentation on this error, please visit: https://selenium.dev/exceptions/#no_such_element\nBuild info: version: '4.1.0', revision: '87802e897b'\nSystem info: host: 'fv-az203-521', ip: '10.1.0.58', os.name: 'Linux', os.arch: 'amd64', os.version: '5.11.0-1027-azure', java.version: '1.8.0_292'\nDriver info: org.openqa.selenium.chrome.ChromeDriver\nCommand: [925d5101e92669c01e7942d9af266774, findElement {using=css selector, value=div.ant-dropdown-trigger.user-profile>span.avatarIfLogin}]\nCapabilities {acceptInsecureCerts: false, browserName: chrome, browserVersion: 97.0.4692.71, chrome: {chromedriverVersion: 97.0.4692.71 (adefa7837d02a..., userDataDir: /tmp/.com.google.Chrome.uMMrv4}, goog:chromeOptions: {debuggerAddress: localhost:44277}, javascriptEnabled: true, networkConnectionEnabled: false, pageLoadStrategy: normal, platform: LINUX, platformName: LINUX, proxy: Proxy(), se:cdp: ws://localhost:44277/devtoo..., se:cdpVersion: 97.0.4692.71, setWindowRect: true, strictFileInteractability: false, timeouts: {implicit: 0, pageLoad: 300000, script: 30000}, unhandledPromptBehavior: dismiss and notify, webauthn:extension:credBlob: true, webauthn:extension:largeBlob: true, webauthn:virtualAuthenticators: true}\nSession ID: 925d5101e92669c01e7942d9af266774",
        "time" : {
          "start" : 1643142033161,
          "stop" : 1643142046984,
          "duration" : 13823
        }
      }, {
        "uid" : "9a8a81b8e1e1eb37",
        "reportUrl" : "https://ita-social-projects.github.io/TeachUA_TA/91//#testresult/9a8a81b8e1e1eb37",
        "status" : "broken",
        "statusDetails" : "no such element: Unable to locate element: {\"method\":\"css selector\",\"selector\":\"div.ant-dropdown-trigger.user-profile>span.avatarIfLogin\"}\n  (Session info: chrome=97.0.4692.71)\nFor documentation on this error, please visit: https://selenium.dev/exceptions/#no_such_element\nBuild info: version: '4.1.0', revision: '87802e897b'\nSystem info: host: 'fv-az202-534', ip: '10.1.0.105', os.name: 'Linux', os.arch: 'amd64', os.version: '5.11.0-1027-azure', java.version: '1.8.0_292'\nDriver info: org.openqa.selenium.chrome.ChromeDriver\nCommand: [11ac32d9439a209ef7fa091aa945ffe7, findElement {using=css selector, value=div.ant-dropdown-trigger.user-profile>span.avatarIfLogin}]\nCapabilities {acceptInsecureCerts: false, browserName: chrome, browserVersion: 97.0.4692.71, chrome: {chromedriverVersion: 97.0.4692.71 (adefa7837d02a..., userDataDir: /tmp/.com.google.Chrome.ygR4EN}, goog:chromeOptions: {debuggerAddress: localhost:41865}, javascriptEnabled: true, networkConnectionEnabled: false, pageLoadStrategy: normal, platform: LINUX, platformName: LINUX, proxy: Proxy(), se:cdp: ws://localhost:41865/devtoo..., se:cdpVersion: 97.0.4692.71, setWindowRect: true, strictFileInteractability: false, timeouts: {implicit: 0, pageLoad: 300000, script: 30000}, unhandledPromptBehavior: dismiss and notify, webauthn:extension:credBlob: true, webauthn:extension:largeBlob: true, webauthn:virtualAuthenticators: true}\nSession ID: 11ac32d9439a209ef7fa091aa945ffe7",
        "time" : {
          "start" : 1643141898183,
          "stop" : 1643141911846,
          "duration" : 13663
        }
      }, {
        "uid" : "f7a6907263148a7b",
        "reportUrl" : "https://ita-social-projects.github.io/TeachUA_TA/90//#testresult/f7a6907263148a7b",
        "status" : "broken",
        "statusDetails" : "no such element: Unable to locate element: {\"method\":\"css selector\",\"selector\":\"div.ant-dropdown-trigger.user-profile>span.avatarIfLogin\"}\n  (Session info: chrome=97.0.4692.71)\nFor documentation on this error, please visit: https://selenium.dev/exceptions/#no_such_element\nBuild info: version: '4.1.0', revision: '87802e897b'\nSystem info: host: 'fv-az75-82', ip: '10.1.0.250', os.name: 'Linux', os.arch: 'amd64', os.version: '5.11.0-1027-azure', java.version: '1.8.0_292'\nDriver info: org.openqa.selenium.chrome.ChromeDriver\nCommand: [86cbec90dd1552e0181b70d9a0a7e3cb, findElement {using=css selector, value=div.ant-dropdown-trigger.user-profile>span.avatarIfLogin}]\nCapabilities {acceptInsecureCerts: false, browserName: chrome, browserVersion: 97.0.4692.71, chrome: {chromedriverVersion: 97.0.4692.71 (adefa7837d02a..., userDataDir: /tmp/.com.google.Chrome.XOLEeQ}, goog:chromeOptions: {debuggerAddress: localhost:36523}, javascriptEnabled: true, networkConnectionEnabled: false, pageLoadStrategy: normal, platform: LINUX, platformName: LINUX, proxy: Proxy(), se:cdp: ws://localhost:36523/devtoo..., se:cdpVersion: 97.0.4692.71, setWindowRect: true, strictFileInteractability: false, timeouts: {implicit: 0, pageLoad: 300000, script: 30000}, unhandledPromptBehavior: dismiss and notify, webauthn:extension:credBlob: true, webauthn:extension:largeBlob: true, webauthn:virtualAuthenticators: true}\nSession ID: 86cbec90dd1552e0181b70d9a0a7e3cb",
        "time" : {
          "start" : 1643141733376,
          "stop" : 1643141747804,
          "duration" : 14428
        }
      }, {
        "uid" : "1391ec1f45aa5d00",
        "reportUrl" : "https://ita-social-projects.github.io/TeachUA_TA/85//#testresult/1391ec1f45aa5d00",
        "status" : "broken",
        "statusDetails" : "no such element: Unable to locate element: {\"method\":\"css selector\",\"selector\":\"div.ant-dropdown-trigger.user-profile>span.avatarIfLogin\"}\n  (Session info: chrome=97.0.4692.71)\nFor documentation on this error, please visit: https://selenium.dev/exceptions/#no_such_element\nBuild info: version: '4.1.0', revision: '87802e897b'\nSystem info: host: 'fv-az214-35', ip: '10.1.0.107', os.name: 'Linux', os.arch: 'amd64', os.version: '5.11.0-1027-azure', java.version: '1.8.0_292'\nDriver info: org.openqa.selenium.chrome.ChromeDriver\nCommand: [80ef6f7eb07612d0f14c66218a277e31, findElement {using=css selector, value=div.ant-dropdown-trigger.user-profile>span.avatarIfLogin}]\nCapabilities {acceptInsecureCerts: false, browserName: chrome, browserVersion: 97.0.4692.71, chrome: {chromedriverVersion: 97.0.4692.71 (adefa7837d02a..., userDataDir: /tmp/.com.google.Chrome.Nk1amY}, goog:chromeOptions: {debuggerAddress: localhost:41875}, javascriptEnabled: true, networkConnectionEnabled: false, pageLoadStrategy: normal, platform: LINUX, platformName: LINUX, proxy: Proxy(), se:cdp: ws://localhost:41875/devtoo..., se:cdpVersion: 97.0.4692.71, setWindowRect: true, strictFileInteractability: false, timeouts: {implicit: 0, pageLoad: 300000, script: 30000}, unhandledPromptBehavior: dismiss and notify, webauthn:extension:credBlob: true, webauthn:extension:largeBlob: true, webauthn:virtualAuthenticators: true}\nSession ID: 80ef6f7eb07612d0f14c66218a277e31",
        "time" : {
          "start" : 1643141155390,
          "stop" : 1643141169081,
          "duration" : 13691
        }
      }, {
        "uid" : "b9f754c3d9fcd8c3",
        "reportUrl" : "https://ita-social-projects.github.io/TeachUA_TA/84//#testresult/b9f754c3d9fcd8c3",
        "status" : "passed",
        "time" : {
          "start" : 1643140205906,
          "stop" : 1643140214053,
          "duration" : 8147
        }
      }, {
        "uid" : "d24d0037b37b9e2e",
        "reportUrl" : "https://ita-social-projects.github.io/TeachUA_TA/83//#testresult/d24d0037b37b9e2e",
        "status" : "passed",
        "time" : {
          "start" : 1643139594869,
          "stop" : 1643139603544,
          "duration" : 8675
        }
      }, {
        "uid" : "dbb019592620a8c9",
        "reportUrl" : "https://ita-social-projects.github.io/TeachUA_TA/82//#testresult/dbb019592620a8c9",
        "status" : "passed",
        "time" : {
          "start" : 1643138620356,
          "stop" : 1643138629411,
          "duration" : 9055
        }
      }, {
        "uid" : "eb3842098220778e",
        "reportUrl" : "https://ita-social-projects.github.io/TeachUA_TA/81//#testresult/eb3842098220778e",
        "status" : "passed",
        "time" : {
          "start" : 1643138445893,
          "stop" : 1643138455050,
          "duration" : 9157
        }
      }, {
        "uid" : "3620872e4b6baeaa",
        "reportUrl" : "https://ita-social-projects.github.io/TeachUA_TA/80//#testresult/3620872e4b6baeaa",
        "status" : "passed",
        "time" : {
          "start" : 1643137291114,
          "stop" : 1643137298910,
          "duration" : 7796
        }
      }, {
        "uid" : "c3fb2729b84e8450",
        "reportUrl" : "https://ita-social-projects.github.io/TeachUA_TA/79//#testresult/c3fb2729b84e8450",
        "status" : "broken",
        "statusDetails" : "Expected condition failed: waiting for visibility of element located by By.cssSelector: div[role='alert'] (tried for 5 second(s) with 500 milliseconds interval)\nBuild info: version: '4.1.0', revision: '87802e897b'\nSystem info: host: 'fv-az105-937', ip: '10.1.0.213', os.name: 'Linux', os.arch: 'amd64', os.version: '5.11.0-1027-azure', java.version: '1.8.0_292'\nDriver info: org.openqa.selenium.chrome.ChromeDriver\nCapabilities {acceptInsecureCerts: false, browserName: chrome, browserVersion: 97.0.4692.71, chrome: {chromedriverVersion: 97.0.4692.71 (adefa7837d02a..., userDataDir: /tmp/.com.google.Chrome.BHkg8R}, goog:chromeOptions: {debuggerAddress: localhost:34783}, javascriptEnabled: true, networkConnectionEnabled: false, pageLoadStrategy: normal, platform: LINUX, platformName: LINUX, proxy: Proxy(), se:cdp: ws://localhost:34783/devtoo..., se:cdpVersion: 97.0.4692.71, setWindowRect: true, strictFileInteractability: false, timeouts: {implicit: 0, pageLoad: 300000, script: 30000}, unhandledPromptBehavior: dismiss and notify, webauthn:extension:credBlob: true, webauthn:extension:largeBlob: true, webauthn:virtualAuthenticators: true}\nSession ID: bd8ed4c461e07adb4715f16536d02ade",
        "time" : {
          "start" : 1643137215722,
          "stop" : 1643137233768,
          "duration" : 18046
        }
      }, {
        "uid" : "ca515a0ca0b8a576",
        "reportUrl" : "https://ita-social-projects.github.io/TeachUA_TA/78//#testresult/ca515a0ca0b8a576",
        "status" : "passed",
        "time" : {
          "start" : 1643136260953,
          "stop" : 1643136269839,
          "duration" : 8886
        }
      }, {
        "uid" : "d8770570177fd799",
        "reportUrl" : "https://ita-social-projects.github.io/TeachUA_TA/77//#testresult/d8770570177fd799",
        "status" : "passed",
        "time" : {
          "start" : 1643134470652,
          "stop" : 1643134478745,
          "duration" : 8093
        }
      }, {
        "uid" : "aac40388d72c7cfb",
        "reportUrl" : "https://ita-social-projects.github.io/TeachUA_TA/76//#testresult/aac40388d72c7cfb",
        "status" : "passed",
        "time" : {
          "start" : 1643133803810,
          "stop" : 1643133811615,
          "duration" : 7805
        }
      } ]
    },
    "tags" : [ ]
  },
  "source" : "da8b74a32a5e6946.json",
  "parameterValues" : [ ]
}