{
  "uid" : "f0633c8df2ee1a4c",
  "name" : "TUA-483",
  "fullName" : "com.ita.edu.teachua.ui.tests.RegistrationTest.checkAlertsFieldsWhenEmpty",
  "historyId" : "965044fb2cb4a1a8f156a985e156ee8b",
  "time" : {
    "start" : 1643284469094,
    "stop" : 1643284480996,
    "duration" : 11902
  },
  "description" : "TUA-483 Verify that error messages are shown for empty fields",
  "descriptionHtml" : "<p>TUA-483 Verify that error messages are shown for empty fields</p>\n",
  "status" : "broken",
  "statusMessage" : "element click intercepted: Element <div>...</div> is not clickable at point (1196, 100). Other element would receive the click: <section class=\"ant-layout global-padding\">...</section>\n  (Session info: chrome=97.0.4692.99)\nBuild info: version: '4.1.0', revision: '87802e897b'\nSystem info: host: 'fv-az91-43', ip: '10.1.0.196', os.name: 'Linux', os.arch: 'amd64', os.version: '5.11.0-1027-azure', java.version: '1.8.0_292'\nDriver info: org.openqa.selenium.chrome.ChromeDriver\nCommand: [9c685379ad55609eb593f6e3d014502e, clickElement {id=271db595-1a2d-4dc8-ae8b-e84015028d34}]\nCapabilities {acceptInsecureCerts: false, browserName: chrome, browserVersion: 97.0.4692.99, chrome: {chromedriverVersion: 97.0.4692.71 (adefa7837d02a..., userDataDir: /tmp/.com.google.Chrome.AUTT6j}, goog:chromeOptions: {debuggerAddress: localhost:43423}, javascriptEnabled: true, networkConnectionEnabled: false, pageLoadStrategy: normal, platform: LINUX, platformName: LINUX, proxy: Proxy(), se:cdp: ws://localhost:43423/devtoo..., se:cdpVersion: 97.0.4692.99, setWindowRect: true, strictFileInteractability: false, timeouts: {implicit: 0, pageLoad: 300000, script: 30000}, unhandledPromptBehavior: dismiss and notify, webauthn:extension:credBlob: true, webauthn:extension:largeBlob: true, webauthn:virtualAuthenticators: true}\nElement: [[ChromeDriver: chrome on LINUX (9c685379ad55609eb593f6e3d014502e)] -> xpath: //span/div[contains(text(),'Зареєструватися')]]\nSession ID: 9c685379ad55609eb593f6e3d014502e",
  "statusTrace" : "org.openqa.selenium.ElementClickInterceptedException: element click intercepted: Element <div>...</div> is not clickable at point (1196, 100). Other element would receive the click: <section class=\"ant-layout global-padding\">...</section>\n  (Session info: chrome=97.0.4692.99)\nBuild info: version: '4.1.0', revision: '87802e897b'\nSystem info: host: 'fv-az91-43', ip: '10.1.0.196', os.name: 'Linux', os.arch: 'amd64', os.version: '5.11.0-1027-azure', java.version: '1.8.0_292'\nDriver info: org.openqa.selenium.chrome.ChromeDriver\nCommand: [9c685379ad55609eb593f6e3d014502e, clickElement {id=271db595-1a2d-4dc8-ae8b-e84015028d34}]\nCapabilities {acceptInsecureCerts: false, browserName: chrome, browserVersion: 97.0.4692.99, chrome: {chromedriverVersion: 97.0.4692.71 (adefa7837d02a..., userDataDir: /tmp/.com.google.Chrome.AUTT6j}, goog:chromeOptions: {debuggerAddress: localhost:43423}, javascriptEnabled: true, networkConnectionEnabled: false, pageLoadStrategy: normal, platform: LINUX, platformName: LINUX, proxy: Proxy(), se:cdp: ws://localhost:43423/devtoo..., se:cdpVersion: 97.0.4692.99, setWindowRect: true, strictFileInteractability: false, timeouts: {implicit: 0, pageLoad: 300000, script: 30000}, unhandledPromptBehavior: dismiss and notify, webauthn:extension:credBlob: true, webauthn:extension:largeBlob: true, webauthn:virtualAuthenticators: true}\nElement: [[ChromeDriver: chrome on LINUX (9c685379ad55609eb593f6e3d014502e)] -> xpath: //span/div[contains(text(),'Зареєструватися')]]\nSession ID: 9c685379ad55609eb593f6e3d014502e\n\tat sun.reflect.NativeConstructorAccessorImpl.newInstance0(Native Method)\n\tat sun.reflect.NativeConstructorAccessorImpl.newInstance(NativeConstructorAccessorImpl.java:62)\n\tat sun.reflect.DelegatingConstructorAccessorImpl.newInstance(DelegatingConstructorAccessorImpl.java:45)\n\tat java.lang.reflect.Constructor.newInstance(Constructor.java:423)\n\tat org.openqa.selenium.remote.codec.w3c.W3CHttpResponseCodec.createException(W3CHttpResponseCodec.java:200)\n\tat org.openqa.selenium.remote.codec.w3c.W3CHttpResponseCodec.decode(W3CHttpResponseCodec.java:133)\n\tat org.openqa.selenium.remote.codec.w3c.W3CHttpResponseCodec.decode(W3CHttpResponseCodec.java:53)\n\tat org.openqa.selenium.remote.HttpCommandExecutor.execute(HttpCommandExecutor.java:184)\n\tat org.openqa.selenium.remote.service.DriverCommandExecutor.invokeExecute(DriverCommandExecutor.java:164)\n\tat org.openqa.selenium.remote.service.DriverCommandExecutor.execute(DriverCommandExecutor.java:139)\n\tat org.openqa.selenium.remote.RemoteWebDriver.execute(RemoteWebDriver.java:559)\n\tat org.openqa.selenium.remote.RemoteWebElement.execute(RemoteWebElement.java:251)\n\tat org.openqa.selenium.remote.RemoteWebElement.click(RemoteWebElement.java:77)\n\tat com.ita.edu.teachua.ui.elements.base_element.BaseElement.click(BaseElement.java:21)\n\tat sun.reflect.NativeMethodAccessorImpl.invoke0(Native Method)\n\tat sun.reflect.NativeMethodAccessorImpl.invoke(NativeMethodAccessorImpl.java:62)\n\tat sun.reflect.DelegatingMethodAccessorImpl.invoke(DelegatingMethodAccessorImpl.java:43)\n\tat java.lang.reflect.Method.invoke(Method.java:498)\n\tat com.ita.edu.teachua.ui.pagefactory.ElementHandler.invoke(ElementHandler.java:46)\n\tat com.sun.proxy.$Proxy42.click(Unknown Source)\n\tat com.ita.edu.teachua.ui.pages.header_page.GuestDropdownComponent.clickOnRegisterButton(GuestDropdownComponent.java:26)\n\tat com.ita.edu.teachua.ui.tests.RegistrationTest.checkAlertsFieldsWhenEmpty(RegistrationTest.java:23)\n\tat sun.reflect.NativeMethodAccessorImpl.invoke0(Native Method)\n\tat sun.reflect.NativeMethodAccessorImpl.invoke(NativeMethodAccessorImpl.java:62)\n\tat sun.reflect.DelegatingMethodAccessorImpl.invoke(DelegatingMethodAccessorImpl.java:43)\n\tat java.lang.reflect.Method.invoke(Method.java:498)\n\tat org.testng.internal.MethodInvocationHelper.invokeMethod(MethodInvocationHelper.java:133)\n\tat org.testng.internal.TestInvoker.invokeMethod(TestInvoker.java:598)\n\tat org.testng.internal.TestInvoker.invokeTestMethod(TestInvoker.java:173)\n\tat org.testng.internal.MethodRunner.runInSequence(MethodRunner.java:46)\n\tat org.testng.internal.TestInvoker$MethodInvocationAgent.invoke(TestInvoker.java:824)\n\tat org.testng.internal.TestInvoker.invokeTestMethods(TestInvoker.java:146)\n\tat org.testng.internal.TestMethodWorker.invokeTestMethods(TestMethodWorker.java:146)\n\tat org.testng.internal.TestMethodWorker.run(TestMethodWorker.java:128)\n\tat java.util.ArrayList.forEach(ArrayList.java:1259)\n\tat org.testng.TestRunner.privateRun(TestRunner.java:794)\n\tat org.testng.TestRunner.run(TestRunner.java:596)\n\tat org.testng.SuiteRunner.runTest(SuiteRunner.java:377)\n\tat org.testng.SuiteRunner.access$000(SuiteRunner.java:28)\n\tat org.testng.SuiteRunner$SuiteWorker.run(SuiteRunner.java:418)\n\tat org.testng.internal.thread.ThreadUtil.lambda$execute$0(ThreadUtil.java:64)\n\tat java.util.concurrent.FutureTask.run(FutureTask.java:266)\n\tat java.util.concurrent.ThreadPoolExecutor.runWorker(ThreadPoolExecutor.java:1149)\n\tat java.util.concurrent.ThreadPoolExecutor$Worker.run(ThreadPoolExecutor.java:624)\n\tat java.lang.Thread.run(Thread.java:748)\n",
  "flaky" : false,
  "newFailed" : false,
  "beforeStages" : [ {
    "name" : "beforeMethod",
    "time" : {
      "start" : 1643284455860,
      "stop" : 1643284469037,
      "duration" : 13177
    },
    "description" : "",
    "status" : "passed",
    "steps" : [ ],
    "attachments" : [ ],
    "parameters" : [ ],
    "stepsCount" : 0,
    "attachmentsCount" : 0,
    "shouldDisplayMessage" : false,
    "hasContent" : false
  }, {
    "name" : "beforeSuite",
    "time" : {
      "start" : 1643284452642,
      "stop" : 1643284452652,
      "duration" : 10
    },
    "description" : "",
    "status" : "passed",
    "steps" : [ ],
    "attachments" : [ ],
    "parameters" : [ ],
    "stepsCount" : 0,
    "attachmentsCount" : 0,
    "shouldDisplayMessage" : false,
    "hasContent" : false
  }, {
    "name" : "beforeSuite",
    "time" : {
      "start" : 1643284452653,
      "stop" : 1643284455545,
      "duration" : 2892
    },
    "description" : "",
    "status" : "passed",
    "steps" : [ ],
    "attachments" : [ ],
    "parameters" : [ ],
    "stepsCount" : 0,
    "attachmentsCount" : 0,
    "shouldDisplayMessage" : false,
    "hasContent" : false
  }, {
    "name" : "beforeSuite",
    "time" : {
      "start" : 1643284455545,
      "stop" : 1643284455545,
      "duration" : 0
    },
    "description" : "",
    "status" : "passed",
    "steps" : [ ],
    "attachments" : [ ],
    "parameters" : [ ],
    "stepsCount" : 0,
    "attachmentsCount" : 0,
    "shouldDisplayMessage" : false,
    "hasContent" : false
  }, {
    "name" : "beforeSuite",
    "time" : {
      "start" : 1643284455545,
      "stop" : 1643284455545,
      "duration" : 0
    },
    "description" : "",
    "status" : "passed",
    "steps" : [ ],
    "attachments" : [ ],
    "parameters" : [ ],
    "stepsCount" : 0,
    "attachmentsCount" : 0,
    "shouldDisplayMessage" : false,
    "hasContent" : false
  }, {
    "name" : "beforeSuite",
    "time" : {
      "start" : 1643284455546,
      "stop" : 1643284455546,
      "duration" : 0
    },
    "description" : "",
    "status" : "passed",
    "steps" : [ ],
    "attachments" : [ ],
    "parameters" : [ ],
    "stepsCount" : 0,
    "attachmentsCount" : 0,
    "shouldDisplayMessage" : false,
    "hasContent" : false
  } ],
  "testStage" : {
    "description" : "TUA-483 Verify that error messages are shown for empty fields",
    "status" : "broken",
    "statusMessage" : "element click intercepted: Element <div>...</div> is not clickable at point (1196, 100). Other element would receive the click: <section class=\"ant-layout global-padding\">...</section>\n  (Session info: chrome=97.0.4692.99)\nBuild info: version: '4.1.0', revision: '87802e897b'\nSystem info: host: 'fv-az91-43', ip: '10.1.0.196', os.name: 'Linux', os.arch: 'amd64', os.version: '5.11.0-1027-azure', java.version: '1.8.0_292'\nDriver info: org.openqa.selenium.chrome.ChromeDriver\nCommand: [9c685379ad55609eb593f6e3d014502e, clickElement {id=271db595-1a2d-4dc8-ae8b-e84015028d34}]\nCapabilities {acceptInsecureCerts: false, browserName: chrome, browserVersion: 97.0.4692.99, chrome: {chromedriverVersion: 97.0.4692.71 (adefa7837d02a..., userDataDir: /tmp/.com.google.Chrome.AUTT6j}, goog:chromeOptions: {debuggerAddress: localhost:43423}, javascriptEnabled: true, networkConnectionEnabled: false, pageLoadStrategy: normal, platform: LINUX, platformName: LINUX, proxy: Proxy(), se:cdp: ws://localhost:43423/devtoo..., se:cdpVersion: 97.0.4692.99, setWindowRect: true, strictFileInteractability: false, timeouts: {implicit: 0, pageLoad: 300000, script: 30000}, unhandledPromptBehavior: dismiss and notify, webauthn:extension:credBlob: true, webauthn:extension:largeBlob: true, webauthn:virtualAuthenticators: true}\nElement: [[ChromeDriver: chrome on LINUX (9c685379ad55609eb593f6e3d014502e)] -> xpath: //span/div[contains(text(),'Зареєструватися')]]\nSession ID: 9c685379ad55609eb593f6e3d014502e",
    "statusTrace" : "org.openqa.selenium.ElementClickInterceptedException: element click intercepted: Element <div>...</div> is not clickable at point (1196, 100). Other element would receive the click: <section class=\"ant-layout global-padding\">...</section>\n  (Session info: chrome=97.0.4692.99)\nBuild info: version: '4.1.0', revision: '87802e897b'\nSystem info: host: 'fv-az91-43', ip: '10.1.0.196', os.name: 'Linux', os.arch: 'amd64', os.version: '5.11.0-1027-azure', java.version: '1.8.0_292'\nDriver info: org.openqa.selenium.chrome.ChromeDriver\nCommand: [9c685379ad55609eb593f6e3d014502e, clickElement {id=271db595-1a2d-4dc8-ae8b-e84015028d34}]\nCapabilities {acceptInsecureCerts: false, browserName: chrome, browserVersion: 97.0.4692.99, chrome: {chromedriverVersion: 97.0.4692.71 (adefa7837d02a..., userDataDir: /tmp/.com.google.Chrome.AUTT6j}, goog:chromeOptions: {debuggerAddress: localhost:43423}, javascriptEnabled: true, networkConnectionEnabled: false, pageLoadStrategy: normal, platform: LINUX, platformName: LINUX, proxy: Proxy(), se:cdp: ws://localhost:43423/devtoo..., se:cdpVersion: 97.0.4692.99, setWindowRect: true, strictFileInteractability: false, timeouts: {implicit: 0, pageLoad: 300000, script: 30000}, unhandledPromptBehavior: dismiss and notify, webauthn:extension:credBlob: true, webauthn:extension:largeBlob: true, webauthn:virtualAuthenticators: true}\nElement: [[ChromeDriver: chrome on LINUX (9c685379ad55609eb593f6e3d014502e)] -> xpath: //span/div[contains(text(),'Зареєструватися')]]\nSession ID: 9c685379ad55609eb593f6e3d014502e\n\tat sun.reflect.NativeConstructorAccessorImpl.newInstance0(Native Method)\n\tat sun.reflect.NativeConstructorAccessorImpl.newInstance(NativeConstructorAccessorImpl.java:62)\n\tat sun.reflect.DelegatingConstructorAccessorImpl.newInstance(DelegatingConstructorAccessorImpl.java:45)\n\tat java.lang.reflect.Constructor.newInstance(Constructor.java:423)\n\tat org.openqa.selenium.remote.codec.w3c.W3CHttpResponseCodec.createException(W3CHttpResponseCodec.java:200)\n\tat org.openqa.selenium.remote.codec.w3c.W3CHttpResponseCodec.decode(W3CHttpResponseCodec.java:133)\n\tat org.openqa.selenium.remote.codec.w3c.W3CHttpResponseCodec.decode(W3CHttpResponseCodec.java:53)\n\tat org.openqa.selenium.remote.HttpCommandExecutor.execute(HttpCommandExecutor.java:184)\n\tat org.openqa.selenium.remote.service.DriverCommandExecutor.invokeExecute(DriverCommandExecutor.java:164)\n\tat org.openqa.selenium.remote.service.DriverCommandExecutor.execute(DriverCommandExecutor.java:139)\n\tat org.openqa.selenium.remote.RemoteWebDriver.execute(RemoteWebDriver.java:559)\n\tat org.openqa.selenium.remote.RemoteWebElement.execute(RemoteWebElement.java:251)\n\tat org.openqa.selenium.remote.RemoteWebElement.click(RemoteWebElement.java:77)\n\tat com.ita.edu.teachua.ui.elements.base_element.BaseElement.click(BaseElement.java:21)\n\tat sun.reflect.NativeMethodAccessorImpl.invoke0(Native Method)\n\tat sun.reflect.NativeMethodAccessorImpl.invoke(NativeMethodAccessorImpl.java:62)\n\tat sun.reflect.DelegatingMethodAccessorImpl.invoke(DelegatingMethodAccessorImpl.java:43)\n\tat java.lang.reflect.Method.invoke(Method.java:498)\n\tat com.ita.edu.teachua.ui.pagefactory.ElementHandler.invoke(ElementHandler.java:46)\n\tat com.sun.proxy.$Proxy42.click(Unknown Source)\n\tat com.ita.edu.teachua.ui.pages.header_page.GuestDropdownComponent.clickOnRegisterButton(GuestDropdownComponent.java:26)\n\tat com.ita.edu.teachua.ui.tests.RegistrationTest.checkAlertsFieldsWhenEmpty(RegistrationTest.java:23)\n\tat sun.reflect.NativeMethodAccessorImpl.invoke0(Native Method)\n\tat sun.reflect.NativeMethodAccessorImpl.invoke(NativeMethodAccessorImpl.java:62)\n\tat sun.reflect.DelegatingMethodAccessorImpl.invoke(DelegatingMethodAccessorImpl.java:43)\n\tat java.lang.reflect.Method.invoke(Method.java:498)\n\tat org.testng.internal.MethodInvocationHelper.invokeMethod(MethodInvocationHelper.java:133)\n\tat org.testng.internal.TestInvoker.invokeMethod(TestInvoker.java:598)\n\tat org.testng.internal.TestInvoker.invokeTestMethod(TestInvoker.java:173)\n\tat org.testng.internal.MethodRunner.runInSequence(MethodRunner.java:46)\n\tat org.testng.internal.TestInvoker$MethodInvocationAgent.invoke(TestInvoker.java:824)\n\tat org.testng.internal.TestInvoker.invokeTestMethods(TestInvoker.java:146)\n\tat org.testng.internal.TestMethodWorker.invokeTestMethods(TestMethodWorker.java:146)\n\tat org.testng.internal.TestMethodWorker.run(TestMethodWorker.java:128)\n\tat java.util.ArrayList.forEach(ArrayList.java:1259)\n\tat org.testng.TestRunner.privateRun(TestRunner.java:794)\n\tat org.testng.TestRunner.run(TestRunner.java:596)\n\tat org.testng.SuiteRunner.runTest(SuiteRunner.java:377)\n\tat org.testng.SuiteRunner.access$000(SuiteRunner.java:28)\n\tat org.testng.SuiteRunner$SuiteWorker.run(SuiteRunner.java:418)\n\tat org.testng.internal.thread.ThreadUtil.lambda$execute$0(ThreadUtil.java:64)\n\tat java.util.concurrent.FutureTask.run(FutureTask.java:266)\n\tat java.util.concurrent.ThreadPoolExecutor.runWorker(ThreadPoolExecutor.java:1149)\n\tat java.util.concurrent.ThreadPoolExecutor$Worker.run(ThreadPoolExecutor.java:624)\n\tat java.lang.Thread.run(Thread.java:748)\n",
    "steps" : [ {
      "name" : "Click on guest dropdown",
      "time" : {
        "start" : 1643284469095,
        "stop" : 1643284469629,
        "duration" : 534
      },
      "status" : "passed",
      "steps" : [ ],
      "attachments" : [ ],
      "parameters" : [ ],
      "stepsCount" : 0,
      "attachmentsCount" : 0,
      "shouldDisplayMessage" : false,
      "hasContent" : false
    }, {
      "name" : "Click on register button",
      "time" : {
        "start" : 1643284469629,
        "stop" : 1643284480577,
        "duration" : 10948
      },
      "status" : "broken",
      "statusMessage" : "element click intercepted: Element <div>...</div> is not clickable at point (1196, 100). Other element would receive the click: <section class=\"ant-layout global-padding\">...</section>\n  (Session info: chrome=97.0.4692.99)\nBuild info: version: '4.1.0', revision: '87802e897b'\nSystem info: host: 'fv-az91-43', ip: '10.1.0.196', os.name: 'Linux', os.arch: 'amd64', os.version: '5.11.0-1027-azure', java.version: '1.8.0_292'\nDriver info: org.openqa.selenium.chrome.ChromeDriver\nCommand: [9c685379ad55609eb593f6e3d014502e, clickElement {id=271db595-1a2d-4dc8-ae8b-e84015028d34}]\nCapabilities {acceptInsecureCerts: false, browserName: chrome, browserVersion: 97.0.4692.99, chrome: {chromedriverVersion: 97.0.4692.71 (adefa7837d02a..., userDataDir: /tmp/.com.google.Chrome.AUTT6j}, goog:chromeOptions: {debuggerAddress: localhost:43423}, javascriptEnabled: true, networkConnectionEnabled: false, pageLoadStrategy: normal, platform: LINUX, platformName: LINUX, proxy: Proxy(), se:cdp: ws://localhost:43423/devtoo..., se:cdpVersion: 97.0.4692.99, setWindowRect: true, strictFileInteractability: false, timeouts: {implicit: 0, pageLoad: 300000, script: 30000}, unhandledPromptBehavior: dismiss and notify, webauthn:extension:credBlob: true, webauthn:extension:largeBlob: true, webauthn:virtualAuthenticators: true}\nElement: [[ChromeDriver: chrome on LINUX (9c685379ad55609eb593f6e3d014502e)] -> xpath: //span/div[contains(text(),'Зареєструватися')]]\nSession ID: 9c685379ad55609eb593f6e3d014502e",
      "statusTrace" : "org.openqa.selenium.ElementClickInterceptedException: element click intercepted: Element <div>...</div> is not clickable at point (1196, 100). Other element would receive the click: <section class=\"ant-layout global-padding\">...</section>\n  (Session info: chrome=97.0.4692.99)\nBuild info: version: '4.1.0', revision: '87802e897b'\nSystem info: host: 'fv-az91-43', ip: '10.1.0.196', os.name: 'Linux', os.arch: 'amd64', os.version: '5.11.0-1027-azure', java.version: '1.8.0_292'\nDriver info: org.openqa.selenium.chrome.ChromeDriver\nCommand: [9c685379ad55609eb593f6e3d014502e, clickElement {id=271db595-1a2d-4dc8-ae8b-e84015028d34}]\nCapabilities {acceptInsecureCerts: false, browserName: chrome, browserVersion: 97.0.4692.99, chrome: {chromedriverVersion: 97.0.4692.71 (adefa7837d02a..., userDataDir: /tmp/.com.google.Chrome.AUTT6j}, goog:chromeOptions: {debuggerAddress: localhost:43423}, javascriptEnabled: true, networkConnectionEnabled: false, pageLoadStrategy: normal, platform: LINUX, platformName: LINUX, proxy: Proxy(), se:cdp: ws://localhost:43423/devtoo..., se:cdpVersion: 97.0.4692.99, setWindowRect: true, strictFileInteractability: false, timeouts: {implicit: 0, pageLoad: 300000, script: 30000}, unhandledPromptBehavior: dismiss and notify, webauthn:extension:credBlob: true, webauthn:extension:largeBlob: true, webauthn:virtualAuthenticators: true}\nElement: [[ChromeDriver: chrome on LINUX (9c685379ad55609eb593f6e3d014502e)] -> xpath: //span/div[contains(text(),'Зареєструватися')]]\nSession ID: 9c685379ad55609eb593f6e3d014502e\n\tat sun.reflect.NativeConstructorAccessorImpl.newInstance0(Native Method)\n\tat sun.reflect.NativeConstructorAccessorImpl.newInstance(NativeConstructorAccessorImpl.java:62)\n\tat sun.reflect.DelegatingConstructorAccessorImpl.newInstance(DelegatingConstructorAccessorImpl.java:45)\n\tat java.lang.reflect.Constructor.newInstance(Constructor.java:423)\n\tat org.openqa.selenium.remote.codec.w3c.W3CHttpResponseCodec.createException(W3CHttpResponseCodec.java:200)\n\tat org.openqa.selenium.remote.codec.w3c.W3CHttpResponseCodec.decode(W3CHttpResponseCodec.java:133)\n\tat org.openqa.selenium.remote.codec.w3c.W3CHttpResponseCodec.decode(W3CHttpResponseCodec.java:53)\n\tat org.openqa.selenium.remote.HttpCommandExecutor.execute(HttpCommandExecutor.java:184)\n\tat org.openqa.selenium.remote.service.DriverCommandExecutor.invokeExecute(DriverCommandExecutor.java:164)\n\tat org.openqa.selenium.remote.service.DriverCommandExecutor.execute(DriverCommandExecutor.java:139)\n\tat org.openqa.selenium.remote.RemoteWebDriver.execute(RemoteWebDriver.java:559)\n\tat org.openqa.selenium.remote.RemoteWebElement.execute(RemoteWebElement.java:251)\n\tat org.openqa.selenium.remote.RemoteWebElement.click(RemoteWebElement.java:77)\n\tat com.ita.edu.teachua.ui.elements.base_element.BaseElement.click(BaseElement.java:21)\n\tat sun.reflect.NativeMethodAccessorImpl.invoke0(Native Method)\n\tat sun.reflect.NativeMethodAccessorImpl.invoke(NativeMethodAccessorImpl.java:62)\n\tat sun.reflect.DelegatingMethodAccessorImpl.invoke(DelegatingMethodAccessorImpl.java:43)\n\tat java.lang.reflect.Method.invoke(Method.java:498)\n\tat com.ita.edu.teachua.ui.pagefactory.ElementHandler.invoke(ElementHandler.java:46)\n\tat com.sun.proxy.$Proxy42.click(Unknown Source)\n\tat com.ita.edu.teachua.ui.pages.header_page.GuestDropdownComponent.clickOnRegisterButton(GuestDropdownComponent.java:26)\n\tat com.ita.edu.teachua.ui.tests.RegistrationTest.checkAlertsFieldsWhenEmpty(RegistrationTest.java:23)\n\tat sun.reflect.NativeMethodAccessorImpl.invoke0(Native Method)\n\tat sun.reflect.NativeMethodAccessorImpl.invoke(NativeMethodAccessorImpl.java:62)\n\tat sun.reflect.DelegatingMethodAccessorImpl.invoke(DelegatingMethodAccessorImpl.java:43)\n\tat java.lang.reflect.Method.invoke(Method.java:498)\n\tat org.testng.internal.MethodInvocationHelper.invokeMethod(MethodInvocationHelper.java:133)\n\tat org.testng.internal.TestInvoker.invokeMethod(TestInvoker.java:598)\n\tat org.testng.internal.TestInvoker.invokeTestMethod(TestInvoker.java:173)\n\tat org.testng.internal.MethodRunner.runInSequence(MethodRunner.java:46)\n\tat org.testng.internal.TestInvoker$MethodInvocationAgent.invoke(TestInvoker.java:824)\n\tat org.testng.internal.TestInvoker.invokeTestMethods(TestInvoker.java:146)\n\tat org.testng.internal.TestMethodWorker.invokeTestMethods(TestMethodWorker.java:146)\n\tat org.testng.internal.TestMethodWorker.run(TestMethodWorker.java:128)\n\tat java.util.ArrayList.forEach(ArrayList.java:1259)\n\tat org.testng.TestRunner.privateRun(TestRunner.java:794)\n\tat org.testng.TestRunner.run(TestRunner.java:596)\n\tat org.testng.SuiteRunner.runTest(SuiteRunner.java:377)\n\tat org.testng.SuiteRunner.access$000(SuiteRunner.java:28)\n\tat org.testng.SuiteRunner$SuiteWorker.run(SuiteRunner.java:418)\n\tat org.testng.internal.thread.ThreadUtil.lambda$execute$0(ThreadUtil.java:64)\n\tat java.util.concurrent.FutureTask.run(FutureTask.java:266)\n\tat java.util.concurrent.ThreadPoolExecutor.runWorker(ThreadPoolExecutor.java:1149)\n\tat java.util.concurrent.ThreadPoolExecutor$Worker.run(ThreadPoolExecutor.java:624)\n\tat java.lang.Thread.run(Thread.java:748)\n",
      "steps" : [ ],
      "attachments" : [ ],
      "parameters" : [ ],
      "stepsCount" : 0,
      "attachmentsCount" : 0,
      "shouldDisplayMessage" : true,
      "hasContent" : true
    } ],
    "attachments" : [ {
      "uid" : "be3c31b408e7d96b",
      "name" : "Logs for thread 14",
      "source" : "be3c31b408e7d96b.log",
      "type" : "text/plain",
      "size" : 4
    }, {
      "uid" : "1562ac82e7e59f7f",
      "name" : "Page screenshot",
      "source" : "1562ac82e7e59f7f.png",
      "type" : "image/png",
      "size" : 590246
    } ],
    "parameters" : [ ],
    "stepsCount" : 2,
    "attachmentsCount" : 2,
    "shouldDisplayMessage" : false,
    "hasContent" : true
  },
  "afterStages" : [ {
    "name" : "afterMethod",
    "time" : {
      "start" : 1643284480999,
      "stop" : 1643284481118,
      "duration" : 119
    },
    "description" : "",
    "status" : "passed",
    "steps" : [ ],
    "attachments" : [ ],
    "parameters" : [ ],
    "stepsCount" : 0,
    "attachmentsCount" : 0,
    "shouldDisplayMessage" : false,
    "hasContent" : false
  } ],
  "labels" : [ {
    "name" : "package",
    "value" : "com.ita.edu.teachua.ui.tests.RegistrationTest"
  }, {
    "name" : "testClass",
    "value" : "com.ita.edu.teachua.ui.tests.RegistrationTest"
  }, {
    "name" : "testMethod",
    "value" : "checkAlertsFieldsWhenEmpty"
  }, {
    "name" : "parentSuite",
    "value" : "Test Suite"
  }, {
    "name" : "suite",
    "value" : "UI Tests"
  }, {
    "name" : "subSuite",
    "value" : "com.ita.edu.teachua.ui.tests.RegistrationTest"
  }, {
    "name" : "host",
    "value" : "fv-az91-43"
  }, {
    "name" : "thread",
    "value" : "2761@fv-az91-43.TestNG-tests-2(14)"
  }, {
    "name" : "framework",
    "value" : "testng"
  }, {
    "name" : "language",
    "value" : "java"
  }, {
    "name" : "resultFormat",
    "value" : "allure2"
  } ],
  "parameters" : [ ],
  "links" : [ {
    "name" : "TUA-483",
    "type" : "issue"
  } ],
  "hidden" : false,
  "retry" : false,
  "extra" : {
    "severity" : "normal",
    "retries" : [ ],
    "categories" : [ {
      "name" : "Test defects",
      "matchedStatuses" : [ ],
      "flaky" : false
    } ],
    "history" : {
      "statistic" : {
        "failed" : 1,
        "broken" : 16,
        "skipped" : 0,
        "passed" : 48,
        "unknown" : 0,
        "total" : 65
      },
      "items" : [ {
        "uid" : "a548b9941bab05e1",
        "reportUrl" : "https://ita-social-projects.github.io/TeachUA_TA/101//#testresult/a548b9941bab05e1",
        "status" : "passed",
        "time" : {
          "start" : 1643278982270,
          "stop" : 1643278985094,
          "duration" : 2824
        }
      }, {
        "uid" : "e1eb4656a5e81c30",
        "reportUrl" : "https://ita-social-projects.github.io/TeachUA_TA/101//#testresult/e1eb4656a5e81c30",
        "status" : "passed",
        "time" : {
          "start" : 1643277045294,
          "stop" : 1643277048148,
          "duration" : 2854
        }
      }, {
        "uid" : "e13c0083f6463f19",
        "reportUrl" : "https://ita-social-projects.github.io/TeachUA_TA/100//#testresult/e13c0083f6463f19",
        "status" : "broken",
        "statusDetails" : "element not interactable\n  (Session info: chrome=97.0.4692.71)\nBuild info: version: '4.1.0', revision: '87802e897b'\nSystem info: host: 'fv-az91-939', ip: '10.1.1.35', os.name: 'Linux', os.arch: 'amd64', os.version: '5.11.0-1027-azure', java.version: '1.8.0_292'\nDriver info: org.openqa.selenium.chrome.ChromeDriver\nCommand: [32902b29d53965cd8c3b78a362cb26b1, clickElement {id=f151f246-1637-4500-908b-e34a143edf2d}]\nCapabilities {acceptInsecureCerts: false, browserName: chrome, browserVersion: 97.0.4692.71, chrome: {chromedriverVersion: 97.0.4692.71 (adefa7837d02a..., userDataDir: /tmp/.com.google.Chrome.dWLPHN}, goog:chromeOptions: {debuggerAddress: localhost:43341}, javascriptEnabled: true, networkConnectionEnabled: false, pageLoadStrategy: normal, platform: LINUX, platformName: LINUX, proxy: Proxy(), se:cdp: ws://localhost:43341/devtoo..., se:cdpVersion: 97.0.4692.71, setWindowRect: true, strictFileInteractability: false, timeouts: {implicit: 0, pageLoad: 300000, script: 30000}, unhandledPromptBehavior: dismiss and notify, webauthn:extension:credBlob: true, webauthn:extension:largeBlob: true, webauthn:virtualAuthenticators: true}\nElement: [[ChromeDriver: chrome on LINUX (32902b29d53965cd8c3b78a362cb26b1)] -> xpath: //span/div[contains(text(),'Зареєструватися')]]\nSession ID: 32902b29d53965cd8c3b78a362cb26b1",
        "time" : {
          "start" : 1643227256436,
          "stop" : 1643227268023,
          "duration" : 11587
        }
      }, {
        "uid" : "8545e797601d4220",
        "reportUrl" : "https://ita-social-projects.github.io/TeachUA_TA/98//#testresult/8545e797601d4220",
        "status" : "failed",
        "statusDetails" : "The following asserts failed:\n\texpected [true] but found [false],\n\texpected [true] but found [false],\n\texpected [true] but found [false],\n\texpected [true] but found [false],\n\texpected [true] but found [false],\n\texpected [true] but found [false]",
        "time" : {
          "start" : 1643211645611,
          "stop" : 1643211657390,
          "duration" : 11779
        }
      }, {
        "uid" : "5fea2104b5805d38",
        "reportUrl" : "https://ita-social-projects.github.io/TeachUA_TA/97//#testresult/5fea2104b5805d38",
        "status" : "passed",
        "time" : {
          "start" : 1643188520222,
          "stop" : 1643188523035,
          "duration" : 2813
        }
      }, {
        "uid" : "4d6ab61fad6190a3",
        "reportUrl" : "https://ita-social-projects.github.io/TeachUA_TA/96//#testresult/4d6ab61fad6190a3",
        "status" : "passed",
        "time" : {
          "start" : 1643188459085,
          "stop" : 1643188462110,
          "duration" : 3025
        }
      }, {
        "uid" : "b1032d02e8c759c2",
        "reportUrl" : "https://ita-social-projects.github.io/TeachUA_TA/95//#testresult/b1032d02e8c759c2",
        "status" : "passed",
        "time" : {
          "start" : 1643188392175,
          "stop" : 1643188394897,
          "duration" : 2722
        }
      }, {
        "uid" : "2f9b5535f2699982",
        "reportUrl" : "https://ita-social-projects.github.io/TeachUA_TA/94//#testresult/2f9b5535f2699982",
        "status" : "passed",
        "time" : {
          "start" : 1643184903137,
          "stop" : 1643184906157,
          "duration" : 3020
        }
      }, {
        "uid" : "75f9b972c3940669",
        "reportUrl" : "https://ita-social-projects.github.io/TeachUA_TA/93//#testresult/75f9b972c3940669",
        "status" : "passed",
        "time" : {
          "start" : 1643180984056,
          "stop" : 1643180987442,
          "duration" : 3386
        }
      }, {
        "uid" : "d0d5805901abdbaf",
        "reportUrl" : "https://ita-social-projects.github.io/TeachUA_TA/92//#testresult/d0d5805901abdbaf",
        "status" : "broken",
        "statusDetails" : "element not interactable\n  (Session info: chrome=97.0.4692.71)\nBuild info: version: '4.1.0', revision: '87802e897b'\nSystem info: host: 'fv-az203-521', ip: '10.1.0.58', os.name: 'Linux', os.arch: 'amd64', os.version: '5.11.0-1027-azure', java.version: '1.8.0_292'\nDriver info: org.openqa.selenium.chrome.ChromeDriver\nCommand: [29af9dc46d67f32a71b85a806ac5526a, clickElement {id=4d9696c3-d509-4c14-9f9b-6bdb7988e7ef}]\nCapabilities {acceptInsecureCerts: false, browserName: chrome, browserVersion: 97.0.4692.71, chrome: {chromedriverVersion: 97.0.4692.71 (adefa7837d02a..., userDataDir: /tmp/.com.google.Chrome.oPy9Sy}, goog:chromeOptions: {debuggerAddress: localhost:33721}, javascriptEnabled: true, networkConnectionEnabled: false, pageLoadStrategy: normal, platform: LINUX, platformName: LINUX, proxy: Proxy(), se:cdp: ws://localhost:33721/devtoo..., se:cdpVersion: 97.0.4692.71, setWindowRect: true, strictFileInteractability: false, timeouts: {implicit: 0, pageLoad: 300000, script: 30000}, unhandledPromptBehavior: dismiss and notify, webauthn:extension:credBlob: true, webauthn:extension:largeBlob: true, webauthn:virtualAuthenticators: true}\nElement: [[ChromeDriver: chrome on LINUX (29af9dc46d67f32a71b85a806ac5526a)] -> xpath: //span/div[contains(text(),'Зареєструватися')]]\nSession ID: 29af9dc46d67f32a71b85a806ac5526a",
        "time" : {
          "start" : 1643141421825,
          "stop" : 1643141433596,
          "duration" : 11771
        }
      }, {
        "uid" : "56d489db5e05557",
        "reportUrl" : "https://ita-social-projects.github.io/TeachUA_TA/91//#testresult/56d489db5e05557",
        "status" : "passed",
        "time" : {
          "start" : 1643141400490,
          "stop" : 1643141403257,
          "duration" : 2767
        }
      }, {
        "uid" : "308e465ad8623513",
        "reportUrl" : "https://ita-social-projects.github.io/TeachUA_TA/90//#testresult/308e465ad8623513",
        "status" : "broken",
        "statusDetails" : "element not interactable\n  (Session info: chrome=97.0.4692.71)\nBuild info: version: '4.1.0', revision: '87802e897b'\nSystem info: host: 'fv-az75-82', ip: '10.1.0.250', os.name: 'Linux', os.arch: 'amd64', os.version: '5.11.0-1027-azure', java.version: '1.8.0_292'\nDriver info: org.openqa.selenium.chrome.ChromeDriver\nCommand: [a8d12a0d37f582a87201caa5060f4cb0, clickElement {id=415ff628-4f99-4207-959d-d430775eb55a}]\nCapabilities {acceptInsecureCerts: false, browserName: chrome, browserVersion: 97.0.4692.71, chrome: {chromedriverVersion: 97.0.4692.71 (adefa7837d02a..., userDataDir: /tmp/.com.google.Chrome.8E8j5z}, goog:chromeOptions: {debuggerAddress: localhost:33201}, javascriptEnabled: true, networkConnectionEnabled: false, pageLoadStrategy: normal, platform: LINUX, platformName: LINUX, proxy: Proxy(), se:cdp: ws://localhost:33201/devtoo..., se:cdpVersion: 97.0.4692.71, setWindowRect: true, strictFileInteractability: false, timeouts: {implicit: 0, pageLoad: 300000, script: 30000}, unhandledPromptBehavior: dismiss and notify, webauthn:extension:credBlob: true, webauthn:extension:largeBlob: true, webauthn:virtualAuthenticators: true}\nElement: [[ChromeDriver: chrome on LINUX (a8d12a0d37f582a87201caa5060f4cb0)] -> xpath: //span/div[contains(text(),'Зареєструватися')]]\nSession ID: a8d12a0d37f582a87201caa5060f4cb0",
        "time" : {
          "start" : 1643141052754,
          "stop" : 1643141064645,
          "duration" : 11891
        }
      }, {
        "uid" : "faf8e3f0d86eecf7",
        "reportUrl" : "https://ita-social-projects.github.io/TeachUA_TA/85//#testresult/faf8e3f0d86eecf7",
        "status" : "passed",
        "time" : {
          "start" : 1643140565549,
          "stop" : 1643140568221,
          "duration" : 2672
        }
      }, {
        "uid" : "3b8d57b586895750",
        "reportUrl" : "https://ita-social-projects.github.io/TeachUA_TA/84//#testresult/3b8d57b586895750",
        "status" : "passed",
        "time" : {
          "start" : 1643139803110,
          "stop" : 1643139805952,
          "duration" : 2842
        }
      }, {
        "uid" : "919c188f579a9abf",
        "reportUrl" : "https://ita-social-projects.github.io/TeachUA_TA/83//#testresult/919c188f579a9abf",
        "status" : "broken",
        "statusDetails" : "element not interactable\n  (Session info: chrome=97.0.4692.71)\nBuild info: version: '4.1.0', revision: '87802e897b'\nSystem info: host: 'fv-az191-415', ip: '10.1.0.65', os.name: 'Linux', os.arch: 'amd64', os.version: '5.11.0-1027-azure', java.version: '1.8.0_292'\nDriver info: org.openqa.selenium.chrome.ChromeDriver\nCommand: [35183c3256ff5549cb8b39b0de2e8bb1, clickElement {id=eefff0c6-00d5-421a-be78-a227b95faa33}]\nCapabilities {acceptInsecureCerts: false, browserName: chrome, browserVersion: 97.0.4692.71, chrome: {chromedriverVersion: 97.0.4692.71 (adefa7837d02a..., userDataDir: /tmp/.com.google.Chrome.GE76rd}, goog:chromeOptions: {debuggerAddress: localhost:43503}, javascriptEnabled: true, networkConnectionEnabled: false, pageLoadStrategy: normal, platform: LINUX, platformName: LINUX, proxy: Proxy(), se:cdp: ws://localhost:43503/devtoo..., se:cdpVersion: 97.0.4692.71, setWindowRect: true, strictFileInteractability: false, timeouts: {implicit: 0, pageLoad: 300000, script: 30000}, unhandledPromptBehavior: dismiss and notify, webauthn:extension:credBlob: true, webauthn:extension:largeBlob: true, webauthn:virtualAuthenticators: true}\nElement: [[ChromeDriver: chrome on LINUX (35183c3256ff5549cb8b39b0de2e8bb1)] -> xpath: //span/div[contains(text(),'Зареєструватися')]]\nSession ID: 35183c3256ff5549cb8b39b0de2e8bb1",
        "time" : {
          "start" : 1643139186602,
          "stop" : 1643139198672,
          "duration" : 12070
        }
      }, {
        "uid" : "8d395942dd8939d5",
        "reportUrl" : "https://ita-social-projects.github.io/TeachUA_TA/82//#testresult/8d395942dd8939d5",
        "status" : "broken",
        "statusDetails" : "element not interactable\n  (Session info: chrome=97.0.4692.71)\nBuild info: version: '4.1.0', revision: '87802e897b'\nSystem info: host: 'fv-az202-534', ip: '10.1.0.11', os.name: 'Linux', os.arch: 'amd64', os.version: '5.11.0-1027-azure', java.version: '1.8.0_292'\nDriver info: org.openqa.selenium.chrome.ChromeDriver\nCommand: [b3773c261a28c1e3aace9c595c3fa891, clickElement {id=f21a9e67-56cf-4500-96b7-7f72031f2c6c}]\nCapabilities {acceptInsecureCerts: false, browserName: chrome, browserVersion: 97.0.4692.71, chrome: {chromedriverVersion: 97.0.4692.71 (adefa7837d02a..., userDataDir: /tmp/.com.google.Chrome.tOwlrx}, goog:chromeOptions: {debuggerAddress: localhost:32865}, javascriptEnabled: true, networkConnectionEnabled: false, pageLoadStrategy: normal, platform: LINUX, platformName: LINUX, proxy: Proxy(), se:cdp: ws://localhost:32865/devtoo..., se:cdpVersion: 97.0.4692.71, setWindowRect: true, strictFileInteractability: false, timeouts: {implicit: 0, pageLoad: 300000, script: 30000}, unhandledPromptBehavior: dismiss and notify, webauthn:extension:credBlob: true, webauthn:extension:largeBlob: true, webauthn:virtualAuthenticators: true}\nElement: [[ChromeDriver: chrome on LINUX (b3773c261a28c1e3aace9c595c3fa891)] -> xpath: //span/div[contains(text(),'Зареєструватися')]]\nSession ID: b3773c261a28c1e3aace9c595c3fa891",
        "time" : {
          "start" : 1643138213720,
          "stop" : 1643138225378,
          "duration" : 11658
        }
      }, {
        "uid" : "67270ee67ccd3422",
        "reportUrl" : "https://ita-social-projects.github.io/TeachUA_TA/81//#testresult/67270ee67ccd3422",
        "status" : "passed",
        "time" : {
          "start" : 1643138080765,
          "stop" : 1643138084450,
          "duration" : 3685
        }
      }, {
        "uid" : "80ac95b1ec2d89e1",
        "reportUrl" : "https://ita-social-projects.github.io/TeachUA_TA/80//#testresult/80ac95b1ec2d89e1",
        "status" : "broken",
        "statusDetails" : "element not interactable\n  (Session info: chrome=97.0.4692.71)\nBuild info: version: '4.1.0', revision: '87802e897b'\nSystem info: host: 'fv-az75-82', ip: '10.1.0.89', os.name: 'Linux', os.arch: 'amd64', os.version: '5.11.0-1027-azure', java.version: '1.8.0_292'\nDriver info: org.openqa.selenium.chrome.ChromeDriver\nCommand: [3f3a03695ee0d23da8483ab236dbf17a, clickElement {id=71dd7d21-710d-4824-8d08-feb9466d4a28}]\nCapabilities {acceptInsecureCerts: false, browserName: chrome, browserVersion: 97.0.4692.71, chrome: {chromedriverVersion: 97.0.4692.71 (adefa7837d02a..., userDataDir: /tmp/.com.google.Chrome.BStNz3}, goog:chromeOptions: {debuggerAddress: localhost:38575}, javascriptEnabled: true, networkConnectionEnabled: false, pageLoadStrategy: normal, platform: LINUX, platformName: LINUX, proxy: Proxy(), se:cdp: ws://localhost:38575/devtoo..., se:cdpVersion: 97.0.4692.71, setWindowRect: true, strictFileInteractability: false, timeouts: {implicit: 0, pageLoad: 300000, script: 30000}, unhandledPromptBehavior: dismiss and notify, webauthn:extension:credBlob: true, webauthn:extension:largeBlob: true, webauthn:virtualAuthenticators: true}\nElement: [[ChromeDriver: chrome on LINUX (3f3a03695ee0d23da8483ab236dbf17a)] -> xpath: //span/div[contains(text(),'Зареєструватися')]]\nSession ID: 3f3a03695ee0d23da8483ab236dbf17a",
        "time" : {
          "start" : 1643136886372,
          "stop" : 1643136898209,
          "duration" : 11837
        }
      }, {
        "uid" : "5cf95d4ac59ec46b",
        "reportUrl" : "https://ita-social-projects.github.io/TeachUA_TA/79//#testresult/5cf95d4ac59ec46b",
        "status" : "passed",
        "time" : {
          "start" : 1643136823529,
          "stop" : 1643136826501,
          "duration" : 2972
        }
      }, {
        "uid" : "e41ba3d9186680bd",
        "reportUrl" : "https://ita-social-projects.github.io/TeachUA_TA/78//#testresult/e41ba3d9186680bd",
        "status" : "passed",
        "time" : {
          "start" : 1643135976474,
          "stop" : 1643135979197,
          "duration" : 2723
        }
      } ]
    },
    "tags" : [ ]
  },
  "source" : "f0633c8df2ee1a4c.json",
  "parameterValues" : [ ]
}