{
  "uid" : "112abf531c99d6bd",
  "name" : "TUA-428",
  "fullName" : "com.ita.edu.teachua.ui.tests.BasicSearchTest.checkInvalidSymbolsAndQuantityPaste",
  "historyId" : "9370f7af46fc96298912928a455092df",
  "time" : {
    "start" : 1642694387341,
    "stop" : 1642694387545,
    "duration" : 204
  },
  "description" : "Verify search field behavior for invalid number of symbols pasted",
  "descriptionHtml" : "<p>Verify search field behavior for invalid number of symbols pasted</p>\n",
  "status" : "broken",
  "statusMessage" : "\nNo X11 DISPLAY variable was set, but this program performed an operation which requires it.",
  "statusTrace" : "java.awt.HeadlessException: \nNo X11 DISPLAY variable was set, but this program performed an operation which requires it.\n\tat sun.awt.HeadlessToolkit.getSystemClipboard(HeadlessToolkit.java:309)\n\tat com.ita.edu.teachua.ui.pages.main_page.MainPage.pasteClipBoardStringInSearchField(MainPage.java:62)\n\tat com.ita.edu.teachua.ui.tests.BasicSearchTest.checkInvalidSymbolsAndQuantityPaste(BasicSearchTest.java:67)\n\tat sun.reflect.NativeMethodAccessorImpl.invoke0(Native Method)\n\tat sun.reflect.NativeMethodAccessorImpl.invoke(NativeMethodAccessorImpl.java:62)\n\tat sun.reflect.DelegatingMethodAccessorImpl.invoke(DelegatingMethodAccessorImpl.java:43)\n\tat java.lang.reflect.Method.invoke(Method.java:498)\n\tat org.testng.internal.MethodInvocationHelper.invokeMethod(MethodInvocationHelper.java:133)\n\tat org.testng.internal.TestInvoker.invokeMethod(TestInvoker.java:598)\n\tat org.testng.internal.TestInvoker.invokeTestMethod(TestInvoker.java:173)\n\tat org.testng.internal.MethodRunner.runInSequence(MethodRunner.java:46)\n\tat org.testng.internal.TestInvoker$MethodInvocationAgent.invoke(TestInvoker.java:824)\n\tat org.testng.internal.TestInvoker.invokeTestMethods(TestInvoker.java:146)\n\tat org.testng.internal.TestMethodWorker.invokeTestMethods(TestMethodWorker.java:146)\n\tat org.testng.internal.TestMethodWorker.run(TestMethodWorker.java:128)\n\tat java.util.ArrayList.forEach(ArrayList.java:1259)\n\tat org.testng.TestRunner.privateRun(TestRunner.java:794)\n\tat org.testng.TestRunner.run(TestRunner.java:596)\n\tat org.testng.SuiteRunner.runTest(SuiteRunner.java:377)\n\tat org.testng.SuiteRunner.access$000(SuiteRunner.java:28)\n\tat org.testng.SuiteRunner$SuiteWorker.run(SuiteRunner.java:418)\n\tat org.testng.internal.thread.ThreadUtil.lambda$execute$0(ThreadUtil.java:64)\n\tat java.util.concurrent.FutureTask.run(FutureTask.java:266)\n\tat java.util.concurrent.ThreadPoolExecutor.runWorker(ThreadPoolExecutor.java:1149)\n\tat java.util.concurrent.ThreadPoolExecutor$Worker.run(ThreadPoolExecutor.java:624)\n\tat java.lang.Thread.run(Thread.java:748)\n",
  "flaky" : false,
  "newFailed" : false,
  "beforeStages" : [ {
    "name" : "beforeMethod",
    "time" : {
      "start" : 1642694383167,
      "stop" : 1642694387340,
      "duration" : 4173
    },
    "description" : "",
    "status" : "passed",
    "steps" : [ ],
    "attachments" : [ ],
    "parameters" : [ ],
    "stepsCount" : 0,
    "attachmentsCount" : 0,
    "shouldDisplayMessage" : false,
    "hasContent" : false
  }, {
    "name" : "beforeSuite",
    "time" : {
      "start" : 1642693776500,
      "stop" : 1642693780005,
      "duration" : 3505
    },
    "description" : "",
    "status" : "passed",
    "steps" : [ ],
    "attachments" : [ ],
    "parameters" : [ ],
    "stepsCount" : 0,
    "attachmentsCount" : 0,
    "shouldDisplayMessage" : false,
    "hasContent" : false
  } ],
  "testStage" : {
    "description" : "Verify search field behavior for invalid number of symbols pasted",
    "status" : "broken",
    "statusMessage" : "\nNo X11 DISPLAY variable was set, but this program performed an operation which requires it.",
    "statusTrace" : "java.awt.HeadlessException: \nNo X11 DISPLAY variable was set, but this program performed an operation which requires it.\n\tat sun.awt.HeadlessToolkit.getSystemClipboard(HeadlessToolkit.java:309)\n\tat com.ita.edu.teachua.ui.pages.main_page.MainPage.pasteClipBoardStringInSearchField(MainPage.java:62)\n\tat com.ita.edu.teachua.ui.tests.BasicSearchTest.checkInvalidSymbolsAndQuantityPaste(BasicSearchTest.java:67)\n\tat sun.reflect.NativeMethodAccessorImpl.invoke0(Native Method)\n\tat sun.reflect.NativeMethodAccessorImpl.invoke(NativeMethodAccessorImpl.java:62)\n\tat sun.reflect.DelegatingMethodAccessorImpl.invoke(DelegatingMethodAccessorImpl.java:43)\n\tat java.lang.reflect.Method.invoke(Method.java:498)\n\tat org.testng.internal.MethodInvocationHelper.invokeMethod(MethodInvocationHelper.java:133)\n\tat org.testng.internal.TestInvoker.invokeMethod(TestInvoker.java:598)\n\tat org.testng.internal.TestInvoker.invokeTestMethod(TestInvoker.java:173)\n\tat org.testng.internal.MethodRunner.runInSequence(MethodRunner.java:46)\n\tat org.testng.internal.TestInvoker$MethodInvocationAgent.invoke(TestInvoker.java:824)\n\tat org.testng.internal.TestInvoker.invokeTestMethods(TestInvoker.java:146)\n\tat org.testng.internal.TestMethodWorker.invokeTestMethods(TestMethodWorker.java:146)\n\tat org.testng.internal.TestMethodWorker.run(TestMethodWorker.java:128)\n\tat java.util.ArrayList.forEach(ArrayList.java:1259)\n\tat org.testng.TestRunner.privateRun(TestRunner.java:794)\n\tat org.testng.TestRunner.run(TestRunner.java:596)\n\tat org.testng.SuiteRunner.runTest(SuiteRunner.java:377)\n\tat org.testng.SuiteRunner.access$000(SuiteRunner.java:28)\n\tat org.testng.SuiteRunner$SuiteWorker.run(SuiteRunner.java:418)\n\tat org.testng.internal.thread.ThreadUtil.lambda$execute$0(ThreadUtil.java:64)\n\tat java.util.concurrent.FutureTask.run(FutureTask.java:266)\n\tat java.util.concurrent.ThreadPoolExecutor.runWorker(ThreadPoolExecutor.java:1149)\n\tat java.util.concurrent.ThreadPoolExecutor$Worker.run(ThreadPoolExecutor.java:624)\n\tat java.lang.Thread.run(Thread.java:748)\n",
    "steps" : [ {
      "name" : "Insert from clipboard *152rtyuiopasdfghjklzxcvbnm;qwertyuiop[asdfghjkl 50cvbnm,.qwertyuiopasdfghjklzxcvbnm,.qwertertyu 100йцукенuiopasdfghjklzxcvbqwertyuiop[asdfghjklzxcv+1* in search field",
      "time" : {
        "start" : 1642694387342,
        "stop" : 1642694387342,
        "duration" : 0
      },
      "status" : "broken",
      "statusMessage" : "\nNo X11 DISPLAY variable was set, but this program performed an operation which requires it.",
      "statusTrace" : "java.awt.HeadlessException: \nNo X11 DISPLAY variable was set, but this program performed an operation which requires it.\n\tat sun.awt.HeadlessToolkit.getSystemClipboard(HeadlessToolkit.java:309)\n\tat com.ita.edu.teachua.ui.pages.main_page.MainPage.pasteClipBoardStringInSearchField(MainPage.java:62)\n\tat com.ita.edu.teachua.ui.tests.BasicSearchTest.checkInvalidSymbolsAndQuantityPaste(BasicSearchTest.java:67)\n\tat sun.reflect.NativeMethodAccessorImpl.invoke0(Native Method)\n\tat sun.reflect.NativeMethodAccessorImpl.invoke(NativeMethodAccessorImpl.java:62)\n\tat sun.reflect.DelegatingMethodAccessorImpl.invoke(DelegatingMethodAccessorImpl.java:43)\n\tat java.lang.reflect.Method.invoke(Method.java:498)\n\tat org.testng.internal.MethodInvocationHelper.invokeMethod(MethodInvocationHelper.java:133)\n\tat org.testng.internal.TestInvoker.invokeMethod(TestInvoker.java:598)\n\tat org.testng.internal.TestInvoker.invokeTestMethod(TestInvoker.java:173)\n\tat org.testng.internal.MethodRunner.runInSequence(MethodRunner.java:46)\n\tat org.testng.internal.TestInvoker$MethodInvocationAgent.invoke(TestInvoker.java:824)\n\tat org.testng.internal.TestInvoker.invokeTestMethods(TestInvoker.java:146)\n\tat org.testng.internal.TestMethodWorker.invokeTestMethods(TestMethodWorker.java:146)\n\tat org.testng.internal.TestMethodWorker.run(TestMethodWorker.java:128)\n\tat java.util.ArrayList.forEach(ArrayList.java:1259)\n\tat org.testng.TestRunner.privateRun(TestRunner.java:794)\n\tat org.testng.TestRunner.run(TestRunner.java:596)\n\tat org.testng.SuiteRunner.runTest(SuiteRunner.java:377)\n\tat org.testng.SuiteRunner.access$000(SuiteRunner.java:28)\n\tat org.testng.SuiteRunner$SuiteWorker.run(SuiteRunner.java:418)\n\tat org.testng.internal.thread.ThreadUtil.lambda$execute$0(ThreadUtil.java:64)\n\tat java.util.concurrent.FutureTask.run(FutureTask.java:266)\n\tat java.util.concurrent.ThreadPoolExecutor.runWorker(ThreadPoolExecutor.java:1149)\n\tat java.util.concurrent.ThreadPoolExecutor$Worker.run(ThreadPoolExecutor.java:624)\n\tat java.lang.Thread.run(Thread.java:748)\n",
      "steps" : [ ],
      "attachments" : [ ],
      "parameters" : [ {
        "name" : "input",
        "value" : "152rtyuiopasdfghjklzxcvbnm;qwertyuiop[asdfghjkl 50cvbnm,.qwertyuiopasdfghjklzxcvbnm,.qwertertyu 100йцукенuiopasdfghjklzxcvbqwertyuiop[asdfghjklzxcv+1"
      } ],
      "stepsCount" : 0,
      "attachmentsCount" : 0,
      "shouldDisplayMessage" : true,
      "hasContent" : true
    } ],
    "attachments" : [ {
      "uid" : "65e42cf579293edd",
      "name" : "Logs for thread 14",
      "source" : "65e42cf579293edd.log",
      "type" : "text/plain",
      "size" : 4
    }, {
      "uid" : "f1d8ba6d5ced59f9",
      "name" : "Page screenshot",
      "source" : "f1d8ba6d5ced59f9.png",
      "type" : "image/png",
      "size" : 407540
    } ],
    "parameters" : [ ],
    "stepsCount" : 1,
    "attachmentsCount" : 2,
    "shouldDisplayMessage" : false,
    "hasContent" : true
  },
  "afterStages" : [ {
    "name" : "afterMethod",
    "time" : {
      "start" : 1642694387546,
      "stop" : 1642694387612,
      "duration" : 66
    },
    "description" : "",
    "status" : "passed",
    "steps" : [ ],
    "attachments" : [ ],
    "parameters" : [ ],
    "stepsCount" : 0,
    "attachmentsCount" : 0,
    "shouldDisplayMessage" : false,
    "hasContent" : false
  } ],
  "labels" : [ {
    "name" : "package",
    "value" : "com.ita.edu.teachua.ui.tests.BasicSearchTest"
  }, {
    "name" : "testClass",
    "value" : "com.ita.edu.teachua.ui.tests.BasicSearchTest"
  }, {
    "name" : "testMethod",
    "value" : "checkInvalidSymbolsAndQuantityPaste"
  }, {
    "name" : "parentSuite",
    "value" : "Test Suite"
  }, {
    "name" : "suite",
    "value" : "UI Tests"
  }, {
    "name" : "subSuite",
    "value" : "com.ita.edu.teachua.ui.tests.BasicSearchTest"
  }, {
    "name" : "host",
    "value" : "fv-az33-58"
  }, {
    "name" : "thread",
    "value" : "2814@fv-az33-58.TestNG-tests-2(14)"
  }, {
    "name" : "framework",
    "value" : "testng"
  }, {
    "name" : "language",
    "value" : "java"
  }, {
    "name" : "resultFormat",
    "value" : "allure2"
  } ],
  "parameters" : [ {
    "name" : "arg0",
    "value" : "152rtyuiopasdfghjklzxcvbnm;qwertyuiop[asdfghjkl 50cvbnm,.qwertyuiopasdfghjklzxcvbnm,.qwertertyu 100йцукенuiopasdfghjklzxcvbqwertyuiop[asdfghjklzxcv+1"
  }, {
    "name" : "arg1",
    "value" : "За критеріями пошуку гуртків не знайдено"
  } ],
  "links" : [ {
    "name" : "TUA-428",
    "type" : "issue"
  } ],
  "hidden" : false,
  "retry" : false,
  "extra" : {
    "severity" : "normal",
    "retries" : [ ],
    "categories" : [ {
      "name" : "Test defects",
      "matchedStatuses" : [ ],
      "flaky" : false
    } ],
    "history" : {
      "statistic" : {
        "failed" : 0,
        "broken" : 3,
        "skipped" : 0,
        "passed" : 0,
        "unknown" : 0,
        "total" : 3
      },
      "items" : [ {
        "uid" : "aee7fc0fab71813f",
        "reportUrl" : "https://Lv-648-TAQC-Java-project.github.io/Selenium648PageFactory/18//#testresult/aee7fc0fab71813f",
        "status" : "broken",
        "statusDetails" : "\nNo X11 DISPLAY variable was set, but this program performed an operation which requires it.",
        "time" : {
          "start" : 1642685301530,
          "stop" : 1642685302038,
          "duration" : 508
        }
      }, {
        "uid" : "51d66f581fa686c5",
        "reportUrl" : "https://Lv-648-TAQC-Java-project.github.io/Selenium648PageFactory/17//#testresult/51d66f581fa686c5",
        "status" : "broken",
        "statusDetails" : "\nNo X11 DISPLAY variable was set, but this program performed an operation which requires it.",
        "time" : {
          "start" : 1642679578775,
          "stop" : 1642679578986,
          "duration" : 211
        }
      } ]
    },
    "tags" : [ ]
  },
  "source" : "112abf531c99d6bd.json",
  "parameterValues" : [ "152rtyuiopasdfghjklzxcvbnm;qwertyuiop[asdfghjkl 50cvbnm,.qwertyuiopasdfghjklzxcvbnm,.qwertertyu 100йцукенuiopasdfghjklzxcvbqwertyuiop[asdfghjklzxcv+1", "За критеріями пошуку гуртків не знайдено" ]
}