{
  "uid" : "67eef102388387fc",
  "name" : "TUA-423",
  "fullName" : "com.ita.edu.teachua.api.tests.RegistrationTest.testRegisterWithInvalidData",
  "historyId" : "90fe7ea846437a7d8a9f9bc92b6a68e5",
  "time" : {
    "start" : 1642693834584,
    "stop" : 1642693839370,
    "duration" : 4786
  },
  "description" : "TUA-423 [API.Реєстрація] Verify that a user with invalid data can`t be created.",
  "descriptionHtml" : "<p>TUA-423 [API.Реєстрація] Verify that a user with invalid data can`t be created.</p>\n",
  "status" : "failed",
  "statusMessage" : "The following asserts failed:\n\texpected [400] but found [405],\n\texpected [400] but found [405],\n\texpected [\"firstName\" can`t contain numbers] but found [Request method 'POST' not supported],\n\texpected [400] but found [405],\n\texpected [400] but found [405],\n\texpected [\"firstName\" can contain only ukrainian and english letters] but found [Request method 'POST' not supported],\n\texpected [400] but found [405],\n\texpected [400] but found [405],\n\texpected [\"firstName\" can contain from 1 to 25 letters] but found [Request method 'POST' not supported],\n\texpected [400] but found [405],\n\texpected [400] but found [405],\n\texpected [\"lastName\" can`t contain numbers] but found [Request method 'POST' not supported],\n\texpected [400] but found [405],\n\texpected [400] but found [405],\n\texpected [\"lastName\" can contain only ukrainian and english letters] but found [Request method 'POST' not supported],\n\texpected [400] but found [405],\n\texpected [400] but found [405],\n\texpected [\"lastName\" can contain from 1 to 25 letters] but found [Request method 'POST' not supported]",
  "statusTrace" : "java.lang.AssertionError: The following asserts failed:\n\texpected [400] but found [405],\n\texpected [400] but found [405],\n\texpected [\"firstName\" can`t contain numbers] but found [Request method 'POST' not supported],\n\texpected [400] but found [405],\n\texpected [400] but found [405],\n\texpected [\"firstName\" can contain only ukrainian and english letters] but found [Request method 'POST' not supported],\n\texpected [400] but found [405],\n\texpected [400] but found [405],\n\texpected [\"firstName\" can contain from 1 to 25 letters] but found [Request method 'POST' not supported],\n\texpected [400] but found [405],\n\texpected [400] but found [405],\n\texpected [\"lastName\" can`t contain numbers] but found [Request method 'POST' not supported],\n\texpected [400] but found [405],\n\texpected [400] but found [405],\n\texpected [\"lastName\" can contain only ukrainian and english letters] but found [Request method 'POST' not supported],\n\texpected [400] but found [405],\n\texpected [400] but found [405],\n\texpected [\"lastName\" can contain from 1 to 25 letters] but found [Request method 'POST' not supported]\n\tat org.testng.asserts.SoftAssert.assertAll(SoftAssert.java:47)\n\tat org.testng.asserts.SoftAssert.assertAll(SoftAssert.java:31)\n\tat com.ita.edu.teachua.api.tests.RegistrationTest.testRegisterWithInvalidData(RegistrationTest.java:232)\n\tat sun.reflect.NativeMethodAccessorImpl.invoke0(Native Method)\n\tat sun.reflect.NativeMethodAccessorImpl.invoke(NativeMethodAccessorImpl.java:62)\n\tat sun.reflect.DelegatingMethodAccessorImpl.invoke(DelegatingMethodAccessorImpl.java:43)\n\tat java.lang.reflect.Method.invoke(Method.java:498)\n\tat org.testng.internal.MethodInvocationHelper.invokeMethod(MethodInvocationHelper.java:133)\n\tat org.testng.internal.TestInvoker.invokeMethod(TestInvoker.java:598)\n\tat org.testng.internal.TestInvoker.invokeTestMethod(TestInvoker.java:173)\n\tat org.testng.internal.MethodRunner.runInSequence(MethodRunner.java:46)\n\tat org.testng.internal.TestInvoker$MethodInvocationAgent.invoke(TestInvoker.java:824)\n\tat org.testng.internal.TestInvoker.invokeTestMethods(TestInvoker.java:146)\n\tat org.testng.internal.TestMethodWorker.invokeTestMethods(TestMethodWorker.java:146)\n\tat org.testng.internal.TestMethodWorker.run(TestMethodWorker.java:128)\n\tat java.util.ArrayList.forEach(ArrayList.java:1259)\n\tat org.testng.TestRunner.privateRun(TestRunner.java:794)\n\tat org.testng.TestRunner.run(TestRunner.java:596)\n\tat org.testng.SuiteRunner.runTest(SuiteRunner.java:377)\n\tat org.testng.SuiteRunner.access$000(SuiteRunner.java:28)\n\tat org.testng.SuiteRunner$SuiteWorker.run(SuiteRunner.java:418)\n\tat org.testng.internal.thread.ThreadUtil.lambda$execute$0(ThreadUtil.java:64)\n\tat java.util.concurrent.FutureTask.run(FutureTask.java:266)\n\tat java.util.concurrent.ThreadPoolExecutor.runWorker(ThreadPoolExecutor.java:1149)\n\tat java.util.concurrent.ThreadPoolExecutor$Worker.run(ThreadPoolExecutor.java:624)\n\tat java.lang.Thread.run(Thread.java:748)\n",
  "flaky" : false,
  "newFailed" : true,
  "beforeStages" : [ {
    "name" : "beforeClass",
    "time" : {
      "start" : 1642693832944,
      "stop" : 1642693832945,
      "duration" : 1
    },
    "description" : "",
    "status" : "passed",
    "steps" : [ ],
    "attachments" : [ ],
    "parameters" : [ ],
    "stepsCount" : 0,
    "attachmentsCount" : 0,
    "shouldDisplayMessage" : false,
    "hasContent" : false
  }, {
    "name" : "beforeSuite",
    "time" : {
      "start" : 1642693776500,
      "stop" : 1642693780005,
      "duration" : 3505
    },
    "description" : "",
    "status" : "passed",
    "steps" : [ ],
    "attachments" : [ ],
    "parameters" : [ ],
    "stepsCount" : 0,
    "attachmentsCount" : 0,
    "shouldDisplayMessage" : false,
    "hasContent" : false
  } ],
  "testStage" : {
    "description" : "TUA-423 [API.Реєстрація] Verify that a user with invalid data can`t be created.",
    "status" : "failed",
    "statusMessage" : "The following asserts failed:\n\texpected [400] but found [405],\n\texpected [400] but found [405],\n\texpected [\"firstName\" can`t contain numbers] but found [Request method 'POST' not supported],\n\texpected [400] but found [405],\n\texpected [400] but found [405],\n\texpected [\"firstName\" can contain only ukrainian and english letters] but found [Request method 'POST' not supported],\n\texpected [400] but found [405],\n\texpected [400] but found [405],\n\texpected [\"firstName\" can contain from 1 to 25 letters] but found [Request method 'POST' not supported],\n\texpected [400] but found [405],\n\texpected [400] but found [405],\n\texpected [\"lastName\" can`t contain numbers] but found [Request method 'POST' not supported],\n\texpected [400] but found [405],\n\texpected [400] but found [405],\n\texpected [\"lastName\" can contain only ukrainian and english letters] but found [Request method 'POST' not supported],\n\texpected [400] but found [405],\n\texpected [400] but found [405],\n\texpected [\"lastName\" can contain from 1 to 25 letters] but found [Request method 'POST' not supported]",
    "statusTrace" : "java.lang.AssertionError: The following asserts failed:\n\texpected [400] but found [405],\n\texpected [400] but found [405],\n\texpected [\"firstName\" can`t contain numbers] but found [Request method 'POST' not supported],\n\texpected [400] but found [405],\n\texpected [400] but found [405],\n\texpected [\"firstName\" can contain only ukrainian and english letters] but found [Request method 'POST' not supported],\n\texpected [400] but found [405],\n\texpected [400] but found [405],\n\texpected [\"firstName\" can contain from 1 to 25 letters] but found [Request method 'POST' not supported],\n\texpected [400] but found [405],\n\texpected [400] but found [405],\n\texpected [\"lastName\" can`t contain numbers] but found [Request method 'POST' not supported],\n\texpected [400] but found [405],\n\texpected [400] but found [405],\n\texpected [\"lastName\" can contain only ukrainian and english letters] but found [Request method 'POST' not supported],\n\texpected [400] but found [405],\n\texpected [400] but found [405],\n\texpected [\"lastName\" can contain from 1 to 25 letters] but found [Request method 'POST' not supported]\n\tat org.testng.asserts.SoftAssert.assertAll(SoftAssert.java:47)\n\tat org.testng.asserts.SoftAssert.assertAll(SoftAssert.java:31)\n\tat com.ita.edu.teachua.api.tests.RegistrationTest.testRegisterWithInvalidData(RegistrationTest.java:232)\n\tat sun.reflect.NativeMethodAccessorImpl.invoke0(Native Method)\n\tat sun.reflect.NativeMethodAccessorImpl.invoke(NativeMethodAccessorImpl.java:62)\n\tat sun.reflect.DelegatingMethodAccessorImpl.invoke(DelegatingMethodAccessorImpl.java:43)\n\tat java.lang.reflect.Method.invoke(Method.java:498)\n\tat org.testng.internal.MethodInvocationHelper.invokeMethod(MethodInvocationHelper.java:133)\n\tat org.testng.internal.TestInvoker.invokeMethod(TestInvoker.java:598)\n\tat org.testng.internal.TestInvoker.invokeTestMethod(TestInvoker.java:173)\n\tat org.testng.internal.MethodRunner.runInSequence(MethodRunner.java:46)\n\tat org.testng.internal.TestInvoker$MethodInvocationAgent.invoke(TestInvoker.java:824)\n\tat org.testng.internal.TestInvoker.invokeTestMethods(TestInvoker.java:146)\n\tat org.testng.internal.TestMethodWorker.invokeTestMethods(TestMethodWorker.java:146)\n\tat org.testng.internal.TestMethodWorker.run(TestMethodWorker.java:128)\n\tat java.util.ArrayList.forEach(ArrayList.java:1259)\n\tat org.testng.TestRunner.privateRun(TestRunner.java:794)\n\tat org.testng.TestRunner.run(TestRunner.java:596)\n\tat org.testng.SuiteRunner.runTest(SuiteRunner.java:377)\n\tat org.testng.SuiteRunner.access$000(SuiteRunner.java:28)\n\tat org.testng.SuiteRunner$SuiteWorker.run(SuiteRunner.java:418)\n\tat org.testng.internal.thread.ThreadUtil.lambda$execute$0(ThreadUtil.java:64)\n\tat java.util.concurrent.FutureTask.run(FutureTask.java:266)\n\tat java.util.concurrent.ThreadPoolExecutor.runWorker(ThreadPoolExecutor.java:1149)\n\tat java.util.concurrent.ThreadPoolExecutor$Worker.run(ThreadPoolExecutor.java:624)\n\tat java.lang.Thread.run(Thread.java:748)\n",
    "steps" : [ {
      "name" : "Preparing base request",
      "time" : {
        "start" : 1642693834584,
        "stop" : 1642693834585,
        "duration" : 1
      },
      "status" : "passed",
      "steps" : [ ],
      "attachments" : [ ],
      "parameters" : [ ],
      "stepsCount" : 0,
      "attachmentsCount" : 0,
      "shouldDisplayMessage" : false,
      "hasContent" : false
    }, {
      "name" : "Preparing base request",
      "time" : {
        "start" : 1642693835399,
        "stop" : 1642693835399,
        "duration" : 0
      },
      "status" : "passed",
      "steps" : [ ],
      "attachments" : [ ],
      "parameters" : [ ],
      "stepsCount" : 0,
      "attachmentsCount" : 0,
      "shouldDisplayMessage" : false,
      "hasContent" : false
    }, {
      "name" : "Preparing base request",
      "time" : {
        "start" : 1642693836194,
        "stop" : 1642693836194,
        "duration" : 0
      },
      "status" : "passed",
      "steps" : [ ],
      "attachments" : [ ],
      "parameters" : [ ],
      "stepsCount" : 0,
      "attachmentsCount" : 0,
      "shouldDisplayMessage" : false,
      "hasContent" : false
    }, {
      "name" : "Preparing base request",
      "time" : {
        "start" : 1642693837003,
        "stop" : 1642693837004,
        "duration" : 1
      },
      "status" : "passed",
      "steps" : [ ],
      "attachments" : [ ],
      "parameters" : [ ],
      "stepsCount" : 0,
      "attachmentsCount" : 0,
      "shouldDisplayMessage" : false,
      "hasContent" : false
    }, {
      "name" : "Preparing base request",
      "time" : {
        "start" : 1642693837796,
        "stop" : 1642693837796,
        "duration" : 0
      },
      "status" : "passed",
      "steps" : [ ],
      "attachments" : [ ],
      "parameters" : [ ],
      "stepsCount" : 0,
      "attachmentsCount" : 0,
      "shouldDisplayMessage" : false,
      "hasContent" : false
    }, {
      "name" : "Preparing base request",
      "time" : {
        "start" : 1642693838587,
        "stop" : 1642693838588,
        "duration" : 1
      },
      "status" : "passed",
      "steps" : [ ],
      "attachments" : [ ],
      "parameters" : [ ],
      "stepsCount" : 0,
      "attachmentsCount" : 0,
      "shouldDisplayMessage" : false,
      "hasContent" : false
    } ],
    "attachments" : [ ],
    "parameters" : [ ],
    "stepsCount" : 6,
    "attachmentsCount" : 0,
    "shouldDisplayMessage" : true,
    "hasContent" : true
  },
  "afterStages" : [ ],
  "labels" : [ {
    "name" : "package",
    "value" : "com.ita.edu.teachua.api.tests.RegistrationTest"
  }, {
    "name" : "testClass",
    "value" : "com.ita.edu.teachua.api.tests.RegistrationTest"
  }, {
    "name" : "testMethod",
    "value" : "testRegisterWithInvalidData"
  }, {
    "name" : "parentSuite",
    "value" : "Test Suite"
  }, {
    "name" : "suite",
    "value" : "API Tests"
  }, {
    "name" : "subSuite",
    "value" : "com.ita.edu.teachua.api.tests.RegistrationTest"
  }, {
    "name" : "host",
    "value" : "fv-az33-58"
  }, {
    "name" : "thread",
    "value" : "2814@fv-az33-58.TestNG-tests-3(15)"
  }, {
    "name" : "framework",
    "value" : "testng"
  }, {
    "name" : "language",
    "value" : "java"
  }, {
    "name" : "resultFormat",
    "value" : "allure2"
  } ],
  "parameters" : [ ],
  "links" : [ {
    "name" : "TUA-423",
    "type" : "issue"
  } ],
  "hidden" : false,
  "retry" : false,
  "extra" : {
    "severity" : "normal",
    "retries" : [ ],
    "categories" : [ {
      "name" : "Product defects",
      "matchedStatuses" : [ ],
      "flaky" : false
    } ],
    "history" : {
      "statistic" : {
        "failed" : 1,
        "broken" : 0,
        "skipped" : 0,
        "passed" : 2,
        "unknown" : 0,
        "total" : 3
      },
      "items" : [ {
        "uid" : "93dc575b0a07db3d",
        "reportUrl" : "https://Lv-648-TAQC-Java-project.github.io/Selenium648PageFactory/18//#testresult/93dc575b0a07db3d",
        "status" : "passed",
        "time" : {
          "start" : 1642684980999,
          "stop" : 1642684986703,
          "duration" : 5704
        }
      }, {
        "uid" : "632220f45d702cae",
        "reportUrl" : "https://Lv-648-TAQC-Java-project.github.io/Selenium648PageFactory/17//#testresult/632220f45d702cae",
        "status" : "passed",
        "time" : {
          "start" : 1642678973808,
          "stop" : 1642678979786,
          "duration" : 5978
        }
      } ]
    },
    "tags" : [ ]
  },
  "source" : "67eef102388387fc.json",
  "parameterValues" : [ ]
}