{
  "uid" : "dda400c8c2d50268",
  "name" : "TUA-502",
  "fullName" : "com.ita.edu.teachua.api.tests.AuthorizedClubTest.VerifyThatUserAsOwnerCannotCreateNewClubIsInCenterIfNameFieldContainLessThan5Characters",
  "historyId" : "c820dbadcb14cd1b7056c1876d08d7dc",
  "time" : {
    "start" : 1642693819588,
    "stop" : 1642693820452,
    "duration" : 864
  },
  "description" : "This test case verify  that User as \"Керiвник гуртка\" cannot create new club is in a center if \"Назва\" field contain less than 5 characters",
  "descriptionHtml" : "<p>This test case verify  that User as &quot;Керiвник гуртка&quot; cannot create new club is in a center if &quot;Назва&quot; field contain less than 5 characters</p>\n",
  "status" : "failed",
  "statusMessage" : "expected [400] but found [405]",
  "statusTrace" : "java.lang.AssertionError: expected [400] but found [405]\n\tat org.testng.Assert.fail(Assert.java:99)\n\tat org.testng.Assert.failNotEquals(Assert.java:1037)\n\tat org.testng.Assert.assertEqualsImpl(Assert.java:140)\n\tat org.testng.Assert.assertEquals(Assert.java:122)\n\tat org.testng.Assert.assertEquals(Assert.java:617)\n\tat com.ita.edu.teachua.api.tests.AuthorizedClubTest.VerifyThatUserAsOwnerCannotCreateNewClubIsInCenterIfNameFieldContainLessThan5Characters(AuthorizedClubTest.java:361)\n\tat sun.reflect.NativeMethodAccessorImpl.invoke0(Native Method)\n\tat sun.reflect.NativeMethodAccessorImpl.invoke(NativeMethodAccessorImpl.java:62)\n\tat sun.reflect.DelegatingMethodAccessorImpl.invoke(DelegatingMethodAccessorImpl.java:43)\n\tat java.lang.reflect.Method.invoke(Method.java:498)\n\tat org.testng.internal.MethodInvocationHelper.invokeMethod(MethodInvocationHelper.java:133)\n\tat org.testng.internal.TestInvoker.invokeMethod(TestInvoker.java:598)\n\tat org.testng.internal.TestInvoker.invokeTestMethod(TestInvoker.java:173)\n\tat org.testng.internal.MethodRunner.runInSequence(MethodRunner.java:46)\n\tat org.testng.internal.TestInvoker$MethodInvocationAgent.invoke(TestInvoker.java:824)\n\tat org.testng.internal.TestInvoker.invokeTestMethods(TestInvoker.java:146)\n\tat org.testng.internal.TestMethodWorker.invokeTestMethods(TestMethodWorker.java:146)\n\tat org.testng.internal.TestMethodWorker.run(TestMethodWorker.java:128)\n\tat java.util.ArrayList.forEach(ArrayList.java:1259)\n\tat org.testng.TestRunner.privateRun(TestRunner.java:794)\n\tat org.testng.TestRunner.run(TestRunner.java:596)\n\tat org.testng.SuiteRunner.runTest(SuiteRunner.java:377)\n\tat org.testng.SuiteRunner.access$000(SuiteRunner.java:28)\n\tat org.testng.SuiteRunner$SuiteWorker.run(SuiteRunner.java:418)\n\tat org.testng.internal.thread.ThreadUtil.lambda$execute$0(ThreadUtil.java:64)\n\tat java.util.concurrent.FutureTask.run(FutureTask.java:266)\n\tat java.util.concurrent.ThreadPoolExecutor.runWorker(ThreadPoolExecutor.java:1149)\n\tat java.util.concurrent.ThreadPoolExecutor$Worker.run(ThreadPoolExecutor.java:624)\n\tat java.lang.Thread.run(Thread.java:748)\n",
  "flaky" : false,
  "newFailed" : true,
  "beforeStages" : [ {
    "name" : "beforeClass",
    "time" : {
      "start" : 1642693802162,
      "stop" : 1642693804078,
      "duration" : 1916
    },
    "description" : "",
    "status" : "passed",
    "steps" : [ {
      "name" : "Preparing base request",
      "time" : {
        "start" : 1642693802163,
        "stop" : 1642693802164,
        "duration" : 1
      },
      "status" : "passed",
      "steps" : [ ],
      "attachments" : [ ],
      "parameters" : [ ],
      "stepsCount" : 0,
      "attachmentsCount" : 0,
      "shouldDisplayMessage" : false,
      "hasContent" : false
    } ],
    "attachments" : [ ],
    "parameters" : [ ],
    "stepsCount" : 1,
    "attachmentsCount" : 0,
    "shouldDisplayMessage" : false,
    "hasContent" : true
  }, {
    "name" : "beforeSuite",
    "time" : {
      "start" : 1642693776500,
      "stop" : 1642693780005,
      "duration" : 3505
    },
    "description" : "",
    "status" : "passed",
    "steps" : [ ],
    "attachments" : [ ],
    "parameters" : [ ],
    "stepsCount" : 0,
    "attachmentsCount" : 0,
    "shouldDisplayMessage" : false,
    "hasContent" : false
  } ],
  "testStage" : {
    "description" : "This test case verify  that User as \"Керiвник гуртка\" cannot create new club is in a center if \"Назва\" field contain less than 5 characters",
    "status" : "failed",
    "statusMessage" : "expected [400] but found [405]",
    "statusTrace" : "java.lang.AssertionError: expected [400] but found [405]\n\tat org.testng.Assert.fail(Assert.java:99)\n\tat org.testng.Assert.failNotEquals(Assert.java:1037)\n\tat org.testng.Assert.assertEqualsImpl(Assert.java:140)\n\tat org.testng.Assert.assertEquals(Assert.java:122)\n\tat org.testng.Assert.assertEquals(Assert.java:617)\n\tat com.ita.edu.teachua.api.tests.AuthorizedClubTest.VerifyThatUserAsOwnerCannotCreateNewClubIsInCenterIfNameFieldContainLessThan5Characters(AuthorizedClubTest.java:361)\n\tat sun.reflect.NativeMethodAccessorImpl.invoke0(Native Method)\n\tat sun.reflect.NativeMethodAccessorImpl.invoke(NativeMethodAccessorImpl.java:62)\n\tat sun.reflect.DelegatingMethodAccessorImpl.invoke(DelegatingMethodAccessorImpl.java:43)\n\tat java.lang.reflect.Method.invoke(Method.java:498)\n\tat org.testng.internal.MethodInvocationHelper.invokeMethod(MethodInvocationHelper.java:133)\n\tat org.testng.internal.TestInvoker.invokeMethod(TestInvoker.java:598)\n\tat org.testng.internal.TestInvoker.invokeTestMethod(TestInvoker.java:173)\n\tat org.testng.internal.MethodRunner.runInSequence(MethodRunner.java:46)\n\tat org.testng.internal.TestInvoker$MethodInvocationAgent.invoke(TestInvoker.java:824)\n\tat org.testng.internal.TestInvoker.invokeTestMethods(TestInvoker.java:146)\n\tat org.testng.internal.TestMethodWorker.invokeTestMethods(TestMethodWorker.java:146)\n\tat org.testng.internal.TestMethodWorker.run(TestMethodWorker.java:128)\n\tat java.util.ArrayList.forEach(ArrayList.java:1259)\n\tat org.testng.TestRunner.privateRun(TestRunner.java:794)\n\tat org.testng.TestRunner.run(TestRunner.java:596)\n\tat org.testng.SuiteRunner.runTest(SuiteRunner.java:377)\n\tat org.testng.SuiteRunner.access$000(SuiteRunner.java:28)\n\tat org.testng.SuiteRunner$SuiteWorker.run(SuiteRunner.java:418)\n\tat org.testng.internal.thread.ThreadUtil.lambda$execute$0(ThreadUtil.java:64)\n\tat java.util.concurrent.FutureTask.run(FutureTask.java:266)\n\tat java.util.concurrent.ThreadPoolExecutor.runWorker(ThreadPoolExecutor.java:1149)\n\tat java.util.concurrent.ThreadPoolExecutor$Worker.run(ThreadPoolExecutor.java:624)\n\tat java.lang.Thread.run(Thread.java:748)\n",
    "steps" : [ {
      "name" : "Add new club request",
      "time" : {
        "start" : 1642693819589,
        "stop" : 1642693820433,
        "duration" : 844
      },
      "status" : "passed",
      "steps" : [ {
        "name" : "Preparing base request",
        "time" : {
          "start" : 1642693819589,
          "stop" : 1642693819589,
          "duration" : 0
        },
        "status" : "passed",
        "steps" : [ ],
        "attachments" : [ ],
        "parameters" : [ ],
        "stepsCount" : 0,
        "attachmentsCount" : 0,
        "shouldDisplayMessage" : false,
        "hasContent" : false
      } ],
      "attachments" : [ ],
      "parameters" : [ {
        "name" : "addClub",
        "value" : "{\"categoriesName\":[Вокальна студія, музика, музичні інструменти], \"name\":\"char\", \"ageFrom\":\"2\", \"ageTo\":\"18\", \"urlLogo\":null, \"urlBackground\":null, \"isOnline\":\"true\", \"description\":\"{\"blocks\":[{\"key\":\"brl63\",\"text\":\"аааааааааааааааааааааааааааааааааааааааааааааааааааааааааааааааааааааааааааааааааааааааааааааааааааааааааааааааааааааааааааааааааааааааа\",\"type\":\"unstyled\",\"depth\":1,\"inlineStyleRanges\":[],\"entityRanges\":[],\"data\":{}}],\"entityMap\":{}}\", \"userId\":\"264\", \"locations\":[Location(name=Голосівська, cityName=Київ, districtName=Голосіївський, stationName=Голосіївська, address=https://speak-ukrainian.org.ua/dev/club/910, coordinates=50.35535081747696, 30.51765754176391, phone=0666666666, key=0.0)], \"contacts\":\"{\"1\"::\"ліл\"}\", \"centerId\":\"2\"}"
      } ],
      "stepsCount" : 1,
      "attachmentsCount" : 0,
      "shouldDisplayMessage" : false,
      "hasContent" : true
    } ],
    "attachments" : [ ],
    "parameters" : [ ],
    "stepsCount" : 2,
    "attachmentsCount" : 0,
    "shouldDisplayMessage" : true,
    "hasContent" : true
  },
  "afterStages" : [ ],
  "labels" : [ {
    "name" : "package",
    "value" : "com.ita.edu.teachua.api.tests.AuthorizedClubTest"
  }, {
    "name" : "testClass",
    "value" : "com.ita.edu.teachua.api.tests.AuthorizedClubTest"
  }, {
    "name" : "testMethod",
    "value" : "VerifyThatUserAsOwnerCannotCreateNewClubIsInCenterIfNameFieldContainLessThan5Characters"
  }, {
    "name" : "parentSuite",
    "value" : "Test Suite"
  }, {
    "name" : "suite",
    "value" : "API Tests"
  }, {
    "name" : "subSuite",
    "value" : "com.ita.edu.teachua.api.tests.AuthorizedClubTest"
  }, {
    "name" : "host",
    "value" : "fv-az33-58"
  }, {
    "name" : "thread",
    "value" : "2814@fv-az33-58.TestNG-tests-3(15)"
  }, {
    "name" : "framework",
    "value" : "testng"
  }, {
    "name" : "language",
    "value" : "java"
  }, {
    "name" : "resultFormat",
    "value" : "allure2"
  } ],
  "parameters" : [ ],
  "links" : [ {
    "name" : "TUA-502",
    "type" : "issue"
  } ],
  "hidden" : false,
  "retry" : false,
  "extra" : {
    "severity" : "normal",
    "retries" : [ ],
    "categories" : [ {
      "name" : "Product defects",
      "matchedStatuses" : [ ],
      "flaky" : false
    } ],
    "history" : {
      "statistic" : {
        "failed" : 1,
        "broken" : 0,
        "skipped" : 0,
        "passed" : 2,
        "unknown" : 0,
        "total" : 3
      },
      "items" : [ {
        "uid" : "e1b71f23ceea8abf",
        "reportUrl" : "https://Lv-648-TAQC-Java-project.github.io/Selenium648PageFactory/18//#testresult/e1b71f23ceea8abf",
        "status" : "passed",
        "time" : {
          "start" : 1642684728791,
          "stop" : 1642684729711,
          "duration" : 920
        }
      }, {
        "uid" : "6be0459dabb0b678",
        "reportUrl" : "https://Lv-648-TAQC-Java-project.github.io/Selenium648PageFactory/17//#testresult/6be0459dabb0b678",
        "status" : "passed",
        "time" : {
          "start" : 1642678873047,
          "stop" : 1642678874245,
          "duration" : 1198
        }
      } ]
    },
    "tags" : [ ]
  },
  "source" : "dda400c8c2d50268.json",
  "parameterValues" : [ ]
}