{
  "uid" : "cde97114db04f57f",
  "name" : "getListOfCenters",
  "fullName" : "com.ita.edu.teachua.api.tests.CenterTests.getListOfCenters",
  "historyId" : "bcfc5bf60ee303078a2cc334e040e33c",
  "time" : {
    "start" : 1642759987999,
    "stop" : 1642759992562,
    "duration" : 4563
  },
  "status" : "failed",
  "statusMessage" : "expected [null] but found [/upload/center/Avavvv/background/NASA_Earth.jpg]",
  "statusTrace" : "java.lang.AssertionError: expected [null] but found [/upload/center/Avavvv/background/NASA_Earth.jpg]\n\tat org.testng.Assert.fail(Assert.java:99)\n\tat org.testng.Assert.failNotSame(Assert.java:1033)\n\tat org.testng.Assert.assertNull(Assert.java:965)\n\tat org.testng.Assert.assertNull(Assert.java:953)\n\tat com.ita.edu.teachua.api.tests.CenterTests.lambda$getListOfCenters$0(CenterTests.java:75)\n\tat java.lang.Iterable.forEach(Iterable.java:75)\n\tat java.util.Collections$UnmodifiableCollection.forEach(Collections.java:1082)\n\tat com.ita.edu.teachua.api.tests.CenterTests.getListOfCenters(CenterTests.java:75)\n\tat sun.reflect.NativeMethodAccessorImpl.invoke0(Native Method)\n\tat sun.reflect.NativeMethodAccessorImpl.invoke(NativeMethodAccessorImpl.java:62)\n\tat sun.reflect.DelegatingMethodAccessorImpl.invoke(DelegatingMethodAccessorImpl.java:43)\n\tat java.lang.reflect.Method.invoke(Method.java:498)\n\tat org.testng.internal.MethodInvocationHelper.invokeMethod(MethodInvocationHelper.java:133)\n\tat org.testng.internal.TestInvoker.invokeMethod(TestInvoker.java:598)\n\tat org.testng.internal.TestInvoker.invokeTestMethod(TestInvoker.java:173)\n\tat org.testng.internal.MethodRunner.runInSequence(MethodRunner.java:46)\n\tat org.testng.internal.TestInvoker$MethodInvocationAgent.invoke(TestInvoker.java:824)\n\tat org.testng.internal.TestInvoker.invokeTestMethods(TestInvoker.java:146)\n\tat org.testng.internal.TestMethodWorker.invokeTestMethods(TestMethodWorker.java:146)\n\tat org.testng.internal.TestMethodWorker.run(TestMethodWorker.java:128)\n\tat java.util.ArrayList.forEach(ArrayList.java:1259)\n\tat org.testng.TestRunner.privateRun(TestRunner.java:794)\n\tat org.testng.TestRunner.run(TestRunner.java:596)\n\tat org.testng.SuiteRunner.runTest(SuiteRunner.java:377)\n\tat org.testng.SuiteRunner.access$000(SuiteRunner.java:28)\n\tat org.testng.SuiteRunner$SuiteWorker.run(SuiteRunner.java:418)\n\tat org.testng.internal.thread.ThreadUtil.lambda$execute$0(ThreadUtil.java:64)\n\tat java.util.concurrent.FutureTask.run(FutureTask.java:266)\n\tat java.util.concurrent.ThreadPoolExecutor.runWorker(ThreadPoolExecutor.java:1149)\n\tat java.util.concurrent.ThreadPoolExecutor$Worker.run(ThreadPoolExecutor.java:624)\n\tat java.lang.Thread.run(Thread.java:748)\n",
  "flaky" : false,
  "newFailed" : false,
  "beforeStages" : [ {
    "name" : "beforeClass",
    "time" : {
      "start" : 1642759983482,
      "stop" : 1642759984567,
      "duration" : 1085
    },
    "description" : "",
    "status" : "passed",
    "steps" : [ {
      "name" : "Preparing base request",
      "time" : {
        "start" : 1642759983483,
        "stop" : 1642759983483,
        "duration" : 0
      },
      "status" : "passed",
      "steps" : [ ],
      "attachments" : [ ],
      "parameters" : [ ],
      "stepsCount" : 0,
      "attachmentsCount" : 0,
      "shouldDisplayMessage" : false,
      "hasContent" : false
    } ],
    "attachments" : [ ],
    "parameters" : [ ],
    "stepsCount" : 1,
    "attachmentsCount" : 0,
    "shouldDisplayMessage" : false,
    "hasContent" : true
  }, {
    "name" : "beforeSuite",
    "time" : {
      "start" : 1642759763306,
      "stop" : 1642759765037,
      "duration" : 1731
    },
    "description" : "",
    "status" : "passed",
    "steps" : [ ],
    "attachments" : [ ],
    "parameters" : [ ],
    "stepsCount" : 0,
    "attachmentsCount" : 0,
    "shouldDisplayMessage" : false,
    "hasContent" : false
  } ],
  "testStage" : {
    "status" : "failed",
    "statusMessage" : "expected [null] but found [/upload/center/Avavvv/background/NASA_Earth.jpg]",
    "statusTrace" : "java.lang.AssertionError: expected [null] but found [/upload/center/Avavvv/background/NASA_Earth.jpg]\n\tat org.testng.Assert.fail(Assert.java:99)\n\tat org.testng.Assert.failNotSame(Assert.java:1033)\n\tat org.testng.Assert.assertNull(Assert.java:965)\n\tat org.testng.Assert.assertNull(Assert.java:953)\n\tat com.ita.edu.teachua.api.tests.CenterTests.lambda$getListOfCenters$0(CenterTests.java:75)\n\tat java.lang.Iterable.forEach(Iterable.java:75)\n\tat java.util.Collections$UnmodifiableCollection.forEach(Collections.java:1082)\n\tat com.ita.edu.teachua.api.tests.CenterTests.getListOfCenters(CenterTests.java:75)\n\tat sun.reflect.NativeMethodAccessorImpl.invoke0(Native Method)\n\tat sun.reflect.NativeMethodAccessorImpl.invoke(NativeMethodAccessorImpl.java:62)\n\tat sun.reflect.DelegatingMethodAccessorImpl.invoke(DelegatingMethodAccessorImpl.java:43)\n\tat java.lang.reflect.Method.invoke(Method.java:498)\n\tat org.testng.internal.MethodInvocationHelper.invokeMethod(MethodInvocationHelper.java:133)\n\tat org.testng.internal.TestInvoker.invokeMethod(TestInvoker.java:598)\n\tat org.testng.internal.TestInvoker.invokeTestMethod(TestInvoker.java:173)\n\tat org.testng.internal.MethodRunner.runInSequence(MethodRunner.java:46)\n\tat org.testng.internal.TestInvoker$MethodInvocationAgent.invoke(TestInvoker.java:824)\n\tat org.testng.internal.TestInvoker.invokeTestMethods(TestInvoker.java:146)\n\tat org.testng.internal.TestMethodWorker.invokeTestMethods(TestMethodWorker.java:146)\n\tat org.testng.internal.TestMethodWorker.run(TestMethodWorker.java:128)\n\tat java.util.ArrayList.forEach(ArrayList.java:1259)\n\tat org.testng.TestRunner.privateRun(TestRunner.java:794)\n\tat org.testng.TestRunner.run(TestRunner.java:596)\n\tat org.testng.SuiteRunner.runTest(SuiteRunner.java:377)\n\tat org.testng.SuiteRunner.access$000(SuiteRunner.java:28)\n\tat org.testng.SuiteRunner$SuiteWorker.run(SuiteRunner.java:418)\n\tat org.testng.internal.thread.ThreadUtil.lambda$execute$0(ThreadUtil.java:64)\n\tat java.util.concurrent.FutureTask.run(FutureTask.java:266)\n\tat java.util.concurrent.ThreadPoolExecutor.runWorker(ThreadPoolExecutor.java:1149)\n\tat java.util.concurrent.ThreadPoolExecutor$Worker.run(ThreadPoolExecutor.java:624)\n\tat java.lang.Thread.run(Thread.java:748)\n",
    "steps" : [ {
      "name" : "Preparing base request",
      "time" : {
        "start" : 1642759987999,
        "stop" : 1642759987999,
        "duration" : 0
      },
      "status" : "passed",
      "steps" : [ ],
      "attachments" : [ ],
      "parameters" : [ ],
      "stepsCount" : 0,
      "attachmentsCount" : 0,
      "shouldDisplayMessage" : false,
      "hasContent" : false
    } ],
    "attachments" : [ ],
    "parameters" : [ ],
    "stepsCount" : 1,
    "attachmentsCount" : 0,
    "shouldDisplayMessage" : true,
    "hasContent" : true
  },
  "afterStages" : [ ],
  "labels" : [ {
    "name" : "package",
    "value" : "com.ita.edu.teachua.api.tests.CenterTests"
  }, {
    "name" : "testClass",
    "value" : "com.ita.edu.teachua.api.tests.CenterTests"
  }, {
    "name" : "testMethod",
    "value" : "getListOfCenters"
  }, {
    "name" : "parentSuite",
    "value" : "Test Suite"
  }, {
    "name" : "suite",
    "value" : "API Tests"
  }, {
    "name" : "subSuite",
    "value" : "com.ita.edu.teachua.api.tests.CenterTests"
  }, {
    "name" : "host",
    "value" : "fv-az83-73"
  }, {
    "name" : "thread",
    "value" : "2950@fv-az83-73.TestNG-tests-3(15)"
  }, {
    "name" : "framework",
    "value" : "testng"
  }, {
    "name" : "language",
    "value" : "java"
  }, {
    "name" : "resultFormat",
    "value" : "allure2"
  } ],
  "parameters" : [ ],
  "links" : [ ],
  "hidden" : false,
  "retry" : false,
  "extra" : {
    "severity" : "normal",
    "retries" : [ ],
    "categories" : [ {
      "name" : "Product defects",
      "matchedStatuses" : [ ],
      "flaky" : false
    } ],
    "history" : {
      "statistic" : {
        "failed" : 2,
        "broken" : 0,
        "skipped" : 0,
        "passed" : 0,
        "unknown" : 0,
        "total" : 2
      },
      "items" : [ {
        "uid" : "f1c55a1f1a692905",
        "reportUrl" : "https://Lv-648-TAQC-Java-project.github.io/Selenium648PageFactory/33//#testresult/f1c55a1f1a692905",
        "status" : "failed",
        "statusDetails" : "expected [null] but found [/upload/center/Avavvv/background/NASA_Earth.jpg]",
        "time" : {
          "start" : 1642759253889,
          "stop" : 1642759260026,
          "duration" : 6137
        }
      } ]
    },
    "tags" : [ ]
  },
  "source" : "cde97114db04f57f.json",
  "parameterValues" : [ ]
}