{
  "uid" : "7ae101b33c5cf5a7",
  "name" : "TUA-428",
  "fullName" : "com.ita.edu.teachua.ui.tests.BasicSearchTest.checkInvalidSymbolsAndQuantityTyping",
  "historyId" : "6fc761803cf48368a0b87f21bf0c2dd9",
  "time" : {
    "start" : 1643189179239,
    "stop" : 1643189180768,
    "duration" : 1529
  },
  "description" : "Verify search field behavior for invalid number of symbols entered",
  "descriptionHtml" : "<p>Verify search field behavior for invalid number of symbols entered</p>\n",
  "status" : "broken",
  "statusMessage" : "stale element reference: element is not attached to the page document\n  (Session info: chrome=97.0.4692.71)\nFor documentation on this error, please visit: https://selenium.dev/exceptions/#stale_element_reference\nBuild info: version: '4.1.0', revision: '87802e897b'\nSystem info: host: 'fv-az200-809', ip: '10.1.0.156', os.name: 'Linux', os.arch: 'amd64', os.version: '5.11.0-1027-azure', java.version: '1.8.0_292'\nDriver info: org.openqa.selenium.chrome.ChromeDriver\nCommand: [905f90203be69438474ad073c763ef56, getElementText {id=39ab618f-6915-4db3-871d-d52557849d69}]\nCapabilities {acceptInsecureCerts: false, browserName: chrome, browserVersion: 97.0.4692.71, chrome: {chromedriverVersion: 97.0.4692.71 (adefa7837d02a..., userDataDir: /tmp/.com.google.Chrome.ytjiT0}, goog:chromeOptions: {debuggerAddress: localhost:32987}, javascriptEnabled: true, networkConnectionEnabled: false, pageLoadStrategy: normal, platform: LINUX, platformName: LINUX, proxy: Proxy(), se:cdp: ws://localhost:32987/devtoo..., se:cdpVersion: 97.0.4692.71, setWindowRect: true, strictFileInteractability: false, timeouts: {implicit: 0, pageLoad: 300000, script: 30000}, unhandledPromptBehavior: dismiss and notify, webauthn:extension:credBlob: true, webauthn:extension:largeBlob: true, webauthn:virtualAuthenticators: true}\nElement: [[ChromeDriver: chrome on LINUX (905f90203be69438474ad073c763ef56)] -> css selector: div.clubs-not-found]\nSession ID: 905f90203be69438474ad073c763ef56",
  "statusTrace" : "org.openqa.selenium.StaleElementReferenceException: stale element reference: element is not attached to the page document\n  (Session info: chrome=97.0.4692.71)\nFor documentation on this error, please visit: https://selenium.dev/exceptions/#stale_element_reference\nBuild info: version: '4.1.0', revision: '87802e897b'\nSystem info: host: 'fv-az200-809', ip: '10.1.0.156', os.name: 'Linux', os.arch: 'amd64', os.version: '5.11.0-1027-azure', java.version: '1.8.0_292'\nDriver info: org.openqa.selenium.chrome.ChromeDriver\nCommand: [905f90203be69438474ad073c763ef56, getElementText {id=39ab618f-6915-4db3-871d-d52557849d69}]\nCapabilities {acceptInsecureCerts: false, browserName: chrome, browserVersion: 97.0.4692.71, chrome: {chromedriverVersion: 97.0.4692.71 (adefa7837d02a..., userDataDir: /tmp/.com.google.Chrome.ytjiT0}, goog:chromeOptions: {debuggerAddress: localhost:32987}, javascriptEnabled: true, networkConnectionEnabled: false, pageLoadStrategy: normal, platform: LINUX, platformName: LINUX, proxy: Proxy(), se:cdp: ws://localhost:32987/devtoo..., se:cdpVersion: 97.0.4692.71, setWindowRect: true, strictFileInteractability: false, timeouts: {implicit: 0, pageLoad: 300000, script: 30000}, unhandledPromptBehavior: dismiss and notify, webauthn:extension:credBlob: true, webauthn:extension:largeBlob: true, webauthn:virtualAuthenticators: true}\nElement: [[ChromeDriver: chrome on LINUX (905f90203be69438474ad073c763ef56)] -> css selector: div.clubs-not-found]\nSession ID: 905f90203be69438474ad073c763ef56\n\tat sun.reflect.NativeConstructorAccessorImpl.newInstance0(Native Method)\n\tat sun.reflect.NativeConstructorAccessorImpl.newInstance(NativeConstructorAccessorImpl.java:62)\n\tat sun.reflect.DelegatingConstructorAccessorImpl.newInstance(DelegatingConstructorAccessorImpl.java:45)\n\tat java.lang.reflect.Constructor.newInstance(Constructor.java:423)\n\tat org.openqa.selenium.remote.codec.w3c.W3CHttpResponseCodec.createException(W3CHttpResponseCodec.java:200)\n\tat org.openqa.selenium.remote.codec.w3c.W3CHttpResponseCodec.decode(W3CHttpResponseCodec.java:133)\n\tat org.openqa.selenium.remote.codec.w3c.W3CHttpResponseCodec.decode(W3CHttpResponseCodec.java:53)\n\tat org.openqa.selenium.remote.HttpCommandExecutor.execute(HttpCommandExecutor.java:184)\n\tat org.openqa.selenium.remote.service.DriverCommandExecutor.invokeExecute(DriverCommandExecutor.java:164)\n\tat org.openqa.selenium.remote.service.DriverCommandExecutor.execute(DriverCommandExecutor.java:139)\n\tat org.openqa.selenium.remote.RemoteWebDriver.execute(RemoteWebDriver.java:559)\n\tat org.openqa.selenium.remote.RemoteWebElement.execute(RemoteWebElement.java:251)\n\tat org.openqa.selenium.remote.RemoteWebElement.getText(RemoteWebElement.java:201)\n\tat com.ita.edu.teachua.ui.elements.base_element.BaseElement.getText(BaseElement.java:66)\n\tat sun.reflect.GeneratedMethodAccessor294.invoke(Unknown Source)\n\tat sun.reflect.DelegatingMethodAccessorImpl.invoke(DelegatingMethodAccessorImpl.java:43)\n\tat java.lang.reflect.Method.invoke(Method.java:498)\n\tat com.ita.edu.teachua.ui.pagefactory.ElementHandler.invoke(ElementHandler.java:46)\n\tat com.sun.proxy.$Proxy46.getText(Unknown Source)\n\tat com.ita.edu.teachua.ui.pages.clubs_page.ClubsPage.getTitleOfInvalidSearchPage(ClubsPage.java:34)\n\tat com.ita.edu.teachua.ui.tests.BasicSearchTest.checkInvalidSymbolsAndQuantityTyping(BasicSearchTest.java:59)\n\tat sun.reflect.NativeMethodAccessorImpl.invoke0(Native Method)\n\tat sun.reflect.NativeMethodAccessorImpl.invoke(NativeMethodAccessorImpl.java:62)\n\tat sun.reflect.DelegatingMethodAccessorImpl.invoke(DelegatingMethodAccessorImpl.java:43)\n\tat java.lang.reflect.Method.invoke(Method.java:498)\n\tat org.testng.internal.MethodInvocationHelper.invokeMethod(MethodInvocationHelper.java:133)\n\tat org.testng.internal.TestInvoker.invokeMethod(TestInvoker.java:598)\n\tat org.testng.internal.TestInvoker.invokeTestMethod(TestInvoker.java:173)\n\tat org.testng.internal.MethodRunner.runInSequence(MethodRunner.java:46)\n\tat org.testng.internal.TestInvoker$MethodInvocationAgent.invoke(TestInvoker.java:824)\n\tat org.testng.internal.TestInvoker.invokeTestMethods(TestInvoker.java:146)\n\tat org.testng.internal.TestMethodWorker.invokeTestMethods(TestMethodWorker.java:146)\n\tat org.testng.internal.TestMethodWorker.run(TestMethodWorker.java:128)\n\tat java.util.ArrayList.forEach(ArrayList.java:1259)\n\tat org.testng.TestRunner.privateRun(TestRunner.java:794)\n\tat org.testng.TestRunner.run(TestRunner.java:596)\n\tat org.testng.SuiteRunner.runTest(SuiteRunner.java:377)\n\tat org.testng.SuiteRunner.access$000(SuiteRunner.java:28)\n\tat org.testng.SuiteRunner$SuiteWorker.run(SuiteRunner.java:418)\n\tat org.testng.internal.thread.ThreadUtil.lambda$execute$0(ThreadUtil.java:64)\n\tat java.util.concurrent.FutureTask.run(FutureTask.java:266)\n\tat java.util.concurrent.ThreadPoolExecutor.runWorker(ThreadPoolExecutor.java:1149)\n\tat java.util.concurrent.ThreadPoolExecutor$Worker.run(ThreadPoolExecutor.java:624)\n\tat java.lang.Thread.run(Thread.java:748)\n",
  "flaky" : false,
  "newFailed" : false,
  "beforeStages" : [ {
    "name" : "beforeMethod",
    "time" : {
      "start" : 1643189173438,
      "stop" : 1643189179238,
      "duration" : 5800
    },
    "description" : "",
    "status" : "passed",
    "steps" : [ ],
    "attachments" : [ ],
    "parameters" : [ ],
    "stepsCount" : 0,
    "attachmentsCount" : 0,
    "shouldDisplayMessage" : false,
    "hasContent" : false
  }, {
    "name" : "beforeSuite",
    "time" : {
      "start" : 1643188375565,
      "stop" : 1643188375578,
      "duration" : 13
    },
    "description" : "",
    "status" : "passed",
    "steps" : [ ],
    "attachments" : [ ],
    "parameters" : [ ],
    "stepsCount" : 0,
    "attachmentsCount" : 0,
    "shouldDisplayMessage" : false,
    "hasContent" : false
  }, {
    "name" : "beforeSuite",
    "time" : {
      "start" : 1643188375579,
      "stop" : 1643188378765,
      "duration" : 3186
    },
    "description" : "",
    "status" : "passed",
    "steps" : [ ],
    "attachments" : [ ],
    "parameters" : [ ],
    "stepsCount" : 0,
    "attachmentsCount" : 0,
    "shouldDisplayMessage" : false,
    "hasContent" : false
  }, {
    "name" : "beforeSuite",
    "time" : {
      "start" : 1643188378765,
      "stop" : 1643188378765,
      "duration" : 0
    },
    "description" : "",
    "status" : "passed",
    "steps" : [ ],
    "attachments" : [ ],
    "parameters" : [ ],
    "stepsCount" : 0,
    "attachmentsCount" : 0,
    "shouldDisplayMessage" : false,
    "hasContent" : false
  }, {
    "name" : "beforeSuite",
    "time" : {
      "start" : 1643188378766,
      "stop" : 1643188378766,
      "duration" : 0
    },
    "description" : "",
    "status" : "passed",
    "steps" : [ ],
    "attachments" : [ ],
    "parameters" : [ ],
    "stepsCount" : 0,
    "attachmentsCount" : 0,
    "shouldDisplayMessage" : false,
    "hasContent" : false
  }, {
    "name" : "beforeSuite",
    "time" : {
      "start" : 1643188378766,
      "stop" : 1643188378766,
      "duration" : 0
    },
    "description" : "",
    "status" : "passed",
    "steps" : [ ],
    "attachments" : [ ],
    "parameters" : [ ],
    "stepsCount" : 0,
    "attachmentsCount" : 0,
    "shouldDisplayMessage" : false,
    "hasContent" : false
  } ],
  "testStage" : {
    "description" : "Verify search field behavior for invalid number of symbols entered",
    "status" : "broken",
    "statusMessage" : "stale element reference: element is not attached to the page document\n  (Session info: chrome=97.0.4692.71)\nFor documentation on this error, please visit: https://selenium.dev/exceptions/#stale_element_reference\nBuild info: version: '4.1.0', revision: '87802e897b'\nSystem info: host: 'fv-az200-809', ip: '10.1.0.156', os.name: 'Linux', os.arch: 'amd64', os.version: '5.11.0-1027-azure', java.version: '1.8.0_292'\nDriver info: org.openqa.selenium.chrome.ChromeDriver\nCommand: [905f90203be69438474ad073c763ef56, getElementText {id=39ab618f-6915-4db3-871d-d52557849d69}]\nCapabilities {acceptInsecureCerts: false, browserName: chrome, browserVersion: 97.0.4692.71, chrome: {chromedriverVersion: 97.0.4692.71 (adefa7837d02a..., userDataDir: /tmp/.com.google.Chrome.ytjiT0}, goog:chromeOptions: {debuggerAddress: localhost:32987}, javascriptEnabled: true, networkConnectionEnabled: false, pageLoadStrategy: normal, platform: LINUX, platformName: LINUX, proxy: Proxy(), se:cdp: ws://localhost:32987/devtoo..., se:cdpVersion: 97.0.4692.71, setWindowRect: true, strictFileInteractability: false, timeouts: {implicit: 0, pageLoad: 300000, script: 30000}, unhandledPromptBehavior: dismiss and notify, webauthn:extension:credBlob: true, webauthn:extension:largeBlob: true, webauthn:virtualAuthenticators: true}\nElement: [[ChromeDriver: chrome on LINUX (905f90203be69438474ad073c763ef56)] -> css selector: div.clubs-not-found]\nSession ID: 905f90203be69438474ad073c763ef56",
    "statusTrace" : "org.openqa.selenium.StaleElementReferenceException: stale element reference: element is not attached to the page document\n  (Session info: chrome=97.0.4692.71)\nFor documentation on this error, please visit: https://selenium.dev/exceptions/#stale_element_reference\nBuild info: version: '4.1.0', revision: '87802e897b'\nSystem info: host: 'fv-az200-809', ip: '10.1.0.156', os.name: 'Linux', os.arch: 'amd64', os.version: '5.11.0-1027-azure', java.version: '1.8.0_292'\nDriver info: org.openqa.selenium.chrome.ChromeDriver\nCommand: [905f90203be69438474ad073c763ef56, getElementText {id=39ab618f-6915-4db3-871d-d52557849d69}]\nCapabilities {acceptInsecureCerts: false, browserName: chrome, browserVersion: 97.0.4692.71, chrome: {chromedriverVersion: 97.0.4692.71 (adefa7837d02a..., userDataDir: /tmp/.com.google.Chrome.ytjiT0}, goog:chromeOptions: {debuggerAddress: localhost:32987}, javascriptEnabled: true, networkConnectionEnabled: false, pageLoadStrategy: normal, platform: LINUX, platformName: LINUX, proxy: Proxy(), se:cdp: ws://localhost:32987/devtoo..., se:cdpVersion: 97.0.4692.71, setWindowRect: true, strictFileInteractability: false, timeouts: {implicit: 0, pageLoad: 300000, script: 30000}, unhandledPromptBehavior: dismiss and notify, webauthn:extension:credBlob: true, webauthn:extension:largeBlob: true, webauthn:virtualAuthenticators: true}\nElement: [[ChromeDriver: chrome on LINUX (905f90203be69438474ad073c763ef56)] -> css selector: div.clubs-not-found]\nSession ID: 905f90203be69438474ad073c763ef56\n\tat sun.reflect.NativeConstructorAccessorImpl.newInstance0(Native Method)\n\tat sun.reflect.NativeConstructorAccessorImpl.newInstance(NativeConstructorAccessorImpl.java:62)\n\tat sun.reflect.DelegatingConstructorAccessorImpl.newInstance(DelegatingConstructorAccessorImpl.java:45)\n\tat java.lang.reflect.Constructor.newInstance(Constructor.java:423)\n\tat org.openqa.selenium.remote.codec.w3c.W3CHttpResponseCodec.createException(W3CHttpResponseCodec.java:200)\n\tat org.openqa.selenium.remote.codec.w3c.W3CHttpResponseCodec.decode(W3CHttpResponseCodec.java:133)\n\tat org.openqa.selenium.remote.codec.w3c.W3CHttpResponseCodec.decode(W3CHttpResponseCodec.java:53)\n\tat org.openqa.selenium.remote.HttpCommandExecutor.execute(HttpCommandExecutor.java:184)\n\tat org.openqa.selenium.remote.service.DriverCommandExecutor.invokeExecute(DriverCommandExecutor.java:164)\n\tat org.openqa.selenium.remote.service.DriverCommandExecutor.execute(DriverCommandExecutor.java:139)\n\tat org.openqa.selenium.remote.RemoteWebDriver.execute(RemoteWebDriver.java:559)\n\tat org.openqa.selenium.remote.RemoteWebElement.execute(RemoteWebElement.java:251)\n\tat org.openqa.selenium.remote.RemoteWebElement.getText(RemoteWebElement.java:201)\n\tat com.ita.edu.teachua.ui.elements.base_element.BaseElement.getText(BaseElement.java:66)\n\tat sun.reflect.GeneratedMethodAccessor294.invoke(Unknown Source)\n\tat sun.reflect.DelegatingMethodAccessorImpl.invoke(DelegatingMethodAccessorImpl.java:43)\n\tat java.lang.reflect.Method.invoke(Method.java:498)\n\tat com.ita.edu.teachua.ui.pagefactory.ElementHandler.invoke(ElementHandler.java:46)\n\tat com.sun.proxy.$Proxy46.getText(Unknown Source)\n\tat com.ita.edu.teachua.ui.pages.clubs_page.ClubsPage.getTitleOfInvalidSearchPage(ClubsPage.java:34)\n\tat com.ita.edu.teachua.ui.tests.BasicSearchTest.checkInvalidSymbolsAndQuantityTyping(BasicSearchTest.java:59)\n\tat sun.reflect.NativeMethodAccessorImpl.invoke0(Native Method)\n\tat sun.reflect.NativeMethodAccessorImpl.invoke(NativeMethodAccessorImpl.java:62)\n\tat sun.reflect.DelegatingMethodAccessorImpl.invoke(DelegatingMethodAccessorImpl.java:43)\n\tat java.lang.reflect.Method.invoke(Method.java:498)\n\tat org.testng.internal.MethodInvocationHelper.invokeMethod(MethodInvocationHelper.java:133)\n\tat org.testng.internal.TestInvoker.invokeMethod(TestInvoker.java:598)\n\tat org.testng.internal.TestInvoker.invokeTestMethod(TestInvoker.java:173)\n\tat org.testng.internal.MethodRunner.runInSequence(MethodRunner.java:46)\n\tat org.testng.internal.TestInvoker$MethodInvocationAgent.invoke(TestInvoker.java:824)\n\tat org.testng.internal.TestInvoker.invokeTestMethods(TestInvoker.java:146)\n\tat org.testng.internal.TestMethodWorker.invokeTestMethods(TestMethodWorker.java:146)\n\tat org.testng.internal.TestMethodWorker.run(TestMethodWorker.java:128)\n\tat java.util.ArrayList.forEach(ArrayList.java:1259)\n\tat org.testng.TestRunner.privateRun(TestRunner.java:794)\n\tat org.testng.TestRunner.run(TestRunner.java:596)\n\tat org.testng.SuiteRunner.runTest(SuiteRunner.java:377)\n\tat org.testng.SuiteRunner.access$000(SuiteRunner.java:28)\n\tat org.testng.SuiteRunner$SuiteWorker.run(SuiteRunner.java:418)\n\tat org.testng.internal.thread.ThreadUtil.lambda$execute$0(ThreadUtil.java:64)\n\tat java.util.concurrent.FutureTask.run(FutureTask.java:266)\n\tat java.util.concurrent.ThreadPoolExecutor.runWorker(ThreadPoolExecutor.java:1149)\n\tat java.util.concurrent.ThreadPoolExecutor$Worker.run(ThreadPoolExecutor.java:624)\n\tat java.lang.Thread.run(Thread.java:748)\n",
    "steps" : [ {
      "name" : "Type *///* in search field",
      "time" : {
        "start" : 1643189179240,
        "stop" : 1643189179342,
        "duration" : 102
      },
      "status" : "passed",
      "steps" : [ ],
      "attachments" : [ ],
      "parameters" : [ {
        "name" : "input",
        "value" : "///"
      } ],
      "stepsCount" : 0,
      "attachmentsCount" : 0,
      "shouldDisplayMessage" : false,
      "hasContent" : true
    }, {
      "name" : "Check if {title} of invalid search results is present on the page",
      "time" : {
        "start" : 1643189179342,
        "stop" : 1643189180471,
        "duration" : 1129
      },
      "status" : "broken",
      "statusMessage" : "stale element reference: element is not attached to the page document\n  (Session info: chrome=97.0.4692.71)\nFor documentation on this error, please visit: https://selenium.dev/exceptions/#stale_element_reference\nBuild info: version: '4.1.0', revision: '87802e897b'\nSystem info: host: 'fv-az200-809', ip: '10.1.0.156', os.name: 'Linux', os.arch: 'amd64', os.version: '5.11.0-1027-azure', java.version: '1.8.0_292'\nDriver info: org.openqa.selenium.chrome.ChromeDriver\nCommand: [905f90203be69438474ad073c763ef56, getElementText {id=39ab618f-6915-4db3-871d-d52557849d69}]\nCapabilities {acceptInsecureCerts: false, browserName: chrome, browserVersion: 97.0.4692.71, chrome: {chromedriverVersion: 97.0.4692.71 (adefa7837d02a..., userDataDir: /tmp/.com.google.Chrome.ytjiT0}, goog:chromeOptions: {debuggerAddress: localhost:32987}, javascriptEnabled: true, networkConnectionEnabled: false, pageLoadStrategy: normal, platform: LINUX, platformName: LINUX, proxy: Proxy(), se:cdp: ws://localhost:32987/devtoo..., se:cdpVersion: 97.0.4692.71, setWindowRect: true, strictFileInteractability: false, timeouts: {implicit: 0, pageLoad: 300000, script: 30000}, unhandledPromptBehavior: dismiss and notify, webauthn:extension:credBlob: true, webauthn:extension:largeBlob: true, webauthn:virtualAuthenticators: true}\nElement: [[ChromeDriver: chrome on LINUX (905f90203be69438474ad073c763ef56)] -> css selector: div.clubs-not-found]\nSession ID: 905f90203be69438474ad073c763ef56",
      "statusTrace" : "org.openqa.selenium.StaleElementReferenceException: stale element reference: element is not attached to the page document\n  (Session info: chrome=97.0.4692.71)\nFor documentation on this error, please visit: https://selenium.dev/exceptions/#stale_element_reference\nBuild info: version: '4.1.0', revision: '87802e897b'\nSystem info: host: 'fv-az200-809', ip: '10.1.0.156', os.name: 'Linux', os.arch: 'amd64', os.version: '5.11.0-1027-azure', java.version: '1.8.0_292'\nDriver info: org.openqa.selenium.chrome.ChromeDriver\nCommand: [905f90203be69438474ad073c763ef56, getElementText {id=39ab618f-6915-4db3-871d-d52557849d69}]\nCapabilities {acceptInsecureCerts: false, browserName: chrome, browserVersion: 97.0.4692.71, chrome: {chromedriverVersion: 97.0.4692.71 (adefa7837d02a..., userDataDir: /tmp/.com.google.Chrome.ytjiT0}, goog:chromeOptions: {debuggerAddress: localhost:32987}, javascriptEnabled: true, networkConnectionEnabled: false, pageLoadStrategy: normal, platform: LINUX, platformName: LINUX, proxy: Proxy(), se:cdp: ws://localhost:32987/devtoo..., se:cdpVersion: 97.0.4692.71, setWindowRect: true, strictFileInteractability: false, timeouts: {implicit: 0, pageLoad: 300000, script: 30000}, unhandledPromptBehavior: dismiss and notify, webauthn:extension:credBlob: true, webauthn:extension:largeBlob: true, webauthn:virtualAuthenticators: true}\nElement: [[ChromeDriver: chrome on LINUX (905f90203be69438474ad073c763ef56)] -> css selector: div.clubs-not-found]\nSession ID: 905f90203be69438474ad073c763ef56\n\tat sun.reflect.NativeConstructorAccessorImpl.newInstance0(Native Method)\n\tat sun.reflect.NativeConstructorAccessorImpl.newInstance(NativeConstructorAccessorImpl.java:62)\n\tat sun.reflect.DelegatingConstructorAccessorImpl.newInstance(DelegatingConstructorAccessorImpl.java:45)\n\tat java.lang.reflect.Constructor.newInstance(Constructor.java:423)\n\tat org.openqa.selenium.remote.codec.w3c.W3CHttpResponseCodec.createException(W3CHttpResponseCodec.java:200)\n\tat org.openqa.selenium.remote.codec.w3c.W3CHttpResponseCodec.decode(W3CHttpResponseCodec.java:133)\n\tat org.openqa.selenium.remote.codec.w3c.W3CHttpResponseCodec.decode(W3CHttpResponseCodec.java:53)\n\tat org.openqa.selenium.remote.HttpCommandExecutor.execute(HttpCommandExecutor.java:184)\n\tat org.openqa.selenium.remote.service.DriverCommandExecutor.invokeExecute(DriverCommandExecutor.java:164)\n\tat org.openqa.selenium.remote.service.DriverCommandExecutor.execute(DriverCommandExecutor.java:139)\n\tat org.openqa.selenium.remote.RemoteWebDriver.execute(RemoteWebDriver.java:559)\n\tat org.openqa.selenium.remote.RemoteWebElement.execute(RemoteWebElement.java:251)\n\tat org.openqa.selenium.remote.RemoteWebElement.getText(RemoteWebElement.java:201)\n\tat com.ita.edu.teachua.ui.elements.base_element.BaseElement.getText(BaseElement.java:66)\n\tat sun.reflect.GeneratedMethodAccessor294.invoke(Unknown Source)\n\tat sun.reflect.DelegatingMethodAccessorImpl.invoke(DelegatingMethodAccessorImpl.java:43)\n\tat java.lang.reflect.Method.invoke(Method.java:498)\n\tat com.ita.edu.teachua.ui.pagefactory.ElementHandler.invoke(ElementHandler.java:46)\n\tat com.sun.proxy.$Proxy46.getText(Unknown Source)\n\tat com.ita.edu.teachua.ui.pages.clubs_page.ClubsPage.getTitleOfInvalidSearchPage(ClubsPage.java:34)\n\tat com.ita.edu.teachua.ui.tests.BasicSearchTest.checkInvalidSymbolsAndQuantityTyping(BasicSearchTest.java:59)\n\tat sun.reflect.NativeMethodAccessorImpl.invoke0(Native Method)\n\tat sun.reflect.NativeMethodAccessorImpl.invoke(NativeMethodAccessorImpl.java:62)\n\tat sun.reflect.DelegatingMethodAccessorImpl.invoke(DelegatingMethodAccessorImpl.java:43)\n\tat java.lang.reflect.Method.invoke(Method.java:498)\n\tat org.testng.internal.MethodInvocationHelper.invokeMethod(MethodInvocationHelper.java:133)\n\tat org.testng.internal.TestInvoker.invokeMethod(TestInvoker.java:598)\n\tat org.testng.internal.TestInvoker.invokeTestMethod(TestInvoker.java:173)\n\tat org.testng.internal.MethodRunner.runInSequence(MethodRunner.java:46)\n\tat org.testng.internal.TestInvoker$MethodInvocationAgent.invoke(TestInvoker.java:824)\n\tat org.testng.internal.TestInvoker.invokeTestMethods(TestInvoker.java:146)\n\tat org.testng.internal.TestMethodWorker.invokeTestMethods(TestMethodWorker.java:146)\n\tat org.testng.internal.TestMethodWorker.run(TestMethodWorker.java:128)\n\tat java.util.ArrayList.forEach(ArrayList.java:1259)\n\tat org.testng.TestRunner.privateRun(TestRunner.java:794)\n\tat org.testng.TestRunner.run(TestRunner.java:596)\n\tat org.testng.SuiteRunner.runTest(SuiteRunner.java:377)\n\tat org.testng.SuiteRunner.access$000(SuiteRunner.java:28)\n\tat org.testng.SuiteRunner$SuiteWorker.run(SuiteRunner.java:418)\n\tat org.testng.internal.thread.ThreadUtil.lambda$execute$0(ThreadUtil.java:64)\n\tat java.util.concurrent.FutureTask.run(FutureTask.java:266)\n\tat java.util.concurrent.ThreadPoolExecutor.runWorker(ThreadPoolExecutor.java:1149)\n\tat java.util.concurrent.ThreadPoolExecutor$Worker.run(ThreadPoolExecutor.java:624)\n\tat java.lang.Thread.run(Thread.java:748)\n",
      "steps" : [ ],
      "attachments" : [ ],
      "parameters" : [ ],
      "stepsCount" : 0,
      "attachmentsCount" : 0,
      "shouldDisplayMessage" : true,
      "hasContent" : true
    } ],
    "attachments" : [ {
      "uid" : "3760009538be62e0",
      "name" : "Logs for thread 14",
      "source" : "3760009538be62e0.log",
      "type" : "text/plain",
      "size" : 4
    }, {
      "uid" : "dbd5890dc7cc9ee3",
      "name" : "Page screenshot",
      "source" : "dbd5890dc7cc9ee3.png",
      "type" : "image/png",
      "size" : 191857
    } ],
    "parameters" : [ ],
    "stepsCount" : 2,
    "attachmentsCount" : 2,
    "shouldDisplayMessage" : false,
    "hasContent" : true
  },
  "afterStages" : [ {
    "name" : "afterMethod",
    "time" : {
      "start" : 1643189180771,
      "stop" : 1643189180847,
      "duration" : 76
    },
    "description" : "",
    "status" : "passed",
    "steps" : [ ],
    "attachments" : [ ],
    "parameters" : [ ],
    "stepsCount" : 0,
    "attachmentsCount" : 0,
    "shouldDisplayMessage" : false,
    "hasContent" : false
  } ],
  "labels" : [ {
    "name" : "package",
    "value" : "com.ita.edu.teachua.ui.tests.BasicSearchTest"
  }, {
    "name" : "testClass",
    "value" : "com.ita.edu.teachua.ui.tests.BasicSearchTest"
  }, {
    "name" : "testMethod",
    "value" : "checkInvalidSymbolsAndQuantityTyping"
  }, {
    "name" : "parentSuite",
    "value" : "Test Suite"
  }, {
    "name" : "suite",
    "value" : "UI Tests"
  }, {
    "name" : "subSuite",
    "value" : "com.ita.edu.teachua.ui.tests.BasicSearchTest"
  }, {
    "name" : "host",
    "value" : "fv-az200-809"
  }, {
    "name" : "thread",
    "value" : "2799@fv-az200-809.TestNG-tests-2(14)"
  }, {
    "name" : "framework",
    "value" : "testng"
  }, {
    "name" : "language",
    "value" : "java"
  }, {
    "name" : "resultFormat",
    "value" : "allure2"
  } ],
  "parameters" : [ {
    "name" : "arg0",
    "value" : "///"
  }, {
    "name" : "arg1",
    "value" : "За критеріями пошуку гуртків не знайдено"
  } ],
  "links" : [ {
    "name" : "TUA-428",
    "type" : "issue"
  } ],
  "hidden" : false,
  "retry" : false,
  "extra" : {
    "severity" : "normal",
    "retries" : [ ],
    "categories" : [ {
      "name" : "Test defects",
      "matchedStatuses" : [ ],
      "flaky" : false
    } ],
    "history" : {
      "statistic" : {
        "failed" : 0,
        "broken" : 6,
        "skipped" : 0,
        "passed" : 52,
        "unknown" : 0,
        "total" : 58
      },
      "items" : [ {
        "uid" : "3a6aa4f50aac6190",
        "reportUrl" : "https://ita-social-projects.github.io/TeachUA_TA/94//#testresult/3a6aa4f50aac6190",
        "status" : "passed",
        "time" : {
          "start" : 1643185671847,
          "stop" : 1643185673297,
          "duration" : 1450
        }
      }, {
        "uid" : "ec02219d44d07887",
        "reportUrl" : "https://ita-social-projects.github.io/TeachUA_TA/93//#testresult/ec02219d44d07887",
        "status" : "passed",
        "time" : {
          "start" : 1643181764244,
          "stop" : 1643181765725,
          "duration" : 1481
        }
      }, {
        "uid" : "b28062450fa5efd6",
        "reportUrl" : "https://ita-social-projects.github.io/TeachUA_TA/92//#testresult/b28062450fa5efd6",
        "status" : "passed",
        "time" : {
          "start" : 1643142552025,
          "stop" : 1643142553497,
          "duration" : 1472
        }
      }, {
        "uid" : "caabcd390d45998d",
        "reportUrl" : "https://ita-social-projects.github.io/TeachUA_TA/91//#testresult/caabcd390d45998d",
        "status" : "passed",
        "time" : {
          "start" : 1643142430723,
          "stop" : 1643142432226,
          "duration" : 1503
        }
      }, {
        "uid" : "1b91680490c71afa",
        "reportUrl" : "https://ita-social-projects.github.io/TeachUA_TA/90//#testresult/1b91680490c71afa",
        "status" : "passed",
        "time" : {
          "start" : 1643142348344,
          "stop" : 1643142349838,
          "duration" : 1494
        }
      }, {
        "uid" : "21dd6ebc979fb880",
        "reportUrl" : "https://ita-social-projects.github.io/TeachUA_TA/85//#testresult/21dd6ebc979fb880",
        "status" : "passed",
        "time" : {
          "start" : 1643141859454,
          "stop" : 1643141860622,
          "duration" : 1168
        }
      }, {
        "uid" : "aaa904538b17815a",
        "reportUrl" : "https://ita-social-projects.github.io/TeachUA_TA/84//#testresult/aaa904538b17815a",
        "status" : "passed",
        "time" : {
          "start" : 1643140562252,
          "stop" : 1643140563924,
          "duration" : 1672
        }
      }, {
        "uid" : "7a06fb8c10c6333e",
        "reportUrl" : "https://ita-social-projects.github.io/TeachUA_TA/83//#testresult/7a06fb8c10c6333e",
        "status" : "passed",
        "time" : {
          "start" : 1643139956434,
          "stop" : 1643139957882,
          "duration" : 1448
        }
      }, {
        "uid" : "83c0956a96added",
        "reportUrl" : "https://ita-social-projects.github.io/TeachUA_TA/82//#testresult/83c0956a96added",
        "status" : "passed",
        "time" : {
          "start" : 1643138976546,
          "stop" : 1643138978072,
          "duration" : 1526
        }
      }, {
        "uid" : "f71fd3d0c3caff73",
        "reportUrl" : "https://ita-social-projects.github.io/TeachUA_TA/81//#testresult/f71fd3d0c3caff73",
        "status" : "passed",
        "time" : {
          "start" : 1643138845223,
          "stop" : 1643138846426,
          "duration" : 1203
        }
      }, {
        "uid" : "b8ddc70e3803acec",
        "reportUrl" : "https://ita-social-projects.github.io/TeachUA_TA/80//#testresult/b8ddc70e3803acec",
        "status" : "passed",
        "time" : {
          "start" : 1643137631406,
          "stop" : 1643137632865,
          "duration" : 1459
        }
      }, {
        "uid" : "5ad8e7f9b46e817a",
        "reportUrl" : "https://ita-social-projects.github.io/TeachUA_TA/79//#testresult/5ad8e7f9b46e817a",
        "status" : "passed",
        "time" : {
          "start" : 1643137563627,
          "stop" : 1643137565085,
          "duration" : 1458
        }
      }, {
        "uid" : "46bb3fad5d2bb361",
        "reportUrl" : "https://ita-social-projects.github.io/TeachUA_TA/78//#testresult/46bb3fad5d2bb361",
        "status" : "passed",
        "time" : {
          "start" : 1643136598626,
          "stop" : 1643136600090,
          "duration" : 1464
        }
      }, {
        "uid" : "b888c53f157affce",
        "reportUrl" : "https://ita-social-projects.github.io/TeachUA_TA/77//#testresult/b888c53f157affce",
        "status" : "passed",
        "time" : {
          "start" : 1643134808881,
          "stop" : 1643134812168,
          "duration" : 3287
        }
      }, {
        "uid" : "60ff14a6e55bea8b",
        "reportUrl" : "https://ita-social-projects.github.io/TeachUA_TA/76//#testresult/60ff14a6e55bea8b",
        "status" : "passed",
        "time" : {
          "start" : 1643134143634,
          "stop" : 1643134145089,
          "duration" : 1455
        }
      }, {
        "uid" : "20b7221679eb5d03",
        "reportUrl" : "https://ita-social-projects.github.io/TeachUA_TA/74//#testresult/20b7221679eb5d03",
        "status" : "passed",
        "time" : {
          "start" : 1643130969672,
          "stop" : 1643130971110,
          "duration" : 1438
        }
      }, {
        "uid" : "595bb769f713cf9e",
        "reportUrl" : "https://ita-social-projects.github.io/TeachUA_TA/75//#testresult/595bb769f713cf9e",
        "status" : "passed",
        "time" : {
          "start" : 1643130928228,
          "stop" : 1643130929704,
          "duration" : 1476
        }
      }, {
        "uid" : "3ede3c4eeb752ff6",
        "reportUrl" : "https://ita-social-projects.github.io/TeachUA_TA/73//#testresult/3ede3c4eeb752ff6",
        "status" : "passed",
        "time" : {
          "start" : 1643130049601,
          "stop" : 1643130051119,
          "duration" : 1518
        }
      }, {
        "uid" : "3b4ed06b649c5c0d",
        "reportUrl" : "https://ita-social-projects.github.io/TeachUA_TA/72//#testresult/3b4ed06b649c5c0d",
        "status" : "passed",
        "time" : {
          "start" : 1643129837137,
          "stop" : 1643129838629,
          "duration" : 1492
        }
      }, {
        "uid" : "a8cc9b78948e3bc1",
        "reportUrl" : "https://ita-social-projects.github.io/TeachUA_TA/71//#testresult/a8cc9b78948e3bc1",
        "status" : "passed",
        "time" : {
          "start" : 1643129812808,
          "stop" : 1643129814247,
          "duration" : 1439
        }
      } ]
    },
    "tags" : [ ]
  },
  "source" : "7ae101b33c5cf5a7.json",
  "parameterValues" : [ "///", "За критеріями пошуку гуртків не знайдено" ]
}