{
  "uid" : "ce7501df16bb5ca5",
  "name" : "TUA-226",
  "fullName" : "com.ita.edu.teachua.ui.tests.BasicSearchTest.checkSearchWithNameOfClubsClipBoard",
  "historyId" : "e16d5d2b3b73fd8693457b732073fa14",
  "time" : {
    "start" : 1643141984273,
    "stop" : 1643141994797,
    "duration" : 10524
  },
  "description" : "TUA-226 Verify that user can perform basic search by inserting name of a club",
  "descriptionHtml" : "<p>TUA-226 Verify that user can perform basic search by inserting name of a club</p>\n",
  "status" : "broken",
  "statusMessage" : "no such element: Unable to locate element: {\"method\":\"css selector\",\"selector\":\"input[id^='rc_select']\"}\n  (Session info: chrome=97.0.4692.71)\nFor documentation on this error, please visit: https://selenium.dev/exceptions/#no_such_element\nBuild info: version: '4.1.0', revision: '87802e897b'\nSystem info: host: 'fv-az202-534', ip: '10.1.0.73', os.name: 'Linux', os.arch: 'amd64', os.version: '5.11.0-1027-azure', java.version: '1.8.0_292'\nDriver info: org.openqa.selenium.chrome.ChromeDriver\nCommand: [5128e9537834f314f6be8846cd3f0a69, findElement {using=css selector, value=input[id^='rc_select']}]\nCapabilities {acceptInsecureCerts: false, browserName: chrome, browserVersion: 97.0.4692.71, chrome: {chromedriverVersion: 97.0.4692.71 (adefa7837d02a..., userDataDir: /tmp/.com.google.Chrome.NGBsOS}, goog:chromeOptions: {debuggerAddress: localhost:45029}, javascriptEnabled: true, networkConnectionEnabled: false, pageLoadStrategy: normal, platform: LINUX, platformName: LINUX, proxy: Proxy(), se:cdp: ws://localhost:45029/devtoo..., se:cdpVersion: 97.0.4692.71, setWindowRect: true, strictFileInteractability: false, timeouts: {implicit: 0, pageLoad: 300000, script: 30000}, unhandledPromptBehavior: dismiss and notify, webauthn:extension:credBlob: true, webauthn:extension:largeBlob: true, webauthn:virtualAuthenticators: true}\nSession ID: 5128e9537834f314f6be8846cd3f0a69",
  "statusTrace" : "org.openqa.selenium.NoSuchElementException: no such element: Unable to locate element: {\"method\":\"css selector\",\"selector\":\"input[id^='rc_select']\"}\n  (Session info: chrome=97.0.4692.71)\nFor documentation on this error, please visit: https://selenium.dev/exceptions/#no_such_element\nBuild info: version: '4.1.0', revision: '87802e897b'\nSystem info: host: 'fv-az202-534', ip: '10.1.0.73', os.name: 'Linux', os.arch: 'amd64', os.version: '5.11.0-1027-azure', java.version: '1.8.0_292'\nDriver info: org.openqa.selenium.chrome.ChromeDriver\nCommand: [5128e9537834f314f6be8846cd3f0a69, findElement {using=css selector, value=input[id^='rc_select']}]\nCapabilities {acceptInsecureCerts: false, browserName: chrome, browserVersion: 97.0.4692.71, chrome: {chromedriverVersion: 97.0.4692.71 (adefa7837d02a..., userDataDir: /tmp/.com.google.Chrome.NGBsOS}, goog:chromeOptions: {debuggerAddress: localhost:45029}, javascriptEnabled: true, networkConnectionEnabled: false, pageLoadStrategy: normal, platform: LINUX, platformName: LINUX, proxy: Proxy(), se:cdp: ws://localhost:45029/devtoo..., se:cdpVersion: 97.0.4692.71, setWindowRect: true, strictFileInteractability: false, timeouts: {implicit: 0, pageLoad: 300000, script: 30000}, unhandledPromptBehavior: dismiss and notify, webauthn:extension:credBlob: true, webauthn:extension:largeBlob: true, webauthn:virtualAuthenticators: true}\nSession ID: 5128e9537834f314f6be8846cd3f0a69\n\tat sun.reflect.GeneratedConstructorAccessor160.newInstance(Unknown Source)\n\tat sun.reflect.DelegatingConstructorAccessorImpl.newInstance(DelegatingConstructorAccessorImpl.java:45)\n\tat java.lang.reflect.Constructor.newInstance(Constructor.java:423)\n\tat org.openqa.selenium.remote.codec.w3c.W3CHttpResponseCodec.createException(W3CHttpResponseCodec.java:200)\n\tat org.openqa.selenium.remote.codec.w3c.W3CHttpResponseCodec.decode(W3CHttpResponseCodec.java:133)\n\tat org.openqa.selenium.remote.codec.w3c.W3CHttpResponseCodec.decode(W3CHttpResponseCodec.java:53)\n\tat org.openqa.selenium.remote.HttpCommandExecutor.execute(HttpCommandExecutor.java:184)\n\tat org.openqa.selenium.remote.service.DriverCommandExecutor.invokeExecute(DriverCommandExecutor.java:164)\n\tat org.openqa.selenium.remote.service.DriverCommandExecutor.execute(DriverCommandExecutor.java:139)\n\tat org.openqa.selenium.remote.RemoteWebDriver.execute(RemoteWebDriver.java:559)\n\tat org.openqa.selenium.remote.ElementLocation$ElementFinder$2.findElement(ElementLocation.java:162)\n\tat org.openqa.selenium.remote.ElementLocation.findElement(ElementLocation.java:60)\n\tat org.openqa.selenium.remote.RemoteWebDriver.findElement(RemoteWebDriver.java:383)\n\tat org.openqa.selenium.remote.RemoteWebDriver.findElement(RemoteWebDriver.java:375)\n\tat org.openqa.selenium.support.pagefactory.DefaultElementLocator.findElement(DefaultElementLocator.java:70)\n\tat com.ita.edu.teachua.ui.pagefactory.ElementHandler.invoke(ElementHandler.java:32)\n\tat com.sun.proxy.$Proxy44.sendKeys(Unknown Source)\n\tat com.ita.edu.teachua.ui.pages.main_page.MainPage.pasteClipBoardStringInSearchField(MainPage.java:64)\n\tat com.ita.edu.teachua.ui.tests.BasicSearchTest.checkSearchWithNameOfClubsClipBoard(BasicSearchTest.java:30)\n\tat sun.reflect.NativeMethodAccessorImpl.invoke0(Native Method)\n\tat sun.reflect.NativeMethodAccessorImpl.invoke(NativeMethodAccessorImpl.java:62)\n\tat sun.reflect.DelegatingMethodAccessorImpl.invoke(DelegatingMethodAccessorImpl.java:43)\n\tat java.lang.reflect.Method.invoke(Method.java:498)\n\tat org.testng.internal.MethodInvocationHelper.invokeMethod(MethodInvocationHelper.java:133)\n\tat org.testng.internal.TestInvoker.invokeMethod(TestInvoker.java:598)\n\tat org.testng.internal.TestInvoker.invokeTestMethod(TestInvoker.java:173)\n\tat org.testng.internal.MethodRunner.runInSequence(MethodRunner.java:46)\n\tat org.testng.internal.TestInvoker$MethodInvocationAgent.invoke(TestInvoker.java:824)\n\tat org.testng.internal.TestInvoker.invokeTestMethods(TestInvoker.java:146)\n\tat org.testng.internal.TestMethodWorker.invokeTestMethods(TestMethodWorker.java:146)\n\tat org.testng.internal.TestMethodWorker.run(TestMethodWorker.java:128)\n\tat java.util.ArrayList.forEach(ArrayList.java:1259)\n\tat org.testng.TestRunner.privateRun(TestRunner.java:794)\n\tat org.testng.TestRunner.run(TestRunner.java:596)\n\tat org.testng.SuiteRunner.runTest(SuiteRunner.java:377)\n\tat org.testng.SuiteRunner.access$000(SuiteRunner.java:28)\n\tat org.testng.SuiteRunner$SuiteWorker.run(SuiteRunner.java:418)\n\tat org.testng.internal.thread.ThreadUtil.lambda$execute$0(ThreadUtil.java:64)\n\tat java.util.concurrent.FutureTask.run(FutureTask.java:266)\n\tat java.util.concurrent.ThreadPoolExecutor.runWorker(ThreadPoolExecutor.java:1149)\n\tat java.util.concurrent.ThreadPoolExecutor$Worker.run(ThreadPoolExecutor.java:624)\n\tat java.lang.Thread.run(Thread.java:748)\n",
  "flaky" : false,
  "newFailed" : false,
  "beforeStages" : [ {
    "name" : "beforeMethod",
    "time" : {
      "start" : 1643141950209,
      "stop" : 1643141984271,
      "duration" : 34062
    },
    "description" : "",
    "status" : "passed",
    "steps" : [ ],
    "attachments" : [ ],
    "parameters" : [ ],
    "stepsCount" : 0,
    "attachmentsCount" : 0,
    "shouldDisplayMessage" : false,
    "hasContent" : false
  }, {
    "name" : "beforeSuite",
    "time" : {
      "start" : 1643140668438,
      "stop" : 1643140668446,
      "duration" : 8
    },
    "description" : "",
    "status" : "passed",
    "steps" : [ ],
    "attachments" : [ ],
    "parameters" : [ ],
    "stepsCount" : 0,
    "attachmentsCount" : 0,
    "shouldDisplayMessage" : false,
    "hasContent" : false
  }, {
    "name" : "beforeSuite",
    "time" : {
      "start" : 1643140668446,
      "stop" : 1643140670159,
      "duration" : 1713
    },
    "description" : "",
    "status" : "passed",
    "steps" : [ ],
    "attachments" : [ ],
    "parameters" : [ ],
    "stepsCount" : 0,
    "attachmentsCount" : 0,
    "shouldDisplayMessage" : false,
    "hasContent" : false
  }, {
    "name" : "beforeSuite",
    "time" : {
      "start" : 1643140670159,
      "stop" : 1643140670159,
      "duration" : 0
    },
    "description" : "",
    "status" : "passed",
    "steps" : [ ],
    "attachments" : [ ],
    "parameters" : [ ],
    "stepsCount" : 0,
    "attachmentsCount" : 0,
    "shouldDisplayMessage" : false,
    "hasContent" : false
  }, {
    "name" : "beforeSuite",
    "time" : {
      "start" : 1643140670160,
      "stop" : 1643140670160,
      "duration" : 0
    },
    "description" : "",
    "status" : "passed",
    "steps" : [ ],
    "attachments" : [ ],
    "parameters" : [ ],
    "stepsCount" : 0,
    "attachmentsCount" : 0,
    "shouldDisplayMessage" : false,
    "hasContent" : false
  }, {
    "name" : "beforeSuite",
    "time" : {
      "start" : 1643140670160,
      "stop" : 1643140670160,
      "duration" : 0
    },
    "description" : "",
    "status" : "passed",
    "steps" : [ ],
    "attachments" : [ ],
    "parameters" : [ ],
    "stepsCount" : 0,
    "attachmentsCount" : 0,
    "shouldDisplayMessage" : false,
    "hasContent" : false
  } ],
  "testStage" : {
    "description" : "TUA-226 Verify that user can perform basic search by inserting name of a club",
    "status" : "broken",
    "statusMessage" : "no such element: Unable to locate element: {\"method\":\"css selector\",\"selector\":\"input[id^='rc_select']\"}\n  (Session info: chrome=97.0.4692.71)\nFor documentation on this error, please visit: https://selenium.dev/exceptions/#no_such_element\nBuild info: version: '4.1.0', revision: '87802e897b'\nSystem info: host: 'fv-az202-534', ip: '10.1.0.73', os.name: 'Linux', os.arch: 'amd64', os.version: '5.11.0-1027-azure', java.version: '1.8.0_292'\nDriver info: org.openqa.selenium.chrome.ChromeDriver\nCommand: [5128e9537834f314f6be8846cd3f0a69, findElement {using=css selector, value=input[id^='rc_select']}]\nCapabilities {acceptInsecureCerts: false, browserName: chrome, browserVersion: 97.0.4692.71, chrome: {chromedriverVersion: 97.0.4692.71 (adefa7837d02a..., userDataDir: /tmp/.com.google.Chrome.NGBsOS}, goog:chromeOptions: {debuggerAddress: localhost:45029}, javascriptEnabled: true, networkConnectionEnabled: false, pageLoadStrategy: normal, platform: LINUX, platformName: LINUX, proxy: Proxy(), se:cdp: ws://localhost:45029/devtoo..., se:cdpVersion: 97.0.4692.71, setWindowRect: true, strictFileInteractability: false, timeouts: {implicit: 0, pageLoad: 300000, script: 30000}, unhandledPromptBehavior: dismiss and notify, webauthn:extension:credBlob: true, webauthn:extension:largeBlob: true, webauthn:virtualAuthenticators: true}\nSession ID: 5128e9537834f314f6be8846cd3f0a69",
    "statusTrace" : "org.openqa.selenium.NoSuchElementException: no such element: Unable to locate element: {\"method\":\"css selector\",\"selector\":\"input[id^='rc_select']\"}\n  (Session info: chrome=97.0.4692.71)\nFor documentation on this error, please visit: https://selenium.dev/exceptions/#no_such_element\nBuild info: version: '4.1.0', revision: '87802e897b'\nSystem info: host: 'fv-az202-534', ip: '10.1.0.73', os.name: 'Linux', os.arch: 'amd64', os.version: '5.11.0-1027-azure', java.version: '1.8.0_292'\nDriver info: org.openqa.selenium.chrome.ChromeDriver\nCommand: [5128e9537834f314f6be8846cd3f0a69, findElement {using=css selector, value=input[id^='rc_select']}]\nCapabilities {acceptInsecureCerts: false, browserName: chrome, browserVersion: 97.0.4692.71, chrome: {chromedriverVersion: 97.0.4692.71 (adefa7837d02a..., userDataDir: /tmp/.com.google.Chrome.NGBsOS}, goog:chromeOptions: {debuggerAddress: localhost:45029}, javascriptEnabled: true, networkConnectionEnabled: false, pageLoadStrategy: normal, platform: LINUX, platformName: LINUX, proxy: Proxy(), se:cdp: ws://localhost:45029/devtoo..., se:cdpVersion: 97.0.4692.71, setWindowRect: true, strictFileInteractability: false, timeouts: {implicit: 0, pageLoad: 300000, script: 30000}, unhandledPromptBehavior: dismiss and notify, webauthn:extension:credBlob: true, webauthn:extension:largeBlob: true, webauthn:virtualAuthenticators: true}\nSession ID: 5128e9537834f314f6be8846cd3f0a69\n\tat sun.reflect.GeneratedConstructorAccessor160.newInstance(Unknown Source)\n\tat sun.reflect.DelegatingConstructorAccessorImpl.newInstance(DelegatingConstructorAccessorImpl.java:45)\n\tat java.lang.reflect.Constructor.newInstance(Constructor.java:423)\n\tat org.openqa.selenium.remote.codec.w3c.W3CHttpResponseCodec.createException(W3CHttpResponseCodec.java:200)\n\tat org.openqa.selenium.remote.codec.w3c.W3CHttpResponseCodec.decode(W3CHttpResponseCodec.java:133)\n\tat org.openqa.selenium.remote.codec.w3c.W3CHttpResponseCodec.decode(W3CHttpResponseCodec.java:53)\n\tat org.openqa.selenium.remote.HttpCommandExecutor.execute(HttpCommandExecutor.java:184)\n\tat org.openqa.selenium.remote.service.DriverCommandExecutor.invokeExecute(DriverCommandExecutor.java:164)\n\tat org.openqa.selenium.remote.service.DriverCommandExecutor.execute(DriverCommandExecutor.java:139)\n\tat org.openqa.selenium.remote.RemoteWebDriver.execute(RemoteWebDriver.java:559)\n\tat org.openqa.selenium.remote.ElementLocation$ElementFinder$2.findElement(ElementLocation.java:162)\n\tat org.openqa.selenium.remote.ElementLocation.findElement(ElementLocation.java:60)\n\tat org.openqa.selenium.remote.RemoteWebDriver.findElement(RemoteWebDriver.java:383)\n\tat org.openqa.selenium.remote.RemoteWebDriver.findElement(RemoteWebDriver.java:375)\n\tat org.openqa.selenium.support.pagefactory.DefaultElementLocator.findElement(DefaultElementLocator.java:70)\n\tat com.ita.edu.teachua.ui.pagefactory.ElementHandler.invoke(ElementHandler.java:32)\n\tat com.sun.proxy.$Proxy44.sendKeys(Unknown Source)\n\tat com.ita.edu.teachua.ui.pages.main_page.MainPage.pasteClipBoardStringInSearchField(MainPage.java:64)\n\tat com.ita.edu.teachua.ui.tests.BasicSearchTest.checkSearchWithNameOfClubsClipBoard(BasicSearchTest.java:30)\n\tat sun.reflect.NativeMethodAccessorImpl.invoke0(Native Method)\n\tat sun.reflect.NativeMethodAccessorImpl.invoke(NativeMethodAccessorImpl.java:62)\n\tat sun.reflect.DelegatingMethodAccessorImpl.invoke(DelegatingMethodAccessorImpl.java:43)\n\tat java.lang.reflect.Method.invoke(Method.java:498)\n\tat org.testng.internal.MethodInvocationHelper.invokeMethod(MethodInvocationHelper.java:133)\n\tat org.testng.internal.TestInvoker.invokeMethod(TestInvoker.java:598)\n\tat org.testng.internal.TestInvoker.invokeTestMethod(TestInvoker.java:173)\n\tat org.testng.internal.MethodRunner.runInSequence(MethodRunner.java:46)\n\tat org.testng.internal.TestInvoker$MethodInvocationAgent.invoke(TestInvoker.java:824)\n\tat org.testng.internal.TestInvoker.invokeTestMethods(TestInvoker.java:146)\n\tat org.testng.internal.TestMethodWorker.invokeTestMethods(TestMethodWorker.java:146)\n\tat org.testng.internal.TestMethodWorker.run(TestMethodWorker.java:128)\n\tat java.util.ArrayList.forEach(ArrayList.java:1259)\n\tat org.testng.TestRunner.privateRun(TestRunner.java:794)\n\tat org.testng.TestRunner.run(TestRunner.java:596)\n\tat org.testng.SuiteRunner.runTest(SuiteRunner.java:377)\n\tat org.testng.SuiteRunner.access$000(SuiteRunner.java:28)\n\tat org.testng.SuiteRunner$SuiteWorker.run(SuiteRunner.java:418)\n\tat org.testng.internal.thread.ThreadUtil.lambda$execute$0(ThreadUtil.java:64)\n\tat java.util.concurrent.FutureTask.run(FutureTask.java:266)\n\tat java.util.concurrent.ThreadPoolExecutor.runWorker(ThreadPoolExecutor.java:1149)\n\tat java.util.concurrent.ThreadPoolExecutor$Worker.run(ThreadPoolExecutor.java:624)\n\tat java.lang.Thread.run(Thread.java:748)\n",
    "steps" : [ {
      "name" : "Insert from clipboard *IT освіта: курси \"ГРАНД\"* in search field",
      "time" : {
        "start" : 1643141984273,
        "stop" : 1643141994702,
        "duration" : 10429
      },
      "status" : "broken",
      "statusMessage" : "no such element: Unable to locate element: {\"method\":\"css selector\",\"selector\":\"input[id^='rc_select']\"}\n  (Session info: chrome=97.0.4692.71)\nFor documentation on this error, please visit: https://selenium.dev/exceptions/#no_such_element\nBuild info: version: '4.1.0', revision: '87802e897b'\nSystem info: host: 'fv-az202-534', ip: '10.1.0.73', os.name: 'Linux', os.arch: 'amd64', os.version: '5.11.0-1027-azure', java.version: '1.8.0_292'\nDriver info: org.openqa.selenium.chrome.ChromeDriver\nCommand: [5128e9537834f314f6be8846cd3f0a69, findElement {using=css selector, value=input[id^='rc_select']}]\nCapabilities {acceptInsecureCerts: false, browserName: chrome, browserVersion: 97.0.4692.71, chrome: {chromedriverVersion: 97.0.4692.71 (adefa7837d02a..., userDataDir: /tmp/.com.google.Chrome.NGBsOS}, goog:chromeOptions: {debuggerAddress: localhost:45029}, javascriptEnabled: true, networkConnectionEnabled: false, pageLoadStrategy: normal, platform: LINUX, platformName: LINUX, proxy: Proxy(), se:cdp: ws://localhost:45029/devtoo..., se:cdpVersion: 97.0.4692.71, setWindowRect: true, strictFileInteractability: false, timeouts: {implicit: 0, pageLoad: 300000, script: 30000}, unhandledPromptBehavior: dismiss and notify, webauthn:extension:credBlob: true, webauthn:extension:largeBlob: true, webauthn:virtualAuthenticators: true}\nSession ID: 5128e9537834f314f6be8846cd3f0a69",
      "statusTrace" : "org.openqa.selenium.NoSuchElementException: no such element: Unable to locate element: {\"method\":\"css selector\",\"selector\":\"input[id^='rc_select']\"}\n  (Session info: chrome=97.0.4692.71)\nFor documentation on this error, please visit: https://selenium.dev/exceptions/#no_such_element\nBuild info: version: '4.1.0', revision: '87802e897b'\nSystem info: host: 'fv-az202-534', ip: '10.1.0.73', os.name: 'Linux', os.arch: 'amd64', os.version: '5.11.0-1027-azure', java.version: '1.8.0_292'\nDriver info: org.openqa.selenium.chrome.ChromeDriver\nCommand: [5128e9537834f314f6be8846cd3f0a69, findElement {using=css selector, value=input[id^='rc_select']}]\nCapabilities {acceptInsecureCerts: false, browserName: chrome, browserVersion: 97.0.4692.71, chrome: {chromedriverVersion: 97.0.4692.71 (adefa7837d02a..., userDataDir: /tmp/.com.google.Chrome.NGBsOS}, goog:chromeOptions: {debuggerAddress: localhost:45029}, javascriptEnabled: true, networkConnectionEnabled: false, pageLoadStrategy: normal, platform: LINUX, platformName: LINUX, proxy: Proxy(), se:cdp: ws://localhost:45029/devtoo..., se:cdpVersion: 97.0.4692.71, setWindowRect: true, strictFileInteractability: false, timeouts: {implicit: 0, pageLoad: 300000, script: 30000}, unhandledPromptBehavior: dismiss and notify, webauthn:extension:credBlob: true, webauthn:extension:largeBlob: true, webauthn:virtualAuthenticators: true}\nSession ID: 5128e9537834f314f6be8846cd3f0a69\n\tat sun.reflect.GeneratedConstructorAccessor160.newInstance(Unknown Source)\n\tat sun.reflect.DelegatingConstructorAccessorImpl.newInstance(DelegatingConstructorAccessorImpl.java:45)\n\tat java.lang.reflect.Constructor.newInstance(Constructor.java:423)\n\tat org.openqa.selenium.remote.codec.w3c.W3CHttpResponseCodec.createException(W3CHttpResponseCodec.java:200)\n\tat org.openqa.selenium.remote.codec.w3c.W3CHttpResponseCodec.decode(W3CHttpResponseCodec.java:133)\n\tat org.openqa.selenium.remote.codec.w3c.W3CHttpResponseCodec.decode(W3CHttpResponseCodec.java:53)\n\tat org.openqa.selenium.remote.HttpCommandExecutor.execute(HttpCommandExecutor.java:184)\n\tat org.openqa.selenium.remote.service.DriverCommandExecutor.invokeExecute(DriverCommandExecutor.java:164)\n\tat org.openqa.selenium.remote.service.DriverCommandExecutor.execute(DriverCommandExecutor.java:139)\n\tat org.openqa.selenium.remote.RemoteWebDriver.execute(RemoteWebDriver.java:559)\n\tat org.openqa.selenium.remote.ElementLocation$ElementFinder$2.findElement(ElementLocation.java:162)\n\tat org.openqa.selenium.remote.ElementLocation.findElement(ElementLocation.java:60)\n\tat org.openqa.selenium.remote.RemoteWebDriver.findElement(RemoteWebDriver.java:383)\n\tat org.openqa.selenium.remote.RemoteWebDriver.findElement(RemoteWebDriver.java:375)\n\tat org.openqa.selenium.support.pagefactory.DefaultElementLocator.findElement(DefaultElementLocator.java:70)\n\tat com.ita.edu.teachua.ui.pagefactory.ElementHandler.invoke(ElementHandler.java:32)\n\tat com.sun.proxy.$Proxy44.sendKeys(Unknown Source)\n\tat com.ita.edu.teachua.ui.pages.main_page.MainPage.pasteClipBoardStringInSearchField(MainPage.java:64)\n\tat com.ita.edu.teachua.ui.tests.BasicSearchTest.checkSearchWithNameOfClubsClipBoard(BasicSearchTest.java:30)\n\tat sun.reflect.NativeMethodAccessorImpl.invoke0(Native Method)\n\tat sun.reflect.NativeMethodAccessorImpl.invoke(NativeMethodAccessorImpl.java:62)\n\tat sun.reflect.DelegatingMethodAccessorImpl.invoke(DelegatingMethodAccessorImpl.java:43)\n\tat java.lang.reflect.Method.invoke(Method.java:498)\n\tat org.testng.internal.MethodInvocationHelper.invokeMethod(MethodInvocationHelper.java:133)\n\tat org.testng.internal.TestInvoker.invokeMethod(TestInvoker.java:598)\n\tat org.testng.internal.TestInvoker.invokeTestMethod(TestInvoker.java:173)\n\tat org.testng.internal.MethodRunner.runInSequence(MethodRunner.java:46)\n\tat org.testng.internal.TestInvoker$MethodInvocationAgent.invoke(TestInvoker.java:824)\n\tat org.testng.internal.TestInvoker.invokeTestMethods(TestInvoker.java:146)\n\tat org.testng.internal.TestMethodWorker.invokeTestMethods(TestMethodWorker.java:146)\n\tat org.testng.internal.TestMethodWorker.run(TestMethodWorker.java:128)\n\tat java.util.ArrayList.forEach(ArrayList.java:1259)\n\tat org.testng.TestRunner.privateRun(TestRunner.java:794)\n\tat org.testng.TestRunner.run(TestRunner.java:596)\n\tat org.testng.SuiteRunner.runTest(SuiteRunner.java:377)\n\tat org.testng.SuiteRunner.access$000(SuiteRunner.java:28)\n\tat org.testng.SuiteRunner$SuiteWorker.run(SuiteRunner.java:418)\n\tat org.testng.internal.thread.ThreadUtil.lambda$execute$0(ThreadUtil.java:64)\n\tat java.util.concurrent.FutureTask.run(FutureTask.java:266)\n\tat java.util.concurrent.ThreadPoolExecutor.runWorker(ThreadPoolExecutor.java:1149)\n\tat java.util.concurrent.ThreadPoolExecutor$Worker.run(ThreadPoolExecutor.java:624)\n\tat java.lang.Thread.run(Thread.java:748)\n",
      "steps" : [ ],
      "attachments" : [ ],
      "parameters" : [ {
        "name" : "input",
        "value" : "IT освіта: курси \"ГРАНД\""
      } ],
      "stepsCount" : 0,
      "attachmentsCount" : 0,
      "shouldDisplayMessage" : true,
      "hasContent" : true
    } ],
    "attachments" : [ {
      "uid" : "b6352731b6fdc7e6",
      "name" : "Logs for thread 14",
      "source" : "b6352731b6fdc7e6.log",
      "type" : "text/plain",
      "size" : 4
    }, {
      "uid" : "6a1ee4784f4cb399",
      "name" : "Page screenshot",
      "source" : "6a1ee4784f4cb399.png",
      "type" : "image/png",
      "size" : 6665
    } ],
    "parameters" : [ ],
    "stepsCount" : 1,
    "attachmentsCount" : 2,
    "shouldDisplayMessage" : false,
    "hasContent" : true
  },
  "afterStages" : [ {
    "name" : "afterMethod",
    "time" : {
      "start" : 1643141994798,
      "stop" : 1643141994867,
      "duration" : 69
    },
    "description" : "",
    "status" : "passed",
    "steps" : [ ],
    "attachments" : [ ],
    "parameters" : [ ],
    "stepsCount" : 0,
    "attachmentsCount" : 0,
    "shouldDisplayMessage" : false,
    "hasContent" : false
  } ],
  "labels" : [ {
    "name" : "package",
    "value" : "com.ita.edu.teachua.ui.tests.BasicSearchTest"
  }, {
    "name" : "testClass",
    "value" : "com.ita.edu.teachua.ui.tests.BasicSearchTest"
  }, {
    "name" : "testMethod",
    "value" : "checkSearchWithNameOfClubsClipBoard"
  }, {
    "name" : "parentSuite",
    "value" : "Test Suite"
  }, {
    "name" : "suite",
    "value" : "UI Tests"
  }, {
    "name" : "subSuite",
    "value" : "com.ita.edu.teachua.ui.tests.BasicSearchTest"
  }, {
    "name" : "host",
    "value" : "fv-az202-534"
  }, {
    "name" : "thread",
    "value" : "2803@fv-az202-534.TestNG-tests-2(14)"
  }, {
    "name" : "framework",
    "value" : "testng"
  }, {
    "name" : "language",
    "value" : "java"
  }, {
    "name" : "resultFormat",
    "value" : "allure2"
  } ],
  "parameters" : [ {
    "name" : "arg0",
    "value" : "IT освіта: курси \"ГРАНД\""
  } ],
  "links" : [ {
    "name" : "TUA-226",
    "type" : "issue"
  } ],
  "hidden" : false,
  "retry" : false,
  "extra" : {
    "severity" : "normal",
    "retries" : [ ],
    "categories" : [ {
      "name" : "Test defects",
      "matchedStatuses" : [ ],
      "flaky" : false
    } ],
    "history" : {
      "statistic" : {
        "failed" : 0,
        "broken" : 7,
        "skipped" : 0,
        "passed" : 45,
        "unknown" : 0,
        "total" : 52
      },
      "items" : [ {
        "uid" : "21760ad26a03dded",
        "reportUrl" : "https://ita-social-projects.github.io/TeachUA_TA/84//#testresult/21760ad26a03dded",
        "status" : "passed",
        "time" : {
          "start" : 1643140584560,
          "stop" : 1643140585790,
          "duration" : 1230
        }
      }, {
        "uid" : "811b51a53ce787f8",
        "reportUrl" : "https://ita-social-projects.github.io/TeachUA_TA/83//#testresult/811b51a53ce787f8",
        "status" : "passed",
        "time" : {
          "start" : 1643139978035,
          "stop" : 1643139979249,
          "duration" : 1214
        }
      }, {
        "uid" : "2e6f65f58f4900d3",
        "reportUrl" : "https://ita-social-projects.github.io/TeachUA_TA/82//#testresult/2e6f65f58f4900d3",
        "status" : "passed",
        "time" : {
          "start" : 1643139000021,
          "stop" : 1643139001224,
          "duration" : 1203
        }
      }, {
        "uid" : "64e179c2a5d4bafb",
        "reportUrl" : "https://ita-social-projects.github.io/TeachUA_TA/81//#testresult/64e179c2a5d4bafb",
        "status" : "passed",
        "time" : {
          "start" : 1643138870473,
          "stop" : 1643138871824,
          "duration" : 1351
        }
      }, {
        "uid" : "4f8ccb664664a1c3",
        "reportUrl" : "https://ita-social-projects.github.io/TeachUA_TA/80//#testresult/4f8ccb664664a1c3",
        "status" : "passed",
        "time" : {
          "start" : 1643137652348,
          "stop" : 1643137653532,
          "duration" : 1184
        }
      }, {
        "uid" : "3b971bc2d7a84def",
        "reportUrl" : "https://ita-social-projects.github.io/TeachUA_TA/79//#testresult/3b971bc2d7a84def",
        "status" : "passed",
        "time" : {
          "start" : 1643137584332,
          "stop" : 1643137585515,
          "duration" : 1183
        }
      }, {
        "uid" : "809d697c8f2f2dab",
        "reportUrl" : "https://ita-social-projects.github.io/TeachUA_TA/78//#testresult/809d697c8f2f2dab",
        "status" : "passed",
        "time" : {
          "start" : 1643136619273,
          "stop" : 1643136620465,
          "duration" : 1192
        }
      }, {
        "uid" : "be0ebc9818575087",
        "reportUrl" : "https://ita-social-projects.github.io/TeachUA_TA/77//#testresult/be0ebc9818575087",
        "status" : "passed",
        "time" : {
          "start" : 1643134831250,
          "stop" : 1643134832478,
          "duration" : 1228
        }
      }, {
        "uid" : "ce7c8c0844665ba",
        "reportUrl" : "https://ita-social-projects.github.io/TeachUA_TA/76//#testresult/ce7c8c0844665ba",
        "status" : "passed",
        "time" : {
          "start" : 1643134164242,
          "stop" : 1643134165428,
          "duration" : 1186
        }
      }, {
        "uid" : "5e3c69abde4e2f6d",
        "reportUrl" : "https://ita-social-projects.github.io/TeachUA_TA/74//#testresult/5e3c69abde4e2f6d",
        "status" : "passed",
        "time" : {
          "start" : 1643130990409,
          "stop" : 1643130991596,
          "duration" : 1187
        }
      }, {
        "uid" : "375d95bbe9d425c3",
        "reportUrl" : "https://ita-social-projects.github.io/TeachUA_TA/75//#testresult/375d95bbe9d425c3",
        "status" : "passed",
        "time" : {
          "start" : 1643130951888,
          "stop" : 1643130953051,
          "duration" : 1163
        }
      }, {
        "uid" : "9380914d84f92704",
        "reportUrl" : "https://ita-social-projects.github.io/TeachUA_TA/73//#testresult/9380914d84f92704",
        "status" : "passed",
        "time" : {
          "start" : 1643130082141,
          "stop" : 1643130083390,
          "duration" : 1249
        }
      }, {
        "uid" : "326d6588617320b2",
        "reportUrl" : "https://ita-social-projects.github.io/TeachUA_TA/72//#testresult/326d6588617320b2",
        "status" : "passed",
        "time" : {
          "start" : 1643129859863,
          "stop" : 1643129861088,
          "duration" : 1225
        }
      }, {
        "uid" : "5449890191aec0ee",
        "reportUrl" : "https://ita-social-projects.github.io/TeachUA_TA/71//#testresult/5449890191aec0ee",
        "status" : "passed",
        "time" : {
          "start" : 1643129834223,
          "stop" : 1643129835434,
          "duration" : 1211
        }
      }, {
        "uid" : "bbe1c706ea580a41",
        "reportUrl" : "https://ita-social-projects.github.io/TeachUA_TA/70//#testresult/bbe1c706ea580a41",
        "status" : "passed",
        "time" : {
          "start" : 1643123397534,
          "stop" : 1643123398726,
          "duration" : 1192
        }
      }, {
        "uid" : "e156f7eaf5d14afd",
        "reportUrl" : "https://ita-social-projects.github.io/TeachUA_TA/69//#testresult/e156f7eaf5d14afd",
        "status" : "passed",
        "time" : {
          "start" : 1643123340205,
          "stop" : 1643123341429,
          "duration" : 1224
        }
      }, {
        "uid" : "55700cd5c3877e09",
        "reportUrl" : "https://ita-social-projects.github.io/TeachUA_TA/68//#testresult/55700cd5c3877e09",
        "status" : "passed",
        "time" : {
          "start" : 1643109406600,
          "stop" : 1643109407846,
          "duration" : 1246
        }
      }, {
        "uid" : "4eccde74121489ab",
        "reportUrl" : "https://ita-social-projects.github.io/TeachUA_TA/68//#testresult/4eccde74121489ab",
        "status" : "passed",
        "time" : {
          "start" : 1643104647880,
          "stop" : 1643104649137,
          "duration" : 1257
        }
      }, {
        "uid" : "7a43d4a6021af9fb",
        "reportUrl" : "https://Lv-648-TAQC-Java-project.github.io/Selenium648PageFactory/67//#testresult/7a43d4a6021af9fb",
        "status" : "passed",
        "time" : {
          "start" : 1643101000626,
          "stop" : 1643101001859,
          "duration" : 1233
        }
      }, {
        "uid" : "6542576547b5fadd",
        "reportUrl" : "https://Lv-648-TAQC-Java-project.github.io/Selenium648PageFactory/67//#testresult/6542576547b5fadd",
        "status" : "passed",
        "time" : {
          "start" : 1643060316801,
          "stop" : 1643060318003,
          "duration" : 1202
        }
      } ]
    },
    "tags" : [ ]
  },
  "source" : "ce7501df16bb5ca5.json",
  "parameterValues" : [ "IT освіта: курси \"ГРАНД\"" ]
}