{
  "uid" : "51eb5e51975faf15",
  "name" : "TUA-172",
  "fullName" : "com.ita.edu.teachua.ui.tests.OwnerProfileTest.checkButtonIsEnabledWithValidInput",
  "historyId" : "cb8c42e928e7789dce095f3a5c9a9435",
  "time" : {
    "start" : 1643141947523,
    "stop" : 1643141957871,
    "duration" : 10348
  },
  "description" : "TUA-172-Verify that the ‘Опис’ text field is filled in with valid data when a user enters from 40 to 1500 symbols into the field",
  "descriptionHtml" : "<p>TUA-172-Verify that the ‘Опис’ text field is filled in with valid data when a user enters from 40 to 1500 symbols into the field</p>\n",
  "status" : "broken",
  "statusMessage" : "no such element: Unable to locate element: {\"method\":\"xpath\",\"selector\":\"//div[@class = 'ant-dropdown-trigger user-profile']/span[@role]\"}\n  (Session info: chrome=97.0.4692.71)\nFor documentation on this error, please visit: https://selenium.dev/exceptions/#no_such_element\nBuild info: version: '4.1.0', revision: '87802e897b'\nSystem info: host: 'fv-az75-82', ip: '10.1.0.250', os.name: 'Linux', os.arch: 'amd64', os.version: '5.11.0-1027-azure', java.version: '1.8.0_292'\nDriver info: org.openqa.selenium.chrome.ChromeDriver\nCommand: [e255760c49ebb1792c50d609ddcfc87b, findElement {using=xpath, value=//div[@class = 'ant-dropdown-trigger user-profile']/span[@role]}]\nCapabilities {acceptInsecureCerts: false, browserName: chrome, browserVersion: 97.0.4692.71, chrome: {chromedriverVersion: 97.0.4692.71 (adefa7837d02a..., userDataDir: /tmp/.com.google.Chrome.RPxqmK}, goog:chromeOptions: {debuggerAddress: localhost:37865}, javascriptEnabled: true, networkConnectionEnabled: false, pageLoadStrategy: normal, platform: LINUX, platformName: LINUX, proxy: Proxy(), se:cdp: ws://localhost:37865/devtoo..., se:cdpVersion: 97.0.4692.71, setWindowRect: true, strictFileInteractability: false, timeouts: {implicit: 0, pageLoad: 300000, script: 30000}, unhandledPromptBehavior: dismiss and notify, webauthn:extension:credBlob: true, webauthn:extension:largeBlob: true, webauthn:virtualAuthenticators: true}\nSession ID: e255760c49ebb1792c50d609ddcfc87b",
  "statusTrace" : "org.openqa.selenium.NoSuchElementException: no such element: Unable to locate element: {\"method\":\"xpath\",\"selector\":\"//div[@class = 'ant-dropdown-trigger user-profile']/span[@role]\"}\n  (Session info: chrome=97.0.4692.71)\nFor documentation on this error, please visit: https://selenium.dev/exceptions/#no_such_element\nBuild info: version: '4.1.0', revision: '87802e897b'\nSystem info: host: 'fv-az75-82', ip: '10.1.0.250', os.name: 'Linux', os.arch: 'amd64', os.version: '5.11.0-1027-azure', java.version: '1.8.0_292'\nDriver info: org.openqa.selenium.chrome.ChromeDriver\nCommand: [e255760c49ebb1792c50d609ddcfc87b, findElement {using=xpath, value=//div[@class = 'ant-dropdown-trigger user-profile']/span[@role]}]\nCapabilities {acceptInsecureCerts: false, browserName: chrome, browserVersion: 97.0.4692.71, chrome: {chromedriverVersion: 97.0.4692.71 (adefa7837d02a..., userDataDir: /tmp/.com.google.Chrome.RPxqmK}, goog:chromeOptions: {debuggerAddress: localhost:37865}, javascriptEnabled: true, networkConnectionEnabled: false, pageLoadStrategy: normal, platform: LINUX, platformName: LINUX, proxy: Proxy(), se:cdp: ws://localhost:37865/devtoo..., se:cdpVersion: 97.0.4692.71, setWindowRect: true, strictFileInteractability: false, timeouts: {implicit: 0, pageLoad: 300000, script: 30000}, unhandledPromptBehavior: dismiss and notify, webauthn:extension:credBlob: true, webauthn:extension:largeBlob: true, webauthn:virtualAuthenticators: true}\nSession ID: e255760c49ebb1792c50d609ddcfc87b\n\tat sun.reflect.GeneratedConstructorAccessor151.newInstance(Unknown Source)\n\tat sun.reflect.DelegatingConstructorAccessorImpl.newInstance(DelegatingConstructorAccessorImpl.java:45)\n\tat java.lang.reflect.Constructor.newInstance(Constructor.java:423)\n\tat org.openqa.selenium.remote.codec.w3c.W3CHttpResponseCodec.createException(W3CHttpResponseCodec.java:200)\n\tat org.openqa.selenium.remote.codec.w3c.W3CHttpResponseCodec.decode(W3CHttpResponseCodec.java:133)\n\tat org.openqa.selenium.remote.codec.w3c.W3CHttpResponseCodec.decode(W3CHttpResponseCodec.java:53)\n\tat org.openqa.selenium.remote.HttpCommandExecutor.execute(HttpCommandExecutor.java:184)\n\tat org.openqa.selenium.remote.service.DriverCommandExecutor.invokeExecute(DriverCommandExecutor.java:164)\n\tat org.openqa.selenium.remote.service.DriverCommandExecutor.execute(DriverCommandExecutor.java:139)\n\tat org.openqa.selenium.remote.RemoteWebDriver.execute(RemoteWebDriver.java:559)\n\tat org.openqa.selenium.remote.ElementLocation$ElementFinder$2.findElement(ElementLocation.java:162)\n\tat org.openqa.selenium.remote.ElementLocation.findElement(ElementLocation.java:60)\n\tat org.openqa.selenium.remote.RemoteWebDriver.findElement(RemoteWebDriver.java:383)\n\tat org.openqa.selenium.remote.RemoteWebDriver.findElement(RemoteWebDriver.java:375)\n\tat org.openqa.selenium.support.pagefactory.DefaultElementLocator.findElement(DefaultElementLocator.java:70)\n\tat com.ita.edu.teachua.ui.pagefactory.ElementHandler.invoke(ElementHandler.java:32)\n\tat com.sun.proxy.$Proxy42.click(Unknown Source)\n\tat com.ita.edu.teachua.ui.pages.header_page.HeaderPage.clickOnGuestDropdown(HeaderPage.java:27)\n\tat com.ita.edu.teachua.ui.pages.header_page.HeaderPage.authorize(HeaderPage.java:40)\n\tat com.ita.edu.teachua.ui.tests.OwnerProfileTest.checkButtonIsEnabledWithValidInput(OwnerProfileTest.java:736)\n\tat sun.reflect.NativeMethodAccessorImpl.invoke0(Native Method)\n\tat sun.reflect.NativeMethodAccessorImpl.invoke(NativeMethodAccessorImpl.java:62)\n\tat sun.reflect.DelegatingMethodAccessorImpl.invoke(DelegatingMethodAccessorImpl.java:43)\n\tat java.lang.reflect.Method.invoke(Method.java:498)\n\tat org.testng.internal.MethodInvocationHelper.invokeMethod(MethodInvocationHelper.java:133)\n\tat org.testng.internal.TestInvoker.invokeMethod(TestInvoker.java:598)\n\tat org.testng.internal.TestInvoker.invokeTestMethod(TestInvoker.java:173)\n\tat org.testng.internal.MethodRunner.runInSequence(MethodRunner.java:46)\n\tat org.testng.internal.TestInvoker$MethodInvocationAgent.invoke(TestInvoker.java:824)\n\tat org.testng.internal.TestInvoker.invokeTestMethods(TestInvoker.java:146)\n\tat org.testng.internal.TestMethodWorker.invokeTestMethods(TestMethodWorker.java:146)\n\tat org.testng.internal.TestMethodWorker.run(TestMethodWorker.java:128)\n\tat java.util.ArrayList.forEach(ArrayList.java:1259)\n\tat org.testng.TestRunner.privateRun(TestRunner.java:794)\n\tat org.testng.TestRunner.run(TestRunner.java:596)\n\tat org.testng.SuiteRunner.runTest(SuiteRunner.java:377)\n\tat org.testng.SuiteRunner.access$000(SuiteRunner.java:28)\n\tat org.testng.SuiteRunner$SuiteWorker.run(SuiteRunner.java:418)\n\tat org.testng.internal.thread.ThreadUtil.lambda$execute$0(ThreadUtil.java:64)\n\tat java.util.concurrent.FutureTask.run(FutureTask.java:266)\n\tat java.util.concurrent.ThreadPoolExecutor.runWorker(ThreadPoolExecutor.java:1149)\n\tat java.util.concurrent.ThreadPoolExecutor$Worker.run(ThreadPoolExecutor.java:624)\n\tat java.lang.Thread.run(Thread.java:748)\n",
  "flaky" : false,
  "newFailed" : false,
  "beforeStages" : [ {
    "name" : "beforeMethod",
    "time" : {
      "start" : 1643141912670,
      "stop" : 1643141947521,
      "duration" : 34851
    },
    "description" : "",
    "status" : "passed",
    "steps" : [ ],
    "attachments" : [ ],
    "parameters" : [ ],
    "stepsCount" : 0,
    "attachmentsCount" : 0,
    "shouldDisplayMessage" : false,
    "hasContent" : false
  }, {
    "name" : "beforeSuite",
    "time" : {
      "start" : 1643141003730,
      "stop" : 1643141003740,
      "duration" : 10
    },
    "description" : "",
    "status" : "passed",
    "steps" : [ ],
    "attachments" : [ ],
    "parameters" : [ ],
    "stepsCount" : 0,
    "attachmentsCount" : 0,
    "shouldDisplayMessage" : false,
    "hasContent" : false
  }, {
    "name" : "beforeSuite",
    "time" : {
      "start" : 1643141003741,
      "stop" : 1643141008715,
      "duration" : 4974
    },
    "description" : "",
    "status" : "passed",
    "steps" : [ ],
    "attachments" : [ ],
    "parameters" : [ ],
    "stepsCount" : 0,
    "attachmentsCount" : 0,
    "shouldDisplayMessage" : false,
    "hasContent" : false
  }, {
    "name" : "beforeSuite",
    "time" : {
      "start" : 1643141008716,
      "stop" : 1643141008716,
      "duration" : 0
    },
    "description" : "",
    "status" : "passed",
    "steps" : [ ],
    "attachments" : [ ],
    "parameters" : [ ],
    "stepsCount" : 0,
    "attachmentsCount" : 0,
    "shouldDisplayMessage" : false,
    "hasContent" : false
  }, {
    "name" : "beforeSuite",
    "time" : {
      "start" : 1643141008716,
      "stop" : 1643141008716,
      "duration" : 0
    },
    "description" : "",
    "status" : "passed",
    "steps" : [ ],
    "attachments" : [ ],
    "parameters" : [ ],
    "stepsCount" : 0,
    "attachmentsCount" : 0,
    "shouldDisplayMessage" : false,
    "hasContent" : false
  }, {
    "name" : "beforeSuite",
    "time" : {
      "start" : 1643141008716,
      "stop" : 1643141008717,
      "duration" : 1
    },
    "description" : "",
    "status" : "passed",
    "steps" : [ ],
    "attachments" : [ ],
    "parameters" : [ ],
    "stepsCount" : 0,
    "attachmentsCount" : 0,
    "shouldDisplayMessage" : false,
    "hasContent" : false
  } ],
  "testStage" : {
    "description" : "TUA-172-Verify that the ‘Опис’ text field is filled in with valid data when a user enters from 40 to 1500 symbols into the field",
    "status" : "broken",
    "statusMessage" : "no such element: Unable to locate element: {\"method\":\"xpath\",\"selector\":\"//div[@class = 'ant-dropdown-trigger user-profile']/span[@role]\"}\n  (Session info: chrome=97.0.4692.71)\nFor documentation on this error, please visit: https://selenium.dev/exceptions/#no_such_element\nBuild info: version: '4.1.0', revision: '87802e897b'\nSystem info: host: 'fv-az75-82', ip: '10.1.0.250', os.name: 'Linux', os.arch: 'amd64', os.version: '5.11.0-1027-azure', java.version: '1.8.0_292'\nDriver info: org.openqa.selenium.chrome.ChromeDriver\nCommand: [e255760c49ebb1792c50d609ddcfc87b, findElement {using=xpath, value=//div[@class = 'ant-dropdown-trigger user-profile']/span[@role]}]\nCapabilities {acceptInsecureCerts: false, browserName: chrome, browserVersion: 97.0.4692.71, chrome: {chromedriverVersion: 97.0.4692.71 (adefa7837d02a..., userDataDir: /tmp/.com.google.Chrome.RPxqmK}, goog:chromeOptions: {debuggerAddress: localhost:37865}, javascriptEnabled: true, networkConnectionEnabled: false, pageLoadStrategy: normal, platform: LINUX, platformName: LINUX, proxy: Proxy(), se:cdp: ws://localhost:37865/devtoo..., se:cdpVersion: 97.0.4692.71, setWindowRect: true, strictFileInteractability: false, timeouts: {implicit: 0, pageLoad: 300000, script: 30000}, unhandledPromptBehavior: dismiss and notify, webauthn:extension:credBlob: true, webauthn:extension:largeBlob: true, webauthn:virtualAuthenticators: true}\nSession ID: e255760c49ebb1792c50d609ddcfc87b",
    "statusTrace" : "org.openqa.selenium.NoSuchElementException: no such element: Unable to locate element: {\"method\":\"xpath\",\"selector\":\"//div[@class = 'ant-dropdown-trigger user-profile']/span[@role]\"}\n  (Session info: chrome=97.0.4692.71)\nFor documentation on this error, please visit: https://selenium.dev/exceptions/#no_such_element\nBuild info: version: '4.1.0', revision: '87802e897b'\nSystem info: host: 'fv-az75-82', ip: '10.1.0.250', os.name: 'Linux', os.arch: 'amd64', os.version: '5.11.0-1027-azure', java.version: '1.8.0_292'\nDriver info: org.openqa.selenium.chrome.ChromeDriver\nCommand: [e255760c49ebb1792c50d609ddcfc87b, findElement {using=xpath, value=//div[@class = 'ant-dropdown-trigger user-profile']/span[@role]}]\nCapabilities {acceptInsecureCerts: false, browserName: chrome, browserVersion: 97.0.4692.71, chrome: {chromedriverVersion: 97.0.4692.71 (adefa7837d02a..., userDataDir: /tmp/.com.google.Chrome.RPxqmK}, goog:chromeOptions: {debuggerAddress: localhost:37865}, javascriptEnabled: true, networkConnectionEnabled: false, pageLoadStrategy: normal, platform: LINUX, platformName: LINUX, proxy: Proxy(), se:cdp: ws://localhost:37865/devtoo..., se:cdpVersion: 97.0.4692.71, setWindowRect: true, strictFileInteractability: false, timeouts: {implicit: 0, pageLoad: 300000, script: 30000}, unhandledPromptBehavior: dismiss and notify, webauthn:extension:credBlob: true, webauthn:extension:largeBlob: true, webauthn:virtualAuthenticators: true}\nSession ID: e255760c49ebb1792c50d609ddcfc87b\n\tat sun.reflect.GeneratedConstructorAccessor151.newInstance(Unknown Source)\n\tat sun.reflect.DelegatingConstructorAccessorImpl.newInstance(DelegatingConstructorAccessorImpl.java:45)\n\tat java.lang.reflect.Constructor.newInstance(Constructor.java:423)\n\tat org.openqa.selenium.remote.codec.w3c.W3CHttpResponseCodec.createException(W3CHttpResponseCodec.java:200)\n\tat org.openqa.selenium.remote.codec.w3c.W3CHttpResponseCodec.decode(W3CHttpResponseCodec.java:133)\n\tat org.openqa.selenium.remote.codec.w3c.W3CHttpResponseCodec.decode(W3CHttpResponseCodec.java:53)\n\tat org.openqa.selenium.remote.HttpCommandExecutor.execute(HttpCommandExecutor.java:184)\n\tat org.openqa.selenium.remote.service.DriverCommandExecutor.invokeExecute(DriverCommandExecutor.java:164)\n\tat org.openqa.selenium.remote.service.DriverCommandExecutor.execute(DriverCommandExecutor.java:139)\n\tat org.openqa.selenium.remote.RemoteWebDriver.execute(RemoteWebDriver.java:559)\n\tat org.openqa.selenium.remote.ElementLocation$ElementFinder$2.findElement(ElementLocation.java:162)\n\tat org.openqa.selenium.remote.ElementLocation.findElement(ElementLocation.java:60)\n\tat org.openqa.selenium.remote.RemoteWebDriver.findElement(RemoteWebDriver.java:383)\n\tat org.openqa.selenium.remote.RemoteWebDriver.findElement(RemoteWebDriver.java:375)\n\tat org.openqa.selenium.support.pagefactory.DefaultElementLocator.findElement(DefaultElementLocator.java:70)\n\tat com.ita.edu.teachua.ui.pagefactory.ElementHandler.invoke(ElementHandler.java:32)\n\tat com.sun.proxy.$Proxy42.click(Unknown Source)\n\tat com.ita.edu.teachua.ui.pages.header_page.HeaderPage.clickOnGuestDropdown(HeaderPage.java:27)\n\tat com.ita.edu.teachua.ui.pages.header_page.HeaderPage.authorize(HeaderPage.java:40)\n\tat com.ita.edu.teachua.ui.tests.OwnerProfileTest.checkButtonIsEnabledWithValidInput(OwnerProfileTest.java:736)\n\tat sun.reflect.NativeMethodAccessorImpl.invoke0(Native Method)\n\tat sun.reflect.NativeMethodAccessorImpl.invoke(NativeMethodAccessorImpl.java:62)\n\tat sun.reflect.DelegatingMethodAccessorImpl.invoke(DelegatingMethodAccessorImpl.java:43)\n\tat java.lang.reflect.Method.invoke(Method.java:498)\n\tat org.testng.internal.MethodInvocationHelper.invokeMethod(MethodInvocationHelper.java:133)\n\tat org.testng.internal.TestInvoker.invokeMethod(TestInvoker.java:598)\n\tat org.testng.internal.TestInvoker.invokeTestMethod(TestInvoker.java:173)\n\tat org.testng.internal.MethodRunner.runInSequence(MethodRunner.java:46)\n\tat org.testng.internal.TestInvoker$MethodInvocationAgent.invoke(TestInvoker.java:824)\n\tat org.testng.internal.TestInvoker.invokeTestMethods(TestInvoker.java:146)\n\tat org.testng.internal.TestMethodWorker.invokeTestMethods(TestMethodWorker.java:146)\n\tat org.testng.internal.TestMethodWorker.run(TestMethodWorker.java:128)\n\tat java.util.ArrayList.forEach(ArrayList.java:1259)\n\tat org.testng.TestRunner.privateRun(TestRunner.java:794)\n\tat org.testng.TestRunner.run(TestRunner.java:596)\n\tat org.testng.SuiteRunner.runTest(SuiteRunner.java:377)\n\tat org.testng.SuiteRunner.access$000(SuiteRunner.java:28)\n\tat org.testng.SuiteRunner$SuiteWorker.run(SuiteRunner.java:418)\n\tat org.testng.internal.thread.ThreadUtil.lambda$execute$0(ThreadUtil.java:64)\n\tat java.util.concurrent.FutureTask.run(FutureTask.java:266)\n\tat java.util.concurrent.ThreadPoolExecutor.runWorker(ThreadPoolExecutor.java:1149)\n\tat java.util.concurrent.ThreadPoolExecutor$Worker.run(ThreadPoolExecutor.java:624)\n\tat java.lang.Thread.run(Thread.java:748)\n",
    "steps" : [ {
      "name" : "Authorize user with valid email admin@gmail.com and password admin",
      "time" : {
        "start" : 1643141947524,
        "stop" : 1643141957777,
        "duration" : 10253
      },
      "status" : "broken",
      "statusMessage" : "no such element: Unable to locate element: {\"method\":\"xpath\",\"selector\":\"//div[@class = 'ant-dropdown-trigger user-profile']/span[@role]\"}\n  (Session info: chrome=97.0.4692.71)\nFor documentation on this error, please visit: https://selenium.dev/exceptions/#no_such_element\nBuild info: version: '4.1.0', revision: '87802e897b'\nSystem info: host: 'fv-az75-82', ip: '10.1.0.250', os.name: 'Linux', os.arch: 'amd64', os.version: '5.11.0-1027-azure', java.version: '1.8.0_292'\nDriver info: org.openqa.selenium.chrome.ChromeDriver\nCommand: [e255760c49ebb1792c50d609ddcfc87b, findElement {using=xpath, value=//div[@class = 'ant-dropdown-trigger user-profile']/span[@role]}]\nCapabilities {acceptInsecureCerts: false, browserName: chrome, browserVersion: 97.0.4692.71, chrome: {chromedriverVersion: 97.0.4692.71 (adefa7837d02a..., userDataDir: /tmp/.com.google.Chrome.RPxqmK}, goog:chromeOptions: {debuggerAddress: localhost:37865}, javascriptEnabled: true, networkConnectionEnabled: false, pageLoadStrategy: normal, platform: LINUX, platformName: LINUX, proxy: Proxy(), se:cdp: ws://localhost:37865/devtoo..., se:cdpVersion: 97.0.4692.71, setWindowRect: true, strictFileInteractability: false, timeouts: {implicit: 0, pageLoad: 300000, script: 30000}, unhandledPromptBehavior: dismiss and notify, webauthn:extension:credBlob: true, webauthn:extension:largeBlob: true, webauthn:virtualAuthenticators: true}\nSession ID: e255760c49ebb1792c50d609ddcfc87b",
      "statusTrace" : "org.openqa.selenium.NoSuchElementException: no such element: Unable to locate element: {\"method\":\"xpath\",\"selector\":\"//div[@class = 'ant-dropdown-trigger user-profile']/span[@role]\"}\n  (Session info: chrome=97.0.4692.71)\nFor documentation on this error, please visit: https://selenium.dev/exceptions/#no_such_element\nBuild info: version: '4.1.0', revision: '87802e897b'\nSystem info: host: 'fv-az75-82', ip: '10.1.0.250', os.name: 'Linux', os.arch: 'amd64', os.version: '5.11.0-1027-azure', java.version: '1.8.0_292'\nDriver info: org.openqa.selenium.chrome.ChromeDriver\nCommand: [e255760c49ebb1792c50d609ddcfc87b, findElement {using=xpath, value=//div[@class = 'ant-dropdown-trigger user-profile']/span[@role]}]\nCapabilities {acceptInsecureCerts: false, browserName: chrome, browserVersion: 97.0.4692.71, chrome: {chromedriverVersion: 97.0.4692.71 (adefa7837d02a..., userDataDir: /tmp/.com.google.Chrome.RPxqmK}, goog:chromeOptions: {debuggerAddress: localhost:37865}, javascriptEnabled: true, networkConnectionEnabled: false, pageLoadStrategy: normal, platform: LINUX, platformName: LINUX, proxy: Proxy(), se:cdp: ws://localhost:37865/devtoo..., se:cdpVersion: 97.0.4692.71, setWindowRect: true, strictFileInteractability: false, timeouts: {implicit: 0, pageLoad: 300000, script: 30000}, unhandledPromptBehavior: dismiss and notify, webauthn:extension:credBlob: true, webauthn:extension:largeBlob: true, webauthn:virtualAuthenticators: true}\nSession ID: e255760c49ebb1792c50d609ddcfc87b\n\tat sun.reflect.GeneratedConstructorAccessor151.newInstance(Unknown Source)\n\tat sun.reflect.DelegatingConstructorAccessorImpl.newInstance(DelegatingConstructorAccessorImpl.java:45)\n\tat java.lang.reflect.Constructor.newInstance(Constructor.java:423)\n\tat org.openqa.selenium.remote.codec.w3c.W3CHttpResponseCodec.createException(W3CHttpResponseCodec.java:200)\n\tat org.openqa.selenium.remote.codec.w3c.W3CHttpResponseCodec.decode(W3CHttpResponseCodec.java:133)\n\tat org.openqa.selenium.remote.codec.w3c.W3CHttpResponseCodec.decode(W3CHttpResponseCodec.java:53)\n\tat org.openqa.selenium.remote.HttpCommandExecutor.execute(HttpCommandExecutor.java:184)\n\tat org.openqa.selenium.remote.service.DriverCommandExecutor.invokeExecute(DriverCommandExecutor.java:164)\n\tat org.openqa.selenium.remote.service.DriverCommandExecutor.execute(DriverCommandExecutor.java:139)\n\tat org.openqa.selenium.remote.RemoteWebDriver.execute(RemoteWebDriver.java:559)\n\tat org.openqa.selenium.remote.ElementLocation$ElementFinder$2.findElement(ElementLocation.java:162)\n\tat org.openqa.selenium.remote.ElementLocation.findElement(ElementLocation.java:60)\n\tat org.openqa.selenium.remote.RemoteWebDriver.findElement(RemoteWebDriver.java:383)\n\tat org.openqa.selenium.remote.RemoteWebDriver.findElement(RemoteWebDriver.java:375)\n\tat org.openqa.selenium.support.pagefactory.DefaultElementLocator.findElement(DefaultElementLocator.java:70)\n\tat com.ita.edu.teachua.ui.pagefactory.ElementHandler.invoke(ElementHandler.java:32)\n\tat com.sun.proxy.$Proxy42.click(Unknown Source)\n\tat com.ita.edu.teachua.ui.pages.header_page.HeaderPage.clickOnGuestDropdown(HeaderPage.java:27)\n\tat com.ita.edu.teachua.ui.pages.header_page.HeaderPage.authorize(HeaderPage.java:40)\n\tat com.ita.edu.teachua.ui.tests.OwnerProfileTest.checkButtonIsEnabledWithValidInput(OwnerProfileTest.java:736)\n\tat sun.reflect.NativeMethodAccessorImpl.invoke0(Native Method)\n\tat sun.reflect.NativeMethodAccessorImpl.invoke(NativeMethodAccessorImpl.java:62)\n\tat sun.reflect.DelegatingMethodAccessorImpl.invoke(DelegatingMethodAccessorImpl.java:43)\n\tat java.lang.reflect.Method.invoke(Method.java:498)\n\tat org.testng.internal.MethodInvocationHelper.invokeMethod(MethodInvocationHelper.java:133)\n\tat org.testng.internal.TestInvoker.invokeMethod(TestInvoker.java:598)\n\tat org.testng.internal.TestInvoker.invokeTestMethod(TestInvoker.java:173)\n\tat org.testng.internal.MethodRunner.runInSequence(MethodRunner.java:46)\n\tat org.testng.internal.TestInvoker$MethodInvocationAgent.invoke(TestInvoker.java:824)\n\tat org.testng.internal.TestInvoker.invokeTestMethods(TestInvoker.java:146)\n\tat org.testng.internal.TestMethodWorker.invokeTestMethods(TestMethodWorker.java:146)\n\tat org.testng.internal.TestMethodWorker.run(TestMethodWorker.java:128)\n\tat java.util.ArrayList.forEach(ArrayList.java:1259)\n\tat org.testng.TestRunner.privateRun(TestRunner.java:794)\n\tat org.testng.TestRunner.run(TestRunner.java:596)\n\tat org.testng.SuiteRunner.runTest(SuiteRunner.java:377)\n\tat org.testng.SuiteRunner.access$000(SuiteRunner.java:28)\n\tat org.testng.SuiteRunner$SuiteWorker.run(SuiteRunner.java:418)\n\tat org.testng.internal.thread.ThreadUtil.lambda$execute$0(ThreadUtil.java:64)\n\tat java.util.concurrent.FutureTask.run(FutureTask.java:266)\n\tat java.util.concurrent.ThreadPoolExecutor.runWorker(ThreadPoolExecutor.java:1149)\n\tat java.util.concurrent.ThreadPoolExecutor$Worker.run(ThreadPoolExecutor.java:624)\n\tat java.lang.Thread.run(Thread.java:748)\n",
      "steps" : [ {
        "name" : "Click on guest dropdown",
        "time" : {
          "start" : 1643141947524,
          "stop" : 1643141957776,
          "duration" : 10252
        },
        "status" : "broken",
        "statusMessage" : "no such element: Unable to locate element: {\"method\":\"xpath\",\"selector\":\"//div[@class = 'ant-dropdown-trigger user-profile']/span[@role]\"}\n  (Session info: chrome=97.0.4692.71)\nFor documentation on this error, please visit: https://selenium.dev/exceptions/#no_such_element\nBuild info: version: '4.1.0', revision: '87802e897b'\nSystem info: host: 'fv-az75-82', ip: '10.1.0.250', os.name: 'Linux', os.arch: 'amd64', os.version: '5.11.0-1027-azure', java.version: '1.8.0_292'\nDriver info: org.openqa.selenium.chrome.ChromeDriver\nCommand: [e255760c49ebb1792c50d609ddcfc87b, findElement {using=xpath, value=//div[@class = 'ant-dropdown-trigger user-profile']/span[@role]}]\nCapabilities {acceptInsecureCerts: false, browserName: chrome, browserVersion: 97.0.4692.71, chrome: {chromedriverVersion: 97.0.4692.71 (adefa7837d02a..., userDataDir: /tmp/.com.google.Chrome.RPxqmK}, goog:chromeOptions: {debuggerAddress: localhost:37865}, javascriptEnabled: true, networkConnectionEnabled: false, pageLoadStrategy: normal, platform: LINUX, platformName: LINUX, proxy: Proxy(), se:cdp: ws://localhost:37865/devtoo..., se:cdpVersion: 97.0.4692.71, setWindowRect: true, strictFileInteractability: false, timeouts: {implicit: 0, pageLoad: 300000, script: 30000}, unhandledPromptBehavior: dismiss and notify, webauthn:extension:credBlob: true, webauthn:extension:largeBlob: true, webauthn:virtualAuthenticators: true}\nSession ID: e255760c49ebb1792c50d609ddcfc87b",
        "statusTrace" : "org.openqa.selenium.NoSuchElementException: no such element: Unable to locate element: {\"method\":\"xpath\",\"selector\":\"//div[@class = 'ant-dropdown-trigger user-profile']/span[@role]\"}\n  (Session info: chrome=97.0.4692.71)\nFor documentation on this error, please visit: https://selenium.dev/exceptions/#no_such_element\nBuild info: version: '4.1.0', revision: '87802e897b'\nSystem info: host: 'fv-az75-82', ip: '10.1.0.250', os.name: 'Linux', os.arch: 'amd64', os.version: '5.11.0-1027-azure', java.version: '1.8.0_292'\nDriver info: org.openqa.selenium.chrome.ChromeDriver\nCommand: [e255760c49ebb1792c50d609ddcfc87b, findElement {using=xpath, value=//div[@class = 'ant-dropdown-trigger user-profile']/span[@role]}]\nCapabilities {acceptInsecureCerts: false, browserName: chrome, browserVersion: 97.0.4692.71, chrome: {chromedriverVersion: 97.0.4692.71 (adefa7837d02a..., userDataDir: /tmp/.com.google.Chrome.RPxqmK}, goog:chromeOptions: {debuggerAddress: localhost:37865}, javascriptEnabled: true, networkConnectionEnabled: false, pageLoadStrategy: normal, platform: LINUX, platformName: LINUX, proxy: Proxy(), se:cdp: ws://localhost:37865/devtoo..., se:cdpVersion: 97.0.4692.71, setWindowRect: true, strictFileInteractability: false, timeouts: {implicit: 0, pageLoad: 300000, script: 30000}, unhandledPromptBehavior: dismiss and notify, webauthn:extension:credBlob: true, webauthn:extension:largeBlob: true, webauthn:virtualAuthenticators: true}\nSession ID: e255760c49ebb1792c50d609ddcfc87b\n\tat sun.reflect.GeneratedConstructorAccessor151.newInstance(Unknown Source)\n\tat sun.reflect.DelegatingConstructorAccessorImpl.newInstance(DelegatingConstructorAccessorImpl.java:45)\n\tat java.lang.reflect.Constructor.newInstance(Constructor.java:423)\n\tat org.openqa.selenium.remote.codec.w3c.W3CHttpResponseCodec.createException(W3CHttpResponseCodec.java:200)\n\tat org.openqa.selenium.remote.codec.w3c.W3CHttpResponseCodec.decode(W3CHttpResponseCodec.java:133)\n\tat org.openqa.selenium.remote.codec.w3c.W3CHttpResponseCodec.decode(W3CHttpResponseCodec.java:53)\n\tat org.openqa.selenium.remote.HttpCommandExecutor.execute(HttpCommandExecutor.java:184)\n\tat org.openqa.selenium.remote.service.DriverCommandExecutor.invokeExecute(DriverCommandExecutor.java:164)\n\tat org.openqa.selenium.remote.service.DriverCommandExecutor.execute(DriverCommandExecutor.java:139)\n\tat org.openqa.selenium.remote.RemoteWebDriver.execute(RemoteWebDriver.java:559)\n\tat org.openqa.selenium.remote.ElementLocation$ElementFinder$2.findElement(ElementLocation.java:162)\n\tat org.openqa.selenium.remote.ElementLocation.findElement(ElementLocation.java:60)\n\tat org.openqa.selenium.remote.RemoteWebDriver.findElement(RemoteWebDriver.java:383)\n\tat org.openqa.selenium.remote.RemoteWebDriver.findElement(RemoteWebDriver.java:375)\n\tat org.openqa.selenium.support.pagefactory.DefaultElementLocator.findElement(DefaultElementLocator.java:70)\n\tat com.ita.edu.teachua.ui.pagefactory.ElementHandler.invoke(ElementHandler.java:32)\n\tat com.sun.proxy.$Proxy42.click(Unknown Source)\n\tat com.ita.edu.teachua.ui.pages.header_page.HeaderPage.clickOnGuestDropdown(HeaderPage.java:27)\n\tat com.ita.edu.teachua.ui.pages.header_page.HeaderPage.authorize(HeaderPage.java:40)\n\tat com.ita.edu.teachua.ui.tests.OwnerProfileTest.checkButtonIsEnabledWithValidInput(OwnerProfileTest.java:736)\n\tat sun.reflect.NativeMethodAccessorImpl.invoke0(Native Method)\n\tat sun.reflect.NativeMethodAccessorImpl.invoke(NativeMethodAccessorImpl.java:62)\n\tat sun.reflect.DelegatingMethodAccessorImpl.invoke(DelegatingMethodAccessorImpl.java:43)\n\tat java.lang.reflect.Method.invoke(Method.java:498)\n\tat org.testng.internal.MethodInvocationHelper.invokeMethod(MethodInvocationHelper.java:133)\n\tat org.testng.internal.TestInvoker.invokeMethod(TestInvoker.java:598)\n\tat org.testng.internal.TestInvoker.invokeTestMethod(TestInvoker.java:173)\n\tat org.testng.internal.MethodRunner.runInSequence(MethodRunner.java:46)\n\tat org.testng.internal.TestInvoker$MethodInvocationAgent.invoke(TestInvoker.java:824)\n\tat org.testng.internal.TestInvoker.invokeTestMethods(TestInvoker.java:146)\n\tat org.testng.internal.TestMethodWorker.invokeTestMethods(TestMethodWorker.java:146)\n\tat org.testng.internal.TestMethodWorker.run(TestMethodWorker.java:128)\n\tat java.util.ArrayList.forEach(ArrayList.java:1259)\n\tat org.testng.TestRunner.privateRun(TestRunner.java:794)\n\tat org.testng.TestRunner.run(TestRunner.java:596)\n\tat org.testng.SuiteRunner.runTest(SuiteRunner.java:377)\n\tat org.testng.SuiteRunner.access$000(SuiteRunner.java:28)\n\tat org.testng.SuiteRunner$SuiteWorker.run(SuiteRunner.java:418)\n\tat org.testng.internal.thread.ThreadUtil.lambda$execute$0(ThreadUtil.java:64)\n\tat java.util.concurrent.FutureTask.run(FutureTask.java:266)\n\tat java.util.concurrent.ThreadPoolExecutor.runWorker(ThreadPoolExecutor.java:1149)\n\tat java.util.concurrent.ThreadPoolExecutor$Worker.run(ThreadPoolExecutor.java:624)\n\tat java.lang.Thread.run(Thread.java:748)\n",
        "steps" : [ ],
        "attachments" : [ ],
        "parameters" : [ ],
        "stepsCount" : 0,
        "attachmentsCount" : 0,
        "shouldDisplayMessage" : true,
        "hasContent" : true
      } ],
      "attachments" : [ ],
      "parameters" : [ {
        "name" : "email",
        "value" : "admin@gmail.com"
      }, {
        "name" : "password",
        "value" : "admin"
      } ],
      "stepsCount" : 1,
      "attachmentsCount" : 0,
      "shouldDisplayMessage" : false,
      "hasContent" : true
    } ],
    "attachments" : [ {
      "uid" : "a354f4e4902af96b",
      "name" : "Logs for thread 14",
      "source" : "a354f4e4902af96b.log",
      "type" : "text/plain",
      "size" : 4
    }, {
      "uid" : "d7a932f21091e827",
      "name" : "Page screenshot",
      "source" : "d7a932f21091e827.png",
      "type" : "image/png",
      "size" : 6665
    } ],
    "parameters" : [ ],
    "stepsCount" : 2,
    "attachmentsCount" : 2,
    "shouldDisplayMessage" : false,
    "hasContent" : true
  },
  "afterStages" : [ {
    "name" : "afterMethod",
    "time" : {
      "start" : 1643141957873,
      "stop" : 1643141957940,
      "duration" : 67
    },
    "description" : "",
    "status" : "passed",
    "steps" : [ ],
    "attachments" : [ ],
    "parameters" : [ ],
    "stepsCount" : 0,
    "attachmentsCount" : 0,
    "shouldDisplayMessage" : false,
    "hasContent" : false
  } ],
  "labels" : [ {
    "name" : "package",
    "value" : "com.ita.edu.teachua.ui.tests.OwnerProfileTest"
  }, {
    "name" : "testClass",
    "value" : "com.ita.edu.teachua.ui.tests.OwnerProfileTest"
  }, {
    "name" : "testMethod",
    "value" : "checkButtonIsEnabledWithValidInput"
  }, {
    "name" : "parentSuite",
    "value" : "Test Suite"
  }, {
    "name" : "suite",
    "value" : "UI Tests"
  }, {
    "name" : "subSuite",
    "value" : "com.ita.edu.teachua.ui.tests.OwnerProfileTest"
  }, {
    "name" : "host",
    "value" : "fv-az75-82"
  }, {
    "name" : "thread",
    "value" : "2767@fv-az75-82.TestNG-tests-2(14)"
  }, {
    "name" : "framework",
    "value" : "testng"
  }, {
    "name" : "language",
    "value" : "java"
  }, {
    "name" : "severity",
    "value" : "critical"
  }, {
    "name" : "resultFormat",
    "value" : "allure2"
  } ],
  "parameters" : [ {
    "name" : "arg0",
    "value" : "[Also known as the Monastery of the Caves, Pechersk Lavra is a historic Orthodox Christian monastery which gave its name to one of the biggest districts in Kiev. This incredibly beautiful complex started as a cave monastery nearly 1,000 years ago.\\n\" +\n\"Interestingly, while being a major tourist attraction in Kiev, Pechersk Lavra is also an active monastery, which means that over 100 monks live there. There are several churches within the complex, while a part of the monastery serves as a museum, where you can find many architectural relics of the past.Locally known as Maidan Nezalezhnosti, this square has been in the center of many important events in the modern history of Ukraine. The most recognizable monument on the square is the so-called Independence Monument, a 200ft tall victory column placed in the center of the square.\\n\" +\n\"On the top of the column stands a bronze figurine of a woman holding a whe are you so sad& i think that is, Also known as the Monastery of the Caves, Also known as the Monastery of the Caves, Pechersk Lavra is a historic Orthodox Christian monastery which gave its name to one of the biggest districts in Kiev. This incredibly beautiful complex started as a cave monastery nearly 1,000 years ago.\\n\" +\n\"Interestingly, while being a major tourist attraction in Kiev, Pechersk Lavra is also an active monastery, which means that over 100 monks live there. There are several churches within the complex, while a part of the monastery serves as a museum, where you can find many architectural relics of the past.Locally known as Maidan Nezalezhnosti, this square has been in the center of many important events in the modern history of Ukraine. The most recognizable monument on the square is the so-called Independence Monument, a 200ft tall victory column placed in the center of the square.\\n\" +\n\"On the top of the column stands a bronze figurine of a woman holding a rose branch. Since the beginning of the Ukrainian independence movement, this square has been used for political rallies and protests. Nowadays, the square hosts a number of cultural events, and is a place where many city tours begin.In the city of churches, the Golden Gate of Kiev strikes as a rather odd structure. Currently used as a museum, this was the main gate to the fortification of Kiev in the 11th century.The original structure was nearly completely dismantled, and only few vestiges remain. The rest was rebuilt in 1982 b]"
  } ],
  "links" : [ {
    "name" : "TUA-172",
    "type" : "issue"
  } ],
  "hidden" : false,
  "retry" : false,
  "extra" : {
    "severity" : "critical",
    "retries" : [ ],
    "categories" : [ {
      "name" : "Test defects",
      "matchedStatuses" : [ ],
      "flaky" : false
    } ],
    "history" : {
      "statistic" : {
        "failed" : 0,
        "broken" : 6,
        "skipped" : 0,
        "passed" : 47,
        "unknown" : 0,
        "total" : 53
      },
      "items" : [ {
        "uid" : "b5fd7eabb3581cca",
        "reportUrl" : "https://ita-social-projects.github.io/TeachUA_TA/85//#testresult/b5fd7eabb3581cca",
        "status" : "passed",
        "time" : {
          "start" : 1643141298013,
          "stop" : 1643141335853,
          "duration" : 37840
        }
      }, {
        "uid" : "d777e47f7877bab7",
        "reportUrl" : "https://ita-social-projects.github.io/TeachUA_TA/84//#testresult/d777e47f7877bab7",
        "status" : "passed",
        "time" : {
          "start" : 1643140265647,
          "stop" : 1643140289938,
          "duration" : 24291
        }
      }, {
        "uid" : "79e170ec932d4bbe",
        "reportUrl" : "https://ita-social-projects.github.io/TeachUA_TA/83//#testresult/79e170ec932d4bbe",
        "status" : "passed",
        "time" : {
          "start" : 1643139656311,
          "stop" : 1643139682651,
          "duration" : 26340
        }
      }, {
        "uid" : "63aebfae0787e2c4",
        "reportUrl" : "https://ita-social-projects.github.io/TeachUA_TA/82//#testresult/63aebfae0787e2c4",
        "status" : "passed",
        "time" : {
          "start" : 1643138682297,
          "stop" : 1643138706080,
          "duration" : 23783
        }
      }, {
        "uid" : "711157cb0fdb5d37",
        "reportUrl" : "https://ita-social-projects.github.io/TeachUA_TA/81//#testresult/711157cb0fdb5d37",
        "status" : "passed",
        "time" : {
          "start" : 1643138516427,
          "stop" : 1643138544426,
          "duration" : 27999
        }
      }, {
        "uid" : "9b0b9b4132592f09",
        "reportUrl" : "https://ita-social-projects.github.io/TeachUA_TA/80//#testresult/9b0b9b4132592f09",
        "status" : "passed",
        "time" : {
          "start" : 1643137347871,
          "stop" : 1643137372009,
          "duration" : 24138
        }
      }, {
        "uid" : "5c11a620c1072211",
        "reportUrl" : "https://ita-social-projects.github.io/TeachUA_TA/79//#testresult/5c11a620c1072211",
        "status" : "passed",
        "time" : {
          "start" : 1643137283593,
          "stop" : 1643137306728,
          "duration" : 23135
        }
      }, {
        "uid" : "12764334dad68101",
        "reportUrl" : "https://ita-social-projects.github.io/TeachUA_TA/78//#testresult/12764334dad68101",
        "status" : "passed",
        "time" : {
          "start" : 1643136317825,
          "stop" : 1643136340068,
          "duration" : 22243
        }
      }, {
        "uid" : "d3a32ba5ad2b8c8e",
        "reportUrl" : "https://ita-social-projects.github.io/TeachUA_TA/77//#testresult/d3a32ba5ad2b8c8e",
        "status" : "passed",
        "time" : {
          "start" : 1643134529391,
          "stop" : 1643134551540,
          "duration" : 22149
        }
      }, {
        "uid" : "571cc0d033e4b608",
        "reportUrl" : "https://ita-social-projects.github.io/TeachUA_TA/76//#testresult/571cc0d033e4b608",
        "status" : "passed",
        "time" : {
          "start" : 1643133860997,
          "stop" : 1643133883856,
          "duration" : 22859
        }
      }, {
        "uid" : "ba73868d97aa3942",
        "reportUrl" : "https://ita-social-projects.github.io/TeachUA_TA/74//#testresult/ba73868d97aa3942",
        "status" : "passed",
        "time" : {
          "start" : 1643130685179,
          "stop" : 1643130707894,
          "duration" : 22715
        }
      }, {
        "uid" : "16c058ba3ea3d2ab",
        "reportUrl" : "https://ita-social-projects.github.io/TeachUA_TA/75//#testresult/16c058ba3ea3d2ab",
        "status" : "passed",
        "time" : {
          "start" : 1643130639086,
          "stop" : 1643130661109,
          "duration" : 22023
        }
      }, {
        "uid" : "61e5d2bcaecd4e8a",
        "reportUrl" : "https://ita-social-projects.github.io/TeachUA_TA/73//#testresult/61e5d2bcaecd4e8a",
        "status" : "passed",
        "time" : {
          "start" : 1643129712252,
          "stop" : 1643129737994,
          "duration" : 25742
        }
      }, {
        "uid" : "f2eb9e8264cdc53",
        "reportUrl" : "https://ita-social-projects.github.io/TeachUA_TA/72//#testresult/f2eb9e8264cdc53",
        "status" : "passed",
        "time" : {
          "start" : 1643129534312,
          "stop" : 1643129558505,
          "duration" : 24193
        }
      }, {
        "uid" : "52ea1973e5769fbf",
        "reportUrl" : "https://ita-social-projects.github.io/TeachUA_TA/71//#testresult/52ea1973e5769fbf",
        "status" : "passed",
        "time" : {
          "start" : 1643129511578,
          "stop" : 1643129536677,
          "duration" : 25099
        }
      }, {
        "uid" : "9bc4b5a3493d93bc",
        "reportUrl" : "https://ita-social-projects.github.io/TeachUA_TA/70//#testresult/9bc4b5a3493d93bc",
        "status" : "passed",
        "time" : {
          "start" : 1643123068223,
          "stop" : 1643123093543,
          "duration" : 25320
        }
      }, {
        "uid" : "291a3398535fe552",
        "reportUrl" : "https://ita-social-projects.github.io/TeachUA_TA/69//#testresult/291a3398535fe552",
        "status" : "passed",
        "time" : {
          "start" : 1643123030083,
          "stop" : 1643123053266,
          "duration" : 23183
        }
      }, {
        "uid" : "e0ae3e76e6b86c9b",
        "reportUrl" : "https://ita-social-projects.github.io/TeachUA_TA/68//#testresult/e0ae3e76e6b86c9b",
        "status" : "passed",
        "time" : {
          "start" : 1643109046752,
          "stop" : 1643109074358,
          "duration" : 27606
        }
      }, {
        "uid" : "438b8decf39ef493",
        "reportUrl" : "https://ita-social-projects.github.io/TeachUA_TA/68//#testresult/438b8decf39ef493",
        "status" : "passed",
        "time" : {
          "start" : 1643104298886,
          "stop" : 1643104326568,
          "duration" : 27682
        }
      }, {
        "uid" : "fd33774fdac6106",
        "reportUrl" : "https://Lv-648-TAQC-Java-project.github.io/Selenium648PageFactory/67//#testresult/fd33774fdac6106",
        "status" : "passed",
        "time" : {
          "start" : 1643100642233,
          "stop" : 1643100669268,
          "duration" : 27035
        }
      } ]
    },
    "tags" : [ ]
  },
  "source" : "51eb5e51975faf15.json",
  "parameterValues" : [ "[Also known as the Monastery of the Caves, Pechersk Lavra is a historic Orthodox Christian monastery which gave its name to one of the biggest districts in Kiev. This incredibly beautiful complex started as a cave monastery nearly 1,000 years ago.\\n\" +\n\"Interestingly, while being a major tourist attraction in Kiev, Pechersk Lavra is also an active monastery, which means that over 100 monks live there. There are several churches within the complex, while a part of the monastery serves as a museum, where you can find many architectural relics of the past.Locally known as Maidan Nezalezhnosti, this square has been in the center of many important events in the modern history of Ukraine. The most recognizable monument on the square is the so-called Independence Monument, a 200ft tall victory column placed in the center of the square.\\n\" +\n\"On the top of the column stands a bronze figurine of a woman holding a whe are you so sad& i think that is, Also known as the Monastery of the Caves, Also known as the Monastery of the Caves, Pechersk Lavra is a historic Orthodox Christian monastery which gave its name to one of the biggest districts in Kiev. This incredibly beautiful complex started as a cave monastery nearly 1,000 years ago.\\n\" +\n\"Interestingly, while being a major tourist attraction in Kiev, Pechersk Lavra is also an active monastery, which means that over 100 monks live there. There are several churches within the complex, while a part of the monastery serves as a museum, where you can find many architectural relics of the past.Locally known as Maidan Nezalezhnosti, this square has been in the center of many important events in the modern history of Ukraine. The most recognizable monument on the square is the so-called Independence Monument, a 200ft tall victory column placed in the center of the square.\\n\" +\n\"On the top of the column stands a bronze figurine of a woman holding a rose branch. Since the beginning of the Ukrainian independence movement, this square has been used for political rallies and protests. Nowadays, the square hosts a number of cultural events, and is a place where many city tours begin.In the city of churches, the Golden Gate of Kiev strikes as a rather odd structure. Currently used as a museum, this was the main gate to the fortification of Kiev in the 11th century.The original structure was nearly completely dismantled, and only few vestiges remain. The rest was rebuilt in 1982 b]" ]
}