{
  "uid" : "9785dc1948370d0f",
  "name" : "TUA-103",
  "fullName" : "com.ita.edu.teachua.ui.tests.AdvancedSearchTest.checkSortingClubsByNameInDescendingOrder",
  "historyId" : "64cb7b38b1cefdd72bbcd9fd804fc48b",
  "time" : {
    "start" : 1643141318249,
    "stop" : 1643141327257,
    "duration" : 9008
  },
  "description" : "Verify that sorting by name for advanced search works correctly (In descending order)",
  "descriptionHtml" : "<p>Verify that sorting by name for advanced search works correctly (In descending order)</p>\n",
  "status" : "broken",
  "statusMessage" : "stale element reference: element is not attached to the page document\n  (Session info: chrome=97.0.4692.71)\nFor documentation on this error, please visit: https://selenium.dev/exceptions/#stale_element_reference\nBuild info: version: '4.1.0', revision: '87802e897b'\nSystem info: host: 'fv-az75-82', ip: '10.1.0.250', os.name: 'Linux', os.arch: 'amd64', os.version: '5.11.0-1027-azure', java.version: '1.8.0_292'\nDriver info: org.openqa.selenium.chrome.ChromeDriver\nCommand: [42b59bc995b567d25d78f2193563fb90, getElementAttribute {id=52e1dcb1-e419-4bba-b348-d9991c088412, name=innerText}]\nCapabilities {acceptInsecureCerts: false, browserName: chrome, browserVersion: 97.0.4692.71, chrome: {chromedriverVersion: 97.0.4692.71 (adefa7837d02a..., userDataDir: /tmp/.com.google.Chrome.nYc0hR}, goog:chromeOptions: {debuggerAddress: localhost:35071}, javascriptEnabled: true, networkConnectionEnabled: false, pageLoadStrategy: normal, platform: LINUX, platformName: LINUX, proxy: Proxy(), se:cdp: ws://localhost:35071/devtoo..., se:cdpVersion: 97.0.4692.71, setWindowRect: true, strictFileInteractability: false, timeouts: {implicit: 0, pageLoad: 300000, script: 30000}, unhandledPromptBehavior: dismiss and notify, webauthn:extension:credBlob: true, webauthn:extension:largeBlob: true, webauthn:virtualAuthenticators: true}\nElement: [[ChromeDriver: chrome on LINUX (42b59bc995b567d25d78f2193563fb90)] -> xpath: //li[@title='Next Page']/preceding-sibling::*[1]]\nSession ID: 42b59bc995b567d25d78f2193563fb90",
  "statusTrace" : "org.openqa.selenium.StaleElementReferenceException: stale element reference: element is not attached to the page document\n  (Session info: chrome=97.0.4692.71)\nFor documentation on this error, please visit: https://selenium.dev/exceptions/#stale_element_reference\nBuild info: version: '4.1.0', revision: '87802e897b'\nSystem info: host: 'fv-az75-82', ip: '10.1.0.250', os.name: 'Linux', os.arch: 'amd64', os.version: '5.11.0-1027-azure', java.version: '1.8.0_292'\nDriver info: org.openqa.selenium.chrome.ChromeDriver\nCommand: [42b59bc995b567d25d78f2193563fb90, getElementAttribute {id=52e1dcb1-e419-4bba-b348-d9991c088412, name=innerText}]\nCapabilities {acceptInsecureCerts: false, browserName: chrome, browserVersion: 97.0.4692.71, chrome: {chromedriverVersion: 97.0.4692.71 (adefa7837d02a..., userDataDir: /tmp/.com.google.Chrome.nYc0hR}, goog:chromeOptions: {debuggerAddress: localhost:35071}, javascriptEnabled: true, networkConnectionEnabled: false, pageLoadStrategy: normal, platform: LINUX, platformName: LINUX, proxy: Proxy(), se:cdp: ws://localhost:35071/devtoo..., se:cdpVersion: 97.0.4692.71, setWindowRect: true, strictFileInteractability: false, timeouts: {implicit: 0, pageLoad: 300000, script: 30000}, unhandledPromptBehavior: dismiss and notify, webauthn:extension:credBlob: true, webauthn:extension:largeBlob: true, webauthn:virtualAuthenticators: true}\nElement: [[ChromeDriver: chrome on LINUX (42b59bc995b567d25d78f2193563fb90)] -> xpath: //li[@title='Next Page']/preceding-sibling::*[1]]\nSession ID: 42b59bc995b567d25d78f2193563fb90\n\tat sun.reflect.NativeConstructorAccessorImpl.newInstance0(Native Method)\n\tat sun.reflect.NativeConstructorAccessorImpl.newInstance(NativeConstructorAccessorImpl.java:62)\n\tat sun.reflect.DelegatingConstructorAccessorImpl.newInstance(DelegatingConstructorAccessorImpl.java:45)\n\tat java.lang.reflect.Constructor.newInstance(Constructor.java:423)\n\tat org.openqa.selenium.remote.codec.w3c.W3CHttpResponseCodec.createException(W3CHttpResponseCodec.java:200)\n\tat org.openqa.selenium.remote.codec.w3c.W3CHttpResponseCodec.decode(W3CHttpResponseCodec.java:133)\n\tat org.openqa.selenium.remote.codec.w3c.W3CHttpResponseCodec.decode(W3CHttpResponseCodec.java:53)\n\tat org.openqa.selenium.remote.HttpCommandExecutor.execute(HttpCommandExecutor.java:184)\n\tat org.openqa.selenium.remote.service.DriverCommandExecutor.invokeExecute(DriverCommandExecutor.java:164)\n\tat org.openqa.selenium.remote.service.DriverCommandExecutor.execute(DriverCommandExecutor.java:139)\n\tat org.openqa.selenium.remote.RemoteWebDriver.execute(RemoteWebDriver.java:559)\n\tat org.openqa.selenium.remote.RemoteWebElement.execute(RemoteWebElement.java:251)\n\tat org.openqa.selenium.remote.RemoteWebElement.getAttribute(RemoteWebElement.java:152)\n\tat com.ita.edu.teachua.ui.elements.custom_elements.ButtonElement.getInnerText(ButtonElement.java:13)\n\tat sun.reflect.NativeMethodAccessorImpl.invoke0(Native Method)\n\tat sun.reflect.NativeMethodAccessorImpl.invoke(NativeMethodAccessorImpl.java:62)\n\tat sun.reflect.DelegatingMethodAccessorImpl.invoke(DelegatingMethodAccessorImpl.java:43)\n\tat java.lang.reflect.Method.invoke(Method.java:498)\n\tat com.ita.edu.teachua.ui.pagefactory.ElementHandler.invoke(ElementHandler.java:46)\n\tat com.sun.proxy.$Proxy43.getInnerText(Unknown Source)\n\tat com.ita.edu.teachua.ui.pages.advanced_search.AdvancedSearchPage.getNumberOfPagesWithClubs(AdvancedSearchPage.java:367)\n\tat com.ita.edu.teachua.ui.tests.AdvancedSearchTest.getTitlesFromAllPages(AdvancedSearchTest.java:180)\n\tat com.ita.edu.teachua.ui.tests.AdvancedSearchTest.checkSortingClubsByNameInDescendingOrder(AdvancedSearchTest.java:173)\n\tat sun.reflect.NativeMethodAccessorImpl.invoke0(Native Method)\n\tat sun.reflect.NativeMethodAccessorImpl.invoke(NativeMethodAccessorImpl.java:62)\n\tat sun.reflect.DelegatingMethodAccessorImpl.invoke(DelegatingMethodAccessorImpl.java:43)\n\tat java.lang.reflect.Method.invoke(Method.java:498)\n\tat org.testng.internal.MethodInvocationHelper.invokeMethod(MethodInvocationHelper.java:133)\n\tat org.testng.internal.TestInvoker.invokeMethod(TestInvoker.java:598)\n\tat org.testng.internal.TestInvoker.invokeTestMethod(TestInvoker.java:173)\n\tat org.testng.internal.MethodRunner.runInSequence(MethodRunner.java:46)\n\tat org.testng.internal.TestInvoker$MethodInvocationAgent.invoke(TestInvoker.java:824)\n\tat org.testng.internal.TestInvoker.invokeTestMethods(TestInvoker.java:146)\n\tat org.testng.internal.TestMethodWorker.invokeTestMethods(TestMethodWorker.java:146)\n\tat org.testng.internal.TestMethodWorker.run(TestMethodWorker.java:128)\n\tat java.util.ArrayList.forEach(ArrayList.java:1259)\n\tat org.testng.TestRunner.privateRun(TestRunner.java:794)\n\tat org.testng.TestRunner.run(TestRunner.java:596)\n\tat org.testng.SuiteRunner.runTest(SuiteRunner.java:377)\n\tat org.testng.SuiteRunner.access$000(SuiteRunner.java:28)\n\tat org.testng.SuiteRunner$SuiteWorker.run(SuiteRunner.java:418)\n\tat org.testng.internal.thread.ThreadUtil.lambda$execute$0(ThreadUtil.java:64)\n\tat java.util.concurrent.FutureTask.run(FutureTask.java:266)\n\tat java.util.concurrent.ThreadPoolExecutor.runWorker(ThreadPoolExecutor.java:1149)\n\tat java.util.concurrent.ThreadPoolExecutor$Worker.run(ThreadPoolExecutor.java:624)\n\tat java.lang.Thread.run(Thread.java:748)\n",
  "flaky" : false,
  "newFailed" : false,
  "beforeStages" : [ {
    "name" : "beforeMethod",
    "time" : {
      "start" : 1643141311161,
      "stop" : 1643141318247,
      "duration" : 7086
    },
    "description" : "",
    "status" : "passed",
    "steps" : [ ],
    "attachments" : [ ],
    "parameters" : [ ],
    "stepsCount" : 0,
    "attachmentsCount" : 0,
    "shouldDisplayMessage" : false,
    "hasContent" : false
  }, {
    "name" : "beforeSuite",
    "time" : {
      "start" : 1643141003730,
      "stop" : 1643141003740,
      "duration" : 10
    },
    "description" : "",
    "status" : "passed",
    "steps" : [ ],
    "attachments" : [ ],
    "parameters" : [ ],
    "stepsCount" : 0,
    "attachmentsCount" : 0,
    "shouldDisplayMessage" : false,
    "hasContent" : false
  }, {
    "name" : "beforeSuite",
    "time" : {
      "start" : 1643141003741,
      "stop" : 1643141008715,
      "duration" : 4974
    },
    "description" : "",
    "status" : "passed",
    "steps" : [ ],
    "attachments" : [ ],
    "parameters" : [ ],
    "stepsCount" : 0,
    "attachmentsCount" : 0,
    "shouldDisplayMessage" : false,
    "hasContent" : false
  }, {
    "name" : "beforeSuite",
    "time" : {
      "start" : 1643141008716,
      "stop" : 1643141008716,
      "duration" : 0
    },
    "description" : "",
    "status" : "passed",
    "steps" : [ ],
    "attachments" : [ ],
    "parameters" : [ ],
    "stepsCount" : 0,
    "attachmentsCount" : 0,
    "shouldDisplayMessage" : false,
    "hasContent" : false
  }, {
    "name" : "beforeSuite",
    "time" : {
      "start" : 1643141008716,
      "stop" : 1643141008716,
      "duration" : 0
    },
    "description" : "",
    "status" : "passed",
    "steps" : [ ],
    "attachments" : [ ],
    "parameters" : [ ],
    "stepsCount" : 0,
    "attachmentsCount" : 0,
    "shouldDisplayMessage" : false,
    "hasContent" : false
  }, {
    "name" : "beforeSuite",
    "time" : {
      "start" : 1643141008716,
      "stop" : 1643141008717,
      "duration" : 1
    },
    "description" : "",
    "status" : "passed",
    "steps" : [ ],
    "attachments" : [ ],
    "parameters" : [ ],
    "stepsCount" : 0,
    "attachmentsCount" : 0,
    "shouldDisplayMessage" : false,
    "hasContent" : false
  } ],
  "testStage" : {
    "description" : "Verify that sorting by name for advanced search works correctly (In descending order)",
    "status" : "broken",
    "statusMessage" : "stale element reference: element is not attached to the page document\n  (Session info: chrome=97.0.4692.71)\nFor documentation on this error, please visit: https://selenium.dev/exceptions/#stale_element_reference\nBuild info: version: '4.1.0', revision: '87802e897b'\nSystem info: host: 'fv-az75-82', ip: '10.1.0.250', os.name: 'Linux', os.arch: 'amd64', os.version: '5.11.0-1027-azure', java.version: '1.8.0_292'\nDriver info: org.openqa.selenium.chrome.ChromeDriver\nCommand: [42b59bc995b567d25d78f2193563fb90, getElementAttribute {id=52e1dcb1-e419-4bba-b348-d9991c088412, name=innerText}]\nCapabilities {acceptInsecureCerts: false, browserName: chrome, browserVersion: 97.0.4692.71, chrome: {chromedriverVersion: 97.0.4692.71 (adefa7837d02a..., userDataDir: /tmp/.com.google.Chrome.nYc0hR}, goog:chromeOptions: {debuggerAddress: localhost:35071}, javascriptEnabled: true, networkConnectionEnabled: false, pageLoadStrategy: normal, platform: LINUX, platformName: LINUX, proxy: Proxy(), se:cdp: ws://localhost:35071/devtoo..., se:cdpVersion: 97.0.4692.71, setWindowRect: true, strictFileInteractability: false, timeouts: {implicit: 0, pageLoad: 300000, script: 30000}, unhandledPromptBehavior: dismiss and notify, webauthn:extension:credBlob: true, webauthn:extension:largeBlob: true, webauthn:virtualAuthenticators: true}\nElement: [[ChromeDriver: chrome on LINUX (42b59bc995b567d25d78f2193563fb90)] -> xpath: //li[@title='Next Page']/preceding-sibling::*[1]]\nSession ID: 42b59bc995b567d25d78f2193563fb90",
    "statusTrace" : "org.openqa.selenium.StaleElementReferenceException: stale element reference: element is not attached to the page document\n  (Session info: chrome=97.0.4692.71)\nFor documentation on this error, please visit: https://selenium.dev/exceptions/#stale_element_reference\nBuild info: version: '4.1.0', revision: '87802e897b'\nSystem info: host: 'fv-az75-82', ip: '10.1.0.250', os.name: 'Linux', os.arch: 'amd64', os.version: '5.11.0-1027-azure', java.version: '1.8.0_292'\nDriver info: org.openqa.selenium.chrome.ChromeDriver\nCommand: [42b59bc995b567d25d78f2193563fb90, getElementAttribute {id=52e1dcb1-e419-4bba-b348-d9991c088412, name=innerText}]\nCapabilities {acceptInsecureCerts: false, browserName: chrome, browserVersion: 97.0.4692.71, chrome: {chromedriverVersion: 97.0.4692.71 (adefa7837d02a..., userDataDir: /tmp/.com.google.Chrome.nYc0hR}, goog:chromeOptions: {debuggerAddress: localhost:35071}, javascriptEnabled: true, networkConnectionEnabled: false, pageLoadStrategy: normal, platform: LINUX, platformName: LINUX, proxy: Proxy(), se:cdp: ws://localhost:35071/devtoo..., se:cdpVersion: 97.0.4692.71, setWindowRect: true, strictFileInteractability: false, timeouts: {implicit: 0, pageLoad: 300000, script: 30000}, unhandledPromptBehavior: dismiss and notify, webauthn:extension:credBlob: true, webauthn:extension:largeBlob: true, webauthn:virtualAuthenticators: true}\nElement: [[ChromeDriver: chrome on LINUX (42b59bc995b567d25d78f2193563fb90)] -> xpath: //li[@title='Next Page']/preceding-sibling::*[1]]\nSession ID: 42b59bc995b567d25d78f2193563fb90\n\tat sun.reflect.NativeConstructorAccessorImpl.newInstance0(Native Method)\n\tat sun.reflect.NativeConstructorAccessorImpl.newInstance(NativeConstructorAccessorImpl.java:62)\n\tat sun.reflect.DelegatingConstructorAccessorImpl.newInstance(DelegatingConstructorAccessorImpl.java:45)\n\tat java.lang.reflect.Constructor.newInstance(Constructor.java:423)\n\tat org.openqa.selenium.remote.codec.w3c.W3CHttpResponseCodec.createException(W3CHttpResponseCodec.java:200)\n\tat org.openqa.selenium.remote.codec.w3c.W3CHttpResponseCodec.decode(W3CHttpResponseCodec.java:133)\n\tat org.openqa.selenium.remote.codec.w3c.W3CHttpResponseCodec.decode(W3CHttpResponseCodec.java:53)\n\tat org.openqa.selenium.remote.HttpCommandExecutor.execute(HttpCommandExecutor.java:184)\n\tat org.openqa.selenium.remote.service.DriverCommandExecutor.invokeExecute(DriverCommandExecutor.java:164)\n\tat org.openqa.selenium.remote.service.DriverCommandExecutor.execute(DriverCommandExecutor.java:139)\n\tat org.openqa.selenium.remote.RemoteWebDriver.execute(RemoteWebDriver.java:559)\n\tat org.openqa.selenium.remote.RemoteWebElement.execute(RemoteWebElement.java:251)\n\tat org.openqa.selenium.remote.RemoteWebElement.getAttribute(RemoteWebElement.java:152)\n\tat com.ita.edu.teachua.ui.elements.custom_elements.ButtonElement.getInnerText(ButtonElement.java:13)\n\tat sun.reflect.NativeMethodAccessorImpl.invoke0(Native Method)\n\tat sun.reflect.NativeMethodAccessorImpl.invoke(NativeMethodAccessorImpl.java:62)\n\tat sun.reflect.DelegatingMethodAccessorImpl.invoke(DelegatingMethodAccessorImpl.java:43)\n\tat java.lang.reflect.Method.invoke(Method.java:498)\n\tat com.ita.edu.teachua.ui.pagefactory.ElementHandler.invoke(ElementHandler.java:46)\n\tat com.sun.proxy.$Proxy43.getInnerText(Unknown Source)\n\tat com.ita.edu.teachua.ui.pages.advanced_search.AdvancedSearchPage.getNumberOfPagesWithClubs(AdvancedSearchPage.java:367)\n\tat com.ita.edu.teachua.ui.tests.AdvancedSearchTest.getTitlesFromAllPages(AdvancedSearchTest.java:180)\n\tat com.ita.edu.teachua.ui.tests.AdvancedSearchTest.checkSortingClubsByNameInDescendingOrder(AdvancedSearchTest.java:173)\n\tat sun.reflect.NativeMethodAccessorImpl.invoke0(Native Method)\n\tat sun.reflect.NativeMethodAccessorImpl.invoke(NativeMethodAccessorImpl.java:62)\n\tat sun.reflect.DelegatingMethodAccessorImpl.invoke(DelegatingMethodAccessorImpl.java:43)\n\tat java.lang.reflect.Method.invoke(Method.java:498)\n\tat org.testng.internal.MethodInvocationHelper.invokeMethod(MethodInvocationHelper.java:133)\n\tat org.testng.internal.TestInvoker.invokeMethod(TestInvoker.java:598)\n\tat org.testng.internal.TestInvoker.invokeTestMethod(TestInvoker.java:173)\n\tat org.testng.internal.MethodRunner.runInSequence(MethodRunner.java:46)\n\tat org.testng.internal.TestInvoker$MethodInvocationAgent.invoke(TestInvoker.java:824)\n\tat org.testng.internal.TestInvoker.invokeTestMethods(TestInvoker.java:146)\n\tat org.testng.internal.TestMethodWorker.invokeTestMethods(TestMethodWorker.java:146)\n\tat org.testng.internal.TestMethodWorker.run(TestMethodWorker.java:128)\n\tat java.util.ArrayList.forEach(ArrayList.java:1259)\n\tat org.testng.TestRunner.privateRun(TestRunner.java:794)\n\tat org.testng.TestRunner.run(TestRunner.java:596)\n\tat org.testng.SuiteRunner.runTest(SuiteRunner.java:377)\n\tat org.testng.SuiteRunner.access$000(SuiteRunner.java:28)\n\tat org.testng.SuiteRunner$SuiteWorker.run(SuiteRunner.java:418)\n\tat org.testng.internal.thread.ThreadUtil.lambda$execute$0(ThreadUtil.java:64)\n\tat java.util.concurrent.FutureTask.run(FutureTask.java:266)\n\tat java.util.concurrent.ThreadPoolExecutor.runWorker(ThreadPoolExecutor.java:1149)\n\tat java.util.concurrent.ThreadPoolExecutor$Worker.run(ThreadPoolExecutor.java:624)\n\tat java.lang.Thread.run(Thread.java:748)\n",
    "steps" : [ {
      "name" : "Click on 'Розширений пошук' icon",
      "time" : {
        "start" : 1643141318249,
        "stop" : 1643141318457,
        "duration" : 208
      },
      "status" : "passed",
      "steps" : [ ],
      "attachments" : [ ],
      "parameters" : [ ],
      "stepsCount" : 0,
      "attachmentsCount" : 0,
      "shouldDisplayMessage" : false,
      "hasContent" : false
    }, {
      "name" : "Click on arrow up to sort clubs in descending order",
      "time" : {
        "start" : 1643141318457,
        "stop" : 1643141319539,
        "duration" : 1082
      },
      "status" : "passed",
      "steps" : [ ],
      "attachments" : [ ],
      "parameters" : [ ],
      "stepsCount" : 0,
      "attachmentsCount" : 0,
      "shouldDisplayMessage" : false,
      "hasContent" : false
    }, {
      "name" : "Get number of pages with clubs",
      "time" : {
        "start" : 1643141319539,
        "stop" : 1643141326996,
        "duration" : 7457
      },
      "status" : "broken",
      "statusMessage" : "stale element reference: element is not attached to the page document\n  (Session info: chrome=97.0.4692.71)\nFor documentation on this error, please visit: https://selenium.dev/exceptions/#stale_element_reference\nBuild info: version: '4.1.0', revision: '87802e897b'\nSystem info: host: 'fv-az75-82', ip: '10.1.0.250', os.name: 'Linux', os.arch: 'amd64', os.version: '5.11.0-1027-azure', java.version: '1.8.0_292'\nDriver info: org.openqa.selenium.chrome.ChromeDriver\nCommand: [42b59bc995b567d25d78f2193563fb90, getElementAttribute {id=52e1dcb1-e419-4bba-b348-d9991c088412, name=innerText}]\nCapabilities {acceptInsecureCerts: false, browserName: chrome, browserVersion: 97.0.4692.71, chrome: {chromedriverVersion: 97.0.4692.71 (adefa7837d02a..., userDataDir: /tmp/.com.google.Chrome.nYc0hR}, goog:chromeOptions: {debuggerAddress: localhost:35071}, javascriptEnabled: true, networkConnectionEnabled: false, pageLoadStrategy: normal, platform: LINUX, platformName: LINUX, proxy: Proxy(), se:cdp: ws://localhost:35071/devtoo..., se:cdpVersion: 97.0.4692.71, setWindowRect: true, strictFileInteractability: false, timeouts: {implicit: 0, pageLoad: 300000, script: 30000}, unhandledPromptBehavior: dismiss and notify, webauthn:extension:credBlob: true, webauthn:extension:largeBlob: true, webauthn:virtualAuthenticators: true}\nElement: [[ChromeDriver: chrome on LINUX (42b59bc995b567d25d78f2193563fb90)] -> xpath: //li[@title='Next Page']/preceding-sibling::*[1]]\nSession ID: 42b59bc995b567d25d78f2193563fb90",
      "statusTrace" : "org.openqa.selenium.StaleElementReferenceException: stale element reference: element is not attached to the page document\n  (Session info: chrome=97.0.4692.71)\nFor documentation on this error, please visit: https://selenium.dev/exceptions/#stale_element_reference\nBuild info: version: '4.1.0', revision: '87802e897b'\nSystem info: host: 'fv-az75-82', ip: '10.1.0.250', os.name: 'Linux', os.arch: 'amd64', os.version: '5.11.0-1027-azure', java.version: '1.8.0_292'\nDriver info: org.openqa.selenium.chrome.ChromeDriver\nCommand: [42b59bc995b567d25d78f2193563fb90, getElementAttribute {id=52e1dcb1-e419-4bba-b348-d9991c088412, name=innerText}]\nCapabilities {acceptInsecureCerts: false, browserName: chrome, browserVersion: 97.0.4692.71, chrome: {chromedriverVersion: 97.0.4692.71 (adefa7837d02a..., userDataDir: /tmp/.com.google.Chrome.nYc0hR}, goog:chromeOptions: {debuggerAddress: localhost:35071}, javascriptEnabled: true, networkConnectionEnabled: false, pageLoadStrategy: normal, platform: LINUX, platformName: LINUX, proxy: Proxy(), se:cdp: ws://localhost:35071/devtoo..., se:cdpVersion: 97.0.4692.71, setWindowRect: true, strictFileInteractability: false, timeouts: {implicit: 0, pageLoad: 300000, script: 30000}, unhandledPromptBehavior: dismiss and notify, webauthn:extension:credBlob: true, webauthn:extension:largeBlob: true, webauthn:virtualAuthenticators: true}\nElement: [[ChromeDriver: chrome on LINUX (42b59bc995b567d25d78f2193563fb90)] -> xpath: //li[@title='Next Page']/preceding-sibling::*[1]]\nSession ID: 42b59bc995b567d25d78f2193563fb90\n\tat sun.reflect.NativeConstructorAccessorImpl.newInstance0(Native Method)\n\tat sun.reflect.NativeConstructorAccessorImpl.newInstance(NativeConstructorAccessorImpl.java:62)\n\tat sun.reflect.DelegatingConstructorAccessorImpl.newInstance(DelegatingConstructorAccessorImpl.java:45)\n\tat java.lang.reflect.Constructor.newInstance(Constructor.java:423)\n\tat org.openqa.selenium.remote.codec.w3c.W3CHttpResponseCodec.createException(W3CHttpResponseCodec.java:200)\n\tat org.openqa.selenium.remote.codec.w3c.W3CHttpResponseCodec.decode(W3CHttpResponseCodec.java:133)\n\tat org.openqa.selenium.remote.codec.w3c.W3CHttpResponseCodec.decode(W3CHttpResponseCodec.java:53)\n\tat org.openqa.selenium.remote.HttpCommandExecutor.execute(HttpCommandExecutor.java:184)\n\tat org.openqa.selenium.remote.service.DriverCommandExecutor.invokeExecute(DriverCommandExecutor.java:164)\n\tat org.openqa.selenium.remote.service.DriverCommandExecutor.execute(DriverCommandExecutor.java:139)\n\tat org.openqa.selenium.remote.RemoteWebDriver.execute(RemoteWebDriver.java:559)\n\tat org.openqa.selenium.remote.RemoteWebElement.execute(RemoteWebElement.java:251)\n\tat org.openqa.selenium.remote.RemoteWebElement.getAttribute(RemoteWebElement.java:152)\n\tat com.ita.edu.teachua.ui.elements.custom_elements.ButtonElement.getInnerText(ButtonElement.java:13)\n\tat sun.reflect.NativeMethodAccessorImpl.invoke0(Native Method)\n\tat sun.reflect.NativeMethodAccessorImpl.invoke(NativeMethodAccessorImpl.java:62)\n\tat sun.reflect.DelegatingMethodAccessorImpl.invoke(DelegatingMethodAccessorImpl.java:43)\n\tat java.lang.reflect.Method.invoke(Method.java:498)\n\tat com.ita.edu.teachua.ui.pagefactory.ElementHandler.invoke(ElementHandler.java:46)\n\tat com.sun.proxy.$Proxy43.getInnerText(Unknown Source)\n\tat com.ita.edu.teachua.ui.pages.advanced_search.AdvancedSearchPage.getNumberOfPagesWithClubs(AdvancedSearchPage.java:367)\n\tat com.ita.edu.teachua.ui.tests.AdvancedSearchTest.getTitlesFromAllPages(AdvancedSearchTest.java:180)\n\tat com.ita.edu.teachua.ui.tests.AdvancedSearchTest.checkSortingClubsByNameInDescendingOrder(AdvancedSearchTest.java:173)\n\tat sun.reflect.NativeMethodAccessorImpl.invoke0(Native Method)\n\tat sun.reflect.NativeMethodAccessorImpl.invoke(NativeMethodAccessorImpl.java:62)\n\tat sun.reflect.DelegatingMethodAccessorImpl.invoke(DelegatingMethodAccessorImpl.java:43)\n\tat java.lang.reflect.Method.invoke(Method.java:498)\n\tat org.testng.internal.MethodInvocationHelper.invokeMethod(MethodInvocationHelper.java:133)\n\tat org.testng.internal.TestInvoker.invokeMethod(TestInvoker.java:598)\n\tat org.testng.internal.TestInvoker.invokeTestMethod(TestInvoker.java:173)\n\tat org.testng.internal.MethodRunner.runInSequence(MethodRunner.java:46)\n\tat org.testng.internal.TestInvoker$MethodInvocationAgent.invoke(TestInvoker.java:824)\n\tat org.testng.internal.TestInvoker.invokeTestMethods(TestInvoker.java:146)\n\tat org.testng.internal.TestMethodWorker.invokeTestMethods(TestMethodWorker.java:146)\n\tat org.testng.internal.TestMethodWorker.run(TestMethodWorker.java:128)\n\tat java.util.ArrayList.forEach(ArrayList.java:1259)\n\tat org.testng.TestRunner.privateRun(TestRunner.java:794)\n\tat org.testng.TestRunner.run(TestRunner.java:596)\n\tat org.testng.SuiteRunner.runTest(SuiteRunner.java:377)\n\tat org.testng.SuiteRunner.access$000(SuiteRunner.java:28)\n\tat org.testng.SuiteRunner$SuiteWorker.run(SuiteRunner.java:418)\n\tat org.testng.internal.thread.ThreadUtil.lambda$execute$0(ThreadUtil.java:64)\n\tat java.util.concurrent.FutureTask.run(FutureTask.java:266)\n\tat java.util.concurrent.ThreadPoolExecutor.runWorker(ThreadPoolExecutor.java:1149)\n\tat java.util.concurrent.ThreadPoolExecutor$Worker.run(ThreadPoolExecutor.java:624)\n\tat java.lang.Thread.run(Thread.java:748)\n",
      "steps" : [ ],
      "attachments" : [ ],
      "parameters" : [ ],
      "stepsCount" : 0,
      "attachmentsCount" : 0,
      "shouldDisplayMessage" : true,
      "hasContent" : true
    } ],
    "attachments" : [ {
      "uid" : "9a9259099131457f",
      "name" : "Logs for thread 14",
      "source" : "9a9259099131457f.log",
      "type" : "text/plain",
      "size" : 4
    }, {
      "uid" : "545d32927079ed6",
      "name" : "Page screenshot",
      "source" : "545d32927079ed6.png",
      "type" : "image/png",
      "size" : 242204
    } ],
    "parameters" : [ ],
    "stepsCount" : 3,
    "attachmentsCount" : 2,
    "shouldDisplayMessage" : false,
    "hasContent" : true
  },
  "afterStages" : [ {
    "name" : "afterMethod",
    "time" : {
      "start" : 1643141327258,
      "stop" : 1643141327331,
      "duration" : 73
    },
    "description" : "",
    "status" : "passed",
    "steps" : [ ],
    "attachments" : [ ],
    "parameters" : [ ],
    "stepsCount" : 0,
    "attachmentsCount" : 0,
    "shouldDisplayMessage" : false,
    "hasContent" : false
  } ],
  "labels" : [ {
    "name" : "package",
    "value" : "com.ita.edu.teachua.ui.tests.AdvancedSearchTest"
  }, {
    "name" : "testClass",
    "value" : "com.ita.edu.teachua.ui.tests.AdvancedSearchTest"
  }, {
    "name" : "testMethod",
    "value" : "checkSortingClubsByNameInDescendingOrder"
  }, {
    "name" : "parentSuite",
    "value" : "Test Suite"
  }, {
    "name" : "suite",
    "value" : "UI Tests"
  }, {
    "name" : "subSuite",
    "value" : "com.ita.edu.teachua.ui.tests.AdvancedSearchTest"
  }, {
    "name" : "host",
    "value" : "fv-az75-82"
  }, {
    "name" : "thread",
    "value" : "2767@fv-az75-82.TestNG-tests-2(14)"
  }, {
    "name" : "framework",
    "value" : "testng"
  }, {
    "name" : "language",
    "value" : "java"
  }, {
    "name" : "resultFormat",
    "value" : "allure2"
  } ],
  "parameters" : [ ],
  "links" : [ {
    "name" : "TUA-103",
    "type" : "issue"
  } ],
  "hidden" : false,
  "retry" : false,
  "extra" : {
    "severity" : "normal",
    "retries" : [ ],
    "categories" : [ {
      "name" : "Test defects",
      "matchedStatuses" : [ ],
      "flaky" : false
    } ],
    "history" : {
      "statistic" : {
        "failed" : 28,
        "broken" : 5,
        "skipped" : 0,
        "passed" : 20,
        "unknown" : 0,
        "total" : 53
      },
      "items" : [ {
        "uid" : "f95626b480a10b79",
        "reportUrl" : "https://ita-social-projects.github.io/TeachUA_TA/85//#testresult/f95626b480a10b79",
        "status" : "passed",
        "time" : {
          "start" : 1643140688729,
          "stop" : 1643140746011,
          "duration" : 57282
        }
      }, {
        "uid" : "fe7c8bb15ccc604",
        "reportUrl" : "https://ita-social-projects.github.io/TeachUA_TA/84//#testresult/fe7c8bb15ccc604",
        "status" : "passed",
        "time" : {
          "start" : 1643139916688,
          "stop" : 1643139974973,
          "duration" : 58285
        }
      }, {
        "uid" : "b7eae4ffd123d4a6",
        "reportUrl" : "https://ita-social-projects.github.io/TeachUA_TA/83//#testresult/b7eae4ffd123d4a6",
        "status" : "passed",
        "time" : {
          "start" : 1643139306764,
          "stop" : 1643139364791,
          "duration" : 58027
        }
      }, {
        "uid" : "ce9d0a3ff9952251",
        "reportUrl" : "https://ita-social-projects.github.io/TeachUA_TA/82//#testresult/ce9d0a3ff9952251",
        "status" : "passed",
        "time" : {
          "start" : 1643138330301,
          "stop" : 1643138387775,
          "duration" : 57474
        }
      }, {
        "uid" : "bbf41ab606e23e5a",
        "reportUrl" : "https://ita-social-projects.github.io/TeachUA_TA/81//#testresult/bbf41ab606e23e5a",
        "status" : "passed",
        "time" : {
          "start" : 1643138203745,
          "stop" : 1643138262562,
          "duration" : 58817
        }
      }, {
        "uid" : "f7bb9c6929d23f65",
        "reportUrl" : "https://ita-social-projects.github.io/TeachUA_TA/80//#testresult/f7bb9c6929d23f65",
        "status" : "passed",
        "time" : {
          "start" : 1643137005186,
          "stop" : 1643137062784,
          "duration" : 57598
        }
      }, {
        "uid" : "ab77d2077b1c172c",
        "reportUrl" : "https://ita-social-projects.github.io/TeachUA_TA/79//#testresult/ab77d2077b1c172c",
        "status" : "passed",
        "time" : {
          "start" : 1643136930648,
          "stop" : 1643136988110,
          "duration" : 57462
        }
      }, {
        "uid" : "289212999ed705c8",
        "reportUrl" : "https://ita-social-projects.github.io/TeachUA_TA/78//#testresult/289212999ed705c8",
        "status" : "passed",
        "time" : {
          "start" : 1643136075926,
          "stop" : 1643136133475,
          "duration" : 57549
        }
      }, {
        "uid" : "a8d9386d3d2385d7",
        "reportUrl" : "https://ita-social-projects.github.io/TeachUA_TA/77//#testresult/a8d9386d3d2385d7",
        "status" : "passed",
        "time" : {
          "start" : 1643134182863,
          "stop" : 1643134240429,
          "duration" : 57566
        }
      }, {
        "uid" : "16722cba0c8ab64f",
        "reportUrl" : "https://ita-social-projects.github.io/TeachUA_TA/76//#testresult/16722cba0c8ab64f",
        "status" : "passed",
        "time" : {
          "start" : 1643133518682,
          "stop" : 1643133575415,
          "duration" : 56733
        }
      }, {
        "uid" : "409ad671c2eb0876",
        "reportUrl" : "https://ita-social-projects.github.io/TeachUA_TA/74//#testresult/409ad671c2eb0876",
        "status" : "passed",
        "time" : {
          "start" : 1643130341756,
          "stop" : 1643130398995,
          "duration" : 57239
        }
      }, {
        "uid" : "41dbcaf1808543f3",
        "reportUrl" : "https://ita-social-projects.github.io/TeachUA_TA/75//#testresult/41dbcaf1808543f3",
        "status" : "passed",
        "time" : {
          "start" : 1643130343231,
          "stop" : 1643130400241,
          "duration" : 57010
        }
      }, {
        "uid" : "28673e8e065f4039",
        "reportUrl" : "https://ita-social-projects.github.io/TeachUA_TA/73//#testresult/28673e8e065f4039",
        "status" : "passed",
        "time" : {
          "start" : 1643129351197,
          "stop" : 1643129409124,
          "duration" : 57927
        }
      }, {
        "uid" : "28c7b941c379ab51",
        "reportUrl" : "https://ita-social-projects.github.io/TeachUA_TA/72//#testresult/28c7b941c379ab51",
        "status" : "passed",
        "time" : {
          "start" : 1643129179317,
          "stop" : 1643129236625,
          "duration" : 57308
        }
      }, {
        "uid" : "8a26fc26fecd6d5c",
        "reportUrl" : "https://ita-social-projects.github.io/TeachUA_TA/71//#testresult/8a26fc26fecd6d5c",
        "status" : "passed",
        "time" : {
          "start" : 1643129158257,
          "stop" : 1643129216496,
          "duration" : 58239
        }
      }, {
        "uid" : "f026a29f21a26f4c",
        "reportUrl" : "https://ita-social-projects.github.io/TeachUA_TA/70//#testresult/f026a29f21a26f4c",
        "status" : "failed",
        "statusDetails" : "expected [true] but found [false]",
        "time" : {
          "start" : 1643122782331,
          "stop" : 1643122812850,
          "duration" : 30519
        }
      }, {
        "uid" : "ea2e6c0d38f6545f",
        "reportUrl" : "https://ita-social-projects.github.io/TeachUA_TA/69//#testresult/ea2e6c0d38f6545f",
        "status" : "failed",
        "statusDetails" : "expected [true] but found [false]",
        "time" : {
          "start" : 1643122764198,
          "stop" : 1643122794667,
          "duration" : 30469
        }
      }, {
        "uid" : "4195c6797e28afae",
        "reportUrl" : "https://ita-social-projects.github.io/TeachUA_TA/68//#testresult/4195c6797e28afae",
        "status" : "passed",
        "time" : {
          "start" : 1643108759634,
          "stop" : 1643108791933,
          "duration" : 32299
        }
      }, {
        "uid" : "f5cba237974fe7f8",
        "reportUrl" : "https://ita-social-projects.github.io/TeachUA_TA/68//#testresult/f5cba237974fe7f8",
        "status" : "failed",
        "statusDetails" : "expected [true] but found [false]",
        "time" : {
          "start" : 1643104018751,
          "stop" : 1643104050848,
          "duration" : 32097
        }
      }, {
        "uid" : "bedbd8a2fd62adf9",
        "reportUrl" : "https://Lv-648-TAQC-Java-project.github.io/Selenium648PageFactory/67//#testresult/bedbd8a2fd62adf9",
        "status" : "passed",
        "time" : {
          "start" : 1643100279859,
          "stop" : 1643100311648,
          "duration" : 31789
        }
      } ]
    },
    "tags" : [ ]
  },
  "source" : "9785dc1948370d0f.json",
  "parameterValues" : [ ]
}