{"uid":"2430ea0caa02fe7a","name":"Example of BDD suite","fullName":"com.ita.edu.teachua.cucumber.cucumberTestRunner.CucumberTestRunner.scenario","historyId":"364e27044e0161bbc73aa554ee8ddd1","time":{"start":1664706951692,"stop":1664706966887,"duration":15195},"status":"broken","statusMessage":"Expected condition failed: waiting for visibility of element located by By.id: basic_email (tried for 5 second(s) with 500 milliseconds interval)\nBuild info: version: '4.1.1', revision: 'e8fcc2cecf'\nSystem info: host: 'fv-az152-838', ip: '10.1.1.24', os.name: 'Linux', os.arch: 'amd64', os.version: '5.15.0-1020-azure', java.version: '1.8.0_292'\nDriver info: org.openqa.selenium.chrome.ChromeDriver\nCapabilities {acceptInsecureCerts: false, browserName: chrome, browserVersion: 105.0.5195.125, chrome: {chromedriverVersion: 105.0.5195.52 (412c95e51883..., userDataDir: /tmp/.com.google.Chrome.ldKhLa}, goog:chromeOptions: {debuggerAddress: localhost:32973}, javascriptEnabled: true, networkConnectionEnabled: false, pageLoadStrategy: normal, platform: LINUX, platformName: LINUX, proxy: Proxy(), se:cdp: ws://localhost:32973/devtoo..., se:cdpVersion: 105.0.5195.125, setWindowRect: true, strictFileInteractability: false, timeouts: {implicit: 0, pageLoad: 300000, script: 30000}, unhandledPromptBehavior: dismiss and notify, webauthn:extension:credBlob: true, webauthn:extension:largeBlob: true, webauthn:virtualAuthenticators: true}\nSession ID: 0eac181fa198ec2be512d98457e9acd7","statusTrace":"org.openqa.selenium.TimeoutException: Expected condition failed: waiting for visibility of element located by By.id: basic_email (tried for 5 second(s) with 500 milliseconds interval)\nBuild info: version: '4.1.1', revision: 'e8fcc2cecf'\nSystem info: host: 'fv-az152-838', ip: '10.1.1.24', os.name: 'Linux', os.arch: 'amd64', os.version: '5.15.0-1020-azure', java.version: '1.8.0_292'\nDriver info: org.openqa.selenium.chrome.ChromeDriver\nCapabilities {acceptInsecureCerts: false, browserName: chrome, browserVersion: 105.0.5195.125, chrome: {chromedriverVersion: 105.0.5195.52 (412c95e51883..., userDataDir: /tmp/.com.google.Chrome.ldKhLa}, goog:chromeOptions: {debuggerAddress: localhost:32973}, javascriptEnabled: true, networkConnectionEnabled: false, pageLoadStrategy: normal, platform: LINUX, platformName: LINUX, proxy: Proxy(), se:cdp: ws://localhost:32973/devtoo..., se:cdpVersion: 105.0.5195.125, setWindowRect: true, strictFileInteractability: false, timeouts: {implicit: 0, pageLoad: 300000, script: 30000}, unhandledPromptBehavior: dismiss and notify, webauthn:extension:credBlob: true, webauthn:extension:largeBlob: true, webauthn:virtualAuthenticators: true}\nSession ID: 0eac181fa198ec2be512d98457e9acd7\n\tat org.openqa.selenium.support.ui.WebDriverWait.timeoutException(WebDriverWait.java:138)\n\tat org.openqa.selenium.support.ui.FluentWait.until(FluentWait.java:231)\n\tat com.ita.edu.teachua.ui.pages.base_page.BasePage.waitUntilVisibilityOfElementLocated(BasePage.java:26)\n\tat com.ita.edu.teachua.ui.pages.header_page.LoginPopUpComponent.sendKeysEmailField(LoginPopUpComponent.java:32)\n\tat com.ita.edu.teachua.ui.pages.header_page.LoginPopUpComponent.fillLoginFields(LoginPopUpComponent.java:52)\n\tat com.ita.edu.teachua.ui.pages.header_page.HeaderPage.authorize(HeaderPage.java:42)\n\tat com.ita.edu.teachua.cucumber.steps_definitions.CannotAddLocation.logInAsКерівник(CannotAddLocation.java:25)\n\tat ✽.Log in as Керівник(file:///home/runner/work/TeachUA_TA/TeachUA_TA/src/test/resources/features/CannotAddLocation.feature:3)\n","flaky":false,"newFailed":false,"newBroken":true,"newPassed":false,"retriesCount":0,"retriesStatusChange":false,"beforeStages":[{"name":"beforeSuite","time":{"start":1664706835737,"stop":1664706835745,"duration":8},"description":"","status":"passed","steps":[],"attachments":[],"parameters":[],"stepsCount":0,"attachmentsCount":0,"shouldDisplayMessage":false,"hasContent":false},{"name":"beforeSuite","time":{"start":1664706835746,"stop":1664706837344,"duration":1598},"description":"","status":"passed","steps":[],"attachments":[],"parameters":[],"stepsCount":0,"attachmentsCount":0,"shouldDisplayMessage":false,"hasContent":false},{"name":"beforeSuite","time":{"start":1664706837345,"stop":1664706837345,"duration":0},"description":"","status":"passed","steps":[],"attachments":[],"parameters":[],"stepsCount":0,"attachmentsCount":0,"shouldDisplayMessage":false,"hasContent":false},{"name":"beforeSuite","time":{"start":1664706837345,"stop":1664706837346,"duration":1},"description":"","status":"passed","steps":[],"attachments":[],"parameters":[],"stepsCount":0,"attachmentsCount":0,"shouldDisplayMessage":false,"hasContent":false},{"name":"beforeSuite","time":{"start":1664706837346,"stop":1664706837346,"duration":0},"description":"","status":"passed","steps":[],"attachments":[],"parameters":[],"stepsCount":0,"attachmentsCount":0,"shouldDisplayMessage":false,"hasContent":false},{"name":"setUpClass","time":{"start":1664706837376,"stop":1664706838442,"duration":1066},"description":"","status":"passed","steps":[],"attachments":[],"parameters":[],"stepsCount":0,"attachmentsCount":0,"shouldDisplayMessage":false,"hasContent":false},{"name":"setUpClass","time":{"start":1664706838443,"stop":1664706838498,"duration":55},"description":"","status":"passed","steps":[],"attachments":[],"parameters":[],"stepsCount":0,"attachmentsCount":0,"shouldDisplayMessage":false,"hasContent":false}],"testStage":{"status":"broken","statusMessage":"Expected condition failed: waiting for visibility of element located by By.id: basic_email (tried for 5 second(s) with 500 milliseconds interval)\nBuild info: version: '4.1.1', revision: 'e8fcc2cecf'\nSystem info: host: 'fv-az152-838', ip: '10.1.1.24', os.name: 'Linux', os.arch: 'amd64', os.version: '5.15.0-1020-azure', java.version: '1.8.0_292'\nDriver info: org.openqa.selenium.chrome.ChromeDriver\nCapabilities {acceptInsecureCerts: false, browserName: chrome, browserVersion: 105.0.5195.125, chrome: {chromedriverVersion: 105.0.5195.52 (412c95e51883..., userDataDir: /tmp/.com.google.Chrome.ldKhLa}, goog:chromeOptions: {debuggerAddress: localhost:32973}, javascriptEnabled: true, networkConnectionEnabled: false, pageLoadStrategy: normal, platform: LINUX, platformName: LINUX, proxy: Proxy(), se:cdp: ws://localhost:32973/devtoo..., se:cdpVersion: 105.0.5195.125, setWindowRect: true, strictFileInteractability: false, timeouts: {implicit: 0, pageLoad: 300000, script: 30000}, unhandledPromptBehavior: dismiss and notify, webauthn:extension:credBlob: true, webauthn:extension:largeBlob: true, webauthn:virtualAuthenticators: true}\nSession ID: 0eac181fa198ec2be512d98457e9acd7","statusTrace":"org.openqa.selenium.TimeoutException: Expected condition failed: waiting for visibility of element located by By.id: basic_email (tried for 5 second(s) with 500 milliseconds interval)\nBuild info: version: '4.1.1', revision: 'e8fcc2cecf'\nSystem info: host: 'fv-az152-838', ip: '10.1.1.24', os.name: 'Linux', os.arch: 'amd64', os.version: '5.15.0-1020-azure', java.version: '1.8.0_292'\nDriver info: org.openqa.selenium.chrome.ChromeDriver\nCapabilities {acceptInsecureCerts: false, browserName: chrome, browserVersion: 105.0.5195.125, chrome: {chromedriverVersion: 105.0.5195.52 (412c95e51883..., userDataDir: /tmp/.com.google.Chrome.ldKhLa}, goog:chromeOptions: {debuggerAddress: localhost:32973}, javascriptEnabled: true, networkConnectionEnabled: false, pageLoadStrategy: normal, platform: LINUX, platformName: LINUX, proxy: Proxy(), se:cdp: ws://localhost:32973/devtoo..., se:cdpVersion: 105.0.5195.125, setWindowRect: true, strictFileInteractability: false, timeouts: {implicit: 0, pageLoad: 300000, script: 30000}, unhandledPromptBehavior: dismiss and notify, webauthn:extension:credBlob: true, webauthn:extension:largeBlob: true, webauthn:virtualAuthenticators: true}\nSession ID: 0eac181fa198ec2be512d98457e9acd7\n\tat org.openqa.selenium.support.ui.WebDriverWait.timeoutException(WebDriverWait.java:138)\n\tat org.openqa.selenium.support.ui.FluentWait.until(FluentWait.java:231)\n\tat com.ita.edu.teachua.ui.pages.base_page.BasePage.waitUntilVisibilityOfElementLocated(BasePage.java:26)\n\tat com.ita.edu.teachua.ui.pages.header_page.LoginPopUpComponent.sendKeysEmailField(LoginPopUpComponent.java:32)\n\tat com.ita.edu.teachua.ui.pages.header_page.LoginPopUpComponent.fillLoginFields(LoginPopUpComponent.java:52)\n\tat com.ita.edu.teachua.ui.pages.header_page.HeaderPage.authorize(HeaderPage.java:42)\n\tat com.ita.edu.teachua.cucumber.steps_definitions.CannotAddLocation.logInAsКерівник(CannotAddLocation.java:25)\n\tat ✽.Log in as Керівник(file:///home/runner/work/TeachUA_TA/TeachUA_TA/src/test/resources/features/CannotAddLocation.feature:3)\n","steps":[{"name":"Authorize user with valid email admin@gmail.com and password admin","time":{"start":1664706956258,"stop":1664706966782,"duration":10524},"status":"broken","statusMessage":"Expected condition failed: waiting for visibility of element located by By.id: basic_email (tried for 5 second(s) with 500 milliseconds interval)\nBuild info: version: '4.1.1', revision: 'e8fcc2cecf'\nSystem info: host: 'fv-az152-838', ip: '10.1.1.24', os.name: 'Linux', os.arch: 'amd64', os.version: '5.15.0-1020-azure', java.version: '1.8.0_292'\nDriver info: org.openqa.selenium.chrome.ChromeDriver\nCapabilities {acceptInsecureCerts: false, browserName: chrome, browserVersion: 105.0.5195.125, chrome: {chromedriverVersion: 105.0.5195.52 (412c95e51883..., userDataDir: /tmp/.com.google.Chrome.ldKhLa}, goog:chromeOptions: {debuggerAddress: localhost:32973}, javascriptEnabled: true, networkConnectionEnabled: false, pageLoadStrategy: normal, platform: LINUX, platformName: LINUX, proxy: Proxy(), se:cdp: ws://localhost:32973/devtoo..., se:cdpVersion: 105.0.5195.125, setWindowRect: true, strictFileInteractability: false, timeouts: {implicit: 0, pageLoad: 300000, script: 30000}, unhandledPromptBehavior: dismiss and notify, webauthn:extension:credBlob: true, webauthn:extension:largeBlob: true, webauthn:virtualAuthenticators: true}\nSession ID: 0eac181fa198ec2be512d98457e9acd7","statusTrace":"org.openqa.selenium.TimeoutException: Expected condition failed: waiting for visibility of element located by By.id: basic_email (tried for 5 second(s) with 500 milliseconds interval)\nBuild info: version: '4.1.1', revision: 'e8fcc2cecf'\nSystem info: host: 'fv-az152-838', ip: '10.1.1.24', os.name: 'Linux', os.arch: 'amd64', os.version: '5.15.0-1020-azure', java.version: '1.8.0_292'\nDriver info: org.openqa.selenium.chrome.ChromeDriver\nCapabilities {acceptInsecureCerts: false, browserName: chrome, browserVersion: 105.0.5195.125, chrome: {chromedriverVersion: 105.0.5195.52 (412c95e51883..., userDataDir: /tmp/.com.google.Chrome.ldKhLa}, goog:chromeOptions: {debuggerAddress: localhost:32973}, javascriptEnabled: true, networkConnectionEnabled: false, pageLoadStrategy: normal, platform: LINUX, platformName: LINUX, proxy: Proxy(), se:cdp: ws://localhost:32973/devtoo..., se:cdpVersion: 105.0.5195.125, setWindowRect: true, strictFileInteractability: false, timeouts: {implicit: 0, pageLoad: 300000, script: 30000}, unhandledPromptBehavior: dismiss and notify, webauthn:extension:credBlob: true, webauthn:extension:largeBlob: true, webauthn:virtualAuthenticators: true}\nSession ID: 0eac181fa198ec2be512d98457e9acd7\n\tat org.openqa.selenium.support.ui.WebDriverWait.timeoutException(WebDriverWait.java:138)\n\tat org.openqa.selenium.support.ui.FluentWait.until(FluentWait.java:231)\n\tat com.ita.edu.teachua.ui.pages.base_page.BasePage.waitUntilVisibilityOfElementLocated(BasePage.java:26)\n\tat com.ita.edu.teachua.ui.pages.header_page.LoginPopUpComponent.sendKeysEmailField(LoginPopUpComponent.java:32)\n\tat com.ita.edu.teachua.ui.pages.header_page.LoginPopUpComponent.fillLoginFields(LoginPopUpComponent.java:52)\n\tat com.ita.edu.teachua.ui.pages.header_page.HeaderPage.authorize(HeaderPage.java:42)\n\tat com.ita.edu.teachua.cucumber.steps_definitions.CannotAddLocation.logInAsКерівник(CannotAddLocation.java:25)\n\tat sun.reflect.NativeMethodAccessorImpl.invoke0(Native Method)\n\tat sun.reflect.NativeMethodAccessorImpl.invoke(NativeMethodAccessorImpl.java:62)\n\tat sun.reflect.DelegatingMethodAccessorImpl.invoke(DelegatingMethodAccessorImpl.java:43)\n\tat java.lang.reflect.Method.invoke(Method.java:498)\n\tat io.cucumber.java.Invoker.doInvoke(Invoker.java:66)\n\tat io.cucumber.java.Invoker.invoke(Invoker.java:24)\n\tat io.cucumber.java.AbstractGlueDefinition.invokeMethod(AbstractGlueDefinition.java:47)\n\tat io.cucumber.java.JavaStepDefinition.execute(JavaStepDefinition.java:29)\n\tat io.cucumber.core.runner.CoreStepDefinition.execute(CoreStepDefinition.java:66)\n\tat io.cucumber.core.runner.PickleStepDefinitionMatch.runStep(PickleStepDefinitionMatch.java:63)\n\tat io.cucumber.core.runner.ExecutionMode$1.execute(ExecutionMode.java:10)\n\tat io.cucumber.core.runner.TestStep.executeStep(TestStep.java:86)\n\tat io.cucumber.core.runner.TestStep.run(TestStep.java:57)\n\tat io.cucumber.core.runner.PickleStepTestStep.run(PickleStepTestStep.java:51)\n\tat io.cucumber.core.runner.TestCase.run(TestCase.java:95)\n\tat io.cucumber.core.runner.Runner.runPickle(Runner.java:75)\n\tat io.cucumber.testng.TestNGCucumberRunner.lambda$runScenario$1(TestNGCucumberRunner.java:132)\n\tat io.cucumber.core.runtime.CucumberExecutionContext.lambda$runTestCase$3(CucumberExecutionContext.java:146)\n\tat io.cucumber.core.runtime.RethrowingThrowableCollector.executeAndThrow(RethrowingThrowableCollector.java:23)\n\tat io.cucumber.core.runtime.CucumberExecutionContext.runTestCase(CucumberExecutionContext.java:146)\n\tat io.cucumber.testng.TestNGCucumberRunner.runScenario(TestNGCucumberRunner.java:129)\n\tat com.ita.edu.teachua.cucumber.cucumberTestRunner.CucumberTestRunner.scenario(CucumberTestRunner.java:31)\n\tat sun.reflect.NativeMethodAccessorImpl.invoke0(Native Method)\n\tat sun.reflect.NativeMethodAccessorImpl.invoke(NativeMethodAccessorImpl.java:62)\n\tat sun.reflect.DelegatingMethodAccessorImpl.invoke(DelegatingMethodAccessorImpl.java:43)\n\tat java.lang.reflect.Method.invoke(Method.java:498)\n\tat org.testng.internal.MethodInvocationHelper.invokeMethod(MethodInvocationHelper.java:133)\n\tat org.testng.internal.TestInvoker.invokeMethod(TestInvoker.java:598)\n\tat org.testng.internal.TestInvoker.invokeTestMethod(TestInvoker.java:173)\n\tat org.testng.internal.MethodRunner.runInSequence(MethodRunner.java:46)\n\tat org.testng.internal.TestInvoker$MethodInvocationAgent.invoke(TestInvoker.java:824)\n\tat org.testng.internal.TestInvoker.invokeTestMethods(TestInvoker.java:146)\n\tat org.testng.internal.TestMethodWorker.invokeTestMethods(TestMethodWorker.java:146)\n\tat org.testng.internal.TestMethodWorker.run(TestMethodWorker.java:128)\n\tat java.util.ArrayList.forEach(ArrayList.java:1259)\n\tat org.testng.TestRunner.privateRun(TestRunner.java:794)\n\tat org.testng.TestRunner.run(TestRunner.java:596)\n\tat org.testng.SuiteRunner.runTest(SuiteRunner.java:377)\n\tat org.testng.SuiteRunner.access$000(SuiteRunner.java:28)\n\tat org.testng.SuiteRunner$SuiteWorker.run(SuiteRunner.java:418)\n\tat org.testng.internal.thread.ThreadUtil.lambda$execute$0(ThreadUtil.java:64)\n\tat java.util.concurrent.FutureTask.run(FutureTask.java:266)\n\tat java.util.concurrent.ThreadPoolExecutor.runWorker(ThreadPoolExecutor.java:1149)\n\tat java.util.concurrent.ThreadPoolExecutor$Worker.run(ThreadPoolExecutor.java:624)\n\tat java.lang.Thread.run(Thread.java:748)\n","steps":[{"name":"Click on guest dropdown","time":{"start":1664706956258,"stop":1664706957099,"duration":841},"status":"passed","steps":[],"attachments":[],"parameters":[],"stepsCount":0,"attachmentsCount":0,"shouldDisplayMessage":false,"hasContent":false},{"name":"Click on `Увійти` button","time":{"start":1664706957099,"stop":1664706961533,"duration":4434},"status":"passed","steps":[],"attachments":[],"parameters":[],"stepsCount":0,"attachmentsCount":0,"shouldDisplayMessage":false,"hasContent":false},{"name":"Set values 'admin@gmail.com'/'admin' for `Емейл` and `Пароль` fields","time":{"start":1664706961533,"stop":1664706966782,"duration":5249},"status":"broken","statusMessage":"Expected condition failed: waiting for visibility of element located by By.id: basic_email (tried for 5 second(s) with 500 milliseconds interval)\nBuild info: version: '4.1.1', revision: 'e8fcc2cecf'\nSystem info: host: 'fv-az152-838', ip: '10.1.1.24', os.name: 'Linux', os.arch: 'amd64', os.version: '5.15.0-1020-azure', java.version: '1.8.0_292'\nDriver info: org.openqa.selenium.chrome.ChromeDriver\nCapabilities {acceptInsecureCerts: false, browserName: chrome, browserVersion: 105.0.5195.125, chrome: {chromedriverVersion: 105.0.5195.52 (412c95e51883..., userDataDir: /tmp/.com.google.Chrome.ldKhLa}, goog:chromeOptions: {debuggerAddress: localhost:32973}, javascriptEnabled: true, networkConnectionEnabled: false, pageLoadStrategy: normal, platform: LINUX, platformName: LINUX, proxy: Proxy(), se:cdp: ws://localhost:32973/devtoo..., se:cdpVersion: 105.0.5195.125, setWindowRect: true, strictFileInteractability: false, timeouts: {implicit: 0, pageLoad: 300000, script: 30000}, unhandledPromptBehavior: dismiss and notify, webauthn:extension:credBlob: true, webauthn:extension:largeBlob: true, webauthn:virtualAuthenticators: true}\nSession ID: 0eac181fa198ec2be512d98457e9acd7","statusTrace":"org.openqa.selenium.TimeoutException: Expected condition failed: waiting for visibility of element located by By.id: basic_email (tried for 5 second(s) with 500 milliseconds interval)\nBuild info: version: '4.1.1', revision: 'e8fcc2cecf'\nSystem info: host: 'fv-az152-838', ip: '10.1.1.24', os.name: 'Linux', os.arch: 'amd64', os.version: '5.15.0-1020-azure', java.version: '1.8.0_292'\nDriver info: org.openqa.selenium.chrome.ChromeDriver\nCapabilities {acceptInsecureCerts: false, browserName: chrome, browserVersion: 105.0.5195.125, chrome: {chromedriverVersion: 105.0.5195.52 (412c95e51883..., userDataDir: /tmp/.com.google.Chrome.ldKhLa}, goog:chromeOptions: {debuggerAddress: localhost:32973}, javascriptEnabled: true, networkConnectionEnabled: false, pageLoadStrategy: normal, platform: LINUX, platformName: LINUX, proxy: Proxy(), se:cdp: ws://localhost:32973/devtoo..., se:cdpVersion: 105.0.5195.125, setWindowRect: true, strictFileInteractability: false, timeouts: {implicit: 0, pageLoad: 300000, script: 30000}, unhandledPromptBehavior: dismiss and notify, webauthn:extension:credBlob: true, webauthn:extension:largeBlob: true, webauthn:virtualAuthenticators: true}\nSession ID: 0eac181fa198ec2be512d98457e9acd7\n\tat org.openqa.selenium.support.ui.WebDriverWait.timeoutException(WebDriverWait.java:138)\n\tat org.openqa.selenium.support.ui.FluentWait.until(FluentWait.java:231)\n\tat com.ita.edu.teachua.ui.pages.base_page.BasePage.waitUntilVisibilityOfElementLocated(BasePage.java:26)\n\tat com.ita.edu.teachua.ui.pages.header_page.LoginPopUpComponent.sendKeysEmailField(LoginPopUpComponent.java:32)\n\tat com.ita.edu.teachua.ui.pages.header_page.LoginPopUpComponent.fillLoginFields(LoginPopUpComponent.java:52)\n\tat com.ita.edu.teachua.ui.pages.header_page.HeaderPage.authorize(HeaderPage.java:42)\n\tat com.ita.edu.teachua.cucumber.steps_definitions.CannotAddLocation.logInAsКерівник(CannotAddLocation.java:25)\n\tat sun.reflect.NativeMethodAccessorImpl.invoke0(Native Method)\n\tat sun.reflect.NativeMethodAccessorImpl.invoke(NativeMethodAccessorImpl.java:62)\n\tat sun.reflect.DelegatingMethodAccessorImpl.invoke(DelegatingMethodAccessorImpl.java:43)\n\tat java.lang.reflect.Method.invoke(Method.java:498)\n\tat io.cucumber.java.Invoker.doInvoke(Invoker.java:66)\n\tat io.cucumber.java.Invoker.invoke(Invoker.java:24)\n\tat io.cucumber.java.AbstractGlueDefinition.invokeMethod(AbstractGlueDefinition.java:47)\n\tat io.cucumber.java.JavaStepDefinition.execute(JavaStepDefinition.java:29)\n\tat io.cucumber.core.runner.CoreStepDefinition.execute(CoreStepDefinition.java:66)\n\tat io.cucumber.core.runner.PickleStepDefinitionMatch.runStep(PickleStepDefinitionMatch.java:63)\n\tat io.cucumber.core.runner.ExecutionMode$1.execute(ExecutionMode.java:10)\n\tat io.cucumber.core.runner.TestStep.executeStep(TestStep.java:86)\n\tat io.cucumber.core.runner.TestStep.run(TestStep.java:57)\n\tat io.cucumber.core.runner.PickleStepTestStep.run(PickleStepTestStep.java:51)\n\tat io.cucumber.core.runner.TestCase.run(TestCase.java:95)\n\tat io.cucumber.core.runner.Runner.runPickle(Runner.java:75)\n\tat io.cucumber.testng.TestNGCucumberRunner.lambda$runScenario$1(TestNGCucumberRunner.java:132)\n\tat io.cucumber.core.runtime.CucumberExecutionContext.lambda$runTestCase$3(CucumberExecutionContext.java:146)\n\tat io.cucumber.core.runtime.RethrowingThrowableCollector.executeAndThrow(RethrowingThrowableCollector.java:23)\n\tat io.cucumber.core.runtime.CucumberExecutionContext.runTestCase(CucumberExecutionContext.java:146)\n\tat io.cucumber.testng.TestNGCucumberRunner.runScenario(TestNGCucumberRunner.java:129)\n\tat com.ita.edu.teachua.cucumber.cucumberTestRunner.CucumberTestRunner.scenario(CucumberTestRunner.java:31)\n\tat sun.reflect.NativeMethodAccessorImpl.invoke0(Native Method)\n\tat sun.reflect.NativeMethodAccessorImpl.invoke(NativeMethodAccessorImpl.java:62)\n\tat sun.reflect.DelegatingMethodAccessorImpl.invoke(DelegatingMethodAccessorImpl.java:43)\n\tat java.lang.reflect.Method.invoke(Method.java:498)\n\tat org.testng.internal.MethodInvocationHelper.invokeMethod(MethodInvocationHelper.java:133)\n\tat org.testng.internal.TestInvoker.invokeMethod(TestInvoker.java:598)\n\tat org.testng.internal.TestInvoker.invokeTestMethod(TestInvoker.java:173)\n\tat org.testng.internal.MethodRunner.runInSequence(MethodRunner.java:46)\n\tat org.testng.internal.TestInvoker$MethodInvocationAgent.invoke(TestInvoker.java:824)\n\tat org.testng.internal.TestInvoker.invokeTestMethods(TestInvoker.java:146)\n\tat org.testng.internal.TestMethodWorker.invokeTestMethods(TestMethodWorker.java:146)\n\tat org.testng.internal.TestMethodWorker.run(TestMethodWorker.java:128)\n\tat java.util.ArrayList.forEach(ArrayList.java:1259)\n\tat org.testng.TestRunner.privateRun(TestRunner.java:794)\n\tat org.testng.TestRunner.run(TestRunner.java:596)\n\tat org.testng.SuiteRunner.runTest(SuiteRunner.java:377)\n\tat org.testng.SuiteRunner.access$000(SuiteRunner.java:28)\n\tat org.testng.SuiteRunner$SuiteWorker.run(SuiteRunner.java:418)\n\tat org.testng.internal.thread.ThreadUtil.lambda$execute$0(ThreadUtil.java:64)\n\tat java.util.concurrent.FutureTask.run(FutureTask.java:266)\n\tat java.util.concurrent.ThreadPoolExecutor.runWorker(ThreadPoolExecutor.java:1149)\n\tat java.util.concurrent.ThreadPoolExecutor$Worker.run(ThreadPoolExecutor.java:624)\n\tat java.lang.Thread.run(Thread.java:748)\n","steps":[],"attachments":[],"parameters":[{"name":"email","value":"admin@gmail.com"},{"name":"password","value":"admin"}],"stepsCount":0,"attachmentsCount":0,"shouldDisplayMessage":true,"hasContent":true}],"attachments":[],"parameters":[{"name":"email","value":"admin@gmail.com"},{"name":"password","value":"admin"}],"stepsCount":3,"attachmentsCount":0,"shouldDisplayMessage":false,"hasContent":true}],"attachments":[],"parameters":[],"stepsCount":4,"attachmentsCount":0,"shouldDisplayMessage":false,"hasContent":true},"afterStages":[{"name":"tearDownClass","time":{"start":1664707043406,"stop":1664707043431,"duration":25},"description":"","status":"passed","steps":[],"attachments":[],"parameters":[],"stepsCount":0,"attachmentsCount":0,"shouldDisplayMessage":false,"hasContent":false}],"labels":[{"name":"package","value":"com.ita.edu.teachua.cucumber.cucumberTestRunner.CucumberTestRunner"},{"name":"testClass","value":"com.ita.edu.teachua.cucumber.cucumberTestRunner.CucumberTestRunner"},{"name":"testMethod","value":"scenario"},{"name":"parentSuite","value":"Test Suite"},{"name":"suite","value":"BDD Tests"},{"name":"subSuite","value":"com.ita.edu.teachua.cucumber.cucumberTestRunner.CucumberTestRunner"},{"name":"host","value":"fv-az152-838"},{"name":"thread","value":"2345@fv-az152-838.TestNG-tests-1(13)"},{"name":"framework","value":"testng"},{"name":"language","value":"java"},{"name":"resultFormat","value":"allure2"}],"parameters":[{"name":"arg0","value":"\"This test case verifies that a 'Керівник' cannot add a location to the list of locations after leaving all mandatory and optional fields empty.\""},{"name":"arg1","value":"\"Optional[Verify that a 'Керівник' can add a location of a club]\""}],"links":[],"hidden":false,"retry":false,"extra":{"severity":"normal","retries":[],"categories":[{"name":"Test defects","matchedStatuses":[],"flaky":false}],"history":{"statistic":{"failed":0,"broken":13,"skipped":0,"passed":65,"unknown":0,"total":78},"items":[{"uid":"c584730e39407ab0","reportUrl":"https://ita-social-projects.github.io/TeachUA_TA/111//#testresult/c584730e39407ab0","status":"passed","time":{"start":1645527129814,"stop":1645527140759,"duration":10945}},{"uid":"43195d3e3fe33329","reportUrl":"https://ita-social-projects.github.io/TeachUA_TA/110//#testresult/43195d3e3fe33329","status":"broken","statusDetails":"element not interactable\n  (Session info: chrome=97.0.4692.99)\nBuild info: version: '4.1.1', revision: 'e8fcc2cecf'\nSystem info: host: 'fv-az136-507', ip: '10.1.0.21', os.name: 'Linux', os.arch: 'amd64', os.version: '5.11.0-1027-azure', java.version: '1.8.0_292'\nDriver info: org.openqa.selenium.chrome.ChromeDriver\nCommand: [5462b2857d40bed3ff221426ca160381, clickElement {id=d4f8a3d8-9051-4b1c-bff2-2776affa2cb5}]\nCapabilities {acceptInsecureCerts: false, browserName: chrome, browserVersion: 97.0.4692.99, chrome: {chromedriverVersion: 97.0.4692.71 (adefa7837d02a..., userDataDir: /tmp/.com.google.Chrome.4nTuBj}, goog:chromeOptions: {debuggerAddress: localhost:41241}, javascriptEnabled: true, networkConnectionEnabled: false, pageLoadStrategy: normal, platform: LINUX, platformName: LINUX, proxy: Proxy(), se:cdp: ws://localhost:41241/devtoo..., se:cdpVersion: 97.0.4692.99, setWindowRect: true, strictFileInteractability: false, timeouts: {implicit: 0, pageLoad: 300000, script: 30000}, unhandledPromptBehavior: dismiss and notify, webauthn:extension:credBlob: true, webauthn:extension:largeBlob: true, webauthn:virtualAuthenticators: true}\nElement: [[ChromeDriver: chrome on LINUX (5462b2857d40bed3ff221426ca160381)] -> xpath: //span/div[contains(text(),'Додати центр')]]\nSession ID: 5462b2857d40bed3ff221426ca160381","time":{"start":1643311461068,"stop":1643311483030,"duration":21962}},{"uid":"c7dfe8206edfad43","reportUrl":"https://ita-social-projects.github.io/TeachUA_TA/109//#testresult/c7dfe8206edfad43","status":"broken","statusDetails":"element not interactable\n  (Session info: chrome=97.0.4692.99)\nBuild info: version: '4.1.1', revision: 'e8fcc2cecf'\nSystem info: host: 'fv-az75-457', ip: '10.1.0.248', os.name: 'Linux', os.arch: 'amd64', os.version: '5.11.0-1027-azure', java.version: '1.8.0_292'\nDriver info: org.openqa.selenium.chrome.ChromeDriver\nCommand: [28250774033ce3b858fd1e0491bc8574, clickElement {id=79d21c41-343c-44aa-8d9d-bb941260e393}]\nCapabilities {acceptInsecureCerts: false, browserName: chrome, browserVersion: 97.0.4692.99, chrome: {chromedriverVersion: 97.0.4692.71 (adefa7837d02a..., userDataDir: /tmp/.com.google.Chrome.xc6F0L}, goog:chromeOptions: {debuggerAddress: localhost:35375}, javascriptEnabled: true, networkConnectionEnabled: false, pageLoadStrategy: normal, platform: LINUX, platformName: LINUX, proxy: Proxy(), se:cdp: ws://localhost:35375/devtoo..., se:cdpVersion: 97.0.4692.99, setWindowRect: true, strictFileInteractability: false, timeouts: {implicit: 0, pageLoad: 300000, script: 30000}, unhandledPromptBehavior: dismiss and notify, webauthn:extension:credBlob: true, webauthn:extension:largeBlob: true, webauthn:virtualAuthenticators: true}\nElement: [[ChromeDriver: chrome on LINUX (28250774033ce3b858fd1e0491bc8574)] -> xpath: //span/div[contains(text(),'Додати центр')]]\nSession ID: 28250774033ce3b858fd1e0491bc8574","time":{"start":1643309967009,"stop":1643309987948,"duration":20939}},{"uid":"f109185061ddaf44","reportUrl":"https://ita-social-projects.github.io/TeachUA_TA/108//#testresult/f109185061ddaf44","status":"passed","time":{"start":1643308210636,"stop":1643308223783,"duration":13147}},{"uid":"78615b52af626864","reportUrl":"https://ita-social-projects.github.io/TeachUA_TA/108//#testresult/78615b52af626864","status":"passed","time":{"start":1643306397021,"stop":1643306408979,"duration":11958}},{"uid":"8807c6c994bca917","reportUrl":"https://ita-social-projects.github.io/TeachUA_TA/108//#testresult/8807c6c994bca917","status":"passed","time":{"start":1643303524037,"stop":1643303536667,"duration":12630}},{"uid":"fb4c93091b4c1514","reportUrl":"https://ita-social-projects.github.io/TeachUA_TA/107//#testresult/fb4c93091b4c1514","status":"passed","time":{"start":1643301253072,"stop":1643301266660,"duration":13588}},{"uid":"33dc6e5cb31d23b2","reportUrl":"https://ita-social-projects.github.io/TeachUA_TA/106//#testresult/33dc6e5cb31d23b2","status":"passed","time":{"start":1643295804242,"stop":1643295818968,"duration":14726}},{"uid":"77969a697237151d","reportUrl":"https://ita-social-projects.github.io/TeachUA_TA/105//#testresult/77969a697237151d","status":"passed","time":{"start":1643291866113,"stop":1643291880461,"duration":14348}},{"uid":"ea728c69521b5c2f","reportUrl":"https://ita-social-projects.github.io/TeachUA_TA/104//#testresult/ea728c69521b5c2f","status":"passed","time":{"start":1643291805118,"stop":1643291818749,"duration":13631}},{"uid":"79a1d7ef013addca","reportUrl":"https://ita-social-projects.github.io/TeachUA_TA/103//#testresult/79a1d7ef013addca","status":"passed","time":{"start":1643286976473,"stop":1643286991109,"duration":14636}},{"uid":"75eca6b8eb11da87","reportUrl":"https://ita-social-projects.github.io/TeachUA_TA/102//#testresult/75eca6b8eb11da87","status":"passed","time":{"start":1643286923274,"stop":1643286935006,"duration":11732}},{"uid":"d97beba71650c282","reportUrl":"https://ita-social-projects.github.io/TeachUA_TA/101//#testresult/d97beba71650c282","status":"passed","time":{"start":1643284602649,"stop":1643284615669,"duration":13020}},{"uid":"df69c82aac596939","reportUrl":"https://ita-social-projects.github.io/TeachUA_TA/101//#testresult/df69c82aac596939","status":"broken","statusDetails":"Expected condition failed: waiting for element to be clickable: By.xpath: //div[contains(text(),'Увійти')] (tried for 5 second(s) with 500 milliseconds interval)\nBuild info: version: '4.1.0', revision: '87802e897b'\nSystem info: host: 'fv-az91-43', ip: '10.1.0.15', os.name: 'Linux', os.arch: 'amd64', os.version: '5.11.0-1027-azure', java.version: '1.8.0_292'\nDriver info: org.openqa.selenium.chrome.ChromeDriver\nCapabilities {acceptInsecureCerts: false, browserName: chrome, browserVersion: 97.0.4692.99, chrome: {chromedriverVersion: 97.0.4692.71 (adefa7837d02a..., userDataDir: /tmp/.com.google.Chrome.q6LExm}, goog:chromeOptions: {debuggerAddress: localhost:34521}, javascriptEnabled: true, networkConnectionEnabled: false, pageLoadStrategy: normal, platform: LINUX, platformName: LINUX, proxy: Proxy(), se:cdp: ws://localhost:34521/devtoo..., se:cdpVersion: 97.0.4692.99, setWindowRect: true, strictFileInteractability: false, timeouts: {implicit: 0, pageLoad: 300000, script: 30000}, unhandledPromptBehavior: dismiss and notify, webauthn:extension:credBlob: true, webauthn:extension:largeBlob: true, webauthn:virtualAuthenticators: true}\nSession ID: 0e15089a8c27d9df0e86f124ffa1fb52","time":{"start":1643279132340,"stop":1643279142875,"duration":10535}},{"uid":"40a43d930e2a3f87","reportUrl":"https://ita-social-projects.github.io/TeachUA_TA/101//#testresult/40a43d930e2a3f87","status":"passed","time":{"start":1643277181064,"stop":1643277193692,"duration":12628}},{"uid":"80a77103cf334f99","reportUrl":"https://ita-social-projects.github.io/TeachUA_TA/100//#testresult/80a77103cf334f99","status":"passed","time":{"start":1643227434893,"stop":1643227447972,"duration":13079}},{"uid":"64e719ddfbeebbb8","reportUrl":"https://ita-social-projects.github.io/TeachUA_TA/98//#testresult/64e719ddfbeebbb8","status":"passed","time":{"start":1643211757267,"stop":1643211771151,"duration":13884}},{"uid":"5b9442b924987223","reportUrl":"https://ita-social-projects.github.io/TeachUA_TA/97//#testresult/5b9442b924987223","status":"passed","time":{"start":1643188709255,"stop":1643188722368,"duration":13113}},{"uid":"bc9516133cf2d71f","reportUrl":"https://ita-social-projects.github.io/TeachUA_TA/96//#testresult/bc9516133cf2d71f","status":"passed","time":{"start":1643188655730,"stop":1643188668902,"duration":13172}},{"uid":"cbf36e5e2b0fd4bc","reportUrl":"https://ita-social-projects.github.io/TeachUA_TA/95//#testresult/cbf36e5e2b0fd4bc","status":"passed","time":{"start":1643188581263,"stop":1643188595473,"duration":14210}}]},"tags":[]},"source":"2430ea0caa02fe7a.json","parameterValues":["\"This test case verifies that a 'Керівник' cannot add a location to the list of locations after leaving all mandatory and optional fields empty.\"","\"Optional[Verify that a 'Керівник' can add a location of a club]\""]}