{"uid":"53b78333827a9964","name":"TUA-173","fullName":"com.ita.edu.teachua.ui.tests.OwnerProfileTest.checkDescriptionFieldWithValidLettersAndSymbols","historyId":"b7ac9b53f5d9b6f4eed1873f046f8de3","time":{"start":1664708118719,"stop":1664708135387,"duration":16668},"description":"TUA-173 Verify that the ‘Опис’ text field is filled in with valid data","descriptionHtml":"<p>TUA-173 Verify that the ‘Опис’ text field is filled in with valid data</p>\n","status":"broken","statusMessage":"Expected condition failed: waiting for element to be clickable: By.xpath: //span/a[contains(text(),'Мій Профіль')] (tried for 5 second(s) with 500 milliseconds interval)\nBuild info: version: '4.1.1', revision: 'e8fcc2cecf'\nSystem info: host: 'fv-az152-838', ip: '10.1.1.24', os.name: 'Linux', os.arch: 'amd64', os.version: '5.15.0-1020-azure', java.version: '1.8.0_292'\nDriver info: org.openqa.selenium.chrome.ChromeDriver\nCapabilities {acceptInsecureCerts: false, browserName: chrome, browserVersion: 105.0.5195.125, chrome: {chromedriverVersion: 105.0.5195.52 (412c95e51883..., userDataDir: /tmp/.com.google.Chrome.KXu3c0}, goog:chromeOptions: {debuggerAddress: localhost:42909}, javascriptEnabled: true, networkConnectionEnabled: false, pageLoadStrategy: normal, platform: LINUX, platformName: LINUX, proxy: Proxy(), se:cdp: ws://localhost:42909/devtoo..., se:cdpVersion: 105.0.5195.125, setWindowRect: true, strictFileInteractability: false, timeouts: {implicit: 0, pageLoad: 300000, script: 30000}, unhandledPromptBehavior: dismiss and notify, webauthn:extension:credBlob: true, webauthn:extension:largeBlob: true, webauthn:virtualAuthenticators: true}\nSession ID: 90831e86783d644c90da9efcab1dc504","statusTrace":"org.openqa.selenium.TimeoutException: Expected condition failed: waiting for element to be clickable: By.xpath: //span/a[contains(text(),'Мій Профіль')] (tried for 5 second(s) with 500 milliseconds interval)\nBuild info: version: '4.1.1', revision: 'e8fcc2cecf'\nSystem info: host: 'fv-az152-838', ip: '10.1.1.24', os.name: 'Linux', os.arch: 'amd64', os.version: '5.15.0-1020-azure', java.version: '1.8.0_292'\nDriver info: org.openqa.selenium.chrome.ChromeDriver\nCapabilities {acceptInsecureCerts: false, browserName: chrome, browserVersion: 105.0.5195.125, chrome: {chromedriverVersion: 105.0.5195.52 (412c95e51883..., userDataDir: /tmp/.com.google.Chrome.KXu3c0}, goog:chromeOptions: {debuggerAddress: localhost:42909}, javascriptEnabled: true, networkConnectionEnabled: false, pageLoadStrategy: normal, platform: LINUX, platformName: LINUX, proxy: Proxy(), se:cdp: ws://localhost:42909/devtoo..., se:cdpVersion: 105.0.5195.125, setWindowRect: true, strictFileInteractability: false, timeouts: {implicit: 0, pageLoad: 300000, script: 30000}, unhandledPromptBehavior: dismiss and notify, webauthn:extension:credBlob: true, webauthn:extension:largeBlob: true, webauthn:virtualAuthenticators: true}\nSession ID: 90831e86783d644c90da9efcab1dc504\n\tat org.openqa.selenium.support.ui.WebDriverWait.timeoutException(WebDriverWait.java:138)\n\tat org.openqa.selenium.support.ui.FluentWait.until(FluentWait.java:231)\n\tat com.ita.edu.teachua.ui.pages.base_page.BasePage.waitUntilElementToBeClickable(BasePage.java:43)\n\tat com.ita.edu.teachua.ui.pages.header_page.OwnerDropdownComponent.clickOnProfile(OwnerDropdownComponent.java:36)\n\tat com.ita.edu.teachua.ui.tests.OwnerProfileTest.checkDescriptionFieldWithValidLettersAndSymbols(OwnerProfileTest.java:589)\n\tat sun.reflect.NativeMethodAccessorImpl.invoke0(Native Method)\n\tat sun.reflect.NativeMethodAccessorImpl.invoke(NativeMethodAccessorImpl.java:62)\n\tat sun.reflect.DelegatingMethodAccessorImpl.invoke(DelegatingMethodAccessorImpl.java:43)\n\tat java.lang.reflect.Method.invoke(Method.java:498)\n\tat org.testng.internal.MethodInvocationHelper.invokeMethod(MethodInvocationHelper.java:133)\n\tat org.testng.internal.TestInvoker.invokeMethod(TestInvoker.java:598)\n\tat org.testng.internal.TestInvoker.invokeTestMethod(TestInvoker.java:173)\n\tat org.testng.internal.MethodRunner.runInSequence(MethodRunner.java:46)\n\tat org.testng.internal.TestInvoker$MethodInvocationAgent.invoke(TestInvoker.java:824)\n\tat org.testng.internal.TestInvoker.invokeTestMethods(TestInvoker.java:146)\n\tat org.testng.internal.TestMethodWorker.invokeTestMethods(TestMethodWorker.java:146)\n\tat org.testng.internal.TestMethodWorker.run(TestMethodWorker.java:128)\n\tat java.util.ArrayList.forEach(ArrayList.java:1259)\n\tat org.testng.TestRunner.privateRun(TestRunner.java:794)\n\tat org.testng.TestRunner.run(TestRunner.java:596)\n\tat org.testng.SuiteRunner.runTest(SuiteRunner.java:377)\n\tat org.testng.SuiteRunner.access$000(SuiteRunner.java:28)\n\tat org.testng.SuiteRunner$SuiteWorker.run(SuiteRunner.java:418)\n\tat org.testng.internal.thread.ThreadUtil.lambda$execute$0(ThreadUtil.java:64)\n\tat java.util.concurrent.FutureTask.run(FutureTask.java:266)\n\tat java.util.concurrent.ThreadPoolExecutor.runWorker(ThreadPoolExecutor.java:1149)\n\tat java.util.concurrent.ThreadPoolExecutor$Worker.run(ThreadPoolExecutor.java:624)\n\tat java.lang.Thread.run(Thread.java:748)\n","flaky":false,"newFailed":false,"newBroken":true,"newPassed":false,"retriesCount":0,"retriesStatusChange":false,"beforeStages":[{"name":"beforeSuite","time":{"start":1664706835737,"stop":1664706835745,"duration":8},"description":"","status":"passed","steps":[],"attachments":[],"parameters":[],"stepsCount":0,"attachmentsCount":0,"shouldDisplayMessage":false,"hasContent":false},{"name":"beforeSuite","time":{"start":1664706835746,"stop":1664706837344,"duration":1598},"description":"","status":"passed","steps":[],"attachments":[],"parameters":[],"stepsCount":0,"attachmentsCount":0,"shouldDisplayMessage":false,"hasContent":false},{"name":"beforeSuite","time":{"start":1664706837345,"stop":1664706837345,"duration":0},"description":"","status":"passed","steps":[],"attachments":[],"parameters":[],"stepsCount":0,"attachmentsCount":0,"shouldDisplayMessage":false,"hasContent":false},{"name":"beforeSuite","time":{"start":1664706837345,"stop":1664706837346,"duration":1},"description":"","status":"passed","steps":[],"attachments":[],"parameters":[],"stepsCount":0,"attachmentsCount":0,"shouldDisplayMessage":false,"hasContent":false},{"name":"beforeSuite","time":{"start":1664706837346,"stop":1664706837346,"duration":0},"description":"","status":"passed","steps":[],"attachments":[],"parameters":[],"stepsCount":0,"attachmentsCount":0,"shouldDisplayMessage":false,"hasContent":false},{"name":"beforeMethod","time":{"start":1664708114654,"stop":1664708118717,"duration":4063},"description":"","status":"passed","steps":[],"attachments":[],"parameters":[],"stepsCount":0,"attachmentsCount":0,"shouldDisplayMessage":false,"hasContent":false}],"testStage":{"description":"TUA-173 Verify that the ‘Опис’ text field is filled in with valid data","status":"broken","statusMessage":"Expected condition failed: waiting for element to be clickable: By.xpath: //span/a[contains(text(),'Мій Профіль')] (tried for 5 second(s) with 500 milliseconds interval)\nBuild info: version: '4.1.1', revision: 'e8fcc2cecf'\nSystem info: host: 'fv-az152-838', ip: '10.1.1.24', os.name: 'Linux', os.arch: 'amd64', os.version: '5.15.0-1020-azure', java.version: '1.8.0_292'\nDriver info: org.openqa.selenium.chrome.ChromeDriver\nCapabilities {acceptInsecureCerts: false, browserName: chrome, browserVersion: 105.0.5195.125, chrome: {chromedriverVersion: 105.0.5195.52 (412c95e51883..., userDataDir: /tmp/.com.google.Chrome.KXu3c0}, goog:chromeOptions: {debuggerAddress: localhost:42909}, javascriptEnabled: true, networkConnectionEnabled: false, pageLoadStrategy: normal, platform: LINUX, platformName: LINUX, proxy: Proxy(), se:cdp: ws://localhost:42909/devtoo..., se:cdpVersion: 105.0.5195.125, setWindowRect: true, strictFileInteractability: false, timeouts: {implicit: 0, pageLoad: 300000, script: 30000}, unhandledPromptBehavior: dismiss and notify, webauthn:extension:credBlob: true, webauthn:extension:largeBlob: true, webauthn:virtualAuthenticators: true}\nSession ID: 90831e86783d644c90da9efcab1dc504","statusTrace":"org.openqa.selenium.TimeoutException: Expected condition failed: waiting for element to be clickable: By.xpath: //span/a[contains(text(),'Мій Профіль')] (tried for 5 second(s) with 500 milliseconds interval)\nBuild info: version: '4.1.1', revision: 'e8fcc2cecf'\nSystem info: host: 'fv-az152-838', ip: '10.1.1.24', os.name: 'Linux', os.arch: 'amd64', os.version: '5.15.0-1020-azure', java.version: '1.8.0_292'\nDriver info: org.openqa.selenium.chrome.ChromeDriver\nCapabilities {acceptInsecureCerts: false, browserName: chrome, browserVersion: 105.0.5195.125, chrome: {chromedriverVersion: 105.0.5195.52 (412c95e51883..., userDataDir: /tmp/.com.google.Chrome.KXu3c0}, goog:chromeOptions: {debuggerAddress: localhost:42909}, javascriptEnabled: true, networkConnectionEnabled: false, pageLoadStrategy: normal, platform: LINUX, platformName: LINUX, proxy: Proxy(), se:cdp: ws://localhost:42909/devtoo..., se:cdpVersion: 105.0.5195.125, setWindowRect: true, strictFileInteractability: false, timeouts: {implicit: 0, pageLoad: 300000, script: 30000}, unhandledPromptBehavior: dismiss and notify, webauthn:extension:credBlob: true, webauthn:extension:largeBlob: true, webauthn:virtualAuthenticators: true}\nSession ID: 90831e86783d644c90da9efcab1dc504\n\tat org.openqa.selenium.support.ui.WebDriverWait.timeoutException(WebDriverWait.java:138)\n\tat org.openqa.selenium.support.ui.FluentWait.until(FluentWait.java:231)\n\tat com.ita.edu.teachua.ui.pages.base_page.BasePage.waitUntilElementToBeClickable(BasePage.java:43)\n\tat com.ita.edu.teachua.ui.pages.header_page.OwnerDropdownComponent.clickOnProfile(OwnerDropdownComponent.java:36)\n\tat com.ita.edu.teachua.ui.tests.OwnerProfileTest.checkDescriptionFieldWithValidLettersAndSymbols(OwnerProfileTest.java:589)\n\tat sun.reflect.NativeMethodAccessorImpl.invoke0(Native Method)\n\tat sun.reflect.NativeMethodAccessorImpl.invoke(NativeMethodAccessorImpl.java:62)\n\tat sun.reflect.DelegatingMethodAccessorImpl.invoke(DelegatingMethodAccessorImpl.java:43)\n\tat java.lang.reflect.Method.invoke(Method.java:498)\n\tat org.testng.internal.MethodInvocationHelper.invokeMethod(MethodInvocationHelper.java:133)\n\tat org.testng.internal.TestInvoker.invokeMethod(TestInvoker.java:598)\n\tat org.testng.internal.TestInvoker.invokeTestMethod(TestInvoker.java:173)\n\tat org.testng.internal.MethodRunner.runInSequence(MethodRunner.java:46)\n\tat org.testng.internal.TestInvoker$MethodInvocationAgent.invoke(TestInvoker.java:824)\n\tat org.testng.internal.TestInvoker.invokeTestMethods(TestInvoker.java:146)\n\tat org.testng.internal.TestMethodWorker.invokeTestMethods(TestMethodWorker.java:146)\n\tat org.testng.internal.TestMethodWorker.run(TestMethodWorker.java:128)\n\tat java.util.ArrayList.forEach(ArrayList.java:1259)\n\tat org.testng.TestRunner.privateRun(TestRunner.java:794)\n\tat org.testng.TestRunner.run(TestRunner.java:596)\n\tat org.testng.SuiteRunner.runTest(SuiteRunner.java:377)\n\tat org.testng.SuiteRunner.access$000(SuiteRunner.java:28)\n\tat org.testng.SuiteRunner$SuiteWorker.run(SuiteRunner.java:418)\n\tat org.testng.internal.thread.ThreadUtil.lambda$execute$0(ThreadUtil.java:64)\n\tat java.util.concurrent.FutureTask.run(FutureTask.java:266)\n\tat java.util.concurrent.ThreadPoolExecutor.runWorker(ThreadPoolExecutor.java:1149)\n\tat java.util.concurrent.ThreadPoolExecutor$Worker.run(ThreadPoolExecutor.java:624)\n\tat java.lang.Thread.run(Thread.java:748)\n","steps":[{"name":"Authorize user with valid email admin@gmail.com and password admin","time":{"start":1664708118719,"stop":1664708121996,"duration":3277},"status":"passed","steps":[{"name":"Click on guest dropdown","time":{"start":1664708118719,"stop":1664708119025,"duration":306},"status":"passed","steps":[],"attachments":[],"parameters":[],"stepsCount":0,"attachmentsCount":0,"shouldDisplayMessage":false,"hasContent":false},{"name":"Click on `Увійти` button","time":{"start":1664708119025,"stop":1664708119132,"duration":107},"status":"passed","steps":[],"attachments":[],"parameters":[],"stepsCount":0,"attachmentsCount":0,"shouldDisplayMessage":false,"hasContent":false},{"name":"Set values 'admin@gmail.com'/'admin' for `Емейл` and `Пароль` fields","time":{"start":1664708119132,"stop":1664708121996,"duration":2864},"status":"passed","steps":[{"name":"Fill in Password field: 'admin'","time":{"start":1664708119845,"stop":1664708119941,"duration":96},"status":"passed","steps":[],"attachments":[],"parameters":[{"name":"passwordValue","value":"admin"}],"stepsCount":0,"attachmentsCount":0,"shouldDisplayMessage":false,"hasContent":true},{"name":"Click on Submit button","time":{"start":1664708119941,"stop":1664708121995,"duration":2054},"status":"passed","steps":[],"attachments":[],"parameters":[],"stepsCount":0,"attachmentsCount":0,"shouldDisplayMessage":false,"hasContent":false}],"attachments":[],"parameters":[{"name":"email","value":"admin@gmail.com"},{"name":"password","value":"admin"}],"stepsCount":2,"attachmentsCount":0,"shouldDisplayMessage":false,"hasContent":true}],"attachments":[],"parameters":[{"name":"email","value":"admin@gmail.com"},{"name":"password","value":"admin"}],"stepsCount":5,"attachmentsCount":0,"shouldDisplayMessage":false,"hasContent":true},{"name":"Click on dropdown for authorized user in top right corner of header","time":{"start":1664708121996,"stop":1664708122050,"duration":54},"status":"passed","steps":[],"attachments":[],"parameters":[],"stepsCount":0,"attachmentsCount":0,"shouldDisplayMessage":false,"hasContent":false},{"name":"Click on 'Мій профіль' button in dropdown for authorized users","time":{"start":1664708122050,"stop":1664708135066,"duration":13016},"status":"broken","statusMessage":"Expected condition failed: waiting for element to be clickable: By.xpath: //span/a[contains(text(),'Мій Профіль')] (tried for 5 second(s) with 500 milliseconds interval)\nBuild info: version: '4.1.1', revision: 'e8fcc2cecf'\nSystem info: host: 'fv-az152-838', ip: '10.1.1.24', os.name: 'Linux', os.arch: 'amd64', os.version: '5.15.0-1020-azure', java.version: '1.8.0_292'\nDriver info: org.openqa.selenium.chrome.ChromeDriver\nCapabilities {acceptInsecureCerts: false, browserName: chrome, browserVersion: 105.0.5195.125, chrome: {chromedriverVersion: 105.0.5195.52 (412c95e51883..., userDataDir: /tmp/.com.google.Chrome.KXu3c0}, goog:chromeOptions: {debuggerAddress: localhost:42909}, javascriptEnabled: true, networkConnectionEnabled: false, pageLoadStrategy: normal, platform: LINUX, platformName: LINUX, proxy: Proxy(), se:cdp: ws://localhost:42909/devtoo..., se:cdpVersion: 105.0.5195.125, setWindowRect: true, strictFileInteractability: false, timeouts: {implicit: 0, pageLoad: 300000, script: 30000}, unhandledPromptBehavior: dismiss and notify, webauthn:extension:credBlob: true, webauthn:extension:largeBlob: true, webauthn:virtualAuthenticators: true}\nSession ID: 90831e86783d644c90da9efcab1dc504","statusTrace":"org.openqa.selenium.TimeoutException: Expected condition failed: waiting for element to be clickable: By.xpath: //span/a[contains(text(),'Мій Профіль')] (tried for 5 second(s) with 500 milliseconds interval)\nBuild info: version: '4.1.1', revision: 'e8fcc2cecf'\nSystem info: host: 'fv-az152-838', ip: '10.1.1.24', os.name: 'Linux', os.arch: 'amd64', os.version: '5.15.0-1020-azure', java.version: '1.8.0_292'\nDriver info: org.openqa.selenium.chrome.ChromeDriver\nCapabilities {acceptInsecureCerts: false, browserName: chrome, browserVersion: 105.0.5195.125, chrome: {chromedriverVersion: 105.0.5195.52 (412c95e51883..., userDataDir: /tmp/.com.google.Chrome.KXu3c0}, goog:chromeOptions: {debuggerAddress: localhost:42909}, javascriptEnabled: true, networkConnectionEnabled: false, pageLoadStrategy: normal, platform: LINUX, platformName: LINUX, proxy: Proxy(), se:cdp: ws://localhost:42909/devtoo..., se:cdpVersion: 105.0.5195.125, setWindowRect: true, strictFileInteractability: false, timeouts: {implicit: 0, pageLoad: 300000, script: 30000}, unhandledPromptBehavior: dismiss and notify, webauthn:extension:credBlob: true, webauthn:extension:largeBlob: true, webauthn:virtualAuthenticators: true}\nSession ID: 90831e86783d644c90da9efcab1dc504\n\tat org.openqa.selenium.support.ui.WebDriverWait.timeoutException(WebDriverWait.java:138)\n\tat org.openqa.selenium.support.ui.FluentWait.until(FluentWait.java:231)\n\tat com.ita.edu.teachua.ui.pages.base_page.BasePage.waitUntilElementToBeClickable(BasePage.java:43)\n\tat com.ita.edu.teachua.ui.pages.header_page.OwnerDropdownComponent.clickOnProfile(OwnerDropdownComponent.java:36)\n\tat com.ita.edu.teachua.ui.tests.OwnerProfileTest.checkDescriptionFieldWithValidLettersAndSymbols(OwnerProfileTest.java:589)\n\tat sun.reflect.NativeMethodAccessorImpl.invoke0(Native Method)\n\tat sun.reflect.NativeMethodAccessorImpl.invoke(NativeMethodAccessorImpl.java:62)\n\tat sun.reflect.DelegatingMethodAccessorImpl.invoke(DelegatingMethodAccessorImpl.java:43)\n\tat java.lang.reflect.Method.invoke(Method.java:498)\n\tat org.testng.internal.MethodInvocationHelper.invokeMethod(MethodInvocationHelper.java:133)\n\tat org.testng.internal.TestInvoker.invokeMethod(TestInvoker.java:598)\n\tat org.testng.internal.TestInvoker.invokeTestMethod(TestInvoker.java:173)\n\tat org.testng.internal.MethodRunner.runInSequence(MethodRunner.java:46)\n\tat org.testng.internal.TestInvoker$MethodInvocationAgent.invoke(TestInvoker.java:824)\n\tat org.testng.internal.TestInvoker.invokeTestMethods(TestInvoker.java:146)\n\tat org.testng.internal.TestMethodWorker.invokeTestMethods(TestMethodWorker.java:146)\n\tat org.testng.internal.TestMethodWorker.run(TestMethodWorker.java:128)\n\tat java.util.ArrayList.forEach(ArrayList.java:1259)\n\tat org.testng.TestRunner.privateRun(TestRunner.java:794)\n\tat org.testng.TestRunner.run(TestRunner.java:596)\n\tat org.testng.SuiteRunner.runTest(SuiteRunner.java:377)\n\tat org.testng.SuiteRunner.access$000(SuiteRunner.java:28)\n\tat org.testng.SuiteRunner$SuiteWorker.run(SuiteRunner.java:418)\n\tat org.testng.internal.thread.ThreadUtil.lambda$execute$0(ThreadUtil.java:64)\n\tat java.util.concurrent.FutureTask.run(FutureTask.java:266)\n\tat java.util.concurrent.ThreadPoolExecutor.runWorker(ThreadPoolExecutor.java:1149)\n\tat java.util.concurrent.ThreadPoolExecutor$Worker.run(ThreadPoolExecutor.java:624)\n\tat java.lang.Thread.run(Thread.java:748)\n","steps":[],"attachments":[],"parameters":[],"stepsCount":0,"attachmentsCount":0,"shouldDisplayMessage":true,"hasContent":true}],"attachments":[{"uid":"de009135cd61bf3a","name":"Logs for thread 14","source":"de009135cd61bf3a.log","type":"text/plain","size":4},{"uid":"3e94b109a90b07b6","name":"Page screenshot","source":"3e94b109a90b07b6.png","type":"image/png","size":584895}],"parameters":[],"stepsCount":8,"attachmentsCount":2,"shouldDisplayMessage":false,"hasContent":true},"afterStages":[{"name":"afterMethod","time":{"start":1664708135387,"stop":1664708135490,"duration":103},"description":"","status":"passed","steps":[],"attachments":[],"parameters":[],"stepsCount":0,"attachmentsCount":0,"shouldDisplayMessage":false,"hasContent":false}],"labels":[{"name":"package","value":"com.ita.edu.teachua.ui.tests.OwnerProfileTest"},{"name":"testClass","value":"com.ita.edu.teachua.ui.tests.OwnerProfileTest"},{"name":"testMethod","value":"checkDescriptionFieldWithValidLettersAndSymbols"},{"name":"parentSuite","value":"Test Suite"},{"name":"suite","value":"UI Tests"},{"name":"subSuite","value":"com.ita.edu.teachua.ui.tests.OwnerProfileTest"},{"name":"host","value":"fv-az152-838"},{"name":"thread","value":"2345@fv-az152-838.TestNG-tests-2(14)"},{"name":"framework","value":"testng"},{"name":"language","value":"java"},{"name":"severity","value":"critical"},{"name":"resultFormat","value":"allure2"}],"parameters":[{"name":"arg0","value":"[Education, students, Школа балетуee and so , 12345678901234567890123456789012345678656, !#$%&'()*+,-./:;<=>?@[]^_`{}~^&^%%^&***#]"}],"links":[{"name":"TUA-173","type":"issue"}],"hidden":false,"retry":false,"extra":{"severity":"critical","retries":[],"categories":[{"name":"Test defects","matchedStatuses":[],"flaky":false}],"history":{"statistic":{"failed":0,"broken":10,"skipped":0,"passed":67,"unknown":0,"total":77},"items":[{"uid":"c4635826e91bebfc","reportUrl":"https://ita-social-projects.github.io/TeachUA_TA/111//#testresult/c4635826e91bebfc","status":"passed","time":{"start":1645527086878,"stop":1645527100456,"duration":13578}},{"uid":"dcf9f0a5fbb025d3","reportUrl":"https://ita-social-projects.github.io/TeachUA_TA/110//#testresult/dcf9f0a5fbb025d3","status":"passed","time":{"start":1643311849098,"stop":1643311862820,"duration":13722}},{"uid":"734b9291e025d16d","reportUrl":"https://ita-social-projects.github.io/TeachUA_TA/109//#testresult/734b9291e025d16d","status":"passed","time":{"start":1643310367455,"stop":1643310381469,"duration":14014}},{"uid":"91e10329a9548ada","reportUrl":"https://ita-social-projects.github.io/TeachUA_TA/108//#testresult/91e10329a9548ada","status":"passed","time":{"start":1643308651423,"stop":1643308666199,"duration":14776}},{"uid":"7c9f5ff44e39cc28","reportUrl":"https://ita-social-projects.github.io/TeachUA_TA/108//#testresult/7c9f5ff44e39cc28","status":"passed","time":{"start":1643306766100,"stop":1643306780027,"duration":13927}},{"uid":"c2ceaefd62e58585","reportUrl":"https://ita-social-projects.github.io/TeachUA_TA/108//#testresult/c2ceaefd62e58585","status":"passed","time":{"start":1643303888072,"stop":1643303902723,"duration":14651}},{"uid":"98d7b7ee2f2ff779","reportUrl":"https://ita-social-projects.github.io/TeachUA_TA/107//#testresult/98d7b7ee2f2ff779","status":"passed","time":{"start":1643301636048,"stop":1643301650136,"duration":14088}},{"uid":"6841e4743f789d6","reportUrl":"https://ita-social-projects.github.io/TeachUA_TA/106//#testresult/6841e4743f789d6","status":"passed","time":{"start":1643296224294,"stop":1643296239875,"duration":15581}},{"uid":"34b12b24922f333b","reportUrl":"https://ita-social-projects.github.io/TeachUA_TA/105//#testresult/34b12b24922f333b","status":"passed","time":{"start":1643292244095,"stop":1643292258057,"duration":13962}},{"uid":"eca06ced4d1f047f","reportUrl":"https://ita-social-projects.github.io/TeachUA_TA/104//#testresult/eca06ced4d1f047f","status":"passed","time":{"start":1643292180481,"stop":1643292194893,"duration":14412}},{"uid":"96834581a9c87e94","reportUrl":"https://ita-social-projects.github.io/TeachUA_TA/103//#testresult/96834581a9c87e94","status":"passed","time":{"start":1643287360627,"stop":1643287376739,"duration":16112}},{"uid":"7c5e49c27217cd26","reportUrl":"https://ita-social-projects.github.io/TeachUA_TA/102//#testresult/7c5e49c27217cd26","status":"passed","time":{"start":1643287293327,"stop":1643287307804,"duration":14477}},{"uid":"a95c71088bdb6a57","reportUrl":"https://ita-social-projects.github.io/TeachUA_TA/101//#testresult/a95c71088bdb6a57","status":"passed","time":{"start":1643285020368,"stop":1643285034674,"duration":14306}},{"uid":"a1f8df78ed0d9b4a","reportUrl":"https://ita-social-projects.github.io/TeachUA_TA/101//#testresult/a1f8df78ed0d9b4a","status":"passed","time":{"start":1643279527662,"stop":1643279542305,"duration":14643}},{"uid":"63cda50225a7d32f","reportUrl":"https://ita-social-projects.github.io/TeachUA_TA/101//#testresult/63cda50225a7d32f","status":"passed","time":{"start":1643277588626,"stop":1643277602431,"duration":13805}},{"uid":"84242c6a2607ac2a","reportUrl":"https://ita-social-projects.github.io/TeachUA_TA/100//#testresult/84242c6a2607ac2a","status":"passed","time":{"start":1643227817309,"stop":1643227831832,"duration":14523}},{"uid":"744feda90b170a6e","reportUrl":"https://ita-social-projects.github.io/TeachUA_TA/98//#testresult/744feda90b170a6e","status":"passed","time":{"start":1643212196896,"stop":1643212211330,"duration":14434}},{"uid":"4968de566f59bb08","reportUrl":"https://ita-social-projects.github.io/TeachUA_TA/97//#testresult/4968de566f59bb08","status":"passed","time":{"start":1643189083857,"stop":1643189098418,"duration":14561}},{"uid":"91502fd2ab72d0c1","reportUrl":"https://ita-social-projects.github.io/TeachUA_TA/96//#testresult/91502fd2ab72d0c1","status":"passed","time":{"start":1643189029354,"stop":1643189044824,"duration":15470}},{"uid":"bfa1c8f230d1ffc1","reportUrl":"https://ita-social-projects.github.io/TeachUA_TA/95//#testresult/bfa1c8f230d1ffc1","status":"passed","time":{"start":1643188964296,"stop":1643188979176,"duration":14880}}]},"tags":[]},"source":"53b78333827a9964.json","parameterValues":["[Education, students, Школа балетуee and so , 12345678901234567890123456789012345678656, !#$%&'()*+,-./:;<=>?@[]^_`{}~^&^%%^&***#]"]}