{"uid":"5be639ee49e10ac0","name":"TUA-509","fullName":"com.ita.edu.teachua.ui.tests.AdvancedSearchTest.verifyAllParametersActiveClubsAdvancedSearch","historyId":"c717ae46ca7d53499098b4f4a897b060","time":{"start":1664707936230,"stop":1664707946704,"duration":10474},"description":"Verify that all parameters are activated with the selected 'Гурток' radio button","descriptionHtml":"<p>Verify that all parameters are activated with the selected 'Гурток' radio button</p>\n","status":"broken","statusMessage":"no such element: Unable to locate element: {\"method\":\"xpath\",\"selector\":\"//label[@for= 'basic_cityName']\"}\n  (Session info: chrome=105.0.5195.125)\nFor documentation on this error, please visit: https://selenium.dev/exceptions/#no_such_element\nBuild info: version: '4.1.1', revision: 'e8fcc2cecf'\nSystem info: host: 'fv-az152-838', ip: '10.1.1.24', os.name: 'Linux', os.arch: 'amd64', os.version: '5.15.0-1020-azure', java.version: '1.8.0_292'\nDriver info: org.openqa.selenium.chrome.ChromeDriver\nCommand: [74bb9c76f5307f6e15d74442cf55f3c3, findElement {using=xpath, value=//label[@for= 'basic_cityName']}]\nCapabilities {acceptInsecureCerts: false, browserName: chrome, browserVersion: 105.0.5195.125, chrome: {chromedriverVersion: 105.0.5195.52 (412c95e51883..., userDataDir: /tmp/.com.google.Chrome.hJF7OT}, goog:chromeOptions: {debuggerAddress: localhost:40715}, javascriptEnabled: true, networkConnectionEnabled: false, pageLoadStrategy: normal, platform: LINUX, platformName: LINUX, proxy: Proxy(), se:cdp: ws://localhost:40715/devtoo..., se:cdpVersion: 105.0.5195.125, setWindowRect: true, strictFileInteractability: false, timeouts: {implicit: 0, pageLoad: 300000, script: 30000}, unhandledPromptBehavior: dismiss and notify, webauthn:extension:credBlob: true, webauthn:extension:largeBlob: true, webauthn:virtualAuthenticators: true}\nSession ID: 74bb9c76f5307f6e15d74442cf55f3c3","statusTrace":"org.openqa.selenium.NoSuchElementException: no such element: Unable to locate element: {\"method\":\"xpath\",\"selector\":\"//label[@for= 'basic_cityName']\"}\n  (Session info: chrome=105.0.5195.125)\nFor documentation on this error, please visit: https://selenium.dev/exceptions/#no_such_element\nBuild info: version: '4.1.1', revision: 'e8fcc2cecf'\nSystem info: host: 'fv-az152-838', ip: '10.1.1.24', os.name: 'Linux', os.arch: 'amd64', os.version: '5.15.0-1020-azure', java.version: '1.8.0_292'\nDriver info: org.openqa.selenium.chrome.ChromeDriver\nCommand: [74bb9c76f5307f6e15d74442cf55f3c3, findElement {using=xpath, value=//label[@for= 'basic_cityName']}]\nCapabilities {acceptInsecureCerts: false, browserName: chrome, browserVersion: 105.0.5195.125, chrome: {chromedriverVersion: 105.0.5195.52 (412c95e51883..., userDataDir: /tmp/.com.google.Chrome.hJF7OT}, goog:chromeOptions: {debuggerAddress: localhost:40715}, javascriptEnabled: true, networkConnectionEnabled: false, pageLoadStrategy: normal, platform: LINUX, platformName: LINUX, proxy: Proxy(), se:cdp: ws://localhost:40715/devtoo..., se:cdpVersion: 105.0.5195.125, setWindowRect: true, strictFileInteractability: false, timeouts: {implicit: 0, pageLoad: 300000, script: 30000}, unhandledPromptBehavior: dismiss and notify, webauthn:extension:credBlob: true, webauthn:extension:largeBlob: true, webauthn:virtualAuthenticators: true}\nSession ID: 74bb9c76f5307f6e15d74442cf55f3c3\n\tat sun.reflect.NativeConstructorAccessorImpl.newInstance0(Native Method)\n\tat sun.reflect.NativeConstructorAccessorImpl.newInstance(NativeConstructorAccessorImpl.java:62)\n\tat sun.reflect.DelegatingConstructorAccessorImpl.newInstance(DelegatingConstructorAccessorImpl.java:45)\n\tat java.lang.reflect.Constructor.newInstance(Constructor.java:423)\n\tat org.openqa.selenium.remote.codec.w3c.W3CHttpResponseCodec.createException(W3CHttpResponseCodec.java:200)\n\tat org.openqa.selenium.remote.codec.w3c.W3CHttpResponseCodec.decode(W3CHttpResponseCodec.java:133)\n\tat org.openqa.selenium.remote.codec.w3c.W3CHttpResponseCodec.decode(W3CHttpResponseCodec.java:53)\n\tat org.openqa.selenium.remote.HttpCommandExecutor.execute(HttpCommandExecutor.java:184)\n\tat org.openqa.selenium.remote.service.DriverCommandExecutor.invokeExecute(DriverCommandExecutor.java:167)\n\tat org.openqa.selenium.remote.service.DriverCommandExecutor.execute(DriverCommandExecutor.java:142)\n\tat org.openqa.selenium.remote.RemoteWebDriver.execute(RemoteWebDriver.java:543)\n\tat org.openqa.selenium.remote.ElementLocation$ElementFinder$2.findElement(ElementLocation.java:162)\n\tat org.openqa.selenium.remote.ElementLocation.findElement(ElementLocation.java:60)\n\tat org.openqa.selenium.remote.RemoteWebDriver.findElement(RemoteWebDriver.java:367)\n\tat org.openqa.selenium.remote.RemoteWebDriver.findElement(RemoteWebDriver.java:359)\n\tat org.openqa.selenium.support.pagefactory.DefaultElementLocator.findElement(DefaultElementLocator.java:70)\n\tat com.ita.edu.teachua.ui.pagefactory.ElementHandler.invoke(ElementHandler.java:32)\n\tat com.sun.proxy.$Proxy49.isDisplayed(Unknown Source)\n\tat com.ita.edu.teachua.ui.tests.AdvancedSearchTest.verifyAllParametersActiveClubsAdvancedSearch(AdvancedSearchTest.java:101)\n\tat sun.reflect.NativeMethodAccessorImpl.invoke0(Native Method)\n\tat sun.reflect.NativeMethodAccessorImpl.invoke(NativeMethodAccessorImpl.java:62)\n\tat sun.reflect.DelegatingMethodAccessorImpl.invoke(DelegatingMethodAccessorImpl.java:43)\n\tat java.lang.reflect.Method.invoke(Method.java:498)\n\tat org.testng.internal.MethodInvocationHelper.invokeMethod(MethodInvocationHelper.java:133)\n\tat org.testng.internal.TestInvoker.invokeMethod(TestInvoker.java:598)\n\tat org.testng.internal.TestInvoker.invokeTestMethod(TestInvoker.java:173)\n\tat org.testng.internal.MethodRunner.runInSequence(MethodRunner.java:46)\n\tat org.testng.internal.TestInvoker$MethodInvocationAgent.invoke(TestInvoker.java:824)\n\tat org.testng.internal.TestInvoker.invokeTestMethods(TestInvoker.java:146)\n\tat org.testng.internal.TestMethodWorker.invokeTestMethods(TestMethodWorker.java:146)\n\tat org.testng.internal.TestMethodWorker.run(TestMethodWorker.java:128)\n\tat java.util.ArrayList.forEach(ArrayList.java:1259)\n\tat org.testng.TestRunner.privateRun(TestRunner.java:794)\n\tat org.testng.TestRunner.run(TestRunner.java:596)\n\tat org.testng.SuiteRunner.runTest(SuiteRunner.java:377)\n\tat org.testng.SuiteRunner.access$000(SuiteRunner.java:28)\n\tat org.testng.SuiteRunner$SuiteWorker.run(SuiteRunner.java:418)\n\tat org.testng.internal.thread.ThreadUtil.lambda$execute$0(ThreadUtil.java:64)\n\tat java.util.concurrent.FutureTask.run(FutureTask.java:266)\n\tat java.util.concurrent.ThreadPoolExecutor.runWorker(ThreadPoolExecutor.java:1149)\n\tat java.util.concurrent.ThreadPoolExecutor$Worker.run(ThreadPoolExecutor.java:624)\n\tat java.lang.Thread.run(Thread.java:748)\n","flaky":false,"newFailed":false,"newBroken":true,"newPassed":false,"retriesCount":0,"retriesStatusChange":false,"beforeStages":[{"name":"beforeSuite","time":{"start":1664706835737,"stop":1664706835745,"duration":8},"description":"","status":"passed","steps":[],"attachments":[],"parameters":[],"stepsCount":0,"attachmentsCount":0,"shouldDisplayMessage":false,"hasContent":false},{"name":"beforeSuite","time":{"start":1664706835746,"stop":1664706837344,"duration":1598},"description":"","status":"passed","steps":[],"attachments":[],"parameters":[],"stepsCount":0,"attachmentsCount":0,"shouldDisplayMessage":false,"hasContent":false},{"name":"beforeSuite","time":{"start":1664706837345,"stop":1664706837345,"duration":0},"description":"","status":"passed","steps":[],"attachments":[],"parameters":[],"stepsCount":0,"attachmentsCount":0,"shouldDisplayMessage":false,"hasContent":false},{"name":"beforeSuite","time":{"start":1664706837345,"stop":1664706837346,"duration":1},"description":"","status":"passed","steps":[],"attachments":[],"parameters":[],"stepsCount":0,"attachmentsCount":0,"shouldDisplayMessage":false,"hasContent":false},{"name":"beforeSuite","time":{"start":1664706837346,"stop":1664706837346,"duration":0},"description":"","status":"passed","steps":[],"attachments":[],"parameters":[],"stepsCount":0,"attachmentsCount":0,"shouldDisplayMessage":false,"hasContent":false},{"name":"beforeMethod","time":{"start":1664707932550,"stop":1664707936228,"duration":3678},"description":"","status":"passed","steps":[],"attachments":[],"parameters":[],"stepsCount":0,"attachmentsCount":0,"shouldDisplayMessage":false,"hasContent":false}],"testStage":{"description":"Verify that all parameters are activated with the selected 'Гурток' radio button","status":"broken","statusMessage":"no such element: Unable to locate element: {\"method\":\"xpath\",\"selector\":\"//label[@for= 'basic_cityName']\"}\n  (Session info: chrome=105.0.5195.125)\nFor documentation on this error, please visit: https://selenium.dev/exceptions/#no_such_element\nBuild info: version: '4.1.1', revision: 'e8fcc2cecf'\nSystem info: host: 'fv-az152-838', ip: '10.1.1.24', os.name: 'Linux', os.arch: 'amd64', os.version: '5.15.0-1020-azure', java.version: '1.8.0_292'\nDriver info: org.openqa.selenium.chrome.ChromeDriver\nCommand: [74bb9c76f5307f6e15d74442cf55f3c3, findElement {using=xpath, value=//label[@for= 'basic_cityName']}]\nCapabilities {acceptInsecureCerts: false, browserName: chrome, browserVersion: 105.0.5195.125, chrome: {chromedriverVersion: 105.0.5195.52 (412c95e51883..., userDataDir: /tmp/.com.google.Chrome.hJF7OT}, goog:chromeOptions: {debuggerAddress: localhost:40715}, javascriptEnabled: true, networkConnectionEnabled: false, pageLoadStrategy: normal, platform: LINUX, platformName: LINUX, proxy: Proxy(), se:cdp: ws://localhost:40715/devtoo..., se:cdpVersion: 105.0.5195.125, setWindowRect: true, strictFileInteractability: false, timeouts: {implicit: 0, pageLoad: 300000, script: 30000}, unhandledPromptBehavior: dismiss and notify, webauthn:extension:credBlob: true, webauthn:extension:largeBlob: true, webauthn:virtualAuthenticators: true}\nSession ID: 74bb9c76f5307f6e15d74442cf55f3c3","statusTrace":"org.openqa.selenium.NoSuchElementException: no such element: Unable to locate element: {\"method\":\"xpath\",\"selector\":\"//label[@for= 'basic_cityName']\"}\n  (Session info: chrome=105.0.5195.125)\nFor documentation on this error, please visit: https://selenium.dev/exceptions/#no_such_element\nBuild info: version: '4.1.1', revision: 'e8fcc2cecf'\nSystem info: host: 'fv-az152-838', ip: '10.1.1.24', os.name: 'Linux', os.arch: 'amd64', os.version: '5.15.0-1020-azure', java.version: '1.8.0_292'\nDriver info: org.openqa.selenium.chrome.ChromeDriver\nCommand: [74bb9c76f5307f6e15d74442cf55f3c3, findElement {using=xpath, value=//label[@for= 'basic_cityName']}]\nCapabilities {acceptInsecureCerts: false, browserName: chrome, browserVersion: 105.0.5195.125, chrome: {chromedriverVersion: 105.0.5195.52 (412c95e51883..., userDataDir: /tmp/.com.google.Chrome.hJF7OT}, goog:chromeOptions: {debuggerAddress: localhost:40715}, javascriptEnabled: true, networkConnectionEnabled: false, pageLoadStrategy: normal, platform: LINUX, platformName: LINUX, proxy: Proxy(), se:cdp: ws://localhost:40715/devtoo..., se:cdpVersion: 105.0.5195.125, setWindowRect: true, strictFileInteractability: false, timeouts: {implicit: 0, pageLoad: 300000, script: 30000}, unhandledPromptBehavior: dismiss and notify, webauthn:extension:credBlob: true, webauthn:extension:largeBlob: true, webauthn:virtualAuthenticators: true}\nSession ID: 74bb9c76f5307f6e15d74442cf55f3c3\n\tat sun.reflect.NativeConstructorAccessorImpl.newInstance0(Native Method)\n\tat sun.reflect.NativeConstructorAccessorImpl.newInstance(NativeConstructorAccessorImpl.java:62)\n\tat sun.reflect.DelegatingConstructorAccessorImpl.newInstance(DelegatingConstructorAccessorImpl.java:45)\n\tat java.lang.reflect.Constructor.newInstance(Constructor.java:423)\n\tat org.openqa.selenium.remote.codec.w3c.W3CHttpResponseCodec.createException(W3CHttpResponseCodec.java:200)\n\tat org.openqa.selenium.remote.codec.w3c.W3CHttpResponseCodec.decode(W3CHttpResponseCodec.java:133)\n\tat org.openqa.selenium.remote.codec.w3c.W3CHttpResponseCodec.decode(W3CHttpResponseCodec.java:53)\n\tat org.openqa.selenium.remote.HttpCommandExecutor.execute(HttpCommandExecutor.java:184)\n\tat org.openqa.selenium.remote.service.DriverCommandExecutor.invokeExecute(DriverCommandExecutor.java:167)\n\tat org.openqa.selenium.remote.service.DriverCommandExecutor.execute(DriverCommandExecutor.java:142)\n\tat org.openqa.selenium.remote.RemoteWebDriver.execute(RemoteWebDriver.java:543)\n\tat org.openqa.selenium.remote.ElementLocation$ElementFinder$2.findElement(ElementLocation.java:162)\n\tat org.openqa.selenium.remote.ElementLocation.findElement(ElementLocation.java:60)\n\tat org.openqa.selenium.remote.RemoteWebDriver.findElement(RemoteWebDriver.java:367)\n\tat org.openqa.selenium.remote.RemoteWebDriver.findElement(RemoteWebDriver.java:359)\n\tat org.openqa.selenium.support.pagefactory.DefaultElementLocator.findElement(DefaultElementLocator.java:70)\n\tat com.ita.edu.teachua.ui.pagefactory.ElementHandler.invoke(ElementHandler.java:32)\n\tat com.sun.proxy.$Proxy49.isDisplayed(Unknown Source)\n\tat com.ita.edu.teachua.ui.tests.AdvancedSearchTest.verifyAllParametersActiveClubsAdvancedSearch(AdvancedSearchTest.java:101)\n\tat sun.reflect.NativeMethodAccessorImpl.invoke0(Native Method)\n\tat sun.reflect.NativeMethodAccessorImpl.invoke(NativeMethodAccessorImpl.java:62)\n\tat sun.reflect.DelegatingMethodAccessorImpl.invoke(DelegatingMethodAccessorImpl.java:43)\n\tat java.lang.reflect.Method.invoke(Method.java:498)\n\tat org.testng.internal.MethodInvocationHelper.invokeMethod(MethodInvocationHelper.java:133)\n\tat org.testng.internal.TestInvoker.invokeMethod(TestInvoker.java:598)\n\tat org.testng.internal.TestInvoker.invokeTestMethod(TestInvoker.java:173)\n\tat org.testng.internal.MethodRunner.runInSequence(MethodRunner.java:46)\n\tat org.testng.internal.TestInvoker$MethodInvocationAgent.invoke(TestInvoker.java:824)\n\tat org.testng.internal.TestInvoker.invokeTestMethods(TestInvoker.java:146)\n\tat org.testng.internal.TestMethodWorker.invokeTestMethods(TestMethodWorker.java:146)\n\tat org.testng.internal.TestMethodWorker.run(TestMethodWorker.java:128)\n\tat java.util.ArrayList.forEach(ArrayList.java:1259)\n\tat org.testng.TestRunner.privateRun(TestRunner.java:794)\n\tat org.testng.TestRunner.run(TestRunner.java:596)\n\tat org.testng.SuiteRunner.runTest(SuiteRunner.java:377)\n\tat org.testng.SuiteRunner.access$000(SuiteRunner.java:28)\n\tat org.testng.SuiteRunner$SuiteWorker.run(SuiteRunner.java:418)\n\tat org.testng.internal.thread.ThreadUtil.lambda$execute$0(ThreadUtil.java:64)\n\tat java.util.concurrent.FutureTask.run(FutureTask.java:266)\n\tat java.util.concurrent.ThreadPoolExecutor.runWorker(ThreadPoolExecutor.java:1149)\n\tat java.util.concurrent.ThreadPoolExecutor$Worker.run(ThreadPoolExecutor.java:624)\n\tat java.lang.Thread.run(Thread.java:748)\n","steps":[{"name":"Click on 'Розширений пошук' icon","time":{"start":1664707936230,"stop":1664707936481,"duration":251},"status":"passed","steps":[],"attachments":[],"parameters":[],"stepsCount":0,"attachmentsCount":0,"shouldDisplayMessage":false,"hasContent":false}],"attachments":[{"uid":"c25e28907cb06fc5","name":"Logs for thread 14","source":"c25e28907cb06fc5.log","type":"text/plain","size":4},{"uid":"4cb4551a9978503d","name":"Page screenshot","source":"4cb4551a9978503d.png","type":"image/png","size":194965}],"parameters":[],"stepsCount":1,"attachmentsCount":2,"shouldDisplayMessage":true,"hasContent":true},"afterStages":[{"name":"afterMethod","time":{"start":1664707946705,"stop":1664707946806,"duration":101},"description":"","status":"passed","steps":[],"attachments":[],"parameters":[],"stepsCount":0,"attachmentsCount":0,"shouldDisplayMessage":false,"hasContent":false}],"labels":[{"name":"package","value":"com.ita.edu.teachua.ui.tests.AdvancedSearchTest"},{"name":"testClass","value":"com.ita.edu.teachua.ui.tests.AdvancedSearchTest"},{"name":"testMethod","value":"verifyAllParametersActiveClubsAdvancedSearch"},{"name":"parentSuite","value":"Test Suite"},{"name":"suite","value":"UI Tests"},{"name":"subSuite","value":"com.ita.edu.teachua.ui.tests.AdvancedSearchTest"},{"name":"host","value":"fv-az152-838"},{"name":"thread","value":"2345@fv-az152-838.TestNG-tests-2(14)"},{"name":"framework","value":"testng"},{"name":"language","value":"java"},{"name":"resultFormat","value":"allure2"}],"parameters":[],"links":[{"name":"TUA-509","type":"issue"}],"hidden":false,"retry":false,"extra":{"severity":"normal","retries":[],"categories":[{"name":"Test defects","matchedStatuses":[],"flaky":false}],"history":{"statistic":{"failed":0,"broken":14,"skipped":0,"passed":64,"unknown":0,"total":78},"items":[{"uid":"f78a65644cd1d290","reportUrl":"https://ita-social-projects.github.io/TeachUA_TA/111//#testresult/f78a65644cd1d290","status":"passed","time":{"start":1645527556872,"stop":1645527557955,"duration":1083}},{"uid":"cb8272a66f2e3dac","reportUrl":"https://ita-social-projects.github.io/TeachUA_TA/110//#testresult/cb8272a66f2e3dac","status":"passed","time":{"start":1643311633565,"stop":1643311634896,"duration":1331}},{"uid":"edea333db856eeb2","reportUrl":"https://ita-social-projects.github.io/TeachUA_TA/109//#testresult/edea333db856eeb2","status":"passed","time":{"start":1643310143266,"stop":1643310144770,"duration":1504}},{"uid":"7e931a7ec25ecc2a","reportUrl":"https://ita-social-projects.github.io/TeachUA_TA/108//#testresult/7e931a7ec25ecc2a","status":"passed","time":{"start":1643308415057,"stop":1643308416460,"duration":1403}},{"uid":"16b8585175f43f66","reportUrl":"https://ita-social-projects.github.io/TeachUA_TA/108//#testresult/16b8585175f43f66","status":"passed","time":{"start":1643306546828,"stop":1643306548020,"duration":1192}},{"uid":"f306f300676d96ad","reportUrl":"https://ita-social-projects.github.io/TeachUA_TA/108//#testresult/f306f300676d96ad","status":"passed","time":{"start":1643303655616,"stop":1643303656856,"duration":1240}},{"uid":"c579befc5e7bb451","reportUrl":"https://ita-social-projects.github.io/TeachUA_TA/107//#testresult/c579befc5e7bb451","status":"passed","time":{"start":1643301414660,"stop":1643301415878,"duration":1218}},{"uid":"1953c0646ca13499","reportUrl":"https://ita-social-projects.github.io/TeachUA_TA/106//#testresult/1953c0646ca13499","status":"passed","time":{"start":1643295973218,"stop":1643295974964,"duration":1746}},{"uid":"1f39c9c96e7ee6e2","reportUrl":"https://ita-social-projects.github.io/TeachUA_TA/105//#testresult/1f39c9c96e7ee6e2","status":"passed","time":{"start":1643292019126,"stop":1643292020411,"duration":1285}},{"uid":"20e11a54ca5dad3e","reportUrl":"https://ita-social-projects.github.io/TeachUA_TA/104//#testresult/20e11a54ca5dad3e","status":"passed","time":{"start":1643291960102,"stop":1643291961318,"duration":1216}},{"uid":"b71388f5bc6416f6","reportUrl":"https://ita-social-projects.github.io/TeachUA_TA/103//#testresult/b71388f5bc6416f6","status":"passed","time":{"start":1643287110894,"stop":1643287112773,"duration":1879}},{"uid":"4268b67167b19aac","reportUrl":"https://ita-social-projects.github.io/TeachUA_TA/102//#testresult/4268b67167b19aac","status":"passed","time":{"start":1643287077088,"stop":1643287078415,"duration":1327}},{"uid":"298760028b7e5993","reportUrl":"https://ita-social-projects.github.io/TeachUA_TA/101//#testresult/298760028b7e5993","status":"passed","time":{"start":1643284798078,"stop":1643284799257,"duration":1179}},{"uid":"3343974162ef983c","reportUrl":"https://ita-social-projects.github.io/TeachUA_TA/101//#testresult/3343974162ef983c","status":"passed","time":{"start":1643279304846,"stop":1643279306051,"duration":1205}},{"uid":"4eea11cc2cf518b3","reportUrl":"https://ita-social-projects.github.io/TeachUA_TA/101//#testresult/4eea11cc2cf518b3","status":"passed","time":{"start":1643277365688,"stop":1643277366844,"duration":1156}},{"uid":"db9c2c709db7522","reportUrl":"https://ita-social-projects.github.io/TeachUA_TA/100//#testresult/db9c2c709db7522","status":"passed","time":{"start":1643227590849,"stop":1643227592176,"duration":1327}},{"uid":"a18a6ab70b1938ce","reportUrl":"https://ita-social-projects.github.io/TeachUA_TA/98//#testresult/a18a6ab70b1938ce","status":"passed","time":{"start":1643211974254,"stop":1643211975462,"duration":1208}},{"uid":"e1b1d0e97f8e83ce","reportUrl":"https://ita-social-projects.github.io/TeachUA_TA/97//#testresult/e1b1d0e97f8e83ce","status":"passed","time":{"start":1643188859372,"stop":1643188860562,"duration":1190}},{"uid":"b9d5f5b2f198c262","reportUrl":"https://ita-social-projects.github.io/TeachUA_TA/96//#testresult/b9d5f5b2f198c262","status":"passed","time":{"start":1643188801227,"stop":1643188802992,"duration":1765}},{"uid":"2b2d9c482fde173f","reportUrl":"https://ita-social-projects.github.io/TeachUA_TA/95//#testresult/2b2d9c482fde173f","status":"passed","time":{"start":1643188728777,"stop":1643188730128,"duration":1351}}]},"tags":[]},"source":"5be639ee49e10ac0.json","parameterValues":[]}