{"uid":"5d744109ca264805","name":"TUA-176","fullName":"com.ita.edu.teachua.ui.tests.OwnerProfileTest.checkDescriptionFieldWithLessThan40Symbols","historyId":"128eb4ecae813f1fdbd776c29d2c4b6b","time":{"start":1664708097946,"stop":1664708114547,"duration":16601},"description":"TUA-176-Verify that error message ‘Некоректний опис гуртка\\n\" + \"Опис гуртка може містити від 40 до 1500 символів.’ appears when the user enters less than 40 symbols into the field","descriptionHtml":"<p>TUA-176-Verify that error message ‘Некоректний опис гуртка\\n&quot; + &quot;Опис гуртка може містити від 40 до 1500 символів.’ appears when the user enters less than 40 symbols into the field</p>\n","status":"broken","statusMessage":"Expected condition failed: waiting for element to be clickable: By.xpath: //span/a[contains(text(),'Мій Профіль')] (tried for 5 second(s) with 500 milliseconds interval)\nBuild info: version: '4.1.1', revision: 'e8fcc2cecf'\nSystem info: host: 'fv-az152-838', ip: '10.1.1.24', os.name: 'Linux', os.arch: 'amd64', os.version: '5.15.0-1020-azure', java.version: '1.8.0_292'\nDriver info: org.openqa.selenium.chrome.ChromeDriver\nCapabilities {acceptInsecureCerts: false, browserName: chrome, browserVersion: 105.0.5195.125, chrome: {chromedriverVersion: 105.0.5195.52 (412c95e51883..., userDataDir: /tmp/.com.google.Chrome.2MFfSN}, goog:chromeOptions: {debuggerAddress: localhost:33427}, javascriptEnabled: true, networkConnectionEnabled: false, pageLoadStrategy: normal, platform: LINUX, platformName: LINUX, proxy: Proxy(), se:cdp: ws://localhost:33427/devtoo..., se:cdpVersion: 105.0.5195.125, setWindowRect: true, strictFileInteractability: false, timeouts: {implicit: 0, pageLoad: 300000, script: 30000}, unhandledPromptBehavior: dismiss and notify, webauthn:extension:credBlob: true, webauthn:extension:largeBlob: true, webauthn:virtualAuthenticators: true}\nSession ID: 640c4d002c75c2b6bbdd421f3e26a3c3","statusTrace":"org.openqa.selenium.TimeoutException: Expected condition failed: waiting for element to be clickable: By.xpath: //span/a[contains(text(),'Мій Профіль')] (tried for 5 second(s) with 500 milliseconds interval)\nBuild info: version: '4.1.1', revision: 'e8fcc2cecf'\nSystem info: host: 'fv-az152-838', ip: '10.1.1.24', os.name: 'Linux', os.arch: 'amd64', os.version: '5.15.0-1020-azure', java.version: '1.8.0_292'\nDriver info: org.openqa.selenium.chrome.ChromeDriver\nCapabilities {acceptInsecureCerts: false, browserName: chrome, browserVersion: 105.0.5195.125, chrome: {chromedriverVersion: 105.0.5195.52 (412c95e51883..., userDataDir: /tmp/.com.google.Chrome.2MFfSN}, goog:chromeOptions: {debuggerAddress: localhost:33427}, javascriptEnabled: true, networkConnectionEnabled: false, pageLoadStrategy: normal, platform: LINUX, platformName: LINUX, proxy: Proxy(), se:cdp: ws://localhost:33427/devtoo..., se:cdpVersion: 105.0.5195.125, setWindowRect: true, strictFileInteractability: false, timeouts: {implicit: 0, pageLoad: 300000, script: 30000}, unhandledPromptBehavior: dismiss and notify, webauthn:extension:credBlob: true, webauthn:extension:largeBlob: true, webauthn:virtualAuthenticators: true}\nSession ID: 640c4d002c75c2b6bbdd421f3e26a3c3\n\tat org.openqa.selenium.support.ui.WebDriverWait.timeoutException(WebDriverWait.java:138)\n\tat org.openqa.selenium.support.ui.FluentWait.until(FluentWait.java:231)\n\tat com.ita.edu.teachua.ui.pages.base_page.BasePage.waitUntilElementToBeClickable(BasePage.java:43)\n\tat com.ita.edu.teachua.ui.pages.header_page.OwnerDropdownComponent.clickOnProfile(OwnerDropdownComponent.java:36)\n\tat com.ita.edu.teachua.ui.tests.OwnerProfileTest.checkDescriptionFieldWithLessThan40Symbols(OwnerProfileTest.java:630)\n\tat sun.reflect.NativeMethodAccessorImpl.invoke0(Native Method)\n\tat sun.reflect.NativeMethodAccessorImpl.invoke(NativeMethodAccessorImpl.java:62)\n\tat sun.reflect.DelegatingMethodAccessorImpl.invoke(DelegatingMethodAccessorImpl.java:43)\n\tat java.lang.reflect.Method.invoke(Method.java:498)\n\tat org.testng.internal.MethodInvocationHelper.invokeMethod(MethodInvocationHelper.java:133)\n\tat org.testng.internal.TestInvoker.invokeMethod(TestInvoker.java:598)\n\tat org.testng.internal.TestInvoker.invokeTestMethod(TestInvoker.java:173)\n\tat org.testng.internal.MethodRunner.runInSequence(MethodRunner.java:46)\n\tat org.testng.internal.TestInvoker$MethodInvocationAgent.invoke(TestInvoker.java:824)\n\tat org.testng.internal.TestInvoker.invokeTestMethods(TestInvoker.java:146)\n\tat org.testng.internal.TestMethodWorker.invokeTestMethods(TestMethodWorker.java:146)\n\tat org.testng.internal.TestMethodWorker.run(TestMethodWorker.java:128)\n\tat java.util.ArrayList.forEach(ArrayList.java:1259)\n\tat org.testng.TestRunner.privateRun(TestRunner.java:794)\n\tat org.testng.TestRunner.run(TestRunner.java:596)\n\tat org.testng.SuiteRunner.runTest(SuiteRunner.java:377)\n\tat org.testng.SuiteRunner.access$000(SuiteRunner.java:28)\n\tat org.testng.SuiteRunner$SuiteWorker.run(SuiteRunner.java:418)\n\tat org.testng.internal.thread.ThreadUtil.lambda$execute$0(ThreadUtil.java:64)\n\tat java.util.concurrent.FutureTask.run(FutureTask.java:266)\n\tat java.util.concurrent.ThreadPoolExecutor.runWorker(ThreadPoolExecutor.java:1149)\n\tat java.util.concurrent.ThreadPoolExecutor$Worker.run(ThreadPoolExecutor.java:624)\n\tat java.lang.Thread.run(Thread.java:748)\n","flaky":false,"newFailed":false,"newBroken":false,"newPassed":false,"retriesCount":0,"retriesStatusChange":false,"beforeStages":[{"name":"beforeSuite","time":{"start":1664706835737,"stop":1664706835745,"duration":8},"description":"","status":"passed","steps":[],"attachments":[],"parameters":[],"stepsCount":0,"attachmentsCount":0,"shouldDisplayMessage":false,"hasContent":false},{"name":"beforeSuite","time":{"start":1664706835746,"stop":1664706837344,"duration":1598},"description":"","status":"passed","steps":[],"attachments":[],"parameters":[],"stepsCount":0,"attachmentsCount":0,"shouldDisplayMessage":false,"hasContent":false},{"name":"beforeSuite","time":{"start":1664706837345,"stop":1664706837345,"duration":0},"description":"","status":"passed","steps":[],"attachments":[],"parameters":[],"stepsCount":0,"attachmentsCount":0,"shouldDisplayMessage":false,"hasContent":false},{"name":"beforeSuite","time":{"start":1664706837345,"stop":1664706837346,"duration":1},"description":"","status":"passed","steps":[],"attachments":[],"parameters":[],"stepsCount":0,"attachmentsCount":0,"shouldDisplayMessage":false,"hasContent":false},{"name":"beforeSuite","time":{"start":1664706837346,"stop":1664706837346,"duration":0},"description":"","status":"passed","steps":[],"attachments":[],"parameters":[],"stepsCount":0,"attachmentsCount":0,"shouldDisplayMessage":false,"hasContent":false},{"name":"beforeMethod","time":{"start":1664708094063,"stop":1664708097944,"duration":3881},"description":"","status":"passed","steps":[],"attachments":[],"parameters":[],"stepsCount":0,"attachmentsCount":0,"shouldDisplayMessage":false,"hasContent":false}],"testStage":{"description":"TUA-176-Verify that error message ‘Некоректний опис гуртка\\n\" + \"Опис гуртка може містити від 40 до 1500 символів.’ appears when the user enters less than 40 symbols into the field","status":"broken","statusMessage":"Expected condition failed: waiting for element to be clickable: By.xpath: //span/a[contains(text(),'Мій Профіль')] (tried for 5 second(s) with 500 milliseconds interval)\nBuild info: version: '4.1.1', revision: 'e8fcc2cecf'\nSystem info: host: 'fv-az152-838', ip: '10.1.1.24', os.name: 'Linux', os.arch: 'amd64', os.version: '5.15.0-1020-azure', java.version: '1.8.0_292'\nDriver info: org.openqa.selenium.chrome.ChromeDriver\nCapabilities {acceptInsecureCerts: false, browserName: chrome, browserVersion: 105.0.5195.125, chrome: {chromedriverVersion: 105.0.5195.52 (412c95e51883..., userDataDir: /tmp/.com.google.Chrome.2MFfSN}, goog:chromeOptions: {debuggerAddress: localhost:33427}, javascriptEnabled: true, networkConnectionEnabled: false, pageLoadStrategy: normal, platform: LINUX, platformName: LINUX, proxy: Proxy(), se:cdp: ws://localhost:33427/devtoo..., se:cdpVersion: 105.0.5195.125, setWindowRect: true, strictFileInteractability: false, timeouts: {implicit: 0, pageLoad: 300000, script: 30000}, unhandledPromptBehavior: dismiss and notify, webauthn:extension:credBlob: true, webauthn:extension:largeBlob: true, webauthn:virtualAuthenticators: true}\nSession ID: 640c4d002c75c2b6bbdd421f3e26a3c3","statusTrace":"org.openqa.selenium.TimeoutException: Expected condition failed: waiting for element to be clickable: By.xpath: //span/a[contains(text(),'Мій Профіль')] (tried for 5 second(s) with 500 milliseconds interval)\nBuild info: version: '4.1.1', revision: 'e8fcc2cecf'\nSystem info: host: 'fv-az152-838', ip: '10.1.1.24', os.name: 'Linux', os.arch: 'amd64', os.version: '5.15.0-1020-azure', java.version: '1.8.0_292'\nDriver info: org.openqa.selenium.chrome.ChromeDriver\nCapabilities {acceptInsecureCerts: false, browserName: chrome, browserVersion: 105.0.5195.125, chrome: {chromedriverVersion: 105.0.5195.52 (412c95e51883..., userDataDir: /tmp/.com.google.Chrome.2MFfSN}, goog:chromeOptions: {debuggerAddress: localhost:33427}, javascriptEnabled: true, networkConnectionEnabled: false, pageLoadStrategy: normal, platform: LINUX, platformName: LINUX, proxy: Proxy(), se:cdp: ws://localhost:33427/devtoo..., se:cdpVersion: 105.0.5195.125, setWindowRect: true, strictFileInteractability: false, timeouts: {implicit: 0, pageLoad: 300000, script: 30000}, unhandledPromptBehavior: dismiss and notify, webauthn:extension:credBlob: true, webauthn:extension:largeBlob: true, webauthn:virtualAuthenticators: true}\nSession ID: 640c4d002c75c2b6bbdd421f3e26a3c3\n\tat org.openqa.selenium.support.ui.WebDriverWait.timeoutException(WebDriverWait.java:138)\n\tat org.openqa.selenium.support.ui.FluentWait.until(FluentWait.java:231)\n\tat com.ita.edu.teachua.ui.pages.base_page.BasePage.waitUntilElementToBeClickable(BasePage.java:43)\n\tat com.ita.edu.teachua.ui.pages.header_page.OwnerDropdownComponent.clickOnProfile(OwnerDropdownComponent.java:36)\n\tat com.ita.edu.teachua.ui.tests.OwnerProfileTest.checkDescriptionFieldWithLessThan40Symbols(OwnerProfileTest.java:630)\n\tat sun.reflect.NativeMethodAccessorImpl.invoke0(Native Method)\n\tat sun.reflect.NativeMethodAccessorImpl.invoke(NativeMethodAccessorImpl.java:62)\n\tat sun.reflect.DelegatingMethodAccessorImpl.invoke(DelegatingMethodAccessorImpl.java:43)\n\tat java.lang.reflect.Method.invoke(Method.java:498)\n\tat org.testng.internal.MethodInvocationHelper.invokeMethod(MethodInvocationHelper.java:133)\n\tat org.testng.internal.TestInvoker.invokeMethod(TestInvoker.java:598)\n\tat org.testng.internal.TestInvoker.invokeTestMethod(TestInvoker.java:173)\n\tat org.testng.internal.MethodRunner.runInSequence(MethodRunner.java:46)\n\tat org.testng.internal.TestInvoker$MethodInvocationAgent.invoke(TestInvoker.java:824)\n\tat org.testng.internal.TestInvoker.invokeTestMethods(TestInvoker.java:146)\n\tat org.testng.internal.TestMethodWorker.invokeTestMethods(TestMethodWorker.java:146)\n\tat org.testng.internal.TestMethodWorker.run(TestMethodWorker.java:128)\n\tat java.util.ArrayList.forEach(ArrayList.java:1259)\n\tat org.testng.TestRunner.privateRun(TestRunner.java:794)\n\tat org.testng.TestRunner.run(TestRunner.java:596)\n\tat org.testng.SuiteRunner.runTest(SuiteRunner.java:377)\n\tat org.testng.SuiteRunner.access$000(SuiteRunner.java:28)\n\tat org.testng.SuiteRunner$SuiteWorker.run(SuiteRunner.java:418)\n\tat org.testng.internal.thread.ThreadUtil.lambda$execute$0(ThreadUtil.java:64)\n\tat java.util.concurrent.FutureTask.run(FutureTask.java:266)\n\tat java.util.concurrent.ThreadPoolExecutor.runWorker(ThreadPoolExecutor.java:1149)\n\tat java.util.concurrent.ThreadPoolExecutor$Worker.run(ThreadPoolExecutor.java:624)\n\tat java.lang.Thread.run(Thread.java:748)\n","steps":[{"name":"Authorize user with valid email admin@gmail.com and password admin","time":{"start":1664708097946,"stop":1664708101241,"duration":3295},"status":"passed","steps":[{"name":"Click on guest dropdown","time":{"start":1664708097946,"stop":1664708098263,"duration":317},"status":"passed","steps":[],"attachments":[],"parameters":[],"stepsCount":0,"attachmentsCount":0,"shouldDisplayMessage":false,"hasContent":false},{"name":"Click on `Увійти` button","time":{"start":1664708098263,"stop":1664708098368,"duration":105},"status":"passed","steps":[],"attachments":[],"parameters":[],"stepsCount":0,"attachmentsCount":0,"shouldDisplayMessage":false,"hasContent":false},{"name":"Set values 'admin@gmail.com'/'admin' for `Емейл` and `Пароль` fields","time":{"start":1664708098368,"stop":1664708101241,"duration":2873},"status":"passed","steps":[{"name":"Fill in Password field: 'admin'","time":{"start":1664708099080,"stop":1664708099178,"duration":98},"status":"passed","steps":[],"attachments":[],"parameters":[{"name":"passwordValue","value":"admin"}],"stepsCount":0,"attachmentsCount":0,"shouldDisplayMessage":false,"hasContent":true},{"name":"Click on Submit button","time":{"start":1664708099178,"stop":1664708101241,"duration":2063},"status":"passed","steps":[],"attachments":[],"parameters":[],"stepsCount":0,"attachmentsCount":0,"shouldDisplayMessage":false,"hasContent":false}],"attachments":[],"parameters":[{"name":"email","value":"admin@gmail.com"},{"name":"password","value":"admin"}],"stepsCount":2,"attachmentsCount":0,"shouldDisplayMessage":false,"hasContent":true}],"attachments":[],"parameters":[{"name":"email","value":"admin@gmail.com"},{"name":"password","value":"admin"}],"stepsCount":5,"attachmentsCount":0,"shouldDisplayMessage":false,"hasContent":true},{"name":"Click on dropdown for authorized user in top right corner of header","time":{"start":1664708101241,"stop":1664708101300,"duration":59},"status":"passed","steps":[],"attachments":[],"parameters":[],"stepsCount":0,"attachmentsCount":0,"shouldDisplayMessage":false,"hasContent":false},{"name":"Click on 'Мій профіль' button in dropdown for authorized users","time":{"start":1664708101301,"stop":1664708114235,"duration":12934},"status":"broken","statusMessage":"Expected condition failed: waiting for element to be clickable: By.xpath: //span/a[contains(text(),'Мій Профіль')] (tried for 5 second(s) with 500 milliseconds interval)\nBuild info: version: '4.1.1', revision: 'e8fcc2cecf'\nSystem info: host: 'fv-az152-838', ip: '10.1.1.24', os.name: 'Linux', os.arch: 'amd64', os.version: '5.15.0-1020-azure', java.version: '1.8.0_292'\nDriver info: org.openqa.selenium.chrome.ChromeDriver\nCapabilities {acceptInsecureCerts: false, browserName: chrome, browserVersion: 105.0.5195.125, chrome: {chromedriverVersion: 105.0.5195.52 (412c95e51883..., userDataDir: /tmp/.com.google.Chrome.2MFfSN}, goog:chromeOptions: {debuggerAddress: localhost:33427}, javascriptEnabled: true, networkConnectionEnabled: false, pageLoadStrategy: normal, platform: LINUX, platformName: LINUX, proxy: Proxy(), se:cdp: ws://localhost:33427/devtoo..., se:cdpVersion: 105.0.5195.125, setWindowRect: true, strictFileInteractability: false, timeouts: {implicit: 0, pageLoad: 300000, script: 30000}, unhandledPromptBehavior: dismiss and notify, webauthn:extension:credBlob: true, webauthn:extension:largeBlob: true, webauthn:virtualAuthenticators: true}\nSession ID: 640c4d002c75c2b6bbdd421f3e26a3c3","statusTrace":"org.openqa.selenium.TimeoutException: Expected condition failed: waiting for element to be clickable: By.xpath: //span/a[contains(text(),'Мій Профіль')] (tried for 5 second(s) with 500 milliseconds interval)\nBuild info: version: '4.1.1', revision: 'e8fcc2cecf'\nSystem info: host: 'fv-az152-838', ip: '10.1.1.24', os.name: 'Linux', os.arch: 'amd64', os.version: '5.15.0-1020-azure', java.version: '1.8.0_292'\nDriver info: org.openqa.selenium.chrome.ChromeDriver\nCapabilities {acceptInsecureCerts: false, browserName: chrome, browserVersion: 105.0.5195.125, chrome: {chromedriverVersion: 105.0.5195.52 (412c95e51883..., userDataDir: /tmp/.com.google.Chrome.2MFfSN}, goog:chromeOptions: {debuggerAddress: localhost:33427}, javascriptEnabled: true, networkConnectionEnabled: false, pageLoadStrategy: normal, platform: LINUX, platformName: LINUX, proxy: Proxy(), se:cdp: ws://localhost:33427/devtoo..., se:cdpVersion: 105.0.5195.125, setWindowRect: true, strictFileInteractability: false, timeouts: {implicit: 0, pageLoad: 300000, script: 30000}, unhandledPromptBehavior: dismiss and notify, webauthn:extension:credBlob: true, webauthn:extension:largeBlob: true, webauthn:virtualAuthenticators: true}\nSession ID: 640c4d002c75c2b6bbdd421f3e26a3c3\n\tat org.openqa.selenium.support.ui.WebDriverWait.timeoutException(WebDriverWait.java:138)\n\tat org.openqa.selenium.support.ui.FluentWait.until(FluentWait.java:231)\n\tat com.ita.edu.teachua.ui.pages.base_page.BasePage.waitUntilElementToBeClickable(BasePage.java:43)\n\tat com.ita.edu.teachua.ui.pages.header_page.OwnerDropdownComponent.clickOnProfile(OwnerDropdownComponent.java:36)\n\tat com.ita.edu.teachua.ui.tests.OwnerProfileTest.checkDescriptionFieldWithLessThan40Symbols(OwnerProfileTest.java:630)\n\tat sun.reflect.NativeMethodAccessorImpl.invoke0(Native Method)\n\tat sun.reflect.NativeMethodAccessorImpl.invoke(NativeMethodAccessorImpl.java:62)\n\tat sun.reflect.DelegatingMethodAccessorImpl.invoke(DelegatingMethodAccessorImpl.java:43)\n\tat java.lang.reflect.Method.invoke(Method.java:498)\n\tat org.testng.internal.MethodInvocationHelper.invokeMethod(MethodInvocationHelper.java:133)\n\tat org.testng.internal.TestInvoker.invokeMethod(TestInvoker.java:598)\n\tat org.testng.internal.TestInvoker.invokeTestMethod(TestInvoker.java:173)\n\tat org.testng.internal.MethodRunner.runInSequence(MethodRunner.java:46)\n\tat org.testng.internal.TestInvoker$MethodInvocationAgent.invoke(TestInvoker.java:824)\n\tat org.testng.internal.TestInvoker.invokeTestMethods(TestInvoker.java:146)\n\tat org.testng.internal.TestMethodWorker.invokeTestMethods(TestMethodWorker.java:146)\n\tat org.testng.internal.TestMethodWorker.run(TestMethodWorker.java:128)\n\tat java.util.ArrayList.forEach(ArrayList.java:1259)\n\tat org.testng.TestRunner.privateRun(TestRunner.java:794)\n\tat org.testng.TestRunner.run(TestRunner.java:596)\n\tat org.testng.SuiteRunner.runTest(SuiteRunner.java:377)\n\tat org.testng.SuiteRunner.access$000(SuiteRunner.java:28)\n\tat org.testng.SuiteRunner$SuiteWorker.run(SuiteRunner.java:418)\n\tat org.testng.internal.thread.ThreadUtil.lambda$execute$0(ThreadUtil.java:64)\n\tat java.util.concurrent.FutureTask.run(FutureTask.java:266)\n\tat java.util.concurrent.ThreadPoolExecutor.runWorker(ThreadPoolExecutor.java:1149)\n\tat java.util.concurrent.ThreadPoolExecutor$Worker.run(ThreadPoolExecutor.java:624)\n\tat java.lang.Thread.run(Thread.java:748)\n","steps":[],"attachments":[],"parameters":[],"stepsCount":0,"attachmentsCount":0,"shouldDisplayMessage":true,"hasContent":true}],"attachments":[{"uid":"5793e10376773e83","name":"Logs for thread 14","source":"5793e10376773e83.log","type":"text/plain","size":4},{"uid":"1d93d79c43e229da","name":"Page screenshot","source":"1d93d79c43e229da.png","type":"image/png","size":584895}],"parameters":[],"stepsCount":8,"attachmentsCount":2,"shouldDisplayMessage":false,"hasContent":true},"afterStages":[{"name":"afterMethod","time":{"start":1664708114548,"stop":1664708114652,"duration":104},"description":"","status":"passed","steps":[],"attachments":[],"parameters":[],"stepsCount":0,"attachmentsCount":0,"shouldDisplayMessage":false,"hasContent":false}],"labels":[{"name":"package","value":"com.ita.edu.teachua.ui.tests.OwnerProfileTest"},{"name":"testClass","value":"com.ita.edu.teachua.ui.tests.OwnerProfileTest"},{"name":"testMethod","value":"checkDescriptionFieldWithLessThan40Symbols"},{"name":"parentSuite","value":"Test Suite"},{"name":"suite","value":"UI Tests"},{"name":"subSuite","value":"com.ita.edu.teachua.ui.tests.OwnerProfileTest"},{"name":"host","value":"fv-az152-838"},{"name":"thread","value":"2345@fv-az152-838.TestNG-tests-2(14)"},{"name":"framework","value":"testng"},{"name":"language","value":"java"},{"name":"severity","value":"critical"},{"name":"resultFormat","value":"allure2"}],"parameters":[{"name":"arg0","value":"[Also known as the Mo, 1, Also known as the Monastery of the ghfg]"}],"links":[{"name":"TUA-176","type":"issue"}],"hidden":false,"retry":false,"extra":{"severity":"critical","retries":[],"categories":[{"name":"Test defects","matchedStatuses":[],"flaky":false}],"history":{"statistic":{"failed":0,"broken":10,"skipped":0,"passed":66,"unknown":0,"total":76},"items":[{"uid":"ca0f9f7c621465f2","reportUrl":"https://ita-social-projects.github.io/TeachUA_TA/111//#testresult/ca0f9f7c621465f2","status":"broken","statusDetails":"no such element: Unable to locate element: {\"method\":\"xpath\",\"selector\":\"//div[@class='ant-form-item-explain ant-form-item-explain-error']\"}\n  (Session info: chrome=98.0.4758.102)\nFor documentation on this error, please visit: https://selenium.dev/exceptions/#no_such_element\nBuild info: version: '4.1.1', revision: 'e8fcc2cecf'\nSystem info: host: 'fv-az105-913', ip: '10.1.0.41', os.name: 'Linux', os.arch: 'amd64', os.version: '5.11.0-1028-azure', java.version: '1.8.0_292'\nDriver info: org.openqa.selenium.chrome.ChromeDriver\nCommand: [de28b2ecf514f602ea7353cc17281241, findElement {using=xpath, value=//div[@class='ant-form-item-explain ant-form-item-explain-error']}]\nCapabilities {acceptInsecureCerts: false, browserName: chrome, browserVersion: 98.0.4758.102, chrome: {chromedriverVersion: 98.0.4758.102 (273bf7ac8c90..., userDataDir: /tmp/.com.google.Chrome.08JmXB}, goog:chromeOptions: {debuggerAddress: localhost:38309}, javascriptEnabled: true, networkConnectionEnabled: false, pageLoadStrategy: normal, platform: LINUX, platformName: LINUX, proxy: Proxy(), se:cdp: ws://localhost:38309/devtoo..., se:cdpVersion: 98.0.4758.102, setWindowRect: true, strictFileInteractability: false, timeouts: {implicit: 0, pageLoad: 300000, script: 30000}, unhandledPromptBehavior: dismiss and notify, webauthn:extension:credBlob: true, webauthn:extension:largeBlob: true, webauthn:virtualAuthenticators: true}\nSession ID: de28b2ecf514f602ea7353cc17281241","time":{"start":1645527061999,"stop":1645527083018,"duration":21019}},{"uid":"aae353057282da83","reportUrl":"https://ita-social-projects.github.io/TeachUA_TA/110//#testresult/aae353057282da83","status":"passed","time":{"start":1643311831579,"stop":1643311845191,"duration":13612}},{"uid":"5992ca7c00bd49ab","reportUrl":"https://ita-social-projects.github.io/TeachUA_TA/109//#testresult/5992ca7c00bd49ab","status":"passed","time":{"start":1643310349641,"stop":1643310363489,"duration":13848}},{"uid":"81d32f4eb9b3903a","reportUrl":"https://ita-social-projects.github.io/TeachUA_TA/108//#testresult/81d32f4eb9b3903a","status":"passed","time":{"start":1643308631759,"stop":1643308646774,"duration":15015}},{"uid":"4ddc9bb0f46da9ae","reportUrl":"https://ita-social-projects.github.io/TeachUA_TA/108//#testresult/4ddc9bb0f46da9ae","status":"passed","time":{"start":1643306748706,"stop":1643306761816,"duration":13110}},{"uid":"f6ad1a664b2aa10a","reportUrl":"https://ita-social-projects.github.io/TeachUA_TA/108//#testresult/f6ad1a664b2aa10a","status":"passed","time":{"start":1643303866679,"stop":1643303880869,"duration":14190}},{"uid":"59f3fc05b4931686","reportUrl":"https://ita-social-projects.github.io/TeachUA_TA/107//#testresult/59f3fc05b4931686","status":"passed","time":{"start":1643301617472,"stop":1643301631315,"duration":13843}},{"uid":"ce6332d0c131e6b0","reportUrl":"https://ita-social-projects.github.io/TeachUA_TA/106//#testresult/ce6332d0c131e6b0","status":"passed","time":{"start":1643296203541,"stop":1643296219416,"duration":15875}},{"uid":"e5b8b75a0422b99b","reportUrl":"https://ita-social-projects.github.io/TeachUA_TA/105//#testresult/e5b8b75a0422b99b","status":"passed","time":{"start":1643292226024,"stop":1643292239817,"duration":13793}},{"uid":"23a7678f83dd00b","reportUrl":"https://ita-social-projects.github.io/TeachUA_TA/104//#testresult/23a7678f83dd00b","status":"passed","time":{"start":1643292162028,"stop":1643292176274,"duration":14246}},{"uid":"b8fee47660fc5095","reportUrl":"https://ita-social-projects.github.io/TeachUA_TA/103//#testresult/b8fee47660fc5095","status":"passed","time":{"start":1643287340673,"stop":1643287355733,"duration":15060}},{"uid":"687ba21f478a5dc","reportUrl":"https://ita-social-projects.github.io/TeachUA_TA/102//#testresult/687ba21f478a5dc","status":"passed","time":{"start":1643287276271,"stop":1643287289664,"duration":13393}},{"uid":"95f4b7f6ebc5aef6","reportUrl":"https://ita-social-projects.github.io/TeachUA_TA/101//#testresult/95f4b7f6ebc5aef6","status":"passed","time":{"start":1643285001362,"stop":1643285015571,"duration":14209}},{"uid":"2761cf003434a863","reportUrl":"https://ita-social-projects.github.io/TeachUA_TA/101//#testresult/2761cf003434a863","status":"passed","time":{"start":1643279508606,"stop":1643279522439,"duration":13833}},{"uid":"a9b6dc341e86c948","reportUrl":"https://ita-social-projects.github.io/TeachUA_TA/101//#testresult/a9b6dc341e86c948","status":"passed","time":{"start":1643277570301,"stop":1643277584308,"duration":14007}},{"uid":"1b62717651676e74","reportUrl":"https://ita-social-projects.github.io/TeachUA_TA/100//#testresult/1b62717651676e74","status":"passed","time":{"start":1643227794916,"stop":1643227812999,"duration":18083}},{"uid":"474bc4e96daa666","reportUrl":"https://ita-social-projects.github.io/TeachUA_TA/98//#testresult/474bc4e96daa666","status":"passed","time":{"start":1643212179461,"stop":1643212192657,"duration":13196}},{"uid":"eefaeee5c577bedf","reportUrl":"https://ita-social-projects.github.io/TeachUA_TA/97//#testresult/eefaeee5c577bedf","status":"passed","time":{"start":1643189065373,"stop":1643189079584,"duration":14211}},{"uid":"5eb864584db9516b","reportUrl":"https://ita-social-projects.github.io/TeachUA_TA/96//#testresult/5eb864584db9516b","status":"passed","time":{"start":1643189010652,"stop":1643189024947,"duration":14295}},{"uid":"d64da7c897486b95","reportUrl":"https://ita-social-projects.github.io/TeachUA_TA/95//#testresult/d64da7c897486b95","status":"passed","time":{"start":1643188943544,"stop":1643188960213,"duration":16669}}]},"tags":[]},"source":"5d744109ca264805.json","parameterValues":["[Also known as the Mo, 1, Also known as the Monastery of the ghfg]"]}