{
  "uid" : "e54650d7e0e879c8",
  "name" : "TUA-103",
  "fullName" : "com.ita.edu.teachua.ui.tests.AdvancedSearchTest.checkSortingClubsByRatingInDescendingOrder",
  "historyId" : "7ceb502c964097a361bc9f49af951558",
  "time" : {
    "start" : 1643141769409,
    "stop" : 1643141783038,
    "duration" : 13629
  },
  "description" : "Verify that sorting by rating for advanced search works correctly (In descending order)",
  "descriptionHtml" : "<p>Verify that sorting by rating for advanced search works correctly (In descending order)</p>\n",
  "status" : "broken",
  "statusMessage" : "no such element: Unable to locate element: {\"method\":\"xpath\",\"selector\":\"//li[@title='Next Page']/preceding-sibling::*[1]\"}\n  (Session info: chrome=97.0.4692.71)\nFor documentation on this error, please visit: https://selenium.dev/exceptions/#no_such_element\nBuild info: version: '4.1.0', revision: '87802e897b'\nSystem info: host: 'fv-az203-521', ip: '10.1.0.58', os.name: 'Linux', os.arch: 'amd64', os.version: '5.11.0-1027-azure', java.version: '1.8.0_292'\nDriver info: org.openqa.selenium.chrome.ChromeDriver\nCommand: [9c54116d32e79a086e57e97a66992ab7, findElement {using=xpath, value=//li[@title='Next Page']/preceding-sibling::*[1]}]\nCapabilities {acceptInsecureCerts: false, browserName: chrome, browserVersion: 97.0.4692.71, chrome: {chromedriverVersion: 97.0.4692.71 (adefa7837d02a..., userDataDir: /tmp/.com.google.Chrome.n2FUKy}, goog:chromeOptions: {debuggerAddress: localhost:33325}, javascriptEnabled: true, networkConnectionEnabled: false, pageLoadStrategy: normal, platform: LINUX, platformName: LINUX, proxy: Proxy(), se:cdp: ws://localhost:33325/devtoo..., se:cdpVersion: 97.0.4692.71, setWindowRect: true, strictFileInteractability: false, timeouts: {implicit: 0, pageLoad: 300000, script: 30000}, unhandledPromptBehavior: dismiss and notify, webauthn:extension:credBlob: true, webauthn:extension:largeBlob: true, webauthn:virtualAuthenticators: true}\nSession ID: 9c54116d32e79a086e57e97a66992ab7",
  "statusTrace" : "org.openqa.selenium.NoSuchElementException: no such element: Unable to locate element: {\"method\":\"xpath\",\"selector\":\"//li[@title='Next Page']/preceding-sibling::*[1]\"}\n  (Session info: chrome=97.0.4692.71)\nFor documentation on this error, please visit: https://selenium.dev/exceptions/#no_such_element\nBuild info: version: '4.1.0', revision: '87802e897b'\nSystem info: host: 'fv-az203-521', ip: '10.1.0.58', os.name: 'Linux', os.arch: 'amd64', os.version: '5.11.0-1027-azure', java.version: '1.8.0_292'\nDriver info: org.openqa.selenium.chrome.ChromeDriver\nCommand: [9c54116d32e79a086e57e97a66992ab7, findElement {using=xpath, value=//li[@title='Next Page']/preceding-sibling::*[1]}]\nCapabilities {acceptInsecureCerts: false, browserName: chrome, browserVersion: 97.0.4692.71, chrome: {chromedriverVersion: 97.0.4692.71 (adefa7837d02a..., userDataDir: /tmp/.com.google.Chrome.n2FUKy}, goog:chromeOptions: {debuggerAddress: localhost:33325}, javascriptEnabled: true, networkConnectionEnabled: false, pageLoadStrategy: normal, platform: LINUX, platformName: LINUX, proxy: Proxy(), se:cdp: ws://localhost:33325/devtoo..., se:cdpVersion: 97.0.4692.71, setWindowRect: true, strictFileInteractability: false, timeouts: {implicit: 0, pageLoad: 300000, script: 30000}, unhandledPromptBehavior: dismiss and notify, webauthn:extension:credBlob: true, webauthn:extension:largeBlob: true, webauthn:virtualAuthenticators: true}\nSession ID: 9c54116d32e79a086e57e97a66992ab7\n\tat sun.reflect.NativeConstructorAccessorImpl.newInstance0(Native Method)\n\tat sun.reflect.NativeConstructorAccessorImpl.newInstance(NativeConstructorAccessorImpl.java:62)\n\tat sun.reflect.DelegatingConstructorAccessorImpl.newInstance(DelegatingConstructorAccessorImpl.java:45)\n\tat java.lang.reflect.Constructor.newInstance(Constructor.java:423)\n\tat org.openqa.selenium.remote.codec.w3c.W3CHttpResponseCodec.createException(W3CHttpResponseCodec.java:200)\n\tat org.openqa.selenium.remote.codec.w3c.W3CHttpResponseCodec.decode(W3CHttpResponseCodec.java:133)\n\tat org.openqa.selenium.remote.codec.w3c.W3CHttpResponseCodec.decode(W3CHttpResponseCodec.java:53)\n\tat org.openqa.selenium.remote.HttpCommandExecutor.execute(HttpCommandExecutor.java:184)\n\tat org.openqa.selenium.remote.service.DriverCommandExecutor.invokeExecute(DriverCommandExecutor.java:164)\n\tat org.openqa.selenium.remote.service.DriverCommandExecutor.execute(DriverCommandExecutor.java:139)\n\tat org.openqa.selenium.remote.RemoteWebDriver.execute(RemoteWebDriver.java:559)\n\tat org.openqa.selenium.remote.ElementLocation$ElementFinder$2.findElement(ElementLocation.java:162)\n\tat org.openqa.selenium.remote.ElementLocation.findElement(ElementLocation.java:60)\n\tat org.openqa.selenium.remote.RemoteWebDriver.findElement(RemoteWebDriver.java:383)\n\tat org.openqa.selenium.remote.RemoteWebDriver.findElement(RemoteWebDriver.java:375)\n\tat org.openqa.selenium.support.pagefactory.DefaultElementLocator.findElement(DefaultElementLocator.java:70)\n\tat com.ita.edu.teachua.ui.pagefactory.ElementHandler.invoke(ElementHandler.java:32)\n\tat com.sun.proxy.$Proxy42.getInnerText(Unknown Source)\n\tat com.ita.edu.teachua.ui.pages.advanced_search.AdvancedSearchPage.getNumberOfPagesWithClubs(AdvancedSearchPage.java:367)\n\tat com.ita.edu.teachua.ui.tests.AdvancedSearchTest.getRatingsFromAllPages(AdvancedSearchTest.java:244)\n\tat com.ita.edu.teachua.ui.tests.AdvancedSearchTest.checkSortingClubsByRatingInDescendingOrder(AdvancedSearchTest.java:237)\n\tat sun.reflect.NativeMethodAccessorImpl.invoke0(Native Method)\n\tat sun.reflect.NativeMethodAccessorImpl.invoke(NativeMethodAccessorImpl.java:62)\n\tat sun.reflect.DelegatingMethodAccessorImpl.invoke(DelegatingMethodAccessorImpl.java:43)\n\tat java.lang.reflect.Method.invoke(Method.java:498)\n\tat org.testng.internal.MethodInvocationHelper.invokeMethod(MethodInvocationHelper.java:133)\n\tat org.testng.internal.TestInvoker.invokeMethod(TestInvoker.java:598)\n\tat org.testng.internal.TestInvoker.invokeTestMethod(TestInvoker.java:173)\n\tat org.testng.internal.MethodRunner.runInSequence(MethodRunner.java:46)\n\tat org.testng.internal.TestInvoker$MethodInvocationAgent.invoke(TestInvoker.java:824)\n\tat org.testng.internal.TestInvoker.invokeTestMethods(TestInvoker.java:146)\n\tat org.testng.internal.TestMethodWorker.invokeTestMethods(TestMethodWorker.java:146)\n\tat org.testng.internal.TestMethodWorker.run(TestMethodWorker.java:128)\n\tat java.util.ArrayList.forEach(ArrayList.java:1259)\n\tat org.testng.TestRunner.privateRun(TestRunner.java:794)\n\tat org.testng.TestRunner.run(TestRunner.java:596)\n\tat org.testng.SuiteRunner.runTest(SuiteRunner.java:377)\n\tat org.testng.SuiteRunner.access$000(SuiteRunner.java:28)\n\tat org.testng.SuiteRunner$SuiteWorker.run(SuiteRunner.java:418)\n\tat org.testng.internal.thread.ThreadUtil.lambda$execute$0(ThreadUtil.java:64)\n\tat java.util.concurrent.FutureTask.run(FutureTask.java:266)\n\tat java.util.concurrent.ThreadPoolExecutor.runWorker(ThreadPoolExecutor.java:1149)\n\tat java.util.concurrent.ThreadPoolExecutor$Worker.run(ThreadPoolExecutor.java:624)\n\tat java.lang.Thread.run(Thread.java:748)\n",
  "flaky" : false,
  "newFailed" : false,
  "beforeStages" : [ {
    "name" : "beforeMethod",
    "time" : {
      "start" : 1643141743228,
      "stop" : 1643141769407,
      "duration" : 26179
    },
    "description" : "",
    "status" : "passed",
    "steps" : [ ],
    "attachments" : [ ],
    "parameters" : [ ],
    "stepsCount" : 0,
    "attachmentsCount" : 0,
    "shouldDisplayMessage" : false,
    "hasContent" : false
  }, {
    "name" : "beforeSuite",
    "time" : {
      "start" : 1643141407279,
      "stop" : 1643141407287,
      "duration" : 8
    },
    "description" : "",
    "status" : "passed",
    "steps" : [ ],
    "attachments" : [ ],
    "parameters" : [ ],
    "stepsCount" : 0,
    "attachmentsCount" : 0,
    "shouldDisplayMessage" : false,
    "hasContent" : false
  }, {
    "name" : "beforeSuite",
    "time" : {
      "start" : 1643141407288,
      "stop" : 1643141409672,
      "duration" : 2384
    },
    "description" : "",
    "status" : "passed",
    "steps" : [ ],
    "attachments" : [ ],
    "parameters" : [ ],
    "stepsCount" : 0,
    "attachmentsCount" : 0,
    "shouldDisplayMessage" : false,
    "hasContent" : false
  }, {
    "name" : "beforeSuite",
    "time" : {
      "start" : 1643141409672,
      "stop" : 1643141409672,
      "duration" : 0
    },
    "description" : "",
    "status" : "passed",
    "steps" : [ ],
    "attachments" : [ ],
    "parameters" : [ ],
    "stepsCount" : 0,
    "attachmentsCount" : 0,
    "shouldDisplayMessage" : false,
    "hasContent" : false
  }, {
    "name" : "beforeSuite",
    "time" : {
      "start" : 1643141409672,
      "stop" : 1643141409673,
      "duration" : 1
    },
    "description" : "",
    "status" : "passed",
    "steps" : [ ],
    "attachments" : [ ],
    "parameters" : [ ],
    "stepsCount" : 0,
    "attachmentsCount" : 0,
    "shouldDisplayMessage" : false,
    "hasContent" : false
  }, {
    "name" : "beforeSuite",
    "time" : {
      "start" : 1643141409673,
      "stop" : 1643141409673,
      "duration" : 0
    },
    "description" : "",
    "status" : "passed",
    "steps" : [ ],
    "attachments" : [ ],
    "parameters" : [ ],
    "stepsCount" : 0,
    "attachmentsCount" : 0,
    "shouldDisplayMessage" : false,
    "hasContent" : false
  } ],
  "testStage" : {
    "description" : "Verify that sorting by rating for advanced search works correctly (In descending order)",
    "status" : "broken",
    "statusMessage" : "no such element: Unable to locate element: {\"method\":\"xpath\",\"selector\":\"//li[@title='Next Page']/preceding-sibling::*[1]\"}\n  (Session info: chrome=97.0.4692.71)\nFor documentation on this error, please visit: https://selenium.dev/exceptions/#no_such_element\nBuild info: version: '4.1.0', revision: '87802e897b'\nSystem info: host: 'fv-az203-521', ip: '10.1.0.58', os.name: 'Linux', os.arch: 'amd64', os.version: '5.11.0-1027-azure', java.version: '1.8.0_292'\nDriver info: org.openqa.selenium.chrome.ChromeDriver\nCommand: [9c54116d32e79a086e57e97a66992ab7, findElement {using=xpath, value=//li[@title='Next Page']/preceding-sibling::*[1]}]\nCapabilities {acceptInsecureCerts: false, browserName: chrome, browserVersion: 97.0.4692.71, chrome: {chromedriverVersion: 97.0.4692.71 (adefa7837d02a..., userDataDir: /tmp/.com.google.Chrome.n2FUKy}, goog:chromeOptions: {debuggerAddress: localhost:33325}, javascriptEnabled: true, networkConnectionEnabled: false, pageLoadStrategy: normal, platform: LINUX, platformName: LINUX, proxy: Proxy(), se:cdp: ws://localhost:33325/devtoo..., se:cdpVersion: 97.0.4692.71, setWindowRect: true, strictFileInteractability: false, timeouts: {implicit: 0, pageLoad: 300000, script: 30000}, unhandledPromptBehavior: dismiss and notify, webauthn:extension:credBlob: true, webauthn:extension:largeBlob: true, webauthn:virtualAuthenticators: true}\nSession ID: 9c54116d32e79a086e57e97a66992ab7",
    "statusTrace" : "org.openqa.selenium.NoSuchElementException: no such element: Unable to locate element: {\"method\":\"xpath\",\"selector\":\"//li[@title='Next Page']/preceding-sibling::*[1]\"}\n  (Session info: chrome=97.0.4692.71)\nFor documentation on this error, please visit: https://selenium.dev/exceptions/#no_such_element\nBuild info: version: '4.1.0', revision: '87802e897b'\nSystem info: host: 'fv-az203-521', ip: '10.1.0.58', os.name: 'Linux', os.arch: 'amd64', os.version: '5.11.0-1027-azure', java.version: '1.8.0_292'\nDriver info: org.openqa.selenium.chrome.ChromeDriver\nCommand: [9c54116d32e79a086e57e97a66992ab7, findElement {using=xpath, value=//li[@title='Next Page']/preceding-sibling::*[1]}]\nCapabilities {acceptInsecureCerts: false, browserName: chrome, browserVersion: 97.0.4692.71, chrome: {chromedriverVersion: 97.0.4692.71 (adefa7837d02a..., userDataDir: /tmp/.com.google.Chrome.n2FUKy}, goog:chromeOptions: {debuggerAddress: localhost:33325}, javascriptEnabled: true, networkConnectionEnabled: false, pageLoadStrategy: normal, platform: LINUX, platformName: LINUX, proxy: Proxy(), se:cdp: ws://localhost:33325/devtoo..., se:cdpVersion: 97.0.4692.71, setWindowRect: true, strictFileInteractability: false, timeouts: {implicit: 0, pageLoad: 300000, script: 30000}, unhandledPromptBehavior: dismiss and notify, webauthn:extension:credBlob: true, webauthn:extension:largeBlob: true, webauthn:virtualAuthenticators: true}\nSession ID: 9c54116d32e79a086e57e97a66992ab7\n\tat sun.reflect.NativeConstructorAccessorImpl.newInstance0(Native Method)\n\tat sun.reflect.NativeConstructorAccessorImpl.newInstance(NativeConstructorAccessorImpl.java:62)\n\tat sun.reflect.DelegatingConstructorAccessorImpl.newInstance(DelegatingConstructorAccessorImpl.java:45)\n\tat java.lang.reflect.Constructor.newInstance(Constructor.java:423)\n\tat org.openqa.selenium.remote.codec.w3c.W3CHttpResponseCodec.createException(W3CHttpResponseCodec.java:200)\n\tat org.openqa.selenium.remote.codec.w3c.W3CHttpResponseCodec.decode(W3CHttpResponseCodec.java:133)\n\tat org.openqa.selenium.remote.codec.w3c.W3CHttpResponseCodec.decode(W3CHttpResponseCodec.java:53)\n\tat org.openqa.selenium.remote.HttpCommandExecutor.execute(HttpCommandExecutor.java:184)\n\tat org.openqa.selenium.remote.service.DriverCommandExecutor.invokeExecute(DriverCommandExecutor.java:164)\n\tat org.openqa.selenium.remote.service.DriverCommandExecutor.execute(DriverCommandExecutor.java:139)\n\tat org.openqa.selenium.remote.RemoteWebDriver.execute(RemoteWebDriver.java:559)\n\tat org.openqa.selenium.remote.ElementLocation$ElementFinder$2.findElement(ElementLocation.java:162)\n\tat org.openqa.selenium.remote.ElementLocation.findElement(ElementLocation.java:60)\n\tat org.openqa.selenium.remote.RemoteWebDriver.findElement(RemoteWebDriver.java:383)\n\tat org.openqa.selenium.remote.RemoteWebDriver.findElement(RemoteWebDriver.java:375)\n\tat org.openqa.selenium.support.pagefactory.DefaultElementLocator.findElement(DefaultElementLocator.java:70)\n\tat com.ita.edu.teachua.ui.pagefactory.ElementHandler.invoke(ElementHandler.java:32)\n\tat com.sun.proxy.$Proxy42.getInnerText(Unknown Source)\n\tat com.ita.edu.teachua.ui.pages.advanced_search.AdvancedSearchPage.getNumberOfPagesWithClubs(AdvancedSearchPage.java:367)\n\tat com.ita.edu.teachua.ui.tests.AdvancedSearchTest.getRatingsFromAllPages(AdvancedSearchTest.java:244)\n\tat com.ita.edu.teachua.ui.tests.AdvancedSearchTest.checkSortingClubsByRatingInDescendingOrder(AdvancedSearchTest.java:237)\n\tat sun.reflect.NativeMethodAccessorImpl.invoke0(Native Method)\n\tat sun.reflect.NativeMethodAccessorImpl.invoke(NativeMethodAccessorImpl.java:62)\n\tat sun.reflect.DelegatingMethodAccessorImpl.invoke(DelegatingMethodAccessorImpl.java:43)\n\tat java.lang.reflect.Method.invoke(Method.java:498)\n\tat org.testng.internal.MethodInvocationHelper.invokeMethod(MethodInvocationHelper.java:133)\n\tat org.testng.internal.TestInvoker.invokeMethod(TestInvoker.java:598)\n\tat org.testng.internal.TestInvoker.invokeTestMethod(TestInvoker.java:173)\n\tat org.testng.internal.MethodRunner.runInSequence(MethodRunner.java:46)\n\tat org.testng.internal.TestInvoker$MethodInvocationAgent.invoke(TestInvoker.java:824)\n\tat org.testng.internal.TestInvoker.invokeTestMethods(TestInvoker.java:146)\n\tat org.testng.internal.TestMethodWorker.invokeTestMethods(TestMethodWorker.java:146)\n\tat org.testng.internal.TestMethodWorker.run(TestMethodWorker.java:128)\n\tat java.util.ArrayList.forEach(ArrayList.java:1259)\n\tat org.testng.TestRunner.privateRun(TestRunner.java:794)\n\tat org.testng.TestRunner.run(TestRunner.java:596)\n\tat org.testng.SuiteRunner.runTest(SuiteRunner.java:377)\n\tat org.testng.SuiteRunner.access$000(SuiteRunner.java:28)\n\tat org.testng.SuiteRunner$SuiteWorker.run(SuiteRunner.java:418)\n\tat org.testng.internal.thread.ThreadUtil.lambda$execute$0(ThreadUtil.java:64)\n\tat java.util.concurrent.FutureTask.run(FutureTask.java:266)\n\tat java.util.concurrent.ThreadPoolExecutor.runWorker(ThreadPoolExecutor.java:1149)\n\tat java.util.concurrent.ThreadPoolExecutor$Worker.run(ThreadPoolExecutor.java:624)\n\tat java.lang.Thread.run(Thread.java:748)\n",
    "steps" : [ {
      "name" : "Click on 'Розширений пошук' icon",
      "time" : {
        "start" : 1643141769410,
        "stop" : 1643141769601,
        "duration" : 191
      },
      "status" : "passed",
      "steps" : [ ],
      "attachments" : [ ],
      "parameters" : [ ],
      "stepsCount" : 0,
      "attachmentsCount" : 0,
      "shouldDisplayMessage" : false,
      "hasContent" : false
    }, {
      "name" : "Click on 'за рейтингом' to sort clubs by rating in descending order",
      "time" : {
        "start" : 1643141769601,
        "stop" : 1643141770689,
        "duration" : 1088
      },
      "status" : "passed",
      "steps" : [ ],
      "attachments" : [ ],
      "parameters" : [ ],
      "stepsCount" : 0,
      "attachmentsCount" : 0,
      "shouldDisplayMessage" : false,
      "hasContent" : false
    }, {
      "name" : "Click on arrow up to sort clubs in descending order",
      "time" : {
        "start" : 1643141770689,
        "stop" : 1643141771768,
        "duration" : 1079
      },
      "status" : "passed",
      "steps" : [ ],
      "attachments" : [ ],
      "parameters" : [ ],
      "stepsCount" : 0,
      "attachmentsCount" : 0,
      "shouldDisplayMessage" : false,
      "hasContent" : false
    }, {
      "name" : "Get number of pages with clubs",
      "time" : {
        "start" : 1643141771768,
        "stop" : 1643141782803,
        "duration" : 11035
      },
      "status" : "broken",
      "statusMessage" : "no such element: Unable to locate element: {\"method\":\"xpath\",\"selector\":\"//li[@title='Next Page']/preceding-sibling::*[1]\"}\n  (Session info: chrome=97.0.4692.71)\nFor documentation on this error, please visit: https://selenium.dev/exceptions/#no_such_element\nBuild info: version: '4.1.0', revision: '87802e897b'\nSystem info: host: 'fv-az203-521', ip: '10.1.0.58', os.name: 'Linux', os.arch: 'amd64', os.version: '5.11.0-1027-azure', java.version: '1.8.0_292'\nDriver info: org.openqa.selenium.chrome.ChromeDriver\nCommand: [9c54116d32e79a086e57e97a66992ab7, findElement {using=xpath, value=//li[@title='Next Page']/preceding-sibling::*[1]}]\nCapabilities {acceptInsecureCerts: false, browserName: chrome, browserVersion: 97.0.4692.71, chrome: {chromedriverVersion: 97.0.4692.71 (adefa7837d02a..., userDataDir: /tmp/.com.google.Chrome.n2FUKy}, goog:chromeOptions: {debuggerAddress: localhost:33325}, javascriptEnabled: true, networkConnectionEnabled: false, pageLoadStrategy: normal, platform: LINUX, platformName: LINUX, proxy: Proxy(), se:cdp: ws://localhost:33325/devtoo..., se:cdpVersion: 97.0.4692.71, setWindowRect: true, strictFileInteractability: false, timeouts: {implicit: 0, pageLoad: 300000, script: 30000}, unhandledPromptBehavior: dismiss and notify, webauthn:extension:credBlob: true, webauthn:extension:largeBlob: true, webauthn:virtualAuthenticators: true}\nSession ID: 9c54116d32e79a086e57e97a66992ab7",
      "statusTrace" : "org.openqa.selenium.NoSuchElementException: no such element: Unable to locate element: {\"method\":\"xpath\",\"selector\":\"//li[@title='Next Page']/preceding-sibling::*[1]\"}\n  (Session info: chrome=97.0.4692.71)\nFor documentation on this error, please visit: https://selenium.dev/exceptions/#no_such_element\nBuild info: version: '4.1.0', revision: '87802e897b'\nSystem info: host: 'fv-az203-521', ip: '10.1.0.58', os.name: 'Linux', os.arch: 'amd64', os.version: '5.11.0-1027-azure', java.version: '1.8.0_292'\nDriver info: org.openqa.selenium.chrome.ChromeDriver\nCommand: [9c54116d32e79a086e57e97a66992ab7, findElement {using=xpath, value=//li[@title='Next Page']/preceding-sibling::*[1]}]\nCapabilities {acceptInsecureCerts: false, browserName: chrome, browserVersion: 97.0.4692.71, chrome: {chromedriverVersion: 97.0.4692.71 (adefa7837d02a..., userDataDir: /tmp/.com.google.Chrome.n2FUKy}, goog:chromeOptions: {debuggerAddress: localhost:33325}, javascriptEnabled: true, networkConnectionEnabled: false, pageLoadStrategy: normal, platform: LINUX, platformName: LINUX, proxy: Proxy(), se:cdp: ws://localhost:33325/devtoo..., se:cdpVersion: 97.0.4692.71, setWindowRect: true, strictFileInteractability: false, timeouts: {implicit: 0, pageLoad: 300000, script: 30000}, unhandledPromptBehavior: dismiss and notify, webauthn:extension:credBlob: true, webauthn:extension:largeBlob: true, webauthn:virtualAuthenticators: true}\nSession ID: 9c54116d32e79a086e57e97a66992ab7\n\tat sun.reflect.NativeConstructorAccessorImpl.newInstance0(Native Method)\n\tat sun.reflect.NativeConstructorAccessorImpl.newInstance(NativeConstructorAccessorImpl.java:62)\n\tat sun.reflect.DelegatingConstructorAccessorImpl.newInstance(DelegatingConstructorAccessorImpl.java:45)\n\tat java.lang.reflect.Constructor.newInstance(Constructor.java:423)\n\tat org.openqa.selenium.remote.codec.w3c.W3CHttpResponseCodec.createException(W3CHttpResponseCodec.java:200)\n\tat org.openqa.selenium.remote.codec.w3c.W3CHttpResponseCodec.decode(W3CHttpResponseCodec.java:133)\n\tat org.openqa.selenium.remote.codec.w3c.W3CHttpResponseCodec.decode(W3CHttpResponseCodec.java:53)\n\tat org.openqa.selenium.remote.HttpCommandExecutor.execute(HttpCommandExecutor.java:184)\n\tat org.openqa.selenium.remote.service.DriverCommandExecutor.invokeExecute(DriverCommandExecutor.java:164)\n\tat org.openqa.selenium.remote.service.DriverCommandExecutor.execute(DriverCommandExecutor.java:139)\n\tat org.openqa.selenium.remote.RemoteWebDriver.execute(RemoteWebDriver.java:559)\n\tat org.openqa.selenium.remote.ElementLocation$ElementFinder$2.findElement(ElementLocation.java:162)\n\tat org.openqa.selenium.remote.ElementLocation.findElement(ElementLocation.java:60)\n\tat org.openqa.selenium.remote.RemoteWebDriver.findElement(RemoteWebDriver.java:383)\n\tat org.openqa.selenium.remote.RemoteWebDriver.findElement(RemoteWebDriver.java:375)\n\tat org.openqa.selenium.support.pagefactory.DefaultElementLocator.findElement(DefaultElementLocator.java:70)\n\tat com.ita.edu.teachua.ui.pagefactory.ElementHandler.invoke(ElementHandler.java:32)\n\tat com.sun.proxy.$Proxy42.getInnerText(Unknown Source)\n\tat com.ita.edu.teachua.ui.pages.advanced_search.AdvancedSearchPage.getNumberOfPagesWithClubs(AdvancedSearchPage.java:367)\n\tat com.ita.edu.teachua.ui.tests.AdvancedSearchTest.getRatingsFromAllPages(AdvancedSearchTest.java:244)\n\tat com.ita.edu.teachua.ui.tests.AdvancedSearchTest.checkSortingClubsByRatingInDescendingOrder(AdvancedSearchTest.java:237)\n\tat sun.reflect.NativeMethodAccessorImpl.invoke0(Native Method)\n\tat sun.reflect.NativeMethodAccessorImpl.invoke(NativeMethodAccessorImpl.java:62)\n\tat sun.reflect.DelegatingMethodAccessorImpl.invoke(DelegatingMethodAccessorImpl.java:43)\n\tat java.lang.reflect.Method.invoke(Method.java:498)\n\tat org.testng.internal.MethodInvocationHelper.invokeMethod(MethodInvocationHelper.java:133)\n\tat org.testng.internal.TestInvoker.invokeMethod(TestInvoker.java:598)\n\tat org.testng.internal.TestInvoker.invokeTestMethod(TestInvoker.java:173)\n\tat org.testng.internal.MethodRunner.runInSequence(MethodRunner.java:46)\n\tat org.testng.internal.TestInvoker$MethodInvocationAgent.invoke(TestInvoker.java:824)\n\tat org.testng.internal.TestInvoker.invokeTestMethods(TestInvoker.java:146)\n\tat org.testng.internal.TestMethodWorker.invokeTestMethods(TestMethodWorker.java:146)\n\tat org.testng.internal.TestMethodWorker.run(TestMethodWorker.java:128)\n\tat java.util.ArrayList.forEach(ArrayList.java:1259)\n\tat org.testng.TestRunner.privateRun(TestRunner.java:794)\n\tat org.testng.TestRunner.run(TestRunner.java:596)\n\tat org.testng.SuiteRunner.runTest(SuiteRunner.java:377)\n\tat org.testng.SuiteRunner.access$000(SuiteRunner.java:28)\n\tat org.testng.SuiteRunner$SuiteWorker.run(SuiteRunner.java:418)\n\tat org.testng.internal.thread.ThreadUtil.lambda$execute$0(ThreadUtil.java:64)\n\tat java.util.concurrent.FutureTask.run(FutureTask.java:266)\n\tat java.util.concurrent.ThreadPoolExecutor.runWorker(ThreadPoolExecutor.java:1149)\n\tat java.util.concurrent.ThreadPoolExecutor$Worker.run(ThreadPoolExecutor.java:624)\n\tat java.lang.Thread.run(Thread.java:748)\n",
      "steps" : [ ],
      "attachments" : [ ],
      "parameters" : [ ],
      "stepsCount" : 0,
      "attachmentsCount" : 0,
      "shouldDisplayMessage" : true,
      "hasContent" : true
    } ],
    "attachments" : [ {
      "uid" : "249cabd2533f67af",
      "name" : "Logs for thread 14",
      "source" : "249cabd2533f67af.log",
      "type" : "text/plain",
      "size" : 4
    }, {
      "uid" : "5ab40d5faf5e5874",
      "name" : "Page screenshot",
      "source" : "5ab40d5faf5e5874.png",
      "type" : "image/png",
      "size" : 157271
    } ],
    "parameters" : [ ],
    "stepsCount" : 4,
    "attachmentsCount" : 2,
    "shouldDisplayMessage" : false,
    "hasContent" : true
  },
  "afterStages" : [ {
    "name" : "afterMethod",
    "time" : {
      "start" : 1643141783040,
      "stop" : 1643141783111,
      "duration" : 71
    },
    "description" : "",
    "status" : "passed",
    "steps" : [ ],
    "attachments" : [ ],
    "parameters" : [ ],
    "stepsCount" : 0,
    "attachmentsCount" : 0,
    "shouldDisplayMessage" : false,
    "hasContent" : false
  } ],
  "labels" : [ {
    "name" : "package",
    "value" : "com.ita.edu.teachua.ui.tests.AdvancedSearchTest"
  }, {
    "name" : "testClass",
    "value" : "com.ita.edu.teachua.ui.tests.AdvancedSearchTest"
  }, {
    "name" : "testMethod",
    "value" : "checkSortingClubsByRatingInDescendingOrder"
  }, {
    "name" : "parentSuite",
    "value" : "Test Suite"
  }, {
    "name" : "suite",
    "value" : "UI Tests"
  }, {
    "name" : "subSuite",
    "value" : "com.ita.edu.teachua.ui.tests.AdvancedSearchTest"
  }, {
    "name" : "host",
    "value" : "fv-az203-521"
  }, {
    "name" : "thread",
    "value" : "2952@fv-az203-521.TestNG-tests-2(14)"
  }, {
    "name" : "framework",
    "value" : "testng"
  }, {
    "name" : "language",
    "value" : "java"
  }, {
    "name" : "resultFormat",
    "value" : "allure2"
  } ],
  "parameters" : [ ],
  "links" : [ {
    "name" : "TUA-103",
    "type" : "issue"
  } ],
  "hidden" : false,
  "retry" : false,
  "extra" : {
    "severity" : "normal",
    "retries" : [ ],
    "categories" : [ {
      "name" : "Test defects",
      "matchedStatuses" : [ ],
      "flaky" : false
    } ],
    "history" : {
      "statistic" : {
        "failed" : 3,
        "broken" : 7,
        "skipped" : 0,
        "passed" : 45,
        "unknown" : 0,
        "total" : 55
      },
      "items" : [ {
        "uid" : "f98787a2ca0ce0a4",
        "reportUrl" : "https://ita-social-projects.github.io/TeachUA_TA/91//#testresult/f98787a2ca0ce0a4",
        "status" : "broken",
        "statusDetails" : "no such element: Unable to locate element: {\"method\":\"xpath\",\"selector\":\"//li[@title='Next Page']/preceding-sibling::*[1]\"}\n  (Session info: chrome=97.0.4692.71)\nFor documentation on this error, please visit: https://selenium.dev/exceptions/#no_such_element\nBuild info: version: '4.1.0', revision: '87802e897b'\nSystem info: host: 'fv-az202-534', ip: '10.1.0.105', os.name: 'Linux', os.arch: 'amd64', os.version: '5.11.0-1027-azure', java.version: '1.8.0_292'\nDriver info: org.openqa.selenium.chrome.ChromeDriver\nCommand: [3eb5416f26fa26b70a5260f38fcdd630, findElement {using=xpath, value=//li[@title='Next Page']/preceding-sibling::*[1]}]\nCapabilities {acceptInsecureCerts: false, browserName: chrome, browserVersion: 97.0.4692.71, chrome: {chromedriverVersion: 97.0.4692.71 (adefa7837d02a..., userDataDir: /tmp/.com.google.Chrome.Kad83E}, goog:chromeOptions: {debuggerAddress: localhost:33027}, javascriptEnabled: true, networkConnectionEnabled: false, pageLoadStrategy: normal, platform: LINUX, platformName: LINUX, proxy: Proxy(), se:cdp: ws://localhost:33027/devtoo..., se:cdpVersion: 97.0.4692.71, setWindowRect: true, strictFileInteractability: false, timeouts: {implicit: 0, pageLoad: 300000, script: 30000}, unhandledPromptBehavior: dismiss and notify, webauthn:extension:credBlob: true, webauthn:extension:largeBlob: true, webauthn:virtualAuthenticators: true}\nSession ID: 3eb5416f26fa26b70a5260f38fcdd630",
        "time" : {
          "start" : 1643141694179,
          "stop" : 1643141707701,
          "duration" : 13522
        }
      }, {
        "uid" : "319ff9029a4e20e8",
        "reportUrl" : "https://ita-social-projects.github.io/TeachUA_TA/90//#testresult/319ff9029a4e20e8",
        "status" : "passed",
        "time" : {
          "start" : 1643141421661,
          "stop" : 1643141484835,
          "duration" : 63174
        }
      }, {
        "uid" : "de531c7a058cfba4",
        "reportUrl" : "https://ita-social-projects.github.io/TeachUA_TA/85//#testresult/de531c7a058cfba4",
        "status" : "passed",
        "time" : {
          "start" : 1643140826514,
          "stop" : 1643140883759,
          "duration" : 57245
        }
      }, {
        "uid" : "258628d35c8c3326",
        "reportUrl" : "https://ita-social-projects.github.io/TeachUA_TA/84//#testresult/258628d35c8c3326",
        "status" : "passed",
        "time" : {
          "start" : 1643140050148,
          "stop" : 1643140107877,
          "duration" : 57729
        }
      }, {
        "uid" : "ea6e4ac5859b205d",
        "reportUrl" : "https://ita-social-projects.github.io/TeachUA_TA/83//#testresult/ea6e4ac5859b205d",
        "status" : "passed",
        "time" : {
          "start" : 1643139439805,
          "stop" : 1643139497513,
          "duration" : 57708
        }
      }, {
        "uid" : "9bd846ef8f90ad70",
        "reportUrl" : "https://ita-social-projects.github.io/TeachUA_TA/82//#testresult/9bd846ef8f90ad70",
        "status" : "passed",
        "time" : {
          "start" : 1643138463034,
          "stop" : 1643138520269,
          "duration" : 57235
        }
      }, {
        "uid" : "2eea69c02b156605",
        "reportUrl" : "https://ita-social-projects.github.io/TeachUA_TA/81//#testresult/2eea69c02b156605",
        "status" : "passed",
        "time" : {
          "start" : 1643138284919,
          "stop" : 1643138343095,
          "duration" : 58176
        }
      }, {
        "uid" : "92a099c0ee97e925",
        "reportUrl" : "https://ita-social-projects.github.io/TeachUA_TA/80//#testresult/92a099c0ee97e925",
        "status" : "passed",
        "time" : {
          "start" : 1643137137767,
          "stop" : 1643137195097,
          "duration" : 57330
        }
      }, {
        "uid" : "964b23b4828c15c7",
        "reportUrl" : "https://ita-social-projects.github.io/TeachUA_TA/79//#testresult/964b23b4828c15c7",
        "status" : "passed",
        "time" : {
          "start" : 1643137062120,
          "stop" : 1643137119605,
          "duration" : 57485
        }
      }, {
        "uid" : "170db68cb7f77563",
        "reportUrl" : "https://ita-social-projects.github.io/TeachUA_TA/78//#testresult/170db68cb7f77563",
        "status" : "broken",
        "statusDetails" : "no such element: Unable to locate element: {\"method\":\"xpath\",\"selector\":\"//span[contains(text(),'за рейтингом')]\"}\n  (Session info: chrome=97.0.4692.71)\nFor documentation on this error, please visit: https://selenium.dev/exceptions/#no_such_element\nBuild info: version: '4.1.0', revision: '87802e897b'\nSystem info: host: 'fv-az203-521', ip: '10.1.0.213', os.name: 'Linux', os.arch: 'amd64', os.version: '5.11.0-1027-azure', java.version: '1.8.0_292'\nDriver info: org.openqa.selenium.chrome.ChromeDriver\nCommand: [4bfc269c8e61f4f9500862f35ed1b656, findElement {using=xpath, value=//span[contains(text(),'за рейтингом')]}]\nCapabilities {acceptInsecureCerts: false, browserName: chrome, browserVersion: 97.0.4692.71, chrome: {chromedriverVersion: 97.0.4692.71 (adefa7837d02a..., userDataDir: /tmp/.com.google.Chrome.DLTfux}, goog:chromeOptions: {debuggerAddress: localhost:39119}, javascriptEnabled: true, networkConnectionEnabled: false, pageLoadStrategy: normal, platform: LINUX, platformName: LINUX, proxy: Proxy(), se:cdp: ws://localhost:39119/devtoo..., se:cdpVersion: 97.0.4692.71, setWindowRect: true, strictFileInteractability: false, timeouts: {implicit: 0, pageLoad: 300000, script: 30000}, unhandledPromptBehavior: dismiss and notify, webauthn:extension:credBlob: true, webauthn:extension:largeBlob: true, webauthn:virtualAuthenticators: true}\nSession ID: 4bfc269c8e61f4f9500862f35ed1b656",
        "time" : {
          "start" : 1643136153887,
          "stop" : 1643136165307,
          "duration" : 11420
        }
      }, {
        "uid" : "3911dbc4d383fcb0",
        "reportUrl" : "https://ita-social-projects.github.io/TeachUA_TA/77//#testresult/3911dbc4d383fcb0",
        "status" : "passed",
        "time" : {
          "start" : 1643134315954,
          "stop" : 1643134373289,
          "duration" : 57335
        }
      }, {
        "uid" : "230363b6854f5cf3",
        "reportUrl" : "https://ita-social-projects.github.io/TeachUA_TA/76//#testresult/230363b6854f5cf3",
        "status" : "passed",
        "time" : {
          "start" : 1643133650952,
          "stop" : 1643133708159,
          "duration" : 57207
        }
      }, {
        "uid" : "9caaa5a2de8e302c",
        "reportUrl" : "https://ita-social-projects.github.io/TeachUA_TA/74//#testresult/9caaa5a2de8e302c",
        "status" : "passed",
        "time" : {
          "start" : 1643130472600,
          "stop" : 1643130529912,
          "duration" : 57312
        }
      }, {
        "uid" : "f7d6af1e4759f02c",
        "reportUrl" : "https://ita-social-projects.github.io/TeachUA_TA/75//#testresult/f7d6af1e4759f02c",
        "status" : "passed",
        "time" : {
          "start" : 1643130420979,
          "stop" : 1643130478078,
          "duration" : 57099
        }
      }, {
        "uid" : "bc0b45cf754fb43e",
        "reportUrl" : "https://ita-social-projects.github.io/TeachUA_TA/73//#testresult/bc0b45cf754fb43e",
        "status" : "passed",
        "time" : {
          "start" : 1643129485128,
          "stop" : 1643129542832,
          "duration" : 57704
        }
      }, {
        "uid" : "fdafb60c08a802bd",
        "reportUrl" : "https://ita-social-projects.github.io/TeachUA_TA/72//#testresult/fdafb60c08a802bd",
        "status" : "passed",
        "time" : {
          "start" : 1643129313561,
          "stop" : 1643129370989,
          "duration" : 57428
        }
      }, {
        "uid" : "fe312692ed228851",
        "reportUrl" : "https://ita-social-projects.github.io/TeachUA_TA/71//#testresult/fe312692ed228851",
        "status" : "passed",
        "time" : {
          "start" : 1643129291804,
          "stop" : 1643129349724,
          "duration" : 57920
        }
      }, {
        "uid" : "41ed0b1d5c5b702d",
        "reportUrl" : "https://ita-social-projects.github.io/TeachUA_TA/70//#testresult/41ed0b1d5c5b702d",
        "status" : "passed",
        "time" : {
          "start" : 1643122862840,
          "stop" : 1643122892783,
          "duration" : 29943
        }
      }, {
        "uid" : "8267d1a192d48680",
        "reportUrl" : "https://ita-social-projects.github.io/TeachUA_TA/69//#testresult/8267d1a192d48680",
        "status" : "passed",
        "time" : {
          "start" : 1643122843397,
          "stop" : 1643122874102,
          "duration" : 30705
        }
      }, {
        "uid" : "37a1065c0ccb5908",
        "reportUrl" : "https://ita-social-projects.github.io/TeachUA_TA/68//#testresult/37a1065c0ccb5908",
        "status" : "passed",
        "time" : {
          "start" : 1643108839717,
          "stop" : 1643108872502,
          "duration" : 32785
        }
      } ]
    },
    "tags" : [ ]
  },
  "source" : "e54650d7e0e879c8.json",
  "parameterValues" : [ ]
}