{
  "uid" : "d2b4aaf72895ac33",
  "name" : "TUA-159",
  "fullName" : "com.ita.edu.teachua.ui.tests.OwnerProfileTest.addLocationWithValidDataOfMandatoryFields",
  "historyId" : "76a4c1037bfaf6d005d723885bef1335",
  "time" : {
    "start" : 1642773020916,
    "stop" : 1642773030993,
    "duration" : 10077
  },
  "description" : "Verify that a user can add location to the list of locations after filling in only mandatory fields with valid data",
  "descriptionHtml" : "<p>Verify that a user can add location to the list of locations after filling in only mandatory fields with valid data</p>\n",
  "status" : "broken",
  "statusMessage" : "element not interactable: element has zero size\n  (Session info: chrome=97.0.4692.71)\nBuild info: version: '4.1.0', revision: '87802e897b'\nSystem info: host: 'fv-az77-149', ip: '10.1.0.131', os.name: 'Linux', os.arch: 'amd64', os.version: '5.11.0-1025-azure', java.version: '1.8.0_292'\nDriver info: org.openqa.selenium.chrome.ChromeDriver\nCommand: [a3370c6928d80f4db0f91f6b6b957f78, clickElement {id=9e46ace8-ba59-4a38-afef-96f901217b89}]\nCapabilities {acceptInsecureCerts: false, browserName: chrome, browserVersion: 97.0.4692.71, chrome: {chromedriverVersion: 97.0.4692.71 (adefa7837d02a..., userDataDir: /tmp/.com.google.Chrome.Tf0ZbN}, goog:chromeOptions: {debuggerAddress: localhost:45629}, javascriptEnabled: true, networkConnectionEnabled: false, pageLoadStrategy: normal, platform: LINUX, platformName: LINUX, proxy: Proxy(), se:cdp: ws://localhost:45629/devtoo..., se:cdpVersion: 97.0.4692.71, setWindowRect: true, strictFileInteractability: false, timeouts: {implicit: 0, pageLoad: 300000, script: 30000}, unhandledPromptBehavior: dismiss and notify, webauthn:extension:credBlob: true, webauthn:extension:largeBlob: true, webauthn:virtualAuthenticators: true}\nElement: [[ChromeDriver: chrome on LINUX (a3370c6928d80f4db0f91f6b6b957f78)] -> class: add-club-location]\nSession ID: a3370c6928d80f4db0f91f6b6b957f78",
  "statusTrace" : "org.openqa.selenium.ElementNotInteractableException: element not interactable: element has zero size\n  (Session info: chrome=97.0.4692.71)\nBuild info: version: '4.1.0', revision: '87802e897b'\nSystem info: host: 'fv-az77-149', ip: '10.1.0.131', os.name: 'Linux', os.arch: 'amd64', os.version: '5.11.0-1025-azure', java.version: '1.8.0_292'\nDriver info: org.openqa.selenium.chrome.ChromeDriver\nCommand: [a3370c6928d80f4db0f91f6b6b957f78, clickElement {id=9e46ace8-ba59-4a38-afef-96f901217b89}]\nCapabilities {acceptInsecureCerts: false, browserName: chrome, browserVersion: 97.0.4692.71, chrome: {chromedriverVersion: 97.0.4692.71 (adefa7837d02a..., userDataDir: /tmp/.com.google.Chrome.Tf0ZbN}, goog:chromeOptions: {debuggerAddress: localhost:45629}, javascriptEnabled: true, networkConnectionEnabled: false, pageLoadStrategy: normal, platform: LINUX, platformName: LINUX, proxy: Proxy(), se:cdp: ws://localhost:45629/devtoo..., se:cdpVersion: 97.0.4692.71, setWindowRect: true, strictFileInteractability: false, timeouts: {implicit: 0, pageLoad: 300000, script: 30000}, unhandledPromptBehavior: dismiss and notify, webauthn:extension:credBlob: true, webauthn:extension:largeBlob: true, webauthn:virtualAuthenticators: true}\nElement: [[ChromeDriver: chrome on LINUX (a3370c6928d80f4db0f91f6b6b957f78)] -> class: add-club-location]\nSession ID: a3370c6928d80f4db0f91f6b6b957f78\n\tat sun.reflect.NativeConstructorAccessorImpl.newInstance0(Native Method)\n\tat sun.reflect.NativeConstructorAccessorImpl.newInstance(NativeConstructorAccessorImpl.java:62)\n\tat sun.reflect.DelegatingConstructorAccessorImpl.newInstance(DelegatingConstructorAccessorImpl.java:45)\n\tat java.lang.reflect.Constructor.newInstance(Constructor.java:423)\n\tat org.openqa.selenium.remote.codec.w3c.W3CHttpResponseCodec.createException(W3CHttpResponseCodec.java:200)\n\tat org.openqa.selenium.remote.codec.w3c.W3CHttpResponseCodec.decode(W3CHttpResponseCodec.java:133)\n\tat org.openqa.selenium.remote.codec.w3c.W3CHttpResponseCodec.decode(W3CHttpResponseCodec.java:53)\n\tat org.openqa.selenium.remote.HttpCommandExecutor.execute(HttpCommandExecutor.java:184)\n\tat org.openqa.selenium.remote.service.DriverCommandExecutor.invokeExecute(DriverCommandExecutor.java:164)\n\tat org.openqa.selenium.remote.service.DriverCommandExecutor.execute(DriverCommandExecutor.java:139)\n\tat org.openqa.selenium.remote.RemoteWebDriver.execute(RemoteWebDriver.java:559)\n\tat org.openqa.selenium.remote.RemoteWebElement.execute(RemoteWebElement.java:251)\n\tat org.openqa.selenium.remote.RemoteWebElement.click(RemoteWebElement.java:77)\n\tat com.ita.edu.teachua.ui.elements.base_element.BaseElement.click(BaseElement.java:21)\n\tat sun.reflect.GeneratedMethodAccessor62.invoke(Unknown Source)\n\tat sun.reflect.DelegatingMethodAccessorImpl.invoke(DelegatingMethodAccessorImpl.java:43)\n\tat java.lang.reflect.Method.invoke(Method.java:498)\n\tat com.ita.edu.teachua.ui.pagefactory.ElementHandler.invoke(ElementHandler.java:46)\n\tat com.sun.proxy.$Proxy41.click(Unknown Source)\n\tat com.ita.edu.teachua.ui.pages.profile_page.AddCenterPopUpComponent.clickOnAddLocationButton(AddCenterPopUpComponent.java:50)\n\tat com.ita.edu.teachua.ui.tests.OwnerProfileTest.addLocationWithValidDataOfMandatoryFields(OwnerProfileTest.java:386)\n\tat sun.reflect.NativeMethodAccessorImpl.invoke0(Native Method)\n\tat sun.reflect.NativeMethodAccessorImpl.invoke(NativeMethodAccessorImpl.java:62)\n\tat sun.reflect.DelegatingMethodAccessorImpl.invoke(DelegatingMethodAccessorImpl.java:43)\n\tat java.lang.reflect.Method.invoke(Method.java:498)\n\tat org.testng.internal.MethodInvocationHelper.invokeMethod(MethodInvocationHelper.java:133)\n\tat org.testng.internal.TestInvoker.invokeMethod(TestInvoker.java:598)\n\tat org.testng.internal.TestInvoker.invokeTestMethod(TestInvoker.java:173)\n\tat org.testng.internal.MethodRunner.runInSequence(MethodRunner.java:46)\n\tat org.testng.internal.TestInvoker$MethodInvocationAgent.invoke(TestInvoker.java:824)\n\tat org.testng.internal.TestInvoker.invokeTestMethods(TestInvoker.java:146)\n\tat org.testng.internal.TestMethodWorker.invokeTestMethods(TestMethodWorker.java:146)\n\tat org.testng.internal.TestMethodWorker.run(TestMethodWorker.java:128)\n\tat java.util.ArrayList.forEach(ArrayList.java:1259)\n\tat org.testng.TestRunner.privateRun(TestRunner.java:794)\n\tat org.testng.TestRunner.run(TestRunner.java:596)\n\tat org.testng.SuiteRunner.runTest(SuiteRunner.java:377)\n\tat org.testng.SuiteRunner.access$000(SuiteRunner.java:28)\n\tat org.testng.SuiteRunner$SuiteWorker.run(SuiteRunner.java:418)\n\tat org.testng.internal.thread.ThreadUtil.lambda$execute$0(ThreadUtil.java:64)\n\tat java.util.concurrent.FutureTask.run(FutureTask.java:266)\n\tat java.util.concurrent.ThreadPoolExecutor.runWorker(ThreadPoolExecutor.java:1149)\n\tat java.util.concurrent.ThreadPoolExecutor$Worker.run(ThreadPoolExecutor.java:624)\n\tat java.lang.Thread.run(Thread.java:748)\n",
  "flaky" : false,
  "newFailed" : false,
  "beforeStages" : [ {
    "name" : "beforeMethod",
    "time" : {
      "start" : 1642773015527,
      "stop" : 1642773020914,
      "duration" : 5387
    },
    "description" : "",
    "status" : "passed",
    "steps" : [ ],
    "attachments" : [ ],
    "parameters" : [ ],
    "stepsCount" : 0,
    "attachmentsCount" : 0,
    "shouldDisplayMessage" : false,
    "hasContent" : false
  }, {
    "name" : "beforeSuite",
    "time" : {
      "start" : 1642772885076,
      "stop" : 1642772887276,
      "duration" : 2200
    },
    "description" : "",
    "status" : "passed",
    "steps" : [ ],
    "attachments" : [ ],
    "parameters" : [ ],
    "stepsCount" : 0,
    "attachmentsCount" : 0,
    "shouldDisplayMessage" : false,
    "hasContent" : false
  } ],
  "testStage" : {
    "description" : "Verify that a user can add location to the list of locations after filling in only mandatory fields with valid data",
    "status" : "broken",
    "statusMessage" : "element not interactable: element has zero size\n  (Session info: chrome=97.0.4692.71)\nBuild info: version: '4.1.0', revision: '87802e897b'\nSystem info: host: 'fv-az77-149', ip: '10.1.0.131', os.name: 'Linux', os.arch: 'amd64', os.version: '5.11.0-1025-azure', java.version: '1.8.0_292'\nDriver info: org.openqa.selenium.chrome.ChromeDriver\nCommand: [a3370c6928d80f4db0f91f6b6b957f78, clickElement {id=9e46ace8-ba59-4a38-afef-96f901217b89}]\nCapabilities {acceptInsecureCerts: false, browserName: chrome, browserVersion: 97.0.4692.71, chrome: {chromedriverVersion: 97.0.4692.71 (adefa7837d02a..., userDataDir: /tmp/.com.google.Chrome.Tf0ZbN}, goog:chromeOptions: {debuggerAddress: localhost:45629}, javascriptEnabled: true, networkConnectionEnabled: false, pageLoadStrategy: normal, platform: LINUX, platformName: LINUX, proxy: Proxy(), se:cdp: ws://localhost:45629/devtoo..., se:cdpVersion: 97.0.4692.71, setWindowRect: true, strictFileInteractability: false, timeouts: {implicit: 0, pageLoad: 300000, script: 30000}, unhandledPromptBehavior: dismiss and notify, webauthn:extension:credBlob: true, webauthn:extension:largeBlob: true, webauthn:virtualAuthenticators: true}\nElement: [[ChromeDriver: chrome on LINUX (a3370c6928d80f4db0f91f6b6b957f78)] -> class: add-club-location]\nSession ID: a3370c6928d80f4db0f91f6b6b957f78",
    "statusTrace" : "org.openqa.selenium.ElementNotInteractableException: element not interactable: element has zero size\n  (Session info: chrome=97.0.4692.71)\nBuild info: version: '4.1.0', revision: '87802e897b'\nSystem info: host: 'fv-az77-149', ip: '10.1.0.131', os.name: 'Linux', os.arch: 'amd64', os.version: '5.11.0-1025-azure', java.version: '1.8.0_292'\nDriver info: org.openqa.selenium.chrome.ChromeDriver\nCommand: [a3370c6928d80f4db0f91f6b6b957f78, clickElement {id=9e46ace8-ba59-4a38-afef-96f901217b89}]\nCapabilities {acceptInsecureCerts: false, browserName: chrome, browserVersion: 97.0.4692.71, chrome: {chromedriverVersion: 97.0.4692.71 (adefa7837d02a..., userDataDir: /tmp/.com.google.Chrome.Tf0ZbN}, goog:chromeOptions: {debuggerAddress: localhost:45629}, javascriptEnabled: true, networkConnectionEnabled: false, pageLoadStrategy: normal, platform: LINUX, platformName: LINUX, proxy: Proxy(), se:cdp: ws://localhost:45629/devtoo..., se:cdpVersion: 97.0.4692.71, setWindowRect: true, strictFileInteractability: false, timeouts: {implicit: 0, pageLoad: 300000, script: 30000}, unhandledPromptBehavior: dismiss and notify, webauthn:extension:credBlob: true, webauthn:extension:largeBlob: true, webauthn:virtualAuthenticators: true}\nElement: [[ChromeDriver: chrome on LINUX (a3370c6928d80f4db0f91f6b6b957f78)] -> class: add-club-location]\nSession ID: a3370c6928d80f4db0f91f6b6b957f78\n\tat sun.reflect.NativeConstructorAccessorImpl.newInstance0(Native Method)\n\tat sun.reflect.NativeConstructorAccessorImpl.newInstance(NativeConstructorAccessorImpl.java:62)\n\tat sun.reflect.DelegatingConstructorAccessorImpl.newInstance(DelegatingConstructorAccessorImpl.java:45)\n\tat java.lang.reflect.Constructor.newInstance(Constructor.java:423)\n\tat org.openqa.selenium.remote.codec.w3c.W3CHttpResponseCodec.createException(W3CHttpResponseCodec.java:200)\n\tat org.openqa.selenium.remote.codec.w3c.W3CHttpResponseCodec.decode(W3CHttpResponseCodec.java:133)\n\tat org.openqa.selenium.remote.codec.w3c.W3CHttpResponseCodec.decode(W3CHttpResponseCodec.java:53)\n\tat org.openqa.selenium.remote.HttpCommandExecutor.execute(HttpCommandExecutor.java:184)\n\tat org.openqa.selenium.remote.service.DriverCommandExecutor.invokeExecute(DriverCommandExecutor.java:164)\n\tat org.openqa.selenium.remote.service.DriverCommandExecutor.execute(DriverCommandExecutor.java:139)\n\tat org.openqa.selenium.remote.RemoteWebDriver.execute(RemoteWebDriver.java:559)\n\tat org.openqa.selenium.remote.RemoteWebElement.execute(RemoteWebElement.java:251)\n\tat org.openqa.selenium.remote.RemoteWebElement.click(RemoteWebElement.java:77)\n\tat com.ita.edu.teachua.ui.elements.base_element.BaseElement.click(BaseElement.java:21)\n\tat sun.reflect.GeneratedMethodAccessor62.invoke(Unknown Source)\n\tat sun.reflect.DelegatingMethodAccessorImpl.invoke(DelegatingMethodAccessorImpl.java:43)\n\tat java.lang.reflect.Method.invoke(Method.java:498)\n\tat com.ita.edu.teachua.ui.pagefactory.ElementHandler.invoke(ElementHandler.java:46)\n\tat com.sun.proxy.$Proxy41.click(Unknown Source)\n\tat com.ita.edu.teachua.ui.pages.profile_page.AddCenterPopUpComponent.clickOnAddLocationButton(AddCenterPopUpComponent.java:50)\n\tat com.ita.edu.teachua.ui.tests.OwnerProfileTest.addLocationWithValidDataOfMandatoryFields(OwnerProfileTest.java:386)\n\tat sun.reflect.NativeMethodAccessorImpl.invoke0(Native Method)\n\tat sun.reflect.NativeMethodAccessorImpl.invoke(NativeMethodAccessorImpl.java:62)\n\tat sun.reflect.DelegatingMethodAccessorImpl.invoke(DelegatingMethodAccessorImpl.java:43)\n\tat java.lang.reflect.Method.invoke(Method.java:498)\n\tat org.testng.internal.MethodInvocationHelper.invokeMethod(MethodInvocationHelper.java:133)\n\tat org.testng.internal.TestInvoker.invokeMethod(TestInvoker.java:598)\n\tat org.testng.internal.TestInvoker.invokeTestMethod(TestInvoker.java:173)\n\tat org.testng.internal.MethodRunner.runInSequence(MethodRunner.java:46)\n\tat org.testng.internal.TestInvoker$MethodInvocationAgent.invoke(TestInvoker.java:824)\n\tat org.testng.internal.TestInvoker.invokeTestMethods(TestInvoker.java:146)\n\tat org.testng.internal.TestMethodWorker.invokeTestMethods(TestMethodWorker.java:146)\n\tat org.testng.internal.TestMethodWorker.run(TestMethodWorker.java:128)\n\tat java.util.ArrayList.forEach(ArrayList.java:1259)\n\tat org.testng.TestRunner.privateRun(TestRunner.java:794)\n\tat org.testng.TestRunner.run(TestRunner.java:596)\n\tat org.testng.SuiteRunner.runTest(SuiteRunner.java:377)\n\tat org.testng.SuiteRunner.access$000(SuiteRunner.java:28)\n\tat org.testng.SuiteRunner$SuiteWorker.run(SuiteRunner.java:418)\n\tat org.testng.internal.thread.ThreadUtil.lambda$execute$0(ThreadUtil.java:64)\n\tat java.util.concurrent.FutureTask.run(FutureTask.java:266)\n\tat java.util.concurrent.ThreadPoolExecutor.runWorker(ThreadPoolExecutor.java:1149)\n\tat java.util.concurrent.ThreadPoolExecutor$Worker.run(ThreadPoolExecutor.java:624)\n\tat java.lang.Thread.run(Thread.java:748)\n",
    "steps" : [ {
      "name" : "Authorize user with valid email admin@gmail.com and password admin",
      "time" : {
        "start" : 1642773020917,
        "stop" : 1642773024693,
        "duration" : 3776
      },
      "status" : "passed",
      "steps" : [ {
        "name" : "Click on guest dropdown",
        "time" : {
          "start" : 1642773020917,
          "stop" : 1642773021070,
          "duration" : 153
        },
        "status" : "passed",
        "steps" : [ ],
        "attachments" : [ ],
        "parameters" : [ ],
        "stepsCount" : 0,
        "attachmentsCount" : 0,
        "shouldDisplayMessage" : false,
        "hasContent" : false
      }, {
        "name" : "Click on `Увійти` button",
        "time" : {
          "start" : 1642773021070,
          "stop" : 1642773021753,
          "duration" : 683
        },
        "status" : "passed",
        "steps" : [ ],
        "attachments" : [ ],
        "parameters" : [ ],
        "stepsCount" : 0,
        "attachmentsCount" : 0,
        "shouldDisplayMessage" : false,
        "hasContent" : false
      }, {
        "name" : "Set values 'admin@gmail.com'/'admin' for `Емейл` and `Пароль` fields",
        "time" : {
          "start" : 1642773021753,
          "stop" : 1642773024693,
          "duration" : 2940
        },
        "status" : "passed",
        "steps" : [ {
          "name" : "Fill in Password field: 'admin'",
          "time" : {
            "start" : 1642773022501,
            "stop" : 1642773022625,
            "duration" : 124
          },
          "status" : "passed",
          "steps" : [ ],
          "attachments" : [ ],
          "parameters" : [ {
            "name" : "passwordValue",
            "value" : "admin"
          } ],
          "stepsCount" : 0,
          "attachmentsCount" : 0,
          "shouldDisplayMessage" : false,
          "hasContent" : true
        }, {
          "name" : "Click on Submit button",
          "time" : {
            "start" : 1642773022626,
            "stop" : 1642773024692,
            "duration" : 2066
          },
          "status" : "passed",
          "steps" : [ ],
          "attachments" : [ ],
          "parameters" : [ ],
          "stepsCount" : 0,
          "attachmentsCount" : 0,
          "shouldDisplayMessage" : false,
          "hasContent" : false
        } ],
        "attachments" : [ ],
        "parameters" : [ {
          "name" : "email",
          "value" : "admin@gmail.com"
        }, {
          "name" : "password",
          "value" : "admin"
        } ],
        "stepsCount" : 2,
        "attachmentsCount" : 0,
        "shouldDisplayMessage" : false,
        "hasContent" : true
      } ],
      "attachments" : [ ],
      "parameters" : [ {
        "name" : "email",
        "value" : "admin@gmail.com"
      }, {
        "name" : "password",
        "value" : "admin"
      } ],
      "stepsCount" : 5,
      "attachmentsCount" : 0,
      "shouldDisplayMessage" : false,
      "hasContent" : true
    }, {
      "name" : "Click on dropdown for authorized user in top right corner of header",
      "time" : {
        "start" : 1642773024693,
        "stop" : 1642773029185,
        "duration" : 4492
      },
      "status" : "passed",
      "steps" : [ ],
      "attachments" : [ ],
      "parameters" : [ ],
      "stepsCount" : 0,
      "attachmentsCount" : 0,
      "shouldDisplayMessage" : false,
      "hasContent" : false
    }, {
      "name" : "Click on 'Мій профіль' button in dropdown for authorized users",
      "time" : {
        "start" : 1642773029185,
        "stop" : 1642773029652,
        "duration" : 467
      },
      "status" : "passed",
      "steps" : [ ],
      "attachments" : [ ],
      "parameters" : [ ],
      "stepsCount" : 0,
      "attachmentsCount" : 0,
      "shouldDisplayMessage" : false,
      "hasContent" : false
    }, {
      "name" : "Click on 'Додати' button",
      "time" : {
        "start" : 1642773029652,
        "stop" : 1642773029754,
        "duration" : 102
      },
      "status" : "passed",
      "steps" : [ ],
      "attachments" : [ ],
      "parameters" : [ ],
      "stepsCount" : 0,
      "attachmentsCount" : 0,
      "shouldDisplayMessage" : false,
      "hasContent" : false
    }, {
      "name" : "Click on 'Додати центр' button",
      "time" : {
        "start" : 1642773029754,
        "stop" : 1642773030630,
        "duration" : 876
      },
      "status" : "passed",
      "steps" : [ ],
      "attachments" : [ ],
      "parameters" : [ ],
      "stepsCount" : 0,
      "attachmentsCount" : 0,
      "shouldDisplayMessage" : false,
      "hasContent" : false
    }, {
      "name" : "Click on '+Додати локацію' button",
      "time" : {
        "start" : 1642773030631,
        "stop" : 1642773030714,
        "duration" : 83
      },
      "status" : "broken",
      "statusMessage" : "element not interactable: element has zero size\n  (Session info: chrome=97.0.4692.71)\nBuild info: version: '4.1.0', revision: '87802e897b'\nSystem info: host: 'fv-az77-149', ip: '10.1.0.131', os.name: 'Linux', os.arch: 'amd64', os.version: '5.11.0-1025-azure', java.version: '1.8.0_292'\nDriver info: org.openqa.selenium.chrome.ChromeDriver\nCommand: [a3370c6928d80f4db0f91f6b6b957f78, clickElement {id=9e46ace8-ba59-4a38-afef-96f901217b89}]\nCapabilities {acceptInsecureCerts: false, browserName: chrome, browserVersion: 97.0.4692.71, chrome: {chromedriverVersion: 97.0.4692.71 (adefa7837d02a..., userDataDir: /tmp/.com.google.Chrome.Tf0ZbN}, goog:chromeOptions: {debuggerAddress: localhost:45629}, javascriptEnabled: true, networkConnectionEnabled: false, pageLoadStrategy: normal, platform: LINUX, platformName: LINUX, proxy: Proxy(), se:cdp: ws://localhost:45629/devtoo..., se:cdpVersion: 97.0.4692.71, setWindowRect: true, strictFileInteractability: false, timeouts: {implicit: 0, pageLoad: 300000, script: 30000}, unhandledPromptBehavior: dismiss and notify, webauthn:extension:credBlob: true, webauthn:extension:largeBlob: true, webauthn:virtualAuthenticators: true}\nElement: [[ChromeDriver: chrome on LINUX (a3370c6928d80f4db0f91f6b6b957f78)] -> class: add-club-location]\nSession ID: a3370c6928d80f4db0f91f6b6b957f78",
      "statusTrace" : "org.openqa.selenium.ElementNotInteractableException: element not interactable: element has zero size\n  (Session info: chrome=97.0.4692.71)\nBuild info: version: '4.1.0', revision: '87802e897b'\nSystem info: host: 'fv-az77-149', ip: '10.1.0.131', os.name: 'Linux', os.arch: 'amd64', os.version: '5.11.0-1025-azure', java.version: '1.8.0_292'\nDriver info: org.openqa.selenium.chrome.ChromeDriver\nCommand: [a3370c6928d80f4db0f91f6b6b957f78, clickElement {id=9e46ace8-ba59-4a38-afef-96f901217b89}]\nCapabilities {acceptInsecureCerts: false, browserName: chrome, browserVersion: 97.0.4692.71, chrome: {chromedriverVersion: 97.0.4692.71 (adefa7837d02a..., userDataDir: /tmp/.com.google.Chrome.Tf0ZbN}, goog:chromeOptions: {debuggerAddress: localhost:45629}, javascriptEnabled: true, networkConnectionEnabled: false, pageLoadStrategy: normal, platform: LINUX, platformName: LINUX, proxy: Proxy(), se:cdp: ws://localhost:45629/devtoo..., se:cdpVersion: 97.0.4692.71, setWindowRect: true, strictFileInteractability: false, timeouts: {implicit: 0, pageLoad: 300000, script: 30000}, unhandledPromptBehavior: dismiss and notify, webauthn:extension:credBlob: true, webauthn:extension:largeBlob: true, webauthn:virtualAuthenticators: true}\nElement: [[ChromeDriver: chrome on LINUX (a3370c6928d80f4db0f91f6b6b957f78)] -> class: add-club-location]\nSession ID: a3370c6928d80f4db0f91f6b6b957f78\n\tat sun.reflect.NativeConstructorAccessorImpl.newInstance0(Native Method)\n\tat sun.reflect.NativeConstructorAccessorImpl.newInstance(NativeConstructorAccessorImpl.java:62)\n\tat sun.reflect.DelegatingConstructorAccessorImpl.newInstance(DelegatingConstructorAccessorImpl.java:45)\n\tat java.lang.reflect.Constructor.newInstance(Constructor.java:423)\n\tat org.openqa.selenium.remote.codec.w3c.W3CHttpResponseCodec.createException(W3CHttpResponseCodec.java:200)\n\tat org.openqa.selenium.remote.codec.w3c.W3CHttpResponseCodec.decode(W3CHttpResponseCodec.java:133)\n\tat org.openqa.selenium.remote.codec.w3c.W3CHttpResponseCodec.decode(W3CHttpResponseCodec.java:53)\n\tat org.openqa.selenium.remote.HttpCommandExecutor.execute(HttpCommandExecutor.java:184)\n\tat org.openqa.selenium.remote.service.DriverCommandExecutor.invokeExecute(DriverCommandExecutor.java:164)\n\tat org.openqa.selenium.remote.service.DriverCommandExecutor.execute(DriverCommandExecutor.java:139)\n\tat org.openqa.selenium.remote.RemoteWebDriver.execute(RemoteWebDriver.java:559)\n\tat org.openqa.selenium.remote.RemoteWebElement.execute(RemoteWebElement.java:251)\n\tat org.openqa.selenium.remote.RemoteWebElement.click(RemoteWebElement.java:77)\n\tat com.ita.edu.teachua.ui.elements.base_element.BaseElement.click(BaseElement.java:21)\n\tat sun.reflect.GeneratedMethodAccessor62.invoke(Unknown Source)\n\tat sun.reflect.DelegatingMethodAccessorImpl.invoke(DelegatingMethodAccessorImpl.java:43)\n\tat java.lang.reflect.Method.invoke(Method.java:498)\n\tat com.ita.edu.teachua.ui.pagefactory.ElementHandler.invoke(ElementHandler.java:46)\n\tat com.sun.proxy.$Proxy41.click(Unknown Source)\n\tat com.ita.edu.teachua.ui.pages.profile_page.AddCenterPopUpComponent.clickOnAddLocationButton(AddCenterPopUpComponent.java:50)\n\tat com.ita.edu.teachua.ui.tests.OwnerProfileTest.addLocationWithValidDataOfMandatoryFields(OwnerProfileTest.java:386)\n\tat sun.reflect.NativeMethodAccessorImpl.invoke0(Native Method)\n\tat sun.reflect.NativeMethodAccessorImpl.invoke(NativeMethodAccessorImpl.java:62)\n\tat sun.reflect.DelegatingMethodAccessorImpl.invoke(DelegatingMethodAccessorImpl.java:43)\n\tat java.lang.reflect.Method.invoke(Method.java:498)\n\tat org.testng.internal.MethodInvocationHelper.invokeMethod(MethodInvocationHelper.java:133)\n\tat org.testng.internal.TestInvoker.invokeMethod(TestInvoker.java:598)\n\tat org.testng.internal.TestInvoker.invokeTestMethod(TestInvoker.java:173)\n\tat org.testng.internal.MethodRunner.runInSequence(MethodRunner.java:46)\n\tat org.testng.internal.TestInvoker$MethodInvocationAgent.invoke(TestInvoker.java:824)\n\tat org.testng.internal.TestInvoker.invokeTestMethods(TestInvoker.java:146)\n\tat org.testng.internal.TestMethodWorker.invokeTestMethods(TestMethodWorker.java:146)\n\tat org.testng.internal.TestMethodWorker.run(TestMethodWorker.java:128)\n\tat java.util.ArrayList.forEach(ArrayList.java:1259)\n\tat org.testng.TestRunner.privateRun(TestRunner.java:794)\n\tat org.testng.TestRunner.run(TestRunner.java:596)\n\tat org.testng.SuiteRunner.runTest(SuiteRunner.java:377)\n\tat org.testng.SuiteRunner.access$000(SuiteRunner.java:28)\n\tat org.testng.SuiteRunner$SuiteWorker.run(SuiteRunner.java:418)\n\tat org.testng.internal.thread.ThreadUtil.lambda$execute$0(ThreadUtil.java:64)\n\tat java.util.concurrent.FutureTask.run(FutureTask.java:266)\n\tat java.util.concurrent.ThreadPoolExecutor.runWorker(ThreadPoolExecutor.java:1149)\n\tat java.util.concurrent.ThreadPoolExecutor$Worker.run(ThreadPoolExecutor.java:624)\n\tat java.lang.Thread.run(Thread.java:748)\n",
      "steps" : [ ],
      "attachments" : [ ],
      "parameters" : [ ],
      "stepsCount" : 0,
      "attachmentsCount" : 0,
      "shouldDisplayMessage" : true,
      "hasContent" : true
    } ],
    "attachments" : [ {
      "uid" : "8f531d890a9eec68",
      "name" : "Logs for thread 14",
      "source" : "8f531d890a9eec68.log",
      "type" : "text/plain",
      "size" : 4
    }, {
      "uid" : "5e95c98d3f2e31f1",
      "name" : "Page screenshot",
      "source" : "5e95c98d3f2e31f1.png",
      "type" : "image/png",
      "size" : 170423
    } ],
    "parameters" : [ ],
    "stepsCount" : 11,
    "attachmentsCount" : 2,
    "shouldDisplayMessage" : false,
    "hasContent" : true
  },
  "afterStages" : [ {
    "name" : "afterMethod",
    "time" : {
      "start" : 1642773030999,
      "stop" : 1642773031125,
      "duration" : 126
    },
    "description" : "",
    "status" : "passed",
    "steps" : [ ],
    "attachments" : [ ],
    "parameters" : [ ],
    "stepsCount" : 0,
    "attachmentsCount" : 0,
    "shouldDisplayMessage" : false,
    "hasContent" : false
  } ],
  "labels" : [ {
    "name" : "package",
    "value" : "com.ita.edu.teachua.ui.tests.OwnerProfileTest"
  }, {
    "name" : "testClass",
    "value" : "com.ita.edu.teachua.ui.tests.OwnerProfileTest"
  }, {
    "name" : "testMethod",
    "value" : "addLocationWithValidDataOfMandatoryFields"
  }, {
    "name" : "parentSuite",
    "value" : "Test Suite"
  }, {
    "name" : "suite",
    "value" : "UI Tests"
  }, {
    "name" : "subSuite",
    "value" : "com.ita.edu.teachua.ui.tests.OwnerProfileTest"
  }, {
    "name" : "host",
    "value" : "fv-az77-149"
  }, {
    "name" : "thread",
    "value" : "2861@fv-az77-149.TestNG-tests-2(14)"
  }, {
    "name" : "framework",
    "value" : "testng"
  }, {
    "name" : "language",
    "value" : "java"
  }, {
    "name" : "resultFormat",
    "value" : "allure2"
  } ],
  "parameters" : [ {
    "name" : "arg0",
    "value" : "ТестЛокація2"
  }, {
    "name" : "arg1",
    "value" : "Сумська 2/3"
  }, {
    "name" : "arg2",
    "value" : "50.00100346155677, 36.234188917163884"
  }, {
    "name" : "arg3",
    "value" : "0977777777"
  } ],
  "links" : [ {
    "name" : "TUA-159",
    "type" : "issue"
  } ],
  "hidden" : false,
  "retry" : false,
  "extra" : {
    "severity" : "normal",
    "retries" : [ ],
    "categories" : [ {
      "name" : "Test defects",
      "matchedStatuses" : [ ],
      "flaky" : false
    } ],
    "history" : {
      "statistic" : {
        "failed" : 0,
        "broken" : 3,
        "skipped" : 0,
        "passed" : 4,
        "unknown" : 0,
        "total" : 7
      },
      "items" : [ {
        "uid" : "d80a6c2e58278be1",
        "reportUrl" : "https://Lv-648-TAQC-Java-project.github.io/Selenium648PageFactory/39//#testresult/d80a6c2e58278be1",
        "status" : "passed",
        "time" : {
          "start" : 1642769072232,
          "stop" : 1642769091065,
          "duration" : 18833
        }
      }, {
        "uid" : "b152219d8c09407a",
        "reportUrl" : "https://Lv-648-TAQC-Java-project.github.io/Selenium648PageFactory/37//#testresult/b152219d8c09407a",
        "status" : "broken",
        "statusDetails" : "element click intercepted: Element <div class=\"ant-select-item-option-content\">...</div> is not clickable at point (474, 377). Other element would receive the click: <label for=\"stationName\" class=\"\" title=\"...\">Метро/Місцевість</label>\n  (Session info: chrome=97.0.4692.71)\nBuild info: version: '4.1.0', revision: '87802e897b'\nSystem info: host: 'fv-az36-128', ip: '10.1.0.153', os.name: 'Linux', os.arch: 'amd64', os.version: '5.11.0-1025-azure', java.version: '1.8.0_292'\nDriver info: org.openqa.selenium.chrome.ChromeDriver\nCommand: [6139d3380fbd255a55b0d892871fcfbe, clickElement {id=6a4ab122-8ca1-46a2-bd55-d5b58c5ae3e2}]\nCapabilities {acceptInsecureCerts: false, browserName: chrome, browserVersion: 97.0.4692.71, chrome: {chromedriverVersion: 97.0.4692.71 (adefa7837d02a..., userDataDir: /tmp/.com.google.Chrome.W0vyRn}, goog:chromeOptions: {debuggerAddress: localhost:37723}, javascriptEnabled: true, networkConnectionEnabled: false, pageLoadStrategy: normal, platform: LINUX, platformName: LINUX, proxy: Proxy(), se:cdp: ws://localhost:37723/devtoo..., se:cdpVersion: 97.0.4692.71, setWindowRect: true, strictFileInteractability: false, timeouts: {implicit: 0, pageLoad: 300000, script: 30000}, unhandledPromptBehavior: dismiss and notify, webauthn:extension:credBlob: true, webauthn:extension:largeBlob: true, webauthn:virtualAuthenticators: true}\nElement: [[ChromeDriver: chrome on LINUX (6139d3380fbd255a55b0d892871fcfbe)] -> xpath: //div[@class='ant-select-item-option-content'][contains(text(),'Київ')]]\nSession ID: 6139d3380fbd255a55b0d892871fcfbe",
        "time" : {
          "start" : 1642762320028,
          "stop" : 1642762333658,
          "duration" : 13630
        }
      }, {
        "uid" : "f08a0afdbeb97388",
        "reportUrl" : "https://Lv-648-TAQC-Java-project.github.io/Selenium648PageFactory/36//#testresult/f08a0afdbeb97388",
        "status" : "passed",
        "time" : {
          "start" : 1642760811030,
          "stop" : 1642760827932,
          "duration" : 16902
        }
      }, {
        "uid" : "f6bdc3afd17e1a20",
        "reportUrl" : "https://Lv-648-TAQC-Java-project.github.io/Selenium648PageFactory/37//#testresult/f6bdc3afd17e1a20",
        "status" : "passed",
        "time" : {
          "start" : 1642760830402,
          "stop" : 1642760850999,
          "duration" : 20597
        }
      }, {
        "uid" : "f5e943c3e6c22674",
        "reportUrl" : "https://Lv-648-TAQC-Java-project.github.io/Selenium648PageFactory/35//#testresult/f5e943c3e6c22674",
        "status" : "passed",
        "time" : {
          "start" : 1642759908003,
          "stop" : 1642759926431,
          "duration" : 18428
        }
      }, {
        "uid" : "f79e219946f921a8",
        "reportUrl" : "https://Lv-648-TAQC-Java-project.github.io/Selenium648PageFactory/33//#testresult/f79e219946f921a8",
        "status" : "broken",
        "statusDetails" : "no such element: Unable to locate element: {\"method\":\"css selector\",\"selector\":\"#name\"}\n  (Session info: chrome=97.0.4692.71)\nFor documentation on this error, please visit: https://selenium.dev/exceptions/#no_such_element\nBuild info: version: '4.1.0', revision: '87802e897b'\nSystem info: host: 'fv-az121-65', ip: '10.1.0.24', os.name: 'Linux', os.arch: 'amd64', os.version: '5.11.0-1025-azure', java.version: '1.8.0_292'\nDriver info: org.openqa.selenium.chrome.ChromeDriver\nCommand: [2a52fb928d072c86a6d427380d76f8ca, findElement {using=id, value=name}]\nCapabilities {acceptInsecureCerts: false, browserName: chrome, browserVersion: 97.0.4692.71, chrome: {chromedriverVersion: 97.0.4692.71 (adefa7837d02a..., userDataDir: /tmp/.com.google.Chrome.AMxOVg}, goog:chromeOptions: {debuggerAddress: localhost:42991}, javascriptEnabled: true, networkConnectionEnabled: false, pageLoadStrategy: normal, platform: LINUX, platformName: LINUX, proxy: Proxy(), se:cdp: ws://localhost:42991/devtoo..., se:cdpVersion: 97.0.4692.71, setWindowRect: true, strictFileInteractability: false, timeouts: {implicit: 0, pageLoad: 300000, script: 30000}, unhandledPromptBehavior: dismiss and notify, webauthn:extension:credBlob: true, webauthn:extension:largeBlob: true, webauthn:virtualAuthenticators: true}\nSession ID: 2a52fb928d072c86a6d427380d76f8ca",
        "time" : {
          "start" : 1642759217177,
          "stop" : 1642759240536,
          "duration" : 23359
        }
      } ]
    },
    "tags" : [ ]
  },
  "source" : "d2b4aaf72895ac33.json",
  "parameterValues" : [ "ТестЛокація2", "Сумська 2/3", "50.00100346155677, 36.234188917163884", "0977777777" ]
}