{
  "uid" : "ac1f61b8c3eb771f",
  "name" : "TUA-318",
  "fullName" : "com.ita.edu.teachua.ui.tests.RestorePasswordViaGmailApiTest.VerifyNewPasswordValidationWhenRestoringPasswordViaForgotPassword",
  "historyId" : "23f6b31e79f13524beb9b04c59ca66c3",
  "time" : {
    "start" : 1642769577551,
    "stop" : 1642769584554,
    "duration" : 7003
  },
  "description" : "This test case verifies that the user can recover or change the password, using valid values for 'New password' field.",
  "descriptionHtml" : "<p>This test case verifies that the user can recover or change the password, using valid values for 'New password' field.</p>\n",
  "status" : "broken",
  "statusMessage" : "java.io.FileNotFoundException: /home/runner/work/Selenium648PageFactory/Selenium648PageFactory/src/test/resources/credentials.json (No such file or directory)",
  "statusTrace" : "java.lang.RuntimeException: java.io.FileNotFoundException: /home/runner/work/Selenium648PageFactory/Selenium648PageFactory/src/test/resources/credentials.json (No such file or directory)\n\tat com.ita.edu.teachua.utils.GmailContentExtractor.getGmailData(GmailContentExtractor.java:123)\n\tat com.ita.edu.teachua.utils.GmailContentExtractor.getGmailMessageLink(GmailContentExtractor.java:192)\n\tat com.ita.edu.teachua.ui.pages.header_page.RestoringBeginPopUpComponent.clickOnRestore(RestoringBeginPopUpComponent.java:40)\n\tat com.ita.edu.teachua.ui.tests.RestorePasswordViaGmailApiTest.VerifyNewPasswordValidationWhenRestoringPasswordViaForgotPassword(RestorePasswordViaGmailApiTest.java:23)\n\tat sun.reflect.NativeMethodAccessorImpl.invoke0(Native Method)\n\tat sun.reflect.NativeMethodAccessorImpl.invoke(NativeMethodAccessorImpl.java:62)\n\tat sun.reflect.DelegatingMethodAccessorImpl.invoke(DelegatingMethodAccessorImpl.java:43)\n\tat java.lang.reflect.Method.invoke(Method.java:498)\n\tat org.testng.internal.MethodInvocationHelper.invokeMethod(MethodInvocationHelper.java:133)\n\tat org.testng.internal.TestInvoker.invokeMethod(TestInvoker.java:598)\n\tat org.testng.internal.TestInvoker.invokeTestMethod(TestInvoker.java:173)\n\tat org.testng.internal.MethodRunner.runInSequence(MethodRunner.java:46)\n\tat org.testng.internal.TestInvoker$MethodInvocationAgent.invoke(TestInvoker.java:824)\n\tat org.testng.internal.TestInvoker.invokeTestMethods(TestInvoker.java:146)\n\tat org.testng.internal.TestMethodWorker.invokeTestMethods(TestMethodWorker.java:146)\n\tat org.testng.internal.TestMethodWorker.run(TestMethodWorker.java:128)\n\tat java.util.ArrayList.forEach(ArrayList.java:1259)\n\tat org.testng.TestRunner.privateRun(TestRunner.java:794)\n\tat org.testng.TestRunner.run(TestRunner.java:596)\n\tat org.testng.SuiteRunner.runTest(SuiteRunner.java:377)\n\tat org.testng.SuiteRunner.access$000(SuiteRunner.java:28)\n\tat org.testng.SuiteRunner$SuiteWorker.run(SuiteRunner.java:418)\n\tat org.testng.internal.thread.ThreadUtil.lambda$execute$0(ThreadUtil.java:64)\n\tat java.util.concurrent.FutureTask.run(FutureTask.java:266)\n\tat java.util.concurrent.ThreadPoolExecutor.runWorker(ThreadPoolExecutor.java:1149)\n\tat java.util.concurrent.ThreadPoolExecutor$Worker.run(ThreadPoolExecutor.java:624)\n\tat java.lang.Thread.run(Thread.java:748)\nCaused by: java.io.FileNotFoundException: /home/runner/work/Selenium648PageFactory/Selenium648PageFactory/src/test/resources/credentials.json (No such file or directory)\n\tat java.io.FileInputStream.open0(Native Method)\n\tat java.io.FileInputStream.open(FileInputStream.java:195)\n\tat java.io.FileInputStream.<init>(FileInputStream.java:138)\n\tat java.io.FileInputStream.<init>(FileInputStream.java:93)\n\tat com.ita.edu.teachua.utils.GmailContentExtractor.getCredentials(GmailContentExtractor.java:54)\n\tat com.ita.edu.teachua.utils.GmailContentExtractor.getService(GmailContentExtractor.java:73)\n\tat com.ita.edu.teachua.utils.GmailContentExtractor.getGmailData(GmailContentExtractor.java:101)\n\t... 26 more\n",
  "flaky" : false,
  "newFailed" : false,
  "beforeStages" : [ {
    "name" : "beforeMethod",
    "time" : {
      "start" : 1642769572787,
      "stop" : 1642769577549,
      "duration" : 4762
    },
    "description" : "",
    "status" : "passed",
    "steps" : [ ],
    "attachments" : [ ],
    "parameters" : [ ],
    "stepsCount" : 0,
    "attachmentsCount" : 0,
    "shouldDisplayMessage" : false,
    "hasContent" : false
  }, {
    "name" : "beforeSuite",
    "time" : {
      "start" : 1642768934584,
      "stop" : 1642768936446,
      "duration" : 1862
    },
    "description" : "",
    "status" : "passed",
    "steps" : [ ],
    "attachments" : [ ],
    "parameters" : [ ],
    "stepsCount" : 0,
    "attachmentsCount" : 0,
    "shouldDisplayMessage" : false,
    "hasContent" : false
  } ],
  "testStage" : {
    "description" : "This test case verifies that the user can recover or change the password, using valid values for 'New password' field.",
    "status" : "broken",
    "statusMessage" : "java.io.FileNotFoundException: /home/runner/work/Selenium648PageFactory/Selenium648PageFactory/src/test/resources/credentials.json (No such file or directory)",
    "statusTrace" : "java.lang.RuntimeException: java.io.FileNotFoundException: /home/runner/work/Selenium648PageFactory/Selenium648PageFactory/src/test/resources/credentials.json (No such file or directory)\n\tat com.ita.edu.teachua.utils.GmailContentExtractor.getGmailData(GmailContentExtractor.java:123)\n\tat com.ita.edu.teachua.utils.GmailContentExtractor.getGmailMessageLink(GmailContentExtractor.java:192)\n\tat com.ita.edu.teachua.ui.pages.header_page.RestoringBeginPopUpComponent.clickOnRestore(RestoringBeginPopUpComponent.java:40)\n\tat com.ita.edu.teachua.ui.tests.RestorePasswordViaGmailApiTest.VerifyNewPasswordValidationWhenRestoringPasswordViaForgotPassword(RestorePasswordViaGmailApiTest.java:23)\n\tat sun.reflect.NativeMethodAccessorImpl.invoke0(Native Method)\n\tat sun.reflect.NativeMethodAccessorImpl.invoke(NativeMethodAccessorImpl.java:62)\n\tat sun.reflect.DelegatingMethodAccessorImpl.invoke(DelegatingMethodAccessorImpl.java:43)\n\tat java.lang.reflect.Method.invoke(Method.java:498)\n\tat org.testng.internal.MethodInvocationHelper.invokeMethod(MethodInvocationHelper.java:133)\n\tat org.testng.internal.TestInvoker.invokeMethod(TestInvoker.java:598)\n\tat org.testng.internal.TestInvoker.invokeTestMethod(TestInvoker.java:173)\n\tat org.testng.internal.MethodRunner.runInSequence(MethodRunner.java:46)\n\tat org.testng.internal.TestInvoker$MethodInvocationAgent.invoke(TestInvoker.java:824)\n\tat org.testng.internal.TestInvoker.invokeTestMethods(TestInvoker.java:146)\n\tat org.testng.internal.TestMethodWorker.invokeTestMethods(TestMethodWorker.java:146)\n\tat org.testng.internal.TestMethodWorker.run(TestMethodWorker.java:128)\n\tat java.util.ArrayList.forEach(ArrayList.java:1259)\n\tat org.testng.TestRunner.privateRun(TestRunner.java:794)\n\tat org.testng.TestRunner.run(TestRunner.java:596)\n\tat org.testng.SuiteRunner.runTest(SuiteRunner.java:377)\n\tat org.testng.SuiteRunner.access$000(SuiteRunner.java:28)\n\tat org.testng.SuiteRunner$SuiteWorker.run(SuiteRunner.java:418)\n\tat org.testng.internal.thread.ThreadUtil.lambda$execute$0(ThreadUtil.java:64)\n\tat java.util.concurrent.FutureTask.run(FutureTask.java:266)\n\tat java.util.concurrent.ThreadPoolExecutor.runWorker(ThreadPoolExecutor.java:1149)\n\tat java.util.concurrent.ThreadPoolExecutor$Worker.run(ThreadPoolExecutor.java:624)\n\tat java.lang.Thread.run(Thread.java:748)\nCaused by: java.io.FileNotFoundException: /home/runner/work/Selenium648PageFactory/Selenium648PageFactory/src/test/resources/credentials.json (No such file or directory)\n\tat java.io.FileInputStream.open0(Native Method)\n\tat java.io.FileInputStream.open(FileInputStream.java:195)\n\tat java.io.FileInputStream.<init>(FileInputStream.java:138)\n\tat java.io.FileInputStream.<init>(FileInputStream.java:93)\n\tat com.ita.edu.teachua.utils.GmailContentExtractor.getCredentials(GmailContentExtractor.java:54)\n\tat com.ita.edu.teachua.utils.GmailContentExtractor.getService(GmailContentExtractor.java:73)\n\tat com.ita.edu.teachua.utils.GmailContentExtractor.getGmailData(GmailContentExtractor.java:101)\n\t... 26 more\n",
    "steps" : [ {
      "name" : "Click on guest dropdown",
      "time" : {
        "start" : 1642769577551,
        "stop" : 1642769577627,
        "duration" : 76
      },
      "status" : "passed",
      "steps" : [ ],
      "attachments" : [ ],
      "parameters" : [ ],
      "stepsCount" : 0,
      "attachmentsCount" : 0,
      "shouldDisplayMessage" : false,
      "hasContent" : false
    }, {
      "name" : "Click on `Увійти` button",
      "time" : {
        "start" : 1642769577627,
        "stop" : 1642769578261,
        "duration" : 634
      },
      "status" : "passed",
      "steps" : [ ],
      "attachments" : [ ],
      "parameters" : [ ],
      "stepsCount" : 0,
      "attachmentsCount" : 0,
      "shouldDisplayMessage" : false,
      "hasContent" : false
    }, {
      "name" : "Click on 'Забули пароль' button.",
      "time" : {
        "start" : 1642769578261,
        "stop" : 1642769578824,
        "duration" : 563
      },
      "status" : "passed",
      "steps" : [ ],
      "attachments" : [ ],
      "parameters" : [ ],
      "stepsCount" : 0,
      "attachmentsCount" : 0,
      "shouldDisplayMessage" : false,
      "hasContent" : false
    }, {
      "name" : "Filling email field",
      "time" : {
        "start" : 1642769578824,
        "stop" : 1642769579139,
        "duration" : 315
      },
      "status" : "passed",
      "steps" : [ ],
      "attachments" : [ ],
      "parameters" : [ {
        "name" : "email",
        "value" : "speak.ukrainian.atqc.test@gmail.com"
      } ],
      "stepsCount" : 0,
      "attachmentsCount" : 0,
      "shouldDisplayMessage" : false,
      "hasContent" : true
    }, {
      "name" : "Click on 'Відновити' button",
      "time" : {
        "start" : 1642769579139,
        "stop" : 1642769584347,
        "duration" : 5208
      },
      "status" : "broken",
      "statusMessage" : "java.io.FileNotFoundException: /home/runner/work/Selenium648PageFactory/Selenium648PageFactory/src/test/resources/credentials.json (No such file or directory)",
      "statusTrace" : "java.lang.RuntimeException: java.io.FileNotFoundException: /home/runner/work/Selenium648PageFactory/Selenium648PageFactory/src/test/resources/credentials.json (No such file or directory)\n\tat com.ita.edu.teachua.utils.GmailContentExtractor.getGmailData(GmailContentExtractor.java:123)\n\tat com.ita.edu.teachua.utils.GmailContentExtractor.getGmailMessageLink(GmailContentExtractor.java:192)\n\tat com.ita.edu.teachua.ui.pages.header_page.RestoringBeginPopUpComponent.clickOnRestore(RestoringBeginPopUpComponent.java:40)\n\tat com.ita.edu.teachua.ui.tests.RestorePasswordViaGmailApiTest.VerifyNewPasswordValidationWhenRestoringPasswordViaForgotPassword(RestorePasswordViaGmailApiTest.java:23)\n\tat sun.reflect.NativeMethodAccessorImpl.invoke0(Native Method)\n\tat sun.reflect.NativeMethodAccessorImpl.invoke(NativeMethodAccessorImpl.java:62)\n\tat sun.reflect.DelegatingMethodAccessorImpl.invoke(DelegatingMethodAccessorImpl.java:43)\n\tat java.lang.reflect.Method.invoke(Method.java:498)\n\tat org.testng.internal.MethodInvocationHelper.invokeMethod(MethodInvocationHelper.java:133)\n\tat org.testng.internal.TestInvoker.invokeMethod(TestInvoker.java:598)\n\tat org.testng.internal.TestInvoker.invokeTestMethod(TestInvoker.java:173)\n\tat org.testng.internal.MethodRunner.runInSequence(MethodRunner.java:46)\n\tat org.testng.internal.TestInvoker$MethodInvocationAgent.invoke(TestInvoker.java:824)\n\tat org.testng.internal.TestInvoker.invokeTestMethods(TestInvoker.java:146)\n\tat org.testng.internal.TestMethodWorker.invokeTestMethods(TestMethodWorker.java:146)\n\tat org.testng.internal.TestMethodWorker.run(TestMethodWorker.java:128)\n\tat java.util.ArrayList.forEach(ArrayList.java:1259)\n\tat org.testng.TestRunner.privateRun(TestRunner.java:794)\n\tat org.testng.TestRunner.run(TestRunner.java:596)\n\tat org.testng.SuiteRunner.runTest(SuiteRunner.java:377)\n\tat org.testng.SuiteRunner.access$000(SuiteRunner.java:28)\n\tat org.testng.SuiteRunner$SuiteWorker.run(SuiteRunner.java:418)\n\tat org.testng.internal.thread.ThreadUtil.lambda$execute$0(ThreadUtil.java:64)\n\tat java.util.concurrent.FutureTask.run(FutureTask.java:266)\n\tat java.util.concurrent.ThreadPoolExecutor.runWorker(ThreadPoolExecutor.java:1149)\n\tat java.util.concurrent.ThreadPoolExecutor$Worker.run(ThreadPoolExecutor.java:624)\n\tat java.lang.Thread.run(Thread.java:748)\nCaused by: java.io.FileNotFoundException: /home/runner/work/Selenium648PageFactory/Selenium648PageFactory/src/test/resources/credentials.json (No such file or directory)\n\tat java.io.FileInputStream.open0(Native Method)\n\tat java.io.FileInputStream.open(FileInputStream.java:195)\n\tat java.io.FileInputStream.<init>(FileInputStream.java:138)\n\tat java.io.FileInputStream.<init>(FileInputStream.java:93)\n\tat com.ita.edu.teachua.utils.GmailContentExtractor.getCredentials(GmailContentExtractor.java:54)\n\tat com.ita.edu.teachua.utils.GmailContentExtractor.getService(GmailContentExtractor.java:73)\n\tat com.ita.edu.teachua.utils.GmailContentExtractor.getGmailData(GmailContentExtractor.java:101)\n\t... 26 more\n",
      "steps" : [ ],
      "attachments" : [ ],
      "parameters" : [ ],
      "stepsCount" : 0,
      "attachmentsCount" : 0,
      "shouldDisplayMessage" : true,
      "hasContent" : true
    } ],
    "attachments" : [ {
      "uid" : "e62b89ac94d433",
      "name" : "Logs for thread 14",
      "source" : "e62b89ac94d433.log",
      "type" : "text/plain",
      "size" : 4
    }, {
      "uid" : "be9319451d04401e",
      "name" : "Request logs for VerifyNewPasswordValidationWhenRestoringPasswordViaForgotPassword",
      "source" : "be9319451d04401e.log",
      "type" : "text/plain",
      "size" : 4
    }, {
      "uid" : "47c1aeb811dbc568",
      "name" : "Page screenshot",
      "source" : "47c1aeb811dbc568.png",
      "type" : "image/png",
      "size" : 232015
    } ],
    "parameters" : [ ],
    "stepsCount" : 5,
    "attachmentsCount" : 3,
    "shouldDisplayMessage" : false,
    "hasContent" : true
  },
  "afterStages" : [ {
    "name" : "afterMethod",
    "time" : {
      "start" : 1642769584556,
      "stop" : 1642769584624,
      "duration" : 68
    },
    "description" : "",
    "status" : "passed",
    "steps" : [ ],
    "attachments" : [ ],
    "parameters" : [ ],
    "stepsCount" : 0,
    "attachmentsCount" : 0,
    "shouldDisplayMessage" : false,
    "hasContent" : false
  } ],
  "labels" : [ {
    "name" : "package",
    "value" : "com.ita.edu.teachua.ui.tests.RestorePasswordViaGmailApiTest"
  }, {
    "name" : "testClass",
    "value" : "com.ita.edu.teachua.ui.tests.RestorePasswordViaGmailApiTest"
  }, {
    "name" : "testMethod",
    "value" : "VerifyNewPasswordValidationWhenRestoringPasswordViaForgotPassword"
  }, {
    "name" : "parentSuite",
    "value" : "Test Suite"
  }, {
    "name" : "suite",
    "value" : "UI Tests"
  }, {
    "name" : "subSuite",
    "value" : "com.ita.edu.teachua.ui.tests.RestorePasswordViaGmailApiTest"
  }, {
    "name" : "host",
    "value" : "fv-az135-188"
  }, {
    "name" : "thread",
    "value" : "2821@fv-az135-188.TestNG-tests-2(14)"
  }, {
    "name" : "framework",
    "value" : "testng"
  }, {
    "name" : "language",
    "value" : "java"
  }, {
    "name" : "resultFormat",
    "value" : "allure2"
  } ],
  "parameters" : [ ],
  "links" : [ {
    "name" : "TUA-318",
    "type" : "issue"
  } ],
  "hidden" : false,
  "retry" : false,
  "extra" : {
    "severity" : "normal",
    "retries" : [ ],
    "categories" : [ {
      "name" : "Test defects",
      "matchedStatuses" : [ ],
      "flaky" : false
    } ],
    "history" : {
      "statistic" : {
        "failed" : 0,
        "broken" : 6,
        "skipped" : 0,
        "passed" : 0,
        "unknown" : 0,
        "total" : 6
      },
      "items" : [ {
        "uid" : "738c6d059e51dec7",
        "reportUrl" : "https://Lv-648-TAQC-Java-project.github.io/Selenium648PageFactory/37//#testresult/738c6d059e51dec7",
        "status" : "broken",
        "statusDetails" : "java.io.FileNotFoundException: /home/runner/work/Selenium648PageFactory/Selenium648PageFactory/src/test/resources/credentials.json (No such file or directory)",
        "time" : {
          "start" : 1642762837268,
          "stop" : 1642762844325,
          "duration" : 7057
        }
      }, {
        "uid" : "1cb69c6e227c2be8",
        "reportUrl" : "https://Lv-648-TAQC-Java-project.github.io/Selenium648PageFactory/36//#testresult/1cb69c6e227c2be8",
        "status" : "broken",
        "statusDetails" : "java.io.FileNotFoundException: /home/runner/work/Selenium648PageFactory/Selenium648PageFactory/src/test/resources/credentials.json (No such file or directory)",
        "time" : {
          "start" : 1642761566954,
          "stop" : 1642761574066,
          "duration" : 7112
        }
      }, {
        "uid" : "19156b29822c5451",
        "reportUrl" : "https://Lv-648-TAQC-Java-project.github.io/Selenium648PageFactory/37//#testresult/19156b29822c5451",
        "status" : "broken",
        "statusDetails" : "java.io.FileNotFoundException: /home/runner/work/Selenium648PageFactory/Selenium648PageFactory/src/test/resources/credentials.json (No such file or directory)",
        "time" : {
          "start" : 1642761550557,
          "stop" : 1642761557599,
          "duration" : 7042
        }
      }, {
        "uid" : "d483b756a04e3206",
        "reportUrl" : "https://Lv-648-TAQC-Java-project.github.io/Selenium648PageFactory/35//#testresult/d483b756a04e3206",
        "status" : "broken",
        "statusDetails" : "java.io.FileNotFoundException: /home/runner/work/Selenium648PageFactory/Selenium648PageFactory/src/test/resources/credentials.json (No such file or directory)",
        "time" : {
          "start" : 1642760422525,
          "stop" : 1642760429562,
          "duration" : 7037
        }
      }, {
        "uid" : "e258dc63d11fd1ec",
        "reportUrl" : "https://Lv-648-TAQC-Java-project.github.io/Selenium648PageFactory/33//#testresult/e258dc63d11fd1ec",
        "status" : "broken",
        "statusDetails" : "java.io.FileNotFoundException: /home/runner/work/Selenium648PageFactory/Selenium648PageFactory/src/test/resources/credentials.json (No such file or directory)",
        "time" : {
          "start" : 1642759853311,
          "stop" : 1642759861776,
          "duration" : 8465
        }
      } ]
    },
    "tags" : [ ]
  },
  "source" : "ac1f61b8c3eb771f.json",
  "parameterValues" : [ ]
}