{
  "uid" : "d7d659ee01862e66",
  "name" : "TUA-173",
  "fullName" : "com.ita.edu.teachua.ui.tests.OwnerProfileTest.checkDescriptionFieldWithValidLettersAndSymbols",
  "historyId" : "1eeeeabf0679383d59a88a22e6f40fee",
  "time" : {
    "start" : 1642785666504,
    "stop" : 1642785666504,
    "duration" : 0
  },
  "description" : "TUA-173 Verify that the ‘Опис’ text field is filled in with valid data",
  "descriptionHtml" : "<p>TUA-173 Verify that the ‘Опис’ text field is filled in with valid data</p>\n",
  "status" : "skipped",
  "statusMessage" : "java.util.concurrent.TimeoutException\nBuild info: version: '4.1.0', revision: '87802e897b'\nSystem info: host: 'fv-az126-328', ip: '10.1.0.162', os.name: 'Linux', os.arch: 'amd64', os.version: '5.11.0-1025-azure', java.version: '1.8.0_292'\nDriver info: org.openqa.selenium.chrome.ChromeDriver\nCommand: [e0643673901dd2e97a625ac9784fa11f, get {url=https://speak-ukrainian.org.ua/dev/}]\nCapabilities {acceptInsecureCerts: false, browserName: chrome, browserVersion: 97.0.4692.71, chrome: {chromedriverVersion: 97.0.4692.71 (adefa7837d02a..., userDataDir: /tmp/.com.google.Chrome.kiLHHW}, goog:chromeOptions: {debuggerAddress: localhost:37811}, javascriptEnabled: true, networkConnectionEnabled: false, pageLoadStrategy: normal, platform: LINUX, platformName: LINUX, proxy: Proxy(), se:cdp: ws://localhost:37811/devtoo..., se:cdpVersion: 97.0.4692.71, setWindowRect: true, strictFileInteractability: false, timeouts: {implicit: 0, pageLoad: 300000, script: 30000}, unhandledPromptBehavior: dismiss and notify, webauthn:extension:credBlob: true, webauthn:extension:largeBlob: true, webauthn:virtualAuthenticators: true}\nSession ID: e0643673901dd2e97a625ac9784fa11f",
  "statusTrace" : "org.openqa.selenium.TimeoutException: java.util.concurrent.TimeoutException\nBuild info: version: '4.1.0', revision: '87802e897b'\nSystem info: host: 'fv-az126-328', ip: '10.1.0.162', os.name: 'Linux', os.arch: 'amd64', os.version: '5.11.0-1025-azure', java.version: '1.8.0_292'\nDriver info: org.openqa.selenium.chrome.ChromeDriver\nCommand: [e0643673901dd2e97a625ac9784fa11f, get {url=https://speak-ukrainian.org.ua/dev/}]\nCapabilities {acceptInsecureCerts: false, browserName: chrome, browserVersion: 97.0.4692.71, chrome: {chromedriverVersion: 97.0.4692.71 (adefa7837d02a..., userDataDir: /tmp/.com.google.Chrome.kiLHHW}, goog:chromeOptions: {debuggerAddress: localhost:37811}, javascriptEnabled: true, networkConnectionEnabled: false, pageLoadStrategy: normal, platform: LINUX, platformName: LINUX, proxy: Proxy(), se:cdp: ws://localhost:37811/devtoo..., se:cdpVersion: 97.0.4692.71, setWindowRect: true, strictFileInteractability: false, timeouts: {implicit: 0, pageLoad: 300000, script: 30000}, unhandledPromptBehavior: dismiss and notify, webauthn:extension:credBlob: true, webauthn:extension:largeBlob: true, webauthn:virtualAuthenticators: true}\nSession ID: e0643673901dd2e97a625ac9784fa11f\n\tat org.openqa.selenium.remote.http.netty.NettyHttpHandler.makeCall(NettyHttpHandler.java:72)\n\tat org.openqa.selenium.remote.http.RetryRequest.lambda$apply$6(RetryRequest.java:82)\n\tat net.jodah.failsafe.Functions.lambda$get$0(Functions.java:48)\n\tat net.jodah.failsafe.RetryPolicyExecutor.lambda$supply$0(RetryPolicyExecutor.java:66)\n\tat net.jodah.failsafe.RetryPolicyExecutor.lambda$supply$0(RetryPolicyExecutor.java:66)\n\tat net.jodah.failsafe.RetryPolicyExecutor.lambda$supply$0(RetryPolicyExecutor.java:66)\n\tat net.jodah.failsafe.Execution.executeSync(Execution.java:128)\n\tat net.jodah.failsafe.FailsafeExecutor.call(FailsafeExecutor.java:379)\n\tat net.jodah.failsafe.FailsafeExecutor.get(FailsafeExecutor.java:68)\n\tat org.openqa.selenium.remote.http.RetryRequest.lambda$apply$7(RetryRequest.java:82)\n\tat org.openqa.selenium.remote.http.AddSeleniumUserAgent.lambda$apply$0(AddSeleniumUserAgent.java:42)\n\tat org.openqa.selenium.remote.http.Filter.lambda$andFinally$1(Filter.java:56)\n\tat org.openqa.selenium.remote.http.netty.NettyHttpHandler.execute(NettyHttpHandler.java:51)\n\tat org.openqa.selenium.remote.http.RetryRequest.lambda$apply$6(RetryRequest.java:82)\n\tat net.jodah.failsafe.Functions.lambda$get$0(Functions.java:48)\n\tat net.jodah.failsafe.RetryPolicyExecutor.lambda$supply$0(RetryPolicyExecutor.java:66)\n\tat net.jodah.failsafe.RetryPolicyExecutor.lambda$supply$0(RetryPolicyExecutor.java:66)\n\tat net.jodah.failsafe.RetryPolicyExecutor.lambda$supply$0(RetryPolicyExecutor.java:66)\n\tat net.jodah.failsafe.Execution.executeSync(Execution.java:128)\n\tat net.jodah.failsafe.FailsafeExecutor.call(FailsafeExecutor.java:379)\n\tat net.jodah.failsafe.FailsafeExecutor.get(FailsafeExecutor.java:68)\n\tat org.openqa.selenium.remote.http.RetryRequest.lambda$apply$7(RetryRequest.java:82)\n\tat org.openqa.selenium.remote.http.AddSeleniumUserAgent.lambda$apply$0(AddSeleniumUserAgent.java:42)\n\tat org.openqa.selenium.remote.http.Filter.lambda$andFinally$1(Filter.java:56)\n\tat org.openqa.selenium.remote.http.netty.NettyClient.execute(NettyClient.java:108)\n\tat org.openqa.selenium.remote.HttpCommandExecutor.execute(HttpCommandExecutor.java:181)\n\tat org.openqa.selenium.remote.service.DriverCommandExecutor.invokeExecute(DriverCommandExecutor.java:164)\n\tat org.openqa.selenium.remote.service.DriverCommandExecutor.execute(DriverCommandExecutor.java:139)\n\tat org.openqa.selenium.remote.RemoteWebDriver.execute(RemoteWebDriver.java:559)\n\tat org.openqa.selenium.remote.RemoteWebDriver.get(RemoteWebDriver.java:328)\n\tat com.ita.edu.teachua.ui.tests.TestRunner.beforeMethod(TestRunner.java:43)\n\tat sun.reflect.NativeMethodAccessorImpl.invoke0(Native Method)\n\tat sun.reflect.NativeMethodAccessorImpl.invoke(NativeMethodAccessorImpl.java:62)\n\tat sun.reflect.DelegatingMethodAccessorImpl.invoke(DelegatingMethodAccessorImpl.java:43)\n\tat java.lang.reflect.Method.invoke(Method.java:498)\n\tat org.testng.internal.MethodInvocationHelper.invokeMethod(MethodInvocationHelper.java:133)\n\tat org.testng.internal.MethodInvocationHelper.invokeMethodConsideringTimeout(MethodInvocationHelper.java:62)\n\tat org.testng.internal.ConfigInvoker.invokeConfigurationMethod(ConfigInvoker.java:385)\n\tat org.testng.internal.ConfigInvoker.invokeConfigurations(ConfigInvoker.java:321)\n\tat org.testng.internal.TestInvoker.runConfigMethods(TestInvoker.java:700)\n\tat org.testng.internal.TestInvoker.invokeMethod(TestInvoker.java:527)\n\tat org.testng.internal.TestInvoker.invokeTestMethod(TestInvoker.java:173)\n\tat org.testng.internal.MethodRunner.runInSequence(MethodRunner.java:46)\n\tat org.testng.internal.TestInvoker$MethodInvocationAgent.invoke(TestInvoker.java:824)\n\tat org.testng.internal.TestInvoker.invokeTestMethods(TestInvoker.java:146)\n\tat org.testng.internal.TestMethodWorker.invokeTestMethods(TestMethodWorker.java:146)\n\tat org.testng.internal.TestMethodWorker.run(TestMethodWorker.java:128)\n\tat java.util.ArrayList.forEach(ArrayList.java:1259)\n\tat org.testng.TestRunner.privateRun(TestRunner.java:794)\n\tat org.testng.TestRunner.run(TestRunner.java:596)\n\tat org.testng.SuiteRunner.runTest(SuiteRunner.java:377)\n\tat org.testng.SuiteRunner.access$000(SuiteRunner.java:28)\n\tat org.testng.SuiteRunner$SuiteWorker.run(SuiteRunner.java:418)\n\tat org.testng.internal.thread.ThreadUtil.lambda$execute$0(ThreadUtil.java:64)\n\tat java.util.concurrent.FutureTask.run(FutureTask.java:266)\n\tat java.util.concurrent.ThreadPoolExecutor.runWorker(ThreadPoolExecutor.java:1149)\n\tat java.util.concurrent.ThreadPoolExecutor$Worker.run(ThreadPoolExecutor.java:624)\n\tat java.lang.Thread.run(Thread.java:748)\nCaused by: java.util.concurrent.TimeoutException\n\tat java.util.concurrent.CompletableFuture.timedGet(CompletableFuture.java:1784)\n\tat java.util.concurrent.CompletableFuture.get(CompletableFuture.java:1928)\n\tat org.asynchttpclient.netty.NettyResponseFuture.get(NettyResponseFuture.java:206)\n\tat org.openqa.selenium.remote.http.netty.NettyHttpHandler.makeCall(NettyHttpHandler.java:66)\n\t... 57 more\n",
  "flaky" : false,
  "newFailed" : false,
  "beforeStages" : [ {
    "name" : "beforeMethod",
    "time" : {
      "start" : 1642785485883,
      "stop" : 1642785666499,
      "duration" : 180616
    },
    "description" : "",
    "status" : "broken",
    "statusMessage" : "java.util.concurrent.TimeoutException\nBuild info: version: '4.1.0', revision: '87802e897b'\nSystem info: host: 'fv-az126-328', ip: '10.1.0.162', os.name: 'Linux', os.arch: 'amd64', os.version: '5.11.0-1025-azure', java.version: '1.8.0_292'\nDriver info: org.openqa.selenium.chrome.ChromeDriver\nCommand: [e0643673901dd2e97a625ac9784fa11f, get {url=https://speak-ukrainian.org.ua/dev/}]\nCapabilities {acceptInsecureCerts: false, browserName: chrome, browserVersion: 97.0.4692.71, chrome: {chromedriverVersion: 97.0.4692.71 (adefa7837d02a..., userDataDir: /tmp/.com.google.Chrome.kiLHHW}, goog:chromeOptions: {debuggerAddress: localhost:37811}, javascriptEnabled: true, networkConnectionEnabled: false, pageLoadStrategy: normal, platform: LINUX, platformName: LINUX, proxy: Proxy(), se:cdp: ws://localhost:37811/devtoo..., se:cdpVersion: 97.0.4692.71, setWindowRect: true, strictFileInteractability: false, timeouts: {implicit: 0, pageLoad: 300000, script: 30000}, unhandledPromptBehavior: dismiss and notify, webauthn:extension:credBlob: true, webauthn:extension:largeBlob: true, webauthn:virtualAuthenticators: true}\nSession ID: e0643673901dd2e97a625ac9784fa11f",
    "statusTrace" : "org.openqa.selenium.TimeoutException: java.util.concurrent.TimeoutException\nBuild info: version: '4.1.0', revision: '87802e897b'\nSystem info: host: 'fv-az126-328', ip: '10.1.0.162', os.name: 'Linux', os.arch: 'amd64', os.version: '5.11.0-1025-azure', java.version: '1.8.0_292'\nDriver info: org.openqa.selenium.chrome.ChromeDriver\nCommand: [e0643673901dd2e97a625ac9784fa11f, get {url=https://speak-ukrainian.org.ua/dev/}]\nCapabilities {acceptInsecureCerts: false, browserName: chrome, browserVersion: 97.0.4692.71, chrome: {chromedriverVersion: 97.0.4692.71 (adefa7837d02a..., userDataDir: /tmp/.com.google.Chrome.kiLHHW}, goog:chromeOptions: {debuggerAddress: localhost:37811}, javascriptEnabled: true, networkConnectionEnabled: false, pageLoadStrategy: normal, platform: LINUX, platformName: LINUX, proxy: Proxy(), se:cdp: ws://localhost:37811/devtoo..., se:cdpVersion: 97.0.4692.71, setWindowRect: true, strictFileInteractability: false, timeouts: {implicit: 0, pageLoad: 300000, script: 30000}, unhandledPromptBehavior: dismiss and notify, webauthn:extension:credBlob: true, webauthn:extension:largeBlob: true, webauthn:virtualAuthenticators: true}\nSession ID: e0643673901dd2e97a625ac9784fa11f\n\tat org.openqa.selenium.remote.http.netty.NettyHttpHandler.makeCall(NettyHttpHandler.java:72)\n\tat org.openqa.selenium.remote.http.RetryRequest.lambda$apply$6(RetryRequest.java:82)\n\tat net.jodah.failsafe.Functions.lambda$get$0(Functions.java:48)\n\tat net.jodah.failsafe.RetryPolicyExecutor.lambda$supply$0(RetryPolicyExecutor.java:66)\n\tat net.jodah.failsafe.RetryPolicyExecutor.lambda$supply$0(RetryPolicyExecutor.java:66)\n\tat net.jodah.failsafe.RetryPolicyExecutor.lambda$supply$0(RetryPolicyExecutor.java:66)\n\tat net.jodah.failsafe.Execution.executeSync(Execution.java:128)\n\tat net.jodah.failsafe.FailsafeExecutor.call(FailsafeExecutor.java:379)\n\tat net.jodah.failsafe.FailsafeExecutor.get(FailsafeExecutor.java:68)\n\tat org.openqa.selenium.remote.http.RetryRequest.lambda$apply$7(RetryRequest.java:82)\n\tat org.openqa.selenium.remote.http.AddSeleniumUserAgent.lambda$apply$0(AddSeleniumUserAgent.java:42)\n\tat org.openqa.selenium.remote.http.Filter.lambda$andFinally$1(Filter.java:56)\n\tat org.openqa.selenium.remote.http.netty.NettyHttpHandler.execute(NettyHttpHandler.java:51)\n\tat org.openqa.selenium.remote.http.RetryRequest.lambda$apply$6(RetryRequest.java:82)\n\tat net.jodah.failsafe.Functions.lambda$get$0(Functions.java:48)\n\tat net.jodah.failsafe.RetryPolicyExecutor.lambda$supply$0(RetryPolicyExecutor.java:66)\n\tat net.jodah.failsafe.RetryPolicyExecutor.lambda$supply$0(RetryPolicyExecutor.java:66)\n\tat net.jodah.failsafe.RetryPolicyExecutor.lambda$supply$0(RetryPolicyExecutor.java:66)\n\tat net.jodah.failsafe.Execution.executeSync(Execution.java:128)\n\tat net.jodah.failsafe.FailsafeExecutor.call(FailsafeExecutor.java:379)\n\tat net.jodah.failsafe.FailsafeExecutor.get(FailsafeExecutor.java:68)\n\tat org.openqa.selenium.remote.http.RetryRequest.lambda$apply$7(RetryRequest.java:82)\n\tat org.openqa.selenium.remote.http.AddSeleniumUserAgent.lambda$apply$0(AddSeleniumUserAgent.java:42)\n\tat org.openqa.selenium.remote.http.Filter.lambda$andFinally$1(Filter.java:56)\n\tat org.openqa.selenium.remote.http.netty.NettyClient.execute(NettyClient.java:108)\n\tat org.openqa.selenium.remote.HttpCommandExecutor.execute(HttpCommandExecutor.java:181)\n\tat org.openqa.selenium.remote.service.DriverCommandExecutor.invokeExecute(DriverCommandExecutor.java:164)\n\tat org.openqa.selenium.remote.service.DriverCommandExecutor.execute(DriverCommandExecutor.java:139)\n\tat org.openqa.selenium.remote.RemoteWebDriver.execute(RemoteWebDriver.java:559)\n\tat org.openqa.selenium.remote.RemoteWebDriver.get(RemoteWebDriver.java:328)\n\tat com.ita.edu.teachua.ui.tests.TestRunner.beforeMethod(TestRunner.java:43)\n\tat sun.reflect.NativeMethodAccessorImpl.invoke0(Native Method)\n\tat sun.reflect.NativeMethodAccessorImpl.invoke(NativeMethodAccessorImpl.java:62)\n\tat sun.reflect.DelegatingMethodAccessorImpl.invoke(DelegatingMethodAccessorImpl.java:43)\n\tat java.lang.reflect.Method.invoke(Method.java:498)\n\tat org.testng.internal.MethodInvocationHelper.invokeMethod(MethodInvocationHelper.java:133)\n\tat org.testng.internal.MethodInvocationHelper.invokeMethodConsideringTimeout(MethodInvocationHelper.java:62)\n\tat org.testng.internal.ConfigInvoker.invokeConfigurationMethod(ConfigInvoker.java:385)\n\tat org.testng.internal.ConfigInvoker.invokeConfigurations(ConfigInvoker.java:321)\n\tat org.testng.internal.TestInvoker.runConfigMethods(TestInvoker.java:700)\n\tat org.testng.internal.TestInvoker.invokeMethod(TestInvoker.java:527)\n\tat org.testng.internal.TestInvoker.invokeTestMethod(TestInvoker.java:173)\n\tat org.testng.internal.MethodRunner.runInSequence(MethodRunner.java:46)\n\tat org.testng.internal.TestInvoker$MethodInvocationAgent.invoke(TestInvoker.java:824)\n\tat org.testng.internal.TestInvoker.invokeTestMethods(TestInvoker.java:146)\n\tat org.testng.internal.TestMethodWorker.invokeTestMethods(TestMethodWorker.java:146)\n\tat org.testng.internal.TestMethodWorker.run(TestMethodWorker.java:128)\n\tat java.util.ArrayList.forEach(ArrayList.java:1259)\n\tat org.testng.TestRunner.privateRun(TestRunner.java:794)\n\tat org.testng.TestRunner.run(TestRunner.java:596)\n\tat org.testng.SuiteRunner.runTest(SuiteRunner.java:377)\n\tat org.testng.SuiteRunner.access$000(SuiteRunner.java:28)\n\tat org.testng.SuiteRunner$SuiteWorker.run(SuiteRunner.java:418)\n\tat org.testng.internal.thread.ThreadUtil.lambda$execute$0(ThreadUtil.java:64)\n\tat java.util.concurrent.FutureTask.run(FutureTask.java:266)\n\tat java.util.concurrent.ThreadPoolExecutor.runWorker(ThreadPoolExecutor.java:1149)\n\tat java.util.concurrent.ThreadPoolExecutor$Worker.run(ThreadPoolExecutor.java:624)\n\tat java.lang.Thread.run(Thread.java:748)\nCaused by: java.util.concurrent.TimeoutException\n\tat java.util.concurrent.CompletableFuture.timedGet(CompletableFuture.java:1784)\n\tat java.util.concurrent.CompletableFuture.get(CompletableFuture.java:1928)\n\tat org.asynchttpclient.netty.NettyResponseFuture.get(NettyResponseFuture.java:206)\n\tat org.openqa.selenium.remote.http.netty.NettyHttpHandler.makeCall(NettyHttpHandler.java:66)\n\t... 57 more\n",
    "steps" : [ ],
    "attachments" : [ ],
    "parameters" : [ ],
    "attachmentsCount" : 0,
    "shouldDisplayMessage" : true,
    "hasContent" : true,
    "stepsCount" : 0
  }, {
    "name" : "beforeSuite",
    "time" : {
      "start" : 1642785234217,
      "stop" : 1642785236072,
      "duration" : 1855
    },
    "description" : "",
    "status" : "passed",
    "steps" : [ ],
    "attachments" : [ ],
    "parameters" : [ ],
    "attachmentsCount" : 0,
    "shouldDisplayMessage" : false,
    "hasContent" : false,
    "stepsCount" : 0
  } ],
  "afterStages" : [ {
    "name" : "afterMethod",
    "time" : {
      "start" : 1642785666505,
      "stop" : 1642785669879,
      "duration" : 3374
    },
    "description" : "",
    "status" : "passed",
    "steps" : [ ],
    "attachments" : [ ],
    "parameters" : [ ],
    "attachmentsCount" : 0,
    "shouldDisplayMessage" : false,
    "hasContent" : false,
    "stepsCount" : 0
  } ],
  "labels" : [ {
    "name" : "package",
    "value" : "com.ita.edu.teachua.ui.tests.OwnerProfileTest"
  }, {
    "name" : "testClass",
    "value" : "com.ita.edu.teachua.ui.tests.OwnerProfileTest"
  }, {
    "name" : "testMethod",
    "value" : "checkDescriptionFieldWithValidLettersAndSymbols"
  }, {
    "name" : "parentSuite",
    "value" : "Test Suite"
  }, {
    "name" : "suite",
    "value" : "UI Tests"
  }, {
    "name" : "subSuite",
    "value" : "com.ita.edu.teachua.ui.tests.OwnerProfileTest"
  }, {
    "name" : "host",
    "value" : "fv-az126-328"
  }, {
    "name" : "thread",
    "value" : "2825@fv-az126-328.TestNG-tests-2(14)"
  }, {
    "name" : "framework",
    "value" : "testng"
  }, {
    "name" : "language",
    "value" : "java"
  }, {
    "name" : "severity",
    "value" : "critical"
  }, {
    "name" : "resultFormat",
    "value" : "allure2"
  } ],
  "parameters" : [ ],
  "links" : [ {
    "name" : "TUA-173",
    "type" : "issue"
  } ],
  "hidden" : false,
  "retry" : false,
  "extra" : {
    "severity" : "critical",
    "retries" : [ ],
    "categories" : [ ],
    "tags" : [ ]
  },
  "source" : "d7d659ee01862e66.json",
  "parameterValues" : [ ]
}