{
  "uid" : "fbbe44f7c61fa0fd",
  "name" : "TUA-176",
  "fullName" : "com.ita.edu.teachua.ui.tests.OwnerProfileTest.checkDescriptionFieldWithLessThan40Symbols",
  "historyId" : "128eb4ecae813f1fdbd776c29d2c4b6b",
  "time" : {
    "start" : 1642785475685,
    "stop" : 1642785485812,
    "duration" : 10127
  },
  "description" : "TUA-176-Verify that error message ‘Некоректний опис гуртка\\n\" + \"Опис гуртка може містити від 40 до 1500 символів.’ appears when the user enters less than 40 symbols into the field",
  "descriptionHtml" : "<p>TUA-176-Verify that error message ‘Некоректний опис гуртка\\n&quot; + &quot;Опис гуртка може містити від 40 до 1500 символів.’ appears when the user enters less than 40 symbols into the field</p>\n",
  "status" : "broken",
  "statusMessage" : "no such element: Unable to locate element: {\"method\":\"xpath\",\"selector\":\"//div[@class = 'ant-dropdown-trigger user-profile']/span[@role]\"}\n  (Session info: chrome=97.0.4692.71)\nFor documentation on this error, please visit: https://selenium.dev/exceptions/#no_such_element\nBuild info: version: '4.1.0', revision: '87802e897b'\nSystem info: host: 'fv-az126-328', ip: '10.1.0.162', os.name: 'Linux', os.arch: 'amd64', os.version: '5.11.0-1025-azure', java.version: '1.8.0_292'\nDriver info: org.openqa.selenium.chrome.ChromeDriver\nCommand: [79051722185abe1bdbe42e4cac40ea07, findElement {using=xpath, value=//div[@class = 'ant-dropdown-trigger user-profile']/span[@role]}]\nCapabilities {acceptInsecureCerts: false, browserName: chrome, browserVersion: 97.0.4692.71, chrome: {chromedriverVersion: 97.0.4692.71 (adefa7837d02a..., userDataDir: /tmp/.com.google.Chrome.SBa5to}, goog:chromeOptions: {debuggerAddress: localhost:37095}, javascriptEnabled: true, networkConnectionEnabled: false, pageLoadStrategy: normal, platform: LINUX, platformName: LINUX, proxy: Proxy(), se:cdp: ws://localhost:37095/devtoo..., se:cdpVersion: 97.0.4692.71, setWindowRect: true, strictFileInteractability: false, timeouts: {implicit: 0, pageLoad: 300000, script: 30000}, unhandledPromptBehavior: dismiss and notify, webauthn:extension:credBlob: true, webauthn:extension:largeBlob: true, webauthn:virtualAuthenticators: true}\nSession ID: 79051722185abe1bdbe42e4cac40ea07",
  "statusTrace" : "org.openqa.selenium.NoSuchElementException: no such element: Unable to locate element: {\"method\":\"xpath\",\"selector\":\"//div[@class = 'ant-dropdown-trigger user-profile']/span[@role]\"}\n  (Session info: chrome=97.0.4692.71)\nFor documentation on this error, please visit: https://selenium.dev/exceptions/#no_such_element\nBuild info: version: '4.1.0', revision: '87802e897b'\nSystem info: host: 'fv-az126-328', ip: '10.1.0.162', os.name: 'Linux', os.arch: 'amd64', os.version: '5.11.0-1025-azure', java.version: '1.8.0_292'\nDriver info: org.openqa.selenium.chrome.ChromeDriver\nCommand: [79051722185abe1bdbe42e4cac40ea07, findElement {using=xpath, value=//div[@class = 'ant-dropdown-trigger user-profile']/span[@role]}]\nCapabilities {acceptInsecureCerts: false, browserName: chrome, browserVersion: 97.0.4692.71, chrome: {chromedriverVersion: 97.0.4692.71 (adefa7837d02a..., userDataDir: /tmp/.com.google.Chrome.SBa5to}, goog:chromeOptions: {debuggerAddress: localhost:37095}, javascriptEnabled: true, networkConnectionEnabled: false, pageLoadStrategy: normal, platform: LINUX, platformName: LINUX, proxy: Proxy(), se:cdp: ws://localhost:37095/devtoo..., se:cdpVersion: 97.0.4692.71, setWindowRect: true, strictFileInteractability: false, timeouts: {implicit: 0, pageLoad: 300000, script: 30000}, unhandledPromptBehavior: dismiss and notify, webauthn:extension:credBlob: true, webauthn:extension:largeBlob: true, webauthn:virtualAuthenticators: true}\nSession ID: 79051722185abe1bdbe42e4cac40ea07\n\tat sun.reflect.NativeConstructorAccessorImpl.newInstance0(Native Method)\n\tat sun.reflect.NativeConstructorAccessorImpl.newInstance(NativeConstructorAccessorImpl.java:62)\n\tat sun.reflect.DelegatingConstructorAccessorImpl.newInstance(DelegatingConstructorAccessorImpl.java:45)\n\tat java.lang.reflect.Constructor.newInstance(Constructor.java:423)\n\tat org.openqa.selenium.remote.codec.w3c.W3CHttpResponseCodec.createException(W3CHttpResponseCodec.java:200)\n\tat org.openqa.selenium.remote.codec.w3c.W3CHttpResponseCodec.decode(W3CHttpResponseCodec.java:133)\n\tat org.openqa.selenium.remote.codec.w3c.W3CHttpResponseCodec.decode(W3CHttpResponseCodec.java:53)\n\tat org.openqa.selenium.remote.HttpCommandExecutor.execute(HttpCommandExecutor.java:184)\n\tat org.openqa.selenium.remote.service.DriverCommandExecutor.invokeExecute(DriverCommandExecutor.java:164)\n\tat org.openqa.selenium.remote.service.DriverCommandExecutor.execute(DriverCommandExecutor.java:139)\n\tat org.openqa.selenium.remote.RemoteWebDriver.execute(RemoteWebDriver.java:559)\n\tat org.openqa.selenium.remote.ElementLocation$ElementFinder$2.findElement(ElementLocation.java:162)\n\tat org.openqa.selenium.remote.ElementLocation.findElement(ElementLocation.java:60)\n\tat org.openqa.selenium.remote.RemoteWebDriver.findElement(RemoteWebDriver.java:383)\n\tat org.openqa.selenium.remote.RemoteWebDriver.findElement(RemoteWebDriver.java:375)\n\tat org.openqa.selenium.support.pagefactory.DefaultElementLocator.findElement(DefaultElementLocator.java:70)\n\tat com.ita.edu.teachua.ui.pagefactory.ElementHandler.invoke(ElementHandler.java:32)\n\tat com.sun.proxy.$Proxy39.click(Unknown Source)\n\tat com.ita.edu.teachua.ui.pages.header_page.HeaderPage.clickOnGuestDropdown(HeaderPage.java:26)\n\tat com.ita.edu.teachua.ui.pages.header_page.HeaderPage.authorize(HeaderPage.java:39)\n\tat com.ita.edu.teachua.ui.tests.OwnerProfileTest.checkDescriptionFieldWithLessThan40Symbols(OwnerProfileTest.java:629)\n\tat sun.reflect.NativeMethodAccessorImpl.invoke0(Native Method)\n\tat sun.reflect.NativeMethodAccessorImpl.invoke(NativeMethodAccessorImpl.java:62)\n\tat sun.reflect.DelegatingMethodAccessorImpl.invoke(DelegatingMethodAccessorImpl.java:43)\n\tat java.lang.reflect.Method.invoke(Method.java:498)\n\tat org.testng.internal.MethodInvocationHelper.invokeMethod(MethodInvocationHelper.java:133)\n\tat org.testng.internal.TestInvoker.invokeMethod(TestInvoker.java:598)\n\tat org.testng.internal.TestInvoker.invokeTestMethod(TestInvoker.java:173)\n\tat org.testng.internal.MethodRunner.runInSequence(MethodRunner.java:46)\n\tat org.testng.internal.TestInvoker$MethodInvocationAgent.invoke(TestInvoker.java:824)\n\tat org.testng.internal.TestInvoker.invokeTestMethods(TestInvoker.java:146)\n\tat org.testng.internal.TestMethodWorker.invokeTestMethods(TestMethodWorker.java:146)\n\tat org.testng.internal.TestMethodWorker.run(TestMethodWorker.java:128)\n\tat java.util.ArrayList.forEach(ArrayList.java:1259)\n\tat org.testng.TestRunner.privateRun(TestRunner.java:794)\n\tat org.testng.TestRunner.run(TestRunner.java:596)\n\tat org.testng.SuiteRunner.runTest(SuiteRunner.java:377)\n\tat org.testng.SuiteRunner.access$000(SuiteRunner.java:28)\n\tat org.testng.SuiteRunner$SuiteWorker.run(SuiteRunner.java:418)\n\tat org.testng.internal.thread.ThreadUtil.lambda$execute$0(ThreadUtil.java:64)\n\tat java.util.concurrent.FutureTask.run(FutureTask.java:266)\n\tat java.util.concurrent.ThreadPoolExecutor.runWorker(ThreadPoolExecutor.java:1149)\n\tat java.util.concurrent.ThreadPoolExecutor$Worker.run(ThreadPoolExecutor.java:624)\n\tat java.lang.Thread.run(Thread.java:748)\n",
  "flaky" : false,
  "newFailed" : false,
  "beforeStages" : [ {
    "name" : "beforeMethod",
    "time" : {
      "start" : 1642785474582,
      "stop" : 1642785475683,
      "duration" : 1101
    },
    "description" : "",
    "status" : "passed",
    "steps" : [ ],
    "attachments" : [ ],
    "parameters" : [ ],
    "attachmentsCount" : 0,
    "shouldDisplayMessage" : false,
    "hasContent" : false,
    "stepsCount" : 0
  }, {
    "name" : "beforeSuite",
    "time" : {
      "start" : 1642785234217,
      "stop" : 1642785236072,
      "duration" : 1855
    },
    "description" : "",
    "status" : "passed",
    "steps" : [ ],
    "attachments" : [ ],
    "parameters" : [ ],
    "attachmentsCount" : 0,
    "shouldDisplayMessage" : false,
    "hasContent" : false,
    "stepsCount" : 0
  } ],
  "testStage" : {
    "description" : "TUA-176-Verify that error message ‘Некоректний опис гуртка\\n\" + \"Опис гуртка може містити від 40 до 1500 символів.’ appears when the user enters less than 40 symbols into the field",
    "status" : "broken",
    "statusMessage" : "no such element: Unable to locate element: {\"method\":\"xpath\",\"selector\":\"//div[@class = 'ant-dropdown-trigger user-profile']/span[@role]\"}\n  (Session info: chrome=97.0.4692.71)\nFor documentation on this error, please visit: https://selenium.dev/exceptions/#no_such_element\nBuild info: version: '4.1.0', revision: '87802e897b'\nSystem info: host: 'fv-az126-328', ip: '10.1.0.162', os.name: 'Linux', os.arch: 'amd64', os.version: '5.11.0-1025-azure', java.version: '1.8.0_292'\nDriver info: org.openqa.selenium.chrome.ChromeDriver\nCommand: [79051722185abe1bdbe42e4cac40ea07, findElement {using=xpath, value=//div[@class = 'ant-dropdown-trigger user-profile']/span[@role]}]\nCapabilities {acceptInsecureCerts: false, browserName: chrome, browserVersion: 97.0.4692.71, chrome: {chromedriverVersion: 97.0.4692.71 (adefa7837d02a..., userDataDir: /tmp/.com.google.Chrome.SBa5to}, goog:chromeOptions: {debuggerAddress: localhost:37095}, javascriptEnabled: true, networkConnectionEnabled: false, pageLoadStrategy: normal, platform: LINUX, platformName: LINUX, proxy: Proxy(), se:cdp: ws://localhost:37095/devtoo..., se:cdpVersion: 97.0.4692.71, setWindowRect: true, strictFileInteractability: false, timeouts: {implicit: 0, pageLoad: 300000, script: 30000}, unhandledPromptBehavior: dismiss and notify, webauthn:extension:credBlob: true, webauthn:extension:largeBlob: true, webauthn:virtualAuthenticators: true}\nSession ID: 79051722185abe1bdbe42e4cac40ea07",
    "statusTrace" : "org.openqa.selenium.NoSuchElementException: no such element: Unable to locate element: {\"method\":\"xpath\",\"selector\":\"//div[@class = 'ant-dropdown-trigger user-profile']/span[@role]\"}\n  (Session info: chrome=97.0.4692.71)\nFor documentation on this error, please visit: https://selenium.dev/exceptions/#no_such_element\nBuild info: version: '4.1.0', revision: '87802e897b'\nSystem info: host: 'fv-az126-328', ip: '10.1.0.162', os.name: 'Linux', os.arch: 'amd64', os.version: '5.11.0-1025-azure', java.version: '1.8.0_292'\nDriver info: org.openqa.selenium.chrome.ChromeDriver\nCommand: [79051722185abe1bdbe42e4cac40ea07, findElement {using=xpath, value=//div[@class = 'ant-dropdown-trigger user-profile']/span[@role]}]\nCapabilities {acceptInsecureCerts: false, browserName: chrome, browserVersion: 97.0.4692.71, chrome: {chromedriverVersion: 97.0.4692.71 (adefa7837d02a..., userDataDir: /tmp/.com.google.Chrome.SBa5to}, goog:chromeOptions: {debuggerAddress: localhost:37095}, javascriptEnabled: true, networkConnectionEnabled: false, pageLoadStrategy: normal, platform: LINUX, platformName: LINUX, proxy: Proxy(), se:cdp: ws://localhost:37095/devtoo..., se:cdpVersion: 97.0.4692.71, setWindowRect: true, strictFileInteractability: false, timeouts: {implicit: 0, pageLoad: 300000, script: 30000}, unhandledPromptBehavior: dismiss and notify, webauthn:extension:credBlob: true, webauthn:extension:largeBlob: true, webauthn:virtualAuthenticators: true}\nSession ID: 79051722185abe1bdbe42e4cac40ea07\n\tat sun.reflect.NativeConstructorAccessorImpl.newInstance0(Native Method)\n\tat sun.reflect.NativeConstructorAccessorImpl.newInstance(NativeConstructorAccessorImpl.java:62)\n\tat sun.reflect.DelegatingConstructorAccessorImpl.newInstance(DelegatingConstructorAccessorImpl.java:45)\n\tat java.lang.reflect.Constructor.newInstance(Constructor.java:423)\n\tat org.openqa.selenium.remote.codec.w3c.W3CHttpResponseCodec.createException(W3CHttpResponseCodec.java:200)\n\tat org.openqa.selenium.remote.codec.w3c.W3CHttpResponseCodec.decode(W3CHttpResponseCodec.java:133)\n\tat org.openqa.selenium.remote.codec.w3c.W3CHttpResponseCodec.decode(W3CHttpResponseCodec.java:53)\n\tat org.openqa.selenium.remote.HttpCommandExecutor.execute(HttpCommandExecutor.java:184)\n\tat org.openqa.selenium.remote.service.DriverCommandExecutor.invokeExecute(DriverCommandExecutor.java:164)\n\tat org.openqa.selenium.remote.service.DriverCommandExecutor.execute(DriverCommandExecutor.java:139)\n\tat org.openqa.selenium.remote.RemoteWebDriver.execute(RemoteWebDriver.java:559)\n\tat org.openqa.selenium.remote.ElementLocation$ElementFinder$2.findElement(ElementLocation.java:162)\n\tat org.openqa.selenium.remote.ElementLocation.findElement(ElementLocation.java:60)\n\tat org.openqa.selenium.remote.RemoteWebDriver.findElement(RemoteWebDriver.java:383)\n\tat org.openqa.selenium.remote.RemoteWebDriver.findElement(RemoteWebDriver.java:375)\n\tat org.openqa.selenium.support.pagefactory.DefaultElementLocator.findElement(DefaultElementLocator.java:70)\n\tat com.ita.edu.teachua.ui.pagefactory.ElementHandler.invoke(ElementHandler.java:32)\n\tat com.sun.proxy.$Proxy39.click(Unknown Source)\n\tat com.ita.edu.teachua.ui.pages.header_page.HeaderPage.clickOnGuestDropdown(HeaderPage.java:26)\n\tat com.ita.edu.teachua.ui.pages.header_page.HeaderPage.authorize(HeaderPage.java:39)\n\tat com.ita.edu.teachua.ui.tests.OwnerProfileTest.checkDescriptionFieldWithLessThan40Symbols(OwnerProfileTest.java:629)\n\tat sun.reflect.NativeMethodAccessorImpl.invoke0(Native Method)\n\tat sun.reflect.NativeMethodAccessorImpl.invoke(NativeMethodAccessorImpl.java:62)\n\tat sun.reflect.DelegatingMethodAccessorImpl.invoke(DelegatingMethodAccessorImpl.java:43)\n\tat java.lang.reflect.Method.invoke(Method.java:498)\n\tat org.testng.internal.MethodInvocationHelper.invokeMethod(MethodInvocationHelper.java:133)\n\tat org.testng.internal.TestInvoker.invokeMethod(TestInvoker.java:598)\n\tat org.testng.internal.TestInvoker.invokeTestMethod(TestInvoker.java:173)\n\tat org.testng.internal.MethodRunner.runInSequence(MethodRunner.java:46)\n\tat org.testng.internal.TestInvoker$MethodInvocationAgent.invoke(TestInvoker.java:824)\n\tat org.testng.internal.TestInvoker.invokeTestMethods(TestInvoker.java:146)\n\tat org.testng.internal.TestMethodWorker.invokeTestMethods(TestMethodWorker.java:146)\n\tat org.testng.internal.TestMethodWorker.run(TestMethodWorker.java:128)\n\tat java.util.ArrayList.forEach(ArrayList.java:1259)\n\tat org.testng.TestRunner.privateRun(TestRunner.java:794)\n\tat org.testng.TestRunner.run(TestRunner.java:596)\n\tat org.testng.SuiteRunner.runTest(SuiteRunner.java:377)\n\tat org.testng.SuiteRunner.access$000(SuiteRunner.java:28)\n\tat org.testng.SuiteRunner$SuiteWorker.run(SuiteRunner.java:418)\n\tat org.testng.internal.thread.ThreadUtil.lambda$execute$0(ThreadUtil.java:64)\n\tat java.util.concurrent.FutureTask.run(FutureTask.java:266)\n\tat java.util.concurrent.ThreadPoolExecutor.runWorker(ThreadPoolExecutor.java:1149)\n\tat java.util.concurrent.ThreadPoolExecutor$Worker.run(ThreadPoolExecutor.java:624)\n\tat java.lang.Thread.run(Thread.java:748)\n",
    "steps" : [ {
      "name" : "Authorize user with valid email admin@gmail.com and password admin",
      "time" : {
        "start" : 1642785475686,
        "stop" : 1642785485722,
        "duration" : 10036
      },
      "status" : "broken",
      "statusMessage" : "no such element: Unable to locate element: {\"method\":\"xpath\",\"selector\":\"//div[@class = 'ant-dropdown-trigger user-profile']/span[@role]\"}\n  (Session info: chrome=97.0.4692.71)\nFor documentation on this error, please visit: https://selenium.dev/exceptions/#no_such_element\nBuild info: version: '4.1.0', revision: '87802e897b'\nSystem info: host: 'fv-az126-328', ip: '10.1.0.162', os.name: 'Linux', os.arch: 'amd64', os.version: '5.11.0-1025-azure', java.version: '1.8.0_292'\nDriver info: org.openqa.selenium.chrome.ChromeDriver\nCommand: [79051722185abe1bdbe42e4cac40ea07, findElement {using=xpath, value=//div[@class = 'ant-dropdown-trigger user-profile']/span[@role]}]\nCapabilities {acceptInsecureCerts: false, browserName: chrome, browserVersion: 97.0.4692.71, chrome: {chromedriverVersion: 97.0.4692.71 (adefa7837d02a..., userDataDir: /tmp/.com.google.Chrome.SBa5to}, goog:chromeOptions: {debuggerAddress: localhost:37095}, javascriptEnabled: true, networkConnectionEnabled: false, pageLoadStrategy: normal, platform: LINUX, platformName: LINUX, proxy: Proxy(), se:cdp: ws://localhost:37095/devtoo..., se:cdpVersion: 97.0.4692.71, setWindowRect: true, strictFileInteractability: false, timeouts: {implicit: 0, pageLoad: 300000, script: 30000}, unhandledPromptBehavior: dismiss and notify, webauthn:extension:credBlob: true, webauthn:extension:largeBlob: true, webauthn:virtualAuthenticators: true}\nSession ID: 79051722185abe1bdbe42e4cac40ea07",
      "statusTrace" : "org.openqa.selenium.NoSuchElementException: no such element: Unable to locate element: {\"method\":\"xpath\",\"selector\":\"//div[@class = 'ant-dropdown-trigger user-profile']/span[@role]\"}\n  (Session info: chrome=97.0.4692.71)\nFor documentation on this error, please visit: https://selenium.dev/exceptions/#no_such_element\nBuild info: version: '4.1.0', revision: '87802e897b'\nSystem info: host: 'fv-az126-328', ip: '10.1.0.162', os.name: 'Linux', os.arch: 'amd64', os.version: '5.11.0-1025-azure', java.version: '1.8.0_292'\nDriver info: org.openqa.selenium.chrome.ChromeDriver\nCommand: [79051722185abe1bdbe42e4cac40ea07, findElement {using=xpath, value=//div[@class = 'ant-dropdown-trigger user-profile']/span[@role]}]\nCapabilities {acceptInsecureCerts: false, browserName: chrome, browserVersion: 97.0.4692.71, chrome: {chromedriverVersion: 97.0.4692.71 (adefa7837d02a..., userDataDir: /tmp/.com.google.Chrome.SBa5to}, goog:chromeOptions: {debuggerAddress: localhost:37095}, javascriptEnabled: true, networkConnectionEnabled: false, pageLoadStrategy: normal, platform: LINUX, platformName: LINUX, proxy: Proxy(), se:cdp: ws://localhost:37095/devtoo..., se:cdpVersion: 97.0.4692.71, setWindowRect: true, strictFileInteractability: false, timeouts: {implicit: 0, pageLoad: 300000, script: 30000}, unhandledPromptBehavior: dismiss and notify, webauthn:extension:credBlob: true, webauthn:extension:largeBlob: true, webauthn:virtualAuthenticators: true}\nSession ID: 79051722185abe1bdbe42e4cac40ea07\n\tat sun.reflect.NativeConstructorAccessorImpl.newInstance0(Native Method)\n\tat sun.reflect.NativeConstructorAccessorImpl.newInstance(NativeConstructorAccessorImpl.java:62)\n\tat sun.reflect.DelegatingConstructorAccessorImpl.newInstance(DelegatingConstructorAccessorImpl.java:45)\n\tat java.lang.reflect.Constructor.newInstance(Constructor.java:423)\n\tat org.openqa.selenium.remote.codec.w3c.W3CHttpResponseCodec.createException(W3CHttpResponseCodec.java:200)\n\tat org.openqa.selenium.remote.codec.w3c.W3CHttpResponseCodec.decode(W3CHttpResponseCodec.java:133)\n\tat org.openqa.selenium.remote.codec.w3c.W3CHttpResponseCodec.decode(W3CHttpResponseCodec.java:53)\n\tat org.openqa.selenium.remote.HttpCommandExecutor.execute(HttpCommandExecutor.java:184)\n\tat org.openqa.selenium.remote.service.DriverCommandExecutor.invokeExecute(DriverCommandExecutor.java:164)\n\tat org.openqa.selenium.remote.service.DriverCommandExecutor.execute(DriverCommandExecutor.java:139)\n\tat org.openqa.selenium.remote.RemoteWebDriver.execute(RemoteWebDriver.java:559)\n\tat org.openqa.selenium.remote.ElementLocation$ElementFinder$2.findElement(ElementLocation.java:162)\n\tat org.openqa.selenium.remote.ElementLocation.findElement(ElementLocation.java:60)\n\tat org.openqa.selenium.remote.RemoteWebDriver.findElement(RemoteWebDriver.java:383)\n\tat org.openqa.selenium.remote.RemoteWebDriver.findElement(RemoteWebDriver.java:375)\n\tat org.openqa.selenium.support.pagefactory.DefaultElementLocator.findElement(DefaultElementLocator.java:70)\n\tat com.ita.edu.teachua.ui.pagefactory.ElementHandler.invoke(ElementHandler.java:32)\n\tat com.sun.proxy.$Proxy39.click(Unknown Source)\n\tat com.ita.edu.teachua.ui.pages.header_page.HeaderPage.clickOnGuestDropdown(HeaderPage.java:26)\n\tat com.ita.edu.teachua.ui.pages.header_page.HeaderPage.authorize(HeaderPage.java:39)\n\tat com.ita.edu.teachua.ui.tests.OwnerProfileTest.checkDescriptionFieldWithLessThan40Symbols(OwnerProfileTest.java:629)\n\tat sun.reflect.NativeMethodAccessorImpl.invoke0(Native Method)\n\tat sun.reflect.NativeMethodAccessorImpl.invoke(NativeMethodAccessorImpl.java:62)\n\tat sun.reflect.DelegatingMethodAccessorImpl.invoke(DelegatingMethodAccessorImpl.java:43)\n\tat java.lang.reflect.Method.invoke(Method.java:498)\n\tat org.testng.internal.MethodInvocationHelper.invokeMethod(MethodInvocationHelper.java:133)\n\tat org.testng.internal.TestInvoker.invokeMethod(TestInvoker.java:598)\n\tat org.testng.internal.TestInvoker.invokeTestMethod(TestInvoker.java:173)\n\tat org.testng.internal.MethodRunner.runInSequence(MethodRunner.java:46)\n\tat org.testng.internal.TestInvoker$MethodInvocationAgent.invoke(TestInvoker.java:824)\n\tat org.testng.internal.TestInvoker.invokeTestMethods(TestInvoker.java:146)\n\tat org.testng.internal.TestMethodWorker.invokeTestMethods(TestMethodWorker.java:146)\n\tat org.testng.internal.TestMethodWorker.run(TestMethodWorker.java:128)\n\tat java.util.ArrayList.forEach(ArrayList.java:1259)\n\tat org.testng.TestRunner.privateRun(TestRunner.java:794)\n\tat org.testng.TestRunner.run(TestRunner.java:596)\n\tat org.testng.SuiteRunner.runTest(SuiteRunner.java:377)\n\tat org.testng.SuiteRunner.access$000(SuiteRunner.java:28)\n\tat org.testng.SuiteRunner$SuiteWorker.run(SuiteRunner.java:418)\n\tat org.testng.internal.thread.ThreadUtil.lambda$execute$0(ThreadUtil.java:64)\n\tat java.util.concurrent.FutureTask.run(FutureTask.java:266)\n\tat java.util.concurrent.ThreadPoolExecutor.runWorker(ThreadPoolExecutor.java:1149)\n\tat java.util.concurrent.ThreadPoolExecutor$Worker.run(ThreadPoolExecutor.java:624)\n\tat java.lang.Thread.run(Thread.java:748)\n",
      "steps" : [ {
        "name" : "Click on guest dropdown",
        "time" : {
          "start" : 1642785475686,
          "stop" : 1642785485722,
          "duration" : 10036
        },
        "status" : "broken",
        "statusMessage" : "no such element: Unable to locate element: {\"method\":\"xpath\",\"selector\":\"//div[@class = 'ant-dropdown-trigger user-profile']/span[@role]\"}\n  (Session info: chrome=97.0.4692.71)\nFor documentation on this error, please visit: https://selenium.dev/exceptions/#no_such_element\nBuild info: version: '4.1.0', revision: '87802e897b'\nSystem info: host: 'fv-az126-328', ip: '10.1.0.162', os.name: 'Linux', os.arch: 'amd64', os.version: '5.11.0-1025-azure', java.version: '1.8.0_292'\nDriver info: org.openqa.selenium.chrome.ChromeDriver\nCommand: [79051722185abe1bdbe42e4cac40ea07, findElement {using=xpath, value=//div[@class = 'ant-dropdown-trigger user-profile']/span[@role]}]\nCapabilities {acceptInsecureCerts: false, browserName: chrome, browserVersion: 97.0.4692.71, chrome: {chromedriverVersion: 97.0.4692.71 (adefa7837d02a..., userDataDir: /tmp/.com.google.Chrome.SBa5to}, goog:chromeOptions: {debuggerAddress: localhost:37095}, javascriptEnabled: true, networkConnectionEnabled: false, pageLoadStrategy: normal, platform: LINUX, platformName: LINUX, proxy: Proxy(), se:cdp: ws://localhost:37095/devtoo..., se:cdpVersion: 97.0.4692.71, setWindowRect: true, strictFileInteractability: false, timeouts: {implicit: 0, pageLoad: 300000, script: 30000}, unhandledPromptBehavior: dismiss and notify, webauthn:extension:credBlob: true, webauthn:extension:largeBlob: true, webauthn:virtualAuthenticators: true}\nSession ID: 79051722185abe1bdbe42e4cac40ea07",
        "statusTrace" : "org.openqa.selenium.NoSuchElementException: no such element: Unable to locate element: {\"method\":\"xpath\",\"selector\":\"//div[@class = 'ant-dropdown-trigger user-profile']/span[@role]\"}\n  (Session info: chrome=97.0.4692.71)\nFor documentation on this error, please visit: https://selenium.dev/exceptions/#no_such_element\nBuild info: version: '4.1.0', revision: '87802e897b'\nSystem info: host: 'fv-az126-328', ip: '10.1.0.162', os.name: 'Linux', os.arch: 'amd64', os.version: '5.11.0-1025-azure', java.version: '1.8.0_292'\nDriver info: org.openqa.selenium.chrome.ChromeDriver\nCommand: [79051722185abe1bdbe42e4cac40ea07, findElement {using=xpath, value=//div[@class = 'ant-dropdown-trigger user-profile']/span[@role]}]\nCapabilities {acceptInsecureCerts: false, browserName: chrome, browserVersion: 97.0.4692.71, chrome: {chromedriverVersion: 97.0.4692.71 (adefa7837d02a..., userDataDir: /tmp/.com.google.Chrome.SBa5to}, goog:chromeOptions: {debuggerAddress: localhost:37095}, javascriptEnabled: true, networkConnectionEnabled: false, pageLoadStrategy: normal, platform: LINUX, platformName: LINUX, proxy: Proxy(), se:cdp: ws://localhost:37095/devtoo..., se:cdpVersion: 97.0.4692.71, setWindowRect: true, strictFileInteractability: false, timeouts: {implicit: 0, pageLoad: 300000, script: 30000}, unhandledPromptBehavior: dismiss and notify, webauthn:extension:credBlob: true, webauthn:extension:largeBlob: true, webauthn:virtualAuthenticators: true}\nSession ID: 79051722185abe1bdbe42e4cac40ea07\n\tat sun.reflect.NativeConstructorAccessorImpl.newInstance0(Native Method)\n\tat sun.reflect.NativeConstructorAccessorImpl.newInstance(NativeConstructorAccessorImpl.java:62)\n\tat sun.reflect.DelegatingConstructorAccessorImpl.newInstance(DelegatingConstructorAccessorImpl.java:45)\n\tat java.lang.reflect.Constructor.newInstance(Constructor.java:423)\n\tat org.openqa.selenium.remote.codec.w3c.W3CHttpResponseCodec.createException(W3CHttpResponseCodec.java:200)\n\tat org.openqa.selenium.remote.codec.w3c.W3CHttpResponseCodec.decode(W3CHttpResponseCodec.java:133)\n\tat org.openqa.selenium.remote.codec.w3c.W3CHttpResponseCodec.decode(W3CHttpResponseCodec.java:53)\n\tat org.openqa.selenium.remote.HttpCommandExecutor.execute(HttpCommandExecutor.java:184)\n\tat org.openqa.selenium.remote.service.DriverCommandExecutor.invokeExecute(DriverCommandExecutor.java:164)\n\tat org.openqa.selenium.remote.service.DriverCommandExecutor.execute(DriverCommandExecutor.java:139)\n\tat org.openqa.selenium.remote.RemoteWebDriver.execute(RemoteWebDriver.java:559)\n\tat org.openqa.selenium.remote.ElementLocation$ElementFinder$2.findElement(ElementLocation.java:162)\n\tat org.openqa.selenium.remote.ElementLocation.findElement(ElementLocation.java:60)\n\tat org.openqa.selenium.remote.RemoteWebDriver.findElement(RemoteWebDriver.java:383)\n\tat org.openqa.selenium.remote.RemoteWebDriver.findElement(RemoteWebDriver.java:375)\n\tat org.openqa.selenium.support.pagefactory.DefaultElementLocator.findElement(DefaultElementLocator.java:70)\n\tat com.ita.edu.teachua.ui.pagefactory.ElementHandler.invoke(ElementHandler.java:32)\n\tat com.sun.proxy.$Proxy39.click(Unknown Source)\n\tat com.ita.edu.teachua.ui.pages.header_page.HeaderPage.clickOnGuestDropdown(HeaderPage.java:26)\n\tat com.ita.edu.teachua.ui.pages.header_page.HeaderPage.authorize(HeaderPage.java:39)\n\tat com.ita.edu.teachua.ui.tests.OwnerProfileTest.checkDescriptionFieldWithLessThan40Symbols(OwnerProfileTest.java:629)\n\tat sun.reflect.NativeMethodAccessorImpl.invoke0(Native Method)\n\tat sun.reflect.NativeMethodAccessorImpl.invoke(NativeMethodAccessorImpl.java:62)\n\tat sun.reflect.DelegatingMethodAccessorImpl.invoke(DelegatingMethodAccessorImpl.java:43)\n\tat java.lang.reflect.Method.invoke(Method.java:498)\n\tat org.testng.internal.MethodInvocationHelper.invokeMethod(MethodInvocationHelper.java:133)\n\tat org.testng.internal.TestInvoker.invokeMethod(TestInvoker.java:598)\n\tat org.testng.internal.TestInvoker.invokeTestMethod(TestInvoker.java:173)\n\tat org.testng.internal.MethodRunner.runInSequence(MethodRunner.java:46)\n\tat org.testng.internal.TestInvoker$MethodInvocationAgent.invoke(TestInvoker.java:824)\n\tat org.testng.internal.TestInvoker.invokeTestMethods(TestInvoker.java:146)\n\tat org.testng.internal.TestMethodWorker.invokeTestMethods(TestMethodWorker.java:146)\n\tat org.testng.internal.TestMethodWorker.run(TestMethodWorker.java:128)\n\tat java.util.ArrayList.forEach(ArrayList.java:1259)\n\tat org.testng.TestRunner.privateRun(TestRunner.java:794)\n\tat org.testng.TestRunner.run(TestRunner.java:596)\n\tat org.testng.SuiteRunner.runTest(SuiteRunner.java:377)\n\tat org.testng.SuiteRunner.access$000(SuiteRunner.java:28)\n\tat org.testng.SuiteRunner$SuiteWorker.run(SuiteRunner.java:418)\n\tat org.testng.internal.thread.ThreadUtil.lambda$execute$0(ThreadUtil.java:64)\n\tat java.util.concurrent.FutureTask.run(FutureTask.java:266)\n\tat java.util.concurrent.ThreadPoolExecutor.runWorker(ThreadPoolExecutor.java:1149)\n\tat java.util.concurrent.ThreadPoolExecutor$Worker.run(ThreadPoolExecutor.java:624)\n\tat java.lang.Thread.run(Thread.java:748)\n",
        "steps" : [ ],
        "attachments" : [ ],
        "parameters" : [ ],
        "attachmentsCount" : 0,
        "shouldDisplayMessage" : true,
        "hasContent" : true,
        "stepsCount" : 0
      } ],
      "attachments" : [ ],
      "parameters" : [ {
        "name" : "email",
        "value" : "admin@gmail.com"
      }, {
        "name" : "password",
        "value" : "admin"
      } ],
      "attachmentsCount" : 0,
      "shouldDisplayMessage" : false,
      "hasContent" : true,
      "stepsCount" : 1
    } ],
    "attachments" : [ {
      "uid" : "eb49ab997f4d733c",
      "name" : "Logs for thread 14",
      "source" : "eb49ab997f4d733c.log",
      "type" : "text/plain",
      "size" : 4
    }, {
      "uid" : "26871c6630b601cf",
      "name" : "Page screenshot",
      "source" : "26871c6630b601cf.png",
      "type" : "image/png",
      "size" : 29236
    } ],
    "parameters" : [ ],
    "attachmentsCount" : 2,
    "shouldDisplayMessage" : false,
    "hasContent" : true,
    "stepsCount" : 2
  },
  "afterStages" : [ {
    "name" : "afterMethod",
    "time" : {
      "start" : 1642785485813,
      "stop" : 1642785485881,
      "duration" : 68
    },
    "description" : "",
    "status" : "passed",
    "steps" : [ ],
    "attachments" : [ ],
    "parameters" : [ ],
    "attachmentsCount" : 0,
    "shouldDisplayMessage" : false,
    "hasContent" : false,
    "stepsCount" : 0
  } ],
  "labels" : [ {
    "name" : "package",
    "value" : "com.ita.edu.teachua.ui.tests.OwnerProfileTest"
  }, {
    "name" : "testClass",
    "value" : "com.ita.edu.teachua.ui.tests.OwnerProfileTest"
  }, {
    "name" : "testMethod",
    "value" : "checkDescriptionFieldWithLessThan40Symbols"
  }, {
    "name" : "parentSuite",
    "value" : "Test Suite"
  }, {
    "name" : "suite",
    "value" : "UI Tests"
  }, {
    "name" : "subSuite",
    "value" : "com.ita.edu.teachua.ui.tests.OwnerProfileTest"
  }, {
    "name" : "host",
    "value" : "fv-az126-328"
  }, {
    "name" : "thread",
    "value" : "2825@fv-az126-328.TestNG-tests-2(14)"
  }, {
    "name" : "framework",
    "value" : "testng"
  }, {
    "name" : "language",
    "value" : "java"
  }, {
    "name" : "severity",
    "value" : "critical"
  }, {
    "name" : "resultFormat",
    "value" : "allure2"
  } ],
  "parameters" : [ {
    "name" : "arg0",
    "value" : "[Also known as the Mo, 1, Also known as the Monastery of the ghfg]"
  } ],
  "links" : [ {
    "name" : "TUA-176",
    "type" : "issue"
  } ],
  "hidden" : false,
  "retry" : false,
  "extra" : {
    "severity" : "critical",
    "retries" : [ ],
    "categories" : [ {
      "name" : "Test defects",
      "matchedStatuses" : [ ],
      "flaky" : false
    } ],
    "history" : {
      "statistic" : {
        "failed" : 0,
        "broken" : 1,
        "skipped" : 0,
        "passed" : 5,
        "unknown" : 0,
        "total" : 6
      },
      "items" : [ {
        "uid" : "cb0230f26950e4df",
        "reportUrl" : "https://Lv-648-TAQC-Java-project.github.io/Selenium648PageFactory/41//#testresult/cb0230f26950e4df",
        "status" : "passed",
        "time" : {
          "start" : 1642773139163,
          "stop" : 1642773154427,
          "duration" : 15264
        }
      }, {
        "uid" : "8edf6257954b5dac",
        "reportUrl" : "https://Lv-648-TAQC-Java-project.github.io/Selenium648PageFactory/39//#testresult/8edf6257954b5dac",
        "status" : "passed",
        "time" : {
          "start" : 1642769181341,
          "stop" : 1642769196192,
          "duration" : 14851
        }
      }, {
        "uid" : "3ffa5befc8de9762",
        "reportUrl" : "https://Lv-648-TAQC-Java-project.github.io/Selenium648PageFactory/37//#testresult/3ffa5befc8de9762",
        "status" : "passed",
        "time" : {
          "start" : 1642762416572,
          "stop" : 1642762430992,
          "duration" : 14420
        }
      }, {
        "uid" : "f5c75c019e6076af",
        "reportUrl" : "https://Lv-648-TAQC-Java-project.github.io/Selenium648PageFactory/35//#testresult/f5c75c019e6076af",
        "status" : "passed",
        "time" : {
          "start" : 1642760006308,
          "stop" : 1642760021608,
          "duration" : 15300
        }
      }, {
        "uid" : "903786716285684d",
        "reportUrl" : "https://Lv-648-TAQC-Java-project.github.io/Selenium648PageFactory/33//#testresult/903786716285684d",
        "status" : "passed",
        "time" : {
          "start" : 1642759320582,
          "stop" : 1642759337217,
          "duration" : 16635
        }
      } ]
    },
    "tags" : [ ]
  },
  "source" : "fbbe44f7c61fa0fd.json",
  "parameterValues" : [ "[Also known as the Mo, 1, Also known as the Monastery of the ghfg]" ]
}