{
  "uid" : "80663584cf5f9104",
  "name" : "TUA-454",
  "fullName" : "com.ita.edu.teachua.ui.tests.OwnerProfileTest.checkLastVerifyEnteredDataInRegistrationRemembered",
  "historyId" : "b7ea80f314978665456119401e0051b3",
  "time" : {
    "start" : 1643109263007,
    "stop" : 1643109274280,
    "duration" : 11273
  },
  "description" : "This test check that last entered data on the ‘Реєстрація’ page are remembered #31",
  "descriptionHtml" : "<p>This test check that last entered data on the ‘Реєстрація’ page are remembered #31</p>\n",
  "status" : "broken",
  "statusMessage" : "element not interactable\n  (Session info: chrome=97.0.4692.71)\nBuild info: version: '4.1.0', revision: '87802e897b'\nSystem info: host: 'fv-az96-851', ip: '10.1.0.193', os.name: 'Linux', os.arch: 'amd64', os.version: '5.11.0-1027-azure', java.version: '1.8.0_292'\nDriver info: org.openqa.selenium.chrome.ChromeDriver\nCommand: [27cce235a14441660edbacab90fbea60, sendKeysToElement {id=aed726ab-9c05-4265-9ba9-39369dee44b3, value=[Ljava.lang.CharSequence;@35b27d85}]\nCapabilities {acceptInsecureCerts: false, browserName: chrome, browserVersion: 97.0.4692.71, chrome: {chromedriverVersion: 97.0.4692.71 (adefa7837d02a..., userDataDir: /tmp/.com.google.Chrome.1w5PZc}, goog:chromeOptions: {debuggerAddress: localhost:45815}, javascriptEnabled: true, networkConnectionEnabled: false, pageLoadStrategy: normal, platform: LINUX, platformName: LINUX, proxy: Proxy(), se:cdp: ws://localhost:45815/devtoo..., se:cdpVersion: 97.0.4692.71, setWindowRect: true, strictFileInteractability: false, timeouts: {implicit: 0, pageLoad: 300000, script: 30000}, unhandledPromptBehavior: dismiss and notify, webauthn:extension:credBlob: true, webauthn:extension:largeBlob: true, webauthn:virtualAuthenticators: true}\nElement: [[ChromeDriver: chrome on LINUX (27cce235a14441660edbacab90fbea60)] -> id: firstName]\nSession ID: 27cce235a14441660edbacab90fbea60",
  "statusTrace" : "org.openqa.selenium.ElementNotInteractableException: element not interactable\n  (Session info: chrome=97.0.4692.71)\nBuild info: version: '4.1.0', revision: '87802e897b'\nSystem info: host: 'fv-az96-851', ip: '10.1.0.193', os.name: 'Linux', os.arch: 'amd64', os.version: '5.11.0-1027-azure', java.version: '1.8.0_292'\nDriver info: org.openqa.selenium.chrome.ChromeDriver\nCommand: [27cce235a14441660edbacab90fbea60, sendKeysToElement {id=aed726ab-9c05-4265-9ba9-39369dee44b3, value=[Ljava.lang.CharSequence;@35b27d85}]\nCapabilities {acceptInsecureCerts: false, browserName: chrome, browserVersion: 97.0.4692.71, chrome: {chromedriverVersion: 97.0.4692.71 (adefa7837d02a..., userDataDir: /tmp/.com.google.Chrome.1w5PZc}, goog:chromeOptions: {debuggerAddress: localhost:45815}, javascriptEnabled: true, networkConnectionEnabled: false, pageLoadStrategy: normal, platform: LINUX, platformName: LINUX, proxy: Proxy(), se:cdp: ws://localhost:45815/devtoo..., se:cdpVersion: 97.0.4692.71, setWindowRect: true, strictFileInteractability: false, timeouts: {implicit: 0, pageLoad: 300000, script: 30000}, unhandledPromptBehavior: dismiss and notify, webauthn:extension:credBlob: true, webauthn:extension:largeBlob: true, webauthn:virtualAuthenticators: true}\nElement: [[ChromeDriver: chrome on LINUX (27cce235a14441660edbacab90fbea60)] -> id: firstName]\nSession ID: 27cce235a14441660edbacab90fbea60\n\tat sun.reflect.NativeConstructorAccessorImpl.newInstance0(Native Method)\n\tat sun.reflect.NativeConstructorAccessorImpl.newInstance(NativeConstructorAccessorImpl.java:62)\n\tat sun.reflect.DelegatingConstructorAccessorImpl.newInstance(DelegatingConstructorAccessorImpl.java:45)\n\tat java.lang.reflect.Constructor.newInstance(Constructor.java:423)\n\tat org.openqa.selenium.remote.codec.w3c.W3CHttpResponseCodec.createException(W3CHttpResponseCodec.java:200)\n\tat org.openqa.selenium.remote.codec.w3c.W3CHttpResponseCodec.decode(W3CHttpResponseCodec.java:133)\n\tat org.openqa.selenium.remote.codec.w3c.W3CHttpResponseCodec.decode(W3CHttpResponseCodec.java:53)\n\tat org.openqa.selenium.remote.HttpCommandExecutor.execute(HttpCommandExecutor.java:184)\n\tat org.openqa.selenium.remote.service.DriverCommandExecutor.invokeExecute(DriverCommandExecutor.java:164)\n\tat org.openqa.selenium.remote.service.DriverCommandExecutor.execute(DriverCommandExecutor.java:139)\n\tat org.openqa.selenium.remote.RemoteWebDriver.execute(RemoteWebDriver.java:559)\n\tat org.openqa.selenium.remote.RemoteWebElement.execute(RemoteWebElement.java:251)\n\tat org.openqa.selenium.remote.RemoteWebElement.sendKeys(RemoteWebElement.java:107)\n\tat com.ita.edu.teachua.ui.elements.base_element.BaseElement.sendKeys(BaseElement.java:26)\n\tat sun.reflect.GeneratedMethodAccessor369.invoke(Unknown Source)\n\tat sun.reflect.DelegatingMethodAccessorImpl.invoke(DelegatingMethodAccessorImpl.java:43)\n\tat java.lang.reflect.Method.invoke(Method.java:498)\n\tat com.ita.edu.teachua.ui.pagefactory.ElementHandler.invoke(ElementHandler.java:46)\n\tat com.sun.proxy.$Proxy43.sendKeys(Unknown Source)\n\tat com.ita.edu.teachua.ui.pages.header_page.RegisterPopUpComponent.fillFirstName(RegisterPopUpComponent.java:50)\n\tat com.ita.edu.teachua.ui.tests.OwnerProfileTest.checkLastVerifyEnteredDataInRegistrationRemembered(OwnerProfileTest.java:408)\n\tat sun.reflect.NativeMethodAccessorImpl.invoke0(Native Method)\n\tat sun.reflect.NativeMethodAccessorImpl.invoke(NativeMethodAccessorImpl.java:62)\n\tat sun.reflect.DelegatingMethodAccessorImpl.invoke(DelegatingMethodAccessorImpl.java:43)\n\tat java.lang.reflect.Method.invoke(Method.java:498)\n\tat org.testng.internal.MethodInvocationHelper.invokeMethod(MethodInvocationHelper.java:133)\n\tat org.testng.internal.TestInvoker.invokeMethod(TestInvoker.java:598)\n\tat org.testng.internal.TestInvoker.invokeTestMethod(TestInvoker.java:173)\n\tat org.testng.internal.MethodRunner.runInSequence(MethodRunner.java:46)\n\tat org.testng.internal.TestInvoker$MethodInvocationAgent.invoke(TestInvoker.java:824)\n\tat org.testng.internal.TestInvoker.invokeTestMethods(TestInvoker.java:146)\n\tat org.testng.internal.TestMethodWorker.invokeTestMethods(TestMethodWorker.java:146)\n\tat org.testng.internal.TestMethodWorker.run(TestMethodWorker.java:128)\n\tat java.util.ArrayList.forEach(ArrayList.java:1259)\n\tat org.testng.TestRunner.privateRun(TestRunner.java:794)\n\tat org.testng.TestRunner.run(TestRunner.java:596)\n\tat org.testng.SuiteRunner.runTest(SuiteRunner.java:377)\n\tat org.testng.SuiteRunner.access$000(SuiteRunner.java:28)\n\tat org.testng.SuiteRunner$SuiteWorker.run(SuiteRunner.java:418)\n\tat org.testng.internal.thread.ThreadUtil.lambda$execute$0(ThreadUtil.java:64)\n\tat java.util.concurrent.FutureTask.run(FutureTask.java:266)\n\tat java.util.concurrent.ThreadPoolExecutor.runWorker(ThreadPoolExecutor.java:1149)\n\tat java.util.concurrent.ThreadPoolExecutor$Worker.run(ThreadPoolExecutor.java:624)\n\tat java.lang.Thread.run(Thread.java:748)\n",
  "flaky" : false,
  "newFailed" : false,
  "beforeStages" : [ {
    "name" : "beforeMethod",
    "time" : {
      "start" : 1643109258520,
      "stop" : 1643109263004,
      "duration" : 4484
    },
    "description" : "",
    "status" : "passed",
    "steps" : [ ],
    "attachments" : [ ],
    "parameters" : [ ],
    "stepsCount" : 0,
    "attachmentsCount" : 0,
    "shouldDisplayMessage" : false,
    "hasContent" : false
  }, {
    "name" : "beforeSuite",
    "time" : {
      "start" : 1643108637491,
      "stop" : 1643108639620,
      "duration" : 2129
    },
    "description" : "",
    "status" : "passed",
    "steps" : [ ],
    "attachments" : [ ],
    "parameters" : [ ],
    "stepsCount" : 0,
    "attachmentsCount" : 0,
    "shouldDisplayMessage" : false,
    "hasContent" : false
  } ],
  "testStage" : {
    "description" : "This test check that last entered data on the ‘Реєстрація’ page are remembered #31",
    "status" : "broken",
    "statusMessage" : "element not interactable\n  (Session info: chrome=97.0.4692.71)\nBuild info: version: '4.1.0', revision: '87802e897b'\nSystem info: host: 'fv-az96-851', ip: '10.1.0.193', os.name: 'Linux', os.arch: 'amd64', os.version: '5.11.0-1027-azure', java.version: '1.8.0_292'\nDriver info: org.openqa.selenium.chrome.ChromeDriver\nCommand: [27cce235a14441660edbacab90fbea60, sendKeysToElement {id=aed726ab-9c05-4265-9ba9-39369dee44b3, value=[Ljava.lang.CharSequence;@35b27d85}]\nCapabilities {acceptInsecureCerts: false, browserName: chrome, browserVersion: 97.0.4692.71, chrome: {chromedriverVersion: 97.0.4692.71 (adefa7837d02a..., userDataDir: /tmp/.com.google.Chrome.1w5PZc}, goog:chromeOptions: {debuggerAddress: localhost:45815}, javascriptEnabled: true, networkConnectionEnabled: false, pageLoadStrategy: normal, platform: LINUX, platformName: LINUX, proxy: Proxy(), se:cdp: ws://localhost:45815/devtoo..., se:cdpVersion: 97.0.4692.71, setWindowRect: true, strictFileInteractability: false, timeouts: {implicit: 0, pageLoad: 300000, script: 30000}, unhandledPromptBehavior: dismiss and notify, webauthn:extension:credBlob: true, webauthn:extension:largeBlob: true, webauthn:virtualAuthenticators: true}\nElement: [[ChromeDriver: chrome on LINUX (27cce235a14441660edbacab90fbea60)] -> id: firstName]\nSession ID: 27cce235a14441660edbacab90fbea60",
    "statusTrace" : "org.openqa.selenium.ElementNotInteractableException: element not interactable\n  (Session info: chrome=97.0.4692.71)\nBuild info: version: '4.1.0', revision: '87802e897b'\nSystem info: host: 'fv-az96-851', ip: '10.1.0.193', os.name: 'Linux', os.arch: 'amd64', os.version: '5.11.0-1027-azure', java.version: '1.8.0_292'\nDriver info: org.openqa.selenium.chrome.ChromeDriver\nCommand: [27cce235a14441660edbacab90fbea60, sendKeysToElement {id=aed726ab-9c05-4265-9ba9-39369dee44b3, value=[Ljava.lang.CharSequence;@35b27d85}]\nCapabilities {acceptInsecureCerts: false, browserName: chrome, browserVersion: 97.0.4692.71, chrome: {chromedriverVersion: 97.0.4692.71 (adefa7837d02a..., userDataDir: /tmp/.com.google.Chrome.1w5PZc}, goog:chromeOptions: {debuggerAddress: localhost:45815}, javascriptEnabled: true, networkConnectionEnabled: false, pageLoadStrategy: normal, platform: LINUX, platformName: LINUX, proxy: Proxy(), se:cdp: ws://localhost:45815/devtoo..., se:cdpVersion: 97.0.4692.71, setWindowRect: true, strictFileInteractability: false, timeouts: {implicit: 0, pageLoad: 300000, script: 30000}, unhandledPromptBehavior: dismiss and notify, webauthn:extension:credBlob: true, webauthn:extension:largeBlob: true, webauthn:virtualAuthenticators: true}\nElement: [[ChromeDriver: chrome on LINUX (27cce235a14441660edbacab90fbea60)] -> id: firstName]\nSession ID: 27cce235a14441660edbacab90fbea60\n\tat sun.reflect.NativeConstructorAccessorImpl.newInstance0(Native Method)\n\tat sun.reflect.NativeConstructorAccessorImpl.newInstance(NativeConstructorAccessorImpl.java:62)\n\tat sun.reflect.DelegatingConstructorAccessorImpl.newInstance(DelegatingConstructorAccessorImpl.java:45)\n\tat java.lang.reflect.Constructor.newInstance(Constructor.java:423)\n\tat org.openqa.selenium.remote.codec.w3c.W3CHttpResponseCodec.createException(W3CHttpResponseCodec.java:200)\n\tat org.openqa.selenium.remote.codec.w3c.W3CHttpResponseCodec.decode(W3CHttpResponseCodec.java:133)\n\tat org.openqa.selenium.remote.codec.w3c.W3CHttpResponseCodec.decode(W3CHttpResponseCodec.java:53)\n\tat org.openqa.selenium.remote.HttpCommandExecutor.execute(HttpCommandExecutor.java:184)\n\tat org.openqa.selenium.remote.service.DriverCommandExecutor.invokeExecute(DriverCommandExecutor.java:164)\n\tat org.openqa.selenium.remote.service.DriverCommandExecutor.execute(DriverCommandExecutor.java:139)\n\tat org.openqa.selenium.remote.RemoteWebDriver.execute(RemoteWebDriver.java:559)\n\tat org.openqa.selenium.remote.RemoteWebElement.execute(RemoteWebElement.java:251)\n\tat org.openqa.selenium.remote.RemoteWebElement.sendKeys(RemoteWebElement.java:107)\n\tat com.ita.edu.teachua.ui.elements.base_element.BaseElement.sendKeys(BaseElement.java:26)\n\tat sun.reflect.GeneratedMethodAccessor369.invoke(Unknown Source)\n\tat sun.reflect.DelegatingMethodAccessorImpl.invoke(DelegatingMethodAccessorImpl.java:43)\n\tat java.lang.reflect.Method.invoke(Method.java:498)\n\tat com.ita.edu.teachua.ui.pagefactory.ElementHandler.invoke(ElementHandler.java:46)\n\tat com.sun.proxy.$Proxy43.sendKeys(Unknown Source)\n\tat com.ita.edu.teachua.ui.pages.header_page.RegisterPopUpComponent.fillFirstName(RegisterPopUpComponent.java:50)\n\tat com.ita.edu.teachua.ui.tests.OwnerProfileTest.checkLastVerifyEnteredDataInRegistrationRemembered(OwnerProfileTest.java:408)\n\tat sun.reflect.NativeMethodAccessorImpl.invoke0(Native Method)\n\tat sun.reflect.NativeMethodAccessorImpl.invoke(NativeMethodAccessorImpl.java:62)\n\tat sun.reflect.DelegatingMethodAccessorImpl.invoke(DelegatingMethodAccessorImpl.java:43)\n\tat java.lang.reflect.Method.invoke(Method.java:498)\n\tat org.testng.internal.MethodInvocationHelper.invokeMethod(MethodInvocationHelper.java:133)\n\tat org.testng.internal.TestInvoker.invokeMethod(TestInvoker.java:598)\n\tat org.testng.internal.TestInvoker.invokeTestMethod(TestInvoker.java:173)\n\tat org.testng.internal.MethodRunner.runInSequence(MethodRunner.java:46)\n\tat org.testng.internal.TestInvoker$MethodInvocationAgent.invoke(TestInvoker.java:824)\n\tat org.testng.internal.TestInvoker.invokeTestMethods(TestInvoker.java:146)\n\tat org.testng.internal.TestMethodWorker.invokeTestMethods(TestMethodWorker.java:146)\n\tat org.testng.internal.TestMethodWorker.run(TestMethodWorker.java:128)\n\tat java.util.ArrayList.forEach(ArrayList.java:1259)\n\tat org.testng.TestRunner.privateRun(TestRunner.java:794)\n\tat org.testng.TestRunner.run(TestRunner.java:596)\n\tat org.testng.SuiteRunner.runTest(SuiteRunner.java:377)\n\tat org.testng.SuiteRunner.access$000(SuiteRunner.java:28)\n\tat org.testng.SuiteRunner$SuiteWorker.run(SuiteRunner.java:418)\n\tat org.testng.internal.thread.ThreadUtil.lambda$execute$0(ThreadUtil.java:64)\n\tat java.util.concurrent.FutureTask.run(FutureTask.java:266)\n\tat java.util.concurrent.ThreadPoolExecutor.runWorker(ThreadPoolExecutor.java:1149)\n\tat java.util.concurrent.ThreadPoolExecutor$Worker.run(ThreadPoolExecutor.java:624)\n\tat java.lang.Thread.run(Thread.java:748)\n",
    "steps" : [ {
      "name" : "Click on guest dropdown",
      "time" : {
        "start" : 1643109263007,
        "stop" : 1643109263143,
        "duration" : 136
      },
      "status" : "passed",
      "steps" : [ ],
      "attachments" : [ ],
      "parameters" : [ ],
      "stepsCount" : 0,
      "attachmentsCount" : 0,
      "shouldDisplayMessage" : false,
      "hasContent" : false
    }, {
      "name" : "Click on register button",
      "time" : {
        "start" : 1643109263143,
        "stop" : 1643109263472,
        "duration" : 329
      },
      "status" : "passed",
      "steps" : [ ],
      "attachments" : [ ],
      "parameters" : [ ],
      "stepsCount" : 0,
      "attachmentsCount" : 0,
      "shouldDisplayMessage" : false,
      "hasContent" : false
    }, {
      "name" : "Click on first name field",
      "time" : {
        "start" : 1643109263769,
        "stop" : 1643109263854,
        "duration" : 85
      },
      "status" : "passed",
      "steps" : [ ],
      "attachments" : [ ],
      "parameters" : [ ],
      "stepsCount" : 0,
      "attachmentsCount" : 0,
      "shouldDisplayMessage" : false,
      "hasContent" : false
    }, {
      "name" : "Fill first name in first name field",
      "time" : {
        "start" : 1643109263855,
        "stop" : 1643109273921,
        "duration" : 10066
      },
      "status" : "broken",
      "statusMessage" : "element not interactable\n  (Session info: chrome=97.0.4692.71)\nBuild info: version: '4.1.0', revision: '87802e897b'\nSystem info: host: 'fv-az96-851', ip: '10.1.0.193', os.name: 'Linux', os.arch: 'amd64', os.version: '5.11.0-1027-azure', java.version: '1.8.0_292'\nDriver info: org.openqa.selenium.chrome.ChromeDriver\nCommand: [27cce235a14441660edbacab90fbea60, sendKeysToElement {id=aed726ab-9c05-4265-9ba9-39369dee44b3, value=[Ljava.lang.CharSequence;@35b27d85}]\nCapabilities {acceptInsecureCerts: false, browserName: chrome, browserVersion: 97.0.4692.71, chrome: {chromedriverVersion: 97.0.4692.71 (adefa7837d02a..., userDataDir: /tmp/.com.google.Chrome.1w5PZc}, goog:chromeOptions: {debuggerAddress: localhost:45815}, javascriptEnabled: true, networkConnectionEnabled: false, pageLoadStrategy: normal, platform: LINUX, platformName: LINUX, proxy: Proxy(), se:cdp: ws://localhost:45815/devtoo..., se:cdpVersion: 97.0.4692.71, setWindowRect: true, strictFileInteractability: false, timeouts: {implicit: 0, pageLoad: 300000, script: 30000}, unhandledPromptBehavior: dismiss and notify, webauthn:extension:credBlob: true, webauthn:extension:largeBlob: true, webauthn:virtualAuthenticators: true}\nElement: [[ChromeDriver: chrome on LINUX (27cce235a14441660edbacab90fbea60)] -> id: firstName]\nSession ID: 27cce235a14441660edbacab90fbea60",
      "statusTrace" : "org.openqa.selenium.ElementNotInteractableException: element not interactable\n  (Session info: chrome=97.0.4692.71)\nBuild info: version: '4.1.0', revision: '87802e897b'\nSystem info: host: 'fv-az96-851', ip: '10.1.0.193', os.name: 'Linux', os.arch: 'amd64', os.version: '5.11.0-1027-azure', java.version: '1.8.0_292'\nDriver info: org.openqa.selenium.chrome.ChromeDriver\nCommand: [27cce235a14441660edbacab90fbea60, sendKeysToElement {id=aed726ab-9c05-4265-9ba9-39369dee44b3, value=[Ljava.lang.CharSequence;@35b27d85}]\nCapabilities {acceptInsecureCerts: false, browserName: chrome, browserVersion: 97.0.4692.71, chrome: {chromedriverVersion: 97.0.4692.71 (adefa7837d02a..., userDataDir: /tmp/.com.google.Chrome.1w5PZc}, goog:chromeOptions: {debuggerAddress: localhost:45815}, javascriptEnabled: true, networkConnectionEnabled: false, pageLoadStrategy: normal, platform: LINUX, platformName: LINUX, proxy: Proxy(), se:cdp: ws://localhost:45815/devtoo..., se:cdpVersion: 97.0.4692.71, setWindowRect: true, strictFileInteractability: false, timeouts: {implicit: 0, pageLoad: 300000, script: 30000}, unhandledPromptBehavior: dismiss and notify, webauthn:extension:credBlob: true, webauthn:extension:largeBlob: true, webauthn:virtualAuthenticators: true}\nElement: [[ChromeDriver: chrome on LINUX (27cce235a14441660edbacab90fbea60)] -> id: firstName]\nSession ID: 27cce235a14441660edbacab90fbea60\n\tat sun.reflect.NativeConstructorAccessorImpl.newInstance0(Native Method)\n\tat sun.reflect.NativeConstructorAccessorImpl.newInstance(NativeConstructorAccessorImpl.java:62)\n\tat sun.reflect.DelegatingConstructorAccessorImpl.newInstance(DelegatingConstructorAccessorImpl.java:45)\n\tat java.lang.reflect.Constructor.newInstance(Constructor.java:423)\n\tat org.openqa.selenium.remote.codec.w3c.W3CHttpResponseCodec.createException(W3CHttpResponseCodec.java:200)\n\tat org.openqa.selenium.remote.codec.w3c.W3CHttpResponseCodec.decode(W3CHttpResponseCodec.java:133)\n\tat org.openqa.selenium.remote.codec.w3c.W3CHttpResponseCodec.decode(W3CHttpResponseCodec.java:53)\n\tat org.openqa.selenium.remote.HttpCommandExecutor.execute(HttpCommandExecutor.java:184)\n\tat org.openqa.selenium.remote.service.DriverCommandExecutor.invokeExecute(DriverCommandExecutor.java:164)\n\tat org.openqa.selenium.remote.service.DriverCommandExecutor.execute(DriverCommandExecutor.java:139)\n\tat org.openqa.selenium.remote.RemoteWebDriver.execute(RemoteWebDriver.java:559)\n\tat org.openqa.selenium.remote.RemoteWebElement.execute(RemoteWebElement.java:251)\n\tat org.openqa.selenium.remote.RemoteWebElement.sendKeys(RemoteWebElement.java:107)\n\tat com.ita.edu.teachua.ui.elements.base_element.BaseElement.sendKeys(BaseElement.java:26)\n\tat sun.reflect.GeneratedMethodAccessor369.invoke(Unknown Source)\n\tat sun.reflect.DelegatingMethodAccessorImpl.invoke(DelegatingMethodAccessorImpl.java:43)\n\tat java.lang.reflect.Method.invoke(Method.java:498)\n\tat com.ita.edu.teachua.ui.pagefactory.ElementHandler.invoke(ElementHandler.java:46)\n\tat com.sun.proxy.$Proxy43.sendKeys(Unknown Source)\n\tat com.ita.edu.teachua.ui.pages.header_page.RegisterPopUpComponent.fillFirstName(RegisterPopUpComponent.java:50)\n\tat com.ita.edu.teachua.ui.tests.OwnerProfileTest.checkLastVerifyEnteredDataInRegistrationRemembered(OwnerProfileTest.java:408)\n\tat sun.reflect.NativeMethodAccessorImpl.invoke0(Native Method)\n\tat sun.reflect.NativeMethodAccessorImpl.invoke(NativeMethodAccessorImpl.java:62)\n\tat sun.reflect.DelegatingMethodAccessorImpl.invoke(DelegatingMethodAccessorImpl.java:43)\n\tat java.lang.reflect.Method.invoke(Method.java:498)\n\tat org.testng.internal.MethodInvocationHelper.invokeMethod(MethodInvocationHelper.java:133)\n\tat org.testng.internal.TestInvoker.invokeMethod(TestInvoker.java:598)\n\tat org.testng.internal.TestInvoker.invokeTestMethod(TestInvoker.java:173)\n\tat org.testng.internal.MethodRunner.runInSequence(MethodRunner.java:46)\n\tat org.testng.internal.TestInvoker$MethodInvocationAgent.invoke(TestInvoker.java:824)\n\tat org.testng.internal.TestInvoker.invokeTestMethods(TestInvoker.java:146)\n\tat org.testng.internal.TestMethodWorker.invokeTestMethods(TestMethodWorker.java:146)\n\tat org.testng.internal.TestMethodWorker.run(TestMethodWorker.java:128)\n\tat java.util.ArrayList.forEach(ArrayList.java:1259)\n\tat org.testng.TestRunner.privateRun(TestRunner.java:794)\n\tat org.testng.TestRunner.run(TestRunner.java:596)\n\tat org.testng.SuiteRunner.runTest(SuiteRunner.java:377)\n\tat org.testng.SuiteRunner.access$000(SuiteRunner.java:28)\n\tat org.testng.SuiteRunner$SuiteWorker.run(SuiteRunner.java:418)\n\tat org.testng.internal.thread.ThreadUtil.lambda$execute$0(ThreadUtil.java:64)\n\tat java.util.concurrent.FutureTask.run(FutureTask.java:266)\n\tat java.util.concurrent.ThreadPoolExecutor.runWorker(ThreadPoolExecutor.java:1149)\n\tat java.util.concurrent.ThreadPoolExecutor$Worker.run(ThreadPoolExecutor.java:624)\n\tat java.lang.Thread.run(Thread.java:748)\n",
      "steps" : [ ],
      "attachments" : [ ],
      "parameters" : [ {
        "name" : "firstNameFill",
        "value" : "Світлана"
      } ],
      "stepsCount" : 0,
      "attachmentsCount" : 0,
      "shouldDisplayMessage" : true,
      "hasContent" : true
    } ],
    "attachments" : [ {
      "uid" : "1e9199d5e9d8d791",
      "name" : "Logs for thread 14",
      "source" : "1e9199d5e9d8d791.log",
      "type" : "text/plain",
      "size" : 4
    }, {
      "uid" : "76f771df3aa8870b",
      "name" : "Page screenshot",
      "source" : "76f771df3aa8870b.png",
      "type" : "image/png",
      "size" : 508274
    } ],
    "parameters" : [ ],
    "stepsCount" : 4,
    "attachmentsCount" : 2,
    "shouldDisplayMessage" : false,
    "hasContent" : true
  },
  "afterStages" : [ {
    "name" : "afterMethod",
    "time" : {
      "start" : 1643109274281,
      "stop" : 1643109274359,
      "duration" : 78
    },
    "description" : "",
    "status" : "passed",
    "steps" : [ ],
    "attachments" : [ ],
    "parameters" : [ ],
    "stepsCount" : 0,
    "attachmentsCount" : 0,
    "shouldDisplayMessage" : false,
    "hasContent" : false
  } ],
  "labels" : [ {
    "name" : "package",
    "value" : "com.ita.edu.teachua.ui.tests.OwnerProfileTest"
  }, {
    "name" : "testClass",
    "value" : "com.ita.edu.teachua.ui.tests.OwnerProfileTest"
  }, {
    "name" : "testMethod",
    "value" : "checkLastVerifyEnteredDataInRegistrationRemembered"
  }, {
    "name" : "parentSuite",
    "value" : "Test Suite"
  }, {
    "name" : "suite",
    "value" : "UI Tests"
  }, {
    "name" : "subSuite",
    "value" : "com.ita.edu.teachua.ui.tests.OwnerProfileTest"
  }, {
    "name" : "host",
    "value" : "fv-az96-851"
  }, {
    "name" : "thread",
    "value" : "2767@fv-az96-851.TestNG-tests-2(14)"
  }, {
    "name" : "framework",
    "value" : "testng"
  }, {
    "name" : "language",
    "value" : "java"
  }, {
    "name" : "resultFormat",
    "value" : "allure2"
  } ],
  "parameters" : [ ],
  "links" : [ {
    "name" : "TUA-454",
    "type" : "issue"
  } ],
  "hidden" : false,
  "retry" : false,
  "extra" : {
    "severity" : "normal",
    "retries" : [ ],
    "categories" : [ {
      "name" : "Test defects",
      "matchedStatuses" : [ ],
      "flaky" : false
    } ],
    "history" : {
      "statistic" : {
        "failed" : 0,
        "broken" : 12,
        "skipped" : 0,
        "passed" : 23,
        "unknown" : 0,
        "total" : 35
      },
      "items" : [ {
        "uid" : "7a041a014a6365ba",
        "reportUrl" : "https://ita-social-projects.github.io/TeachUA_TA/68//#testresult/7a041a014a6365ba",
        "status" : "passed",
        "time" : {
          "start" : 1643104512985,
          "stop" : 1643104515530,
          "duration" : 2545
        }
      }, {
        "uid" : "18e8f493de46b4c5",
        "reportUrl" : "https://Lv-648-TAQC-Java-project.github.io/Selenium648PageFactory/67//#testresult/18e8f493de46b4c5",
        "status" : "passed",
        "time" : {
          "start" : 1643100855457,
          "stop" : 1643100857983,
          "duration" : 2526
        }
      }, {
        "uid" : "af7e2838eb22b68c",
        "reportUrl" : "https://Lv-648-TAQC-Java-project.github.io/Selenium648PageFactory/67//#testresult/af7e2838eb22b68c",
        "status" : "passed",
        "time" : {
          "start" : 1643060193942,
          "stop" : 1643060196135,
          "duration" : 2193
        }
      }, {
        "uid" : "a30d4dc65eb1b247",
        "reportUrl" : "https://Lv-648-TAQC-Java-project.github.io/Selenium648PageFactory/67//#testresult/a30d4dc65eb1b247",
        "status" : "passed",
        "time" : {
          "start" : 1643058176771,
          "stop" : 1643058178794,
          "duration" : 2023
        }
      }, {
        "uid" : "25fd2bebfeb5a1e0",
        "reportUrl" : "https://Lv-648-TAQC-Java-project.github.io/Selenium648PageFactory/67//#testresult/25fd2bebfeb5a1e0",
        "status" : "broken",
        "statusDetails" : "element click intercepted: Element <input class=\"ant-input registration-box\" placeholder=\"Введіть ваше ім`я\" type=\"text\" id=\"firstName\" value=\"\"> is not clickable at point (1070, 166). Other element would receive the click: <section class=\"ant-layout global-padding\">...</section>\n  (Session info: chrome=97.0.4692.71)\nBuild info: version: '4.1.0', revision: '87802e897b'\nSystem info: host: 'fv-az121-422', ip: '10.1.0.205', os.name: 'Linux', os.arch: 'amd64', os.version: '5.11.0-1027-azure', java.version: '1.8.0_292'\nDriver info: org.openqa.selenium.chrome.ChromeDriver\nCommand: [c299e1cb90ebbc5b2f66403d0d71e0e5, clickElement {id=673cfbbf-1b3c-44f0-8553-e1f4f89c59fe}]\nCapabilities {acceptInsecureCerts: false, browserName: chrome, browserVersion: 97.0.4692.71, chrome: {chromedriverVersion: 97.0.4692.71 (adefa7837d02a..., userDataDir: /tmp/.com.google.Chrome.sy3bW0}, goog:chromeOptions: {debuggerAddress: localhost:45841}, javascriptEnabled: true, networkConnectionEnabled: false, pageLoadStrategy: normal, platform: LINUX, platformName: LINUX, proxy: Proxy(), se:cdp: ws://localhost:45841/devtoo..., se:cdpVersion: 97.0.4692.71, setWindowRect: true, strictFileInteractability: false, timeouts: {implicit: 0, pageLoad: 300000, script: 30000}, unhandledPromptBehavior: dismiss and notify, webauthn:extension:credBlob: true, webauthn:extension:largeBlob: true, webauthn:virtualAuthenticators: true}\nElement: [[ChromeDriver: chrome on LINUX (c299e1cb90ebbc5b2f66403d0d71e0e5)] -> id: firstName]\nSession ID: c299e1cb90ebbc5b2f66403d0d71e0e5",
        "time" : {
          "start" : 1643055996478,
          "stop" : 1643055998481,
          "duration" : 2003
        }
      }, {
        "uid" : "3c9a32f193cf95c1",
        "reportUrl" : "https://Lv-648-TAQC-Java-project.github.io/Selenium648PageFactory/66//#testresult/3c9a32f193cf95c1",
        "status" : "passed",
        "time" : {
          "start" : 1643026099087,
          "stop" : 1643026101262,
          "duration" : 2175
        }
      }, {
        "uid" : "7b84de74339fb545",
        "reportUrl" : "https://Lv-648-TAQC-Java-project.github.io/Selenium648PageFactory/66//#testresult/7b84de74339fb545",
        "status" : "broken",
        "statusDetails" : "element not interactable\n  (Session info: chrome=97.0.4692.71)\nBuild info: version: '4.1.0', revision: '87802e897b'\nSystem info: host: 'fv-az83-440', ip: '10.1.0.103', os.name: 'Linux', os.arch: 'amd64', os.version: '5.11.0-1027-azure', java.version: '1.8.0_292'\nDriver info: org.openqa.selenium.chrome.ChromeDriver\nCommand: [af43c4e0d2a9fdf1c54e4d1f18906be6, clickElement {id=af65a3c7-a347-4b52-ba5e-7ae57326efc4}]\nCapabilities {acceptInsecureCerts: false, browserName: chrome, browserVersion: 97.0.4692.71, chrome: {chromedriverVersion: 97.0.4692.71 (adefa7837d02a..., userDataDir: /tmp/.com.google.Chrome.J1EUON}, goog:chromeOptions: {debuggerAddress: localhost:35845}, javascriptEnabled: true, networkConnectionEnabled: false, pageLoadStrategy: normal, platform: LINUX, platformName: LINUX, proxy: Proxy(), se:cdp: ws://localhost:35845/devtoo..., se:cdpVersion: 97.0.4692.71, setWindowRect: true, strictFileInteractability: false, timeouts: {implicit: 0, pageLoad: 300000, script: 30000}, unhandledPromptBehavior: dismiss and notify, webauthn:extension:credBlob: true, webauthn:extension:largeBlob: true, webauthn:virtualAuthenticators: true}\nElement: [[ChromeDriver: chrome on LINUX (af43c4e0d2a9fdf1c54e4d1f18906be6)] -> id: phone]\nSession ID: af43c4e0d2a9fdf1c54e4d1f18906be6",
        "time" : {
          "start" : 1643024054282,
          "stop" : 1643024065573,
          "duration" : 11291
        }
      }, {
        "uid" : "2839db9ddef82f99",
        "reportUrl" : "https://Lv-648-TAQC-Java-project.github.io/Selenium648PageFactory/65//#testresult/2839db9ddef82f99",
        "status" : "broken",
        "statusDetails" : "element click intercepted: Element <input class=\"ant-input registration-box\" placeholder=\"Введіть ваше прізвище\" type=\"text\" id=\"lastName\" value=\"\"> is not clickable at point (829, 223). Other element would receive the click: <div class=\"ant-radio-group ant-radio-group-solid button-container\" id=\"role\">...</div>\n  (Session info: chrome=97.0.4692.71)\nBuild info: version: '4.1.0', revision: '87802e897b'\nSystem info: host: 'fv-az36-128', ip: '10.1.0.30', os.name: 'Linux', os.arch: 'amd64', os.version: '5.11.0-1025-azure', java.version: '1.8.0_292'\nDriver info: org.openqa.selenium.chrome.ChromeDriver\nCommand: [beac714b791d9431f9a7f2cbf26edca3, clickElement {id=2e58f037-1fd8-4482-863a-86a52e99b8f3}]\nCapabilities {acceptInsecureCerts: false, browserName: chrome, browserVersion: 97.0.4692.71, chrome: {chromedriverVersion: 97.0.4692.71 (adefa7837d02a..., userDataDir: /tmp/.com.google.Chrome.0TtPVS}, goog:chromeOptions: {debuggerAddress: localhost:44273}, javascriptEnabled: true, networkConnectionEnabled: false, pageLoadStrategy: normal, platform: LINUX, platformName: LINUX, proxy: Proxy(), se:cdp: ws://localhost:44273/devtoo..., se:cdpVersion: 97.0.4692.71, setWindowRect: true, strictFileInteractability: false, timeouts: {implicit: 0, pageLoad: 300000, script: 30000}, unhandledPromptBehavior: dismiss and notify, webauthn:extension:credBlob: true, webauthn:extension:largeBlob: true, webauthn:virtualAuthenticators: true}\nElement: [[ChromeDriver: chrome on LINUX (beac714b791d9431f9a7f2cbf26edca3)] -> id: lastName]\nSession ID: beac714b791d9431f9a7f2cbf26edca3",
        "time" : {
          "start" : 1642957947580,
          "stop" : 1642957949284,
          "duration" : 1704
        }
      }, {
        "uid" : "5dcba62b3da3a2f9",
        "reportUrl" : "https://Lv-648-TAQC-Java-project.github.io/Selenium648PageFactory/64//#testresult/5dcba62b3da3a2f9",
        "status" : "passed",
        "time" : {
          "start" : 1642952055598,
          "stop" : 1642952057744,
          "duration" : 2146
        }
      }, {
        "uid" : "1533b85e19472eab",
        "reportUrl" : "https://Lv-648-TAQC-Java-project.github.io/Selenium648PageFactory/63//#testresult/1533b85e19472eab",
        "status" : "passed",
        "time" : {
          "start" : 1642948131248,
          "stop" : 1642948133304,
          "duration" : 2056
        }
      }, {
        "uid" : "21b57154a2a46f37",
        "reportUrl" : "https://Lv-648-TAQC-Java-project.github.io/Selenium648PageFactory/62//#testresult/21b57154a2a46f37",
        "status" : "passed",
        "time" : {
          "start" : 1642944017381,
          "stop" : 1642944019461,
          "duration" : 2080
        }
      }, {
        "uid" : "8e9c1d3159fa292d",
        "reportUrl" : "https://Lv-648-TAQC-Java-project.github.io/Selenium648PageFactory/60//#testresult/8e9c1d3159fa292d",
        "status" : "broken",
        "statusDetails" : "element click intercepted: Element <input class=\"ant-input registration-box\" placeholder=\"Введіть ваше прізвище\" type=\"text\" id=\"lastName\" value=\"\"> is not clickable at point (731, 254). Other element would receive the click: <div class=\"registration-or\">...</div>\n  (Session info: chrome=97.0.4692.71)\nBuild info: version: '4.1.0', revision: '87802e897b'\nSystem info: host: 'fv-az74-933', ip: '10.1.0.49', os.name: 'Linux', os.arch: 'amd64', os.version: '5.11.0-1025-azure', java.version: '1.8.0_292'\nDriver info: org.openqa.selenium.chrome.ChromeDriver\nCommand: [8ab6b451ad124922a265f95455aa88a8, clickElement {id=4dfe57fb-a8f9-4d26-b7e8-6244acc886b9}]\nCapabilities {acceptInsecureCerts: false, browserName: chrome, browserVersion: 97.0.4692.71, chrome: {chromedriverVersion: 97.0.4692.71 (adefa7837d02a..., userDataDir: /tmp/.com.google.Chrome.LSJdUM}, goog:chromeOptions: {debuggerAddress: localhost:32805}, javascriptEnabled: true, networkConnectionEnabled: false, pageLoadStrategy: normal, platform: LINUX, platformName: LINUX, proxy: Proxy(), se:cdp: ws://localhost:32805/devtoo..., se:cdpVersion: 97.0.4692.71, setWindowRect: true, strictFileInteractability: false, timeouts: {implicit: 0, pageLoad: 300000, script: 30000}, unhandledPromptBehavior: dismiss and notify, webauthn:extension:credBlob: true, webauthn:extension:largeBlob: true, webauthn:virtualAuthenticators: true}\nElement: [[ChromeDriver: chrome on LINUX (8ab6b451ad124922a265f95455aa88a8)] -> id: lastName]\nSession ID: 8ab6b451ad124922a265f95455aa88a8",
        "time" : {
          "start" : 1642936342497,
          "stop" : 1642936344333,
          "duration" : 1836
        }
      }, {
        "uid" : "6fcbe398359da65b",
        "reportUrl" : "https://Lv-648-TAQC-Java-project.github.io/Selenium648PageFactory/61//#testresult/6fcbe398359da65b",
        "status" : "broken",
        "statusDetails" : "element click intercepted: Element <input class=\"ant-input registration-box\" placeholder=\"Введіть ваше прізвище\" type=\"text\" id=\"lastName\" value=\"\"> is not clickable at point (829, 223). Other element would receive the click: <div class=\"ant-radio-group ant-radio-group-solid button-container\" id=\"role\">...</div>\n  (Session info: chrome=97.0.4692.71)\nBuild info: version: '4.1.0', revision: '87802e897b'\nSystem info: host: 'fv-az36-128', ip: '10.1.0.21', os.name: 'Linux', os.arch: 'amd64', os.version: '5.11.0-1025-azure', java.version: '1.8.0_292'\nDriver info: org.openqa.selenium.chrome.ChromeDriver\nCommand: [774982cf58d7057418b33903cb186931, clickElement {id=1cde39e7-7bb1-4957-8337-3b8b2440800f}]\nCapabilities {acceptInsecureCerts: false, browserName: chrome, browserVersion: 97.0.4692.71, chrome: {chromedriverVersion: 97.0.4692.71 (adefa7837d02a..., userDataDir: /tmp/.com.google.Chrome.tKAiIS}, goog:chromeOptions: {debuggerAddress: localhost:35307}, javascriptEnabled: true, networkConnectionEnabled: false, pageLoadStrategy: normal, platform: LINUX, platformName: LINUX, proxy: Proxy(), se:cdp: ws://localhost:35307/devtoo..., se:cdpVersion: 97.0.4692.71, setWindowRect: true, strictFileInteractability: false, timeouts: {implicit: 0, pageLoad: 300000, script: 30000}, unhandledPromptBehavior: dismiss and notify, webauthn:extension:credBlob: true, webauthn:extension:largeBlob: true, webauthn:virtualAuthenticators: true}\nElement: [[ChromeDriver: chrome on LINUX (774982cf58d7057418b33903cb186931)] -> id: lastName]\nSession ID: 774982cf58d7057418b33903cb186931",
        "time" : {
          "start" : 1642886033109,
          "stop" : 1642886034835,
          "duration" : 1726
        }
      }, {
        "uid" : "8fe8babce71c27b3",
        "reportUrl" : "https://Lv-648-TAQC-Java-project.github.io/Selenium648PageFactory/60//#testresult/8fe8babce71c27b3",
        "status" : "passed",
        "time" : {
          "start" : 1642884388552,
          "stop" : 1642884390960,
          "duration" : 2408
        }
      }, {
        "uid" : "79c8d04ea6f12c7b",
        "reportUrl" : "https://Lv-648-TAQC-Java-project.github.io/Selenium648PageFactory/60//#testresult/79c8d04ea6f12c7b",
        "status" : "passed",
        "time" : {
          "start" : 1642880063265,
          "stop" : 1642880065454,
          "duration" : 2189
        }
      }, {
        "uid" : "d61ee17fb08eb0e",
        "reportUrl" : "https://Lv-648-TAQC-Java-project.github.io/Selenium648PageFactory/60//#testresult/d61ee17fb08eb0e",
        "status" : "passed",
        "time" : {
          "start" : 1642878783730,
          "stop" : 1642878786049,
          "duration" : 2319
        }
      }, {
        "uid" : "bfdadb87f7bbf1cd",
        "reportUrl" : "https://Lv-648-TAQC-Java-project.github.io/Selenium648PageFactory/59//#testresult/bfdadb87f7bbf1cd",
        "status" : "passed",
        "time" : {
          "start" : 1642876430525,
          "stop" : 1642876432885,
          "duration" : 2360
        }
      }, {
        "uid" : "243e8453bf5b44c8",
        "reportUrl" : "https://Lv-648-TAQC-Java-project.github.io/Selenium648PageFactory/58//#testresult/243e8453bf5b44c8",
        "status" : "passed",
        "time" : {
          "start" : 1642870662691,
          "stop" : 1642870664921,
          "duration" : 2230
        }
      }, {
        "uid" : "862cd0af8d9d4a70",
        "reportUrl" : "https://Lv-648-TAQC-Java-project.github.io/Selenium648PageFactory/57//#testresult/862cd0af8d9d4a70",
        "status" : "passed",
        "time" : {
          "start" : 1642868228131,
          "stop" : 1642868230367,
          "duration" : 2236
        }
      }, {
        "uid" : "18ffb0c6f260414",
        "reportUrl" : "https://Lv-648-TAQC-Java-project.github.io/Selenium648PageFactory/57//#testresult/18ffb0c6f260414",
        "status" : "broken",
        "statusDetails" : "element not interactable\n  (Session info: chrome=97.0.4692.71)\nBuild info: version: '4.1.0', revision: '87802e897b'\nSystem info: host: 'fv-az36-128', ip: '10.1.0.46', os.name: 'Linux', os.arch: 'amd64', os.version: '5.11.0-1025-azure', java.version: '1.8.0_292'\nDriver info: org.openqa.selenium.chrome.ChromeDriver\nCommand: [4a0913444917bca60a7a42b5631e083d, sendKeysToElement {id=4d3706df-e765-4162-8fda-1d67a7d25eca, value=[Ljava.lang.CharSequence;@5037566f}]\nCapabilities {acceptInsecureCerts: false, browserName: chrome, browserVersion: 97.0.4692.71, chrome: {chromedriverVersion: 97.0.4692.71 (adefa7837d02a..., userDataDir: /tmp/.com.google.Chrome.2jO0H6}, goog:chromeOptions: {debuggerAddress: localhost:44525}, javascriptEnabled: true, networkConnectionEnabled: false, pageLoadStrategy: normal, platform: LINUX, platformName: LINUX, proxy: Proxy(), se:cdp: ws://localhost:44525/devtoo..., se:cdpVersion: 97.0.4692.71, setWindowRect: true, strictFileInteractability: false, timeouts: {implicit: 0, pageLoad: 300000, script: 30000}, unhandledPromptBehavior: dismiss and notify, webauthn:extension:credBlob: true, webauthn:extension:largeBlob: true, webauthn:virtualAuthenticators: true}\nElement: [[ChromeDriver: chrome on LINUX (4a0913444917bca60a7a42b5631e083d)] -> id: firstName]\nSession ID: 4a0913444917bca60a7a42b5631e083d",
        "time" : {
          "start" : 1642849829690,
          "stop" : 1642849840945,
          "duration" : 11255
        }
      } ]
    },
    "tags" : [ ]
  },
  "source" : "80663584cf5f9104.json",
  "parameterValues" : [ ]
}