{
  "uid" : "4af6b7b5a9c9af06",
  "name" : "TUA-322",
  "fullName" : "com.ita.edu.teachua.ui.tests.RestorePasswordViaGmailApiTest.verifyErrorPasswordAndReenterPasswordNotEqualTest",
  "historyId" : "a7c333cba8f1c863afb37aeaf52e97ec",
  "time" : {
    "start" : 1642679546493,
    "stop" : 1642679554716,
    "duration" : 8223
  },
  "description" : "TUA-322 Verify if error message is displayed if passwords in 'Введіть новий пароль', 'Введіть новий пароль повторно' are not equal",
  "descriptionHtml" : "<p>TUA-322 Verify if error message is displayed if passwords in 'Введіть новий пароль', 'Введіть новий пароль повторно' are not equal</p>\n",
  "status" : "broken",
  "statusMessage" : "java.io.FileNotFoundException: /home/runner/work/Selenium648PageFactory/Selenium648PageFactory/src/test/resources/credentials.json (No such file or directory)",
  "statusTrace" : "java.lang.RuntimeException: java.io.FileNotFoundException: /home/runner/work/Selenium648PageFactory/Selenium648PageFactory/src/test/resources/credentials.json (No such file or directory)\n\tat com.ita.edu.teachua.utils.GmailContentExtractor.getGmailData(GmailContentExtractor.java:123)\n\tat com.ita.edu.teachua.utils.GmailContentExtractor.getGmailMessageLink(GmailContentExtractor.java:192)\n\tat com.ita.edu.teachua.ui.pages.header_page.RestoringBeginPopUpComponent.clickOnRestore(RestoringBeginPopUpComponent.java:40)\n\tat com.ita.edu.teachua.ui.tests.RestorePasswordViaGmailApiTest.verifyErrorPasswordAndReenterPasswordNotEqualTest(RestorePasswordViaGmailApiTest.java:67)\n\tat sun.reflect.NativeMethodAccessorImpl.invoke0(Native Method)\n\tat sun.reflect.NativeMethodAccessorImpl.invoke(NativeMethodAccessorImpl.java:62)\n\tat sun.reflect.DelegatingMethodAccessorImpl.invoke(DelegatingMethodAccessorImpl.java:43)\n\tat java.lang.reflect.Method.invoke(Method.java:498)\n\tat org.testng.internal.MethodInvocationHelper.invokeMethod(MethodInvocationHelper.java:133)\n\tat org.testng.internal.TestInvoker.invokeMethod(TestInvoker.java:598)\n\tat org.testng.internal.TestInvoker.invokeTestMethod(TestInvoker.java:173)\n\tat org.testng.internal.MethodRunner.runInSequence(MethodRunner.java:46)\n\tat org.testng.internal.TestInvoker$MethodInvocationAgent.invoke(TestInvoker.java:824)\n\tat org.testng.internal.TestInvoker.invokeTestMethods(TestInvoker.java:146)\n\tat org.testng.internal.TestMethodWorker.invokeTestMethods(TestMethodWorker.java:146)\n\tat org.testng.internal.TestMethodWorker.run(TestMethodWorker.java:128)\n\tat java.util.ArrayList.forEach(ArrayList.java:1259)\n\tat org.testng.TestRunner.privateRun(TestRunner.java:794)\n\tat org.testng.TestRunner.run(TestRunner.java:596)\n\tat org.testng.SuiteRunner.runTest(SuiteRunner.java:377)\n\tat org.testng.SuiteRunner.access$000(SuiteRunner.java:28)\n\tat org.testng.SuiteRunner$SuiteWorker.run(SuiteRunner.java:418)\n\tat org.testng.internal.thread.ThreadUtil.lambda$execute$0(ThreadUtil.java:64)\n\tat java.util.concurrent.FutureTask.run(FutureTask.java:266)\n\tat java.util.concurrent.ThreadPoolExecutor.runWorker(ThreadPoolExecutor.java:1149)\n\tat java.util.concurrent.ThreadPoolExecutor$Worker.run(ThreadPoolExecutor.java:624)\n\tat java.lang.Thread.run(Thread.java:748)\nCaused by: java.io.FileNotFoundException: /home/runner/work/Selenium648PageFactory/Selenium648PageFactory/src/test/resources/credentials.json (No such file or directory)\n\tat java.io.FileInputStream.open0(Native Method)\n\tat java.io.FileInputStream.open(FileInputStream.java:195)\n\tat java.io.FileInputStream.<init>(FileInputStream.java:138)\n\tat java.io.FileInputStream.<init>(FileInputStream.java:93)\n\tat com.ita.edu.teachua.utils.GmailContentExtractor.getCredentials(GmailContentExtractor.java:54)\n\tat com.ita.edu.teachua.utils.GmailContentExtractor.getService(GmailContentExtractor.java:73)\n\tat com.ita.edu.teachua.utils.GmailContentExtractor.getGmailData(GmailContentExtractor.java:101)\n\t... 26 more\n",
  "flaky" : false,
  "newFailed" : false,
  "beforeStages" : [ {
    "name" : "beforeMethod",
    "time" : {
      "start" : 1642679542518,
      "stop" : 1642679546491,
      "duration" : 3973
    },
    "description" : "",
    "status" : "passed",
    "steps" : [ ],
    "attachments" : [ ],
    "parameters" : [ ],
    "stepsCount" : 0,
    "attachmentsCount" : 0,
    "shouldDisplayMessage" : false,
    "hasContent" : false
  }, {
    "name" : "beforeSuite",
    "time" : {
      "start" : 1642678818999,
      "stop" : 1642678822090,
      "duration" : 3091
    },
    "description" : "",
    "status" : "passed",
    "steps" : [ ],
    "attachments" : [ ],
    "parameters" : [ ],
    "stepsCount" : 0,
    "attachmentsCount" : 0,
    "shouldDisplayMessage" : false,
    "hasContent" : false
  } ],
  "testStage" : {
    "description" : "TUA-322 Verify if error message is displayed if passwords in 'Введіть новий пароль', 'Введіть новий пароль повторно' are not equal",
    "status" : "broken",
    "statusMessage" : "java.io.FileNotFoundException: /home/runner/work/Selenium648PageFactory/Selenium648PageFactory/src/test/resources/credentials.json (No such file or directory)",
    "statusTrace" : "java.lang.RuntimeException: java.io.FileNotFoundException: /home/runner/work/Selenium648PageFactory/Selenium648PageFactory/src/test/resources/credentials.json (No such file or directory)\n\tat com.ita.edu.teachua.utils.GmailContentExtractor.getGmailData(GmailContentExtractor.java:123)\n\tat com.ita.edu.teachua.utils.GmailContentExtractor.getGmailMessageLink(GmailContentExtractor.java:192)\n\tat com.ita.edu.teachua.ui.pages.header_page.RestoringBeginPopUpComponent.clickOnRestore(RestoringBeginPopUpComponent.java:40)\n\tat com.ita.edu.teachua.ui.tests.RestorePasswordViaGmailApiTest.verifyErrorPasswordAndReenterPasswordNotEqualTest(RestorePasswordViaGmailApiTest.java:67)\n\tat sun.reflect.NativeMethodAccessorImpl.invoke0(Native Method)\n\tat sun.reflect.NativeMethodAccessorImpl.invoke(NativeMethodAccessorImpl.java:62)\n\tat sun.reflect.DelegatingMethodAccessorImpl.invoke(DelegatingMethodAccessorImpl.java:43)\n\tat java.lang.reflect.Method.invoke(Method.java:498)\n\tat org.testng.internal.MethodInvocationHelper.invokeMethod(MethodInvocationHelper.java:133)\n\tat org.testng.internal.TestInvoker.invokeMethod(TestInvoker.java:598)\n\tat org.testng.internal.TestInvoker.invokeTestMethod(TestInvoker.java:173)\n\tat org.testng.internal.MethodRunner.runInSequence(MethodRunner.java:46)\n\tat org.testng.internal.TestInvoker$MethodInvocationAgent.invoke(TestInvoker.java:824)\n\tat org.testng.internal.TestInvoker.invokeTestMethods(TestInvoker.java:146)\n\tat org.testng.internal.TestMethodWorker.invokeTestMethods(TestMethodWorker.java:146)\n\tat org.testng.internal.TestMethodWorker.run(TestMethodWorker.java:128)\n\tat java.util.ArrayList.forEach(ArrayList.java:1259)\n\tat org.testng.TestRunner.privateRun(TestRunner.java:794)\n\tat org.testng.TestRunner.run(TestRunner.java:596)\n\tat org.testng.SuiteRunner.runTest(SuiteRunner.java:377)\n\tat org.testng.SuiteRunner.access$000(SuiteRunner.java:28)\n\tat org.testng.SuiteRunner$SuiteWorker.run(SuiteRunner.java:418)\n\tat org.testng.internal.thread.ThreadUtil.lambda$execute$0(ThreadUtil.java:64)\n\tat java.util.concurrent.FutureTask.run(FutureTask.java:266)\n\tat java.util.concurrent.ThreadPoolExecutor.runWorker(ThreadPoolExecutor.java:1149)\n\tat java.util.concurrent.ThreadPoolExecutor$Worker.run(ThreadPoolExecutor.java:624)\n\tat java.lang.Thread.run(Thread.java:748)\nCaused by: java.io.FileNotFoundException: /home/runner/work/Selenium648PageFactory/Selenium648PageFactory/src/test/resources/credentials.json (No such file or directory)\n\tat java.io.FileInputStream.open0(Native Method)\n\tat java.io.FileInputStream.open(FileInputStream.java:195)\n\tat java.io.FileInputStream.<init>(FileInputStream.java:138)\n\tat java.io.FileInputStream.<init>(FileInputStream.java:93)\n\tat com.ita.edu.teachua.utils.GmailContentExtractor.getCredentials(GmailContentExtractor.java:54)\n\tat com.ita.edu.teachua.utils.GmailContentExtractor.getService(GmailContentExtractor.java:73)\n\tat com.ita.edu.teachua.utils.GmailContentExtractor.getGmailData(GmailContentExtractor.java:101)\n\t... 26 more\n",
    "steps" : [ {
      "name" : "Click on guest dropdown",
      "time" : {
        "start" : 1642679546493,
        "stop" : 1642679548568,
        "duration" : 2075
      },
      "status" : "passed",
      "steps" : [ ],
      "attachments" : [ ],
      "parameters" : [ ],
      "stepsCount" : 0,
      "attachmentsCount" : 0,
      "shouldDisplayMessage" : false,
      "hasContent" : false
    }, {
      "name" : "Click on `Увійти` button",
      "time" : {
        "start" : 1642679548568,
        "stop" : 1642679548678,
        "duration" : 110
      },
      "status" : "passed",
      "steps" : [ ],
      "attachments" : [ ],
      "parameters" : [ ],
      "stepsCount" : 0,
      "attachmentsCount" : 0,
      "shouldDisplayMessage" : false,
      "hasContent" : false
    }, {
      "name" : "Click on 'Забули пароль' button.",
      "time" : {
        "start" : 1642679548679,
        "stop" : 1642679549236,
        "duration" : 557
      },
      "status" : "passed",
      "steps" : [ ],
      "attachments" : [ ],
      "parameters" : [ ],
      "stepsCount" : 0,
      "attachmentsCount" : 0,
      "shouldDisplayMessage" : false,
      "hasContent" : false
    }, {
      "name" : "Filling email field",
      "time" : {
        "start" : 1642679549236,
        "stop" : 1642679549548,
        "duration" : 312
      },
      "status" : "passed",
      "steps" : [ ],
      "attachments" : [ ],
      "parameters" : [ {
        "name" : "email",
        "value" : "speak.ukrainian.atqc.test@gmail.com"
      } ],
      "stepsCount" : 0,
      "attachmentsCount" : 0,
      "shouldDisplayMessage" : false,
      "hasContent" : true
    }, {
      "name" : "Click on 'Відновити' button",
      "time" : {
        "start" : 1642679549548,
        "stop" : 1642679554599,
        "duration" : 5051
      },
      "status" : "broken",
      "statusMessage" : "java.io.FileNotFoundException: /home/runner/work/Selenium648PageFactory/Selenium648PageFactory/src/test/resources/credentials.json (No such file or directory)",
      "statusTrace" : "java.lang.RuntimeException: java.io.FileNotFoundException: /home/runner/work/Selenium648PageFactory/Selenium648PageFactory/src/test/resources/credentials.json (No such file or directory)\n\tat com.ita.edu.teachua.utils.GmailContentExtractor.getGmailData(GmailContentExtractor.java:123)\n\tat com.ita.edu.teachua.utils.GmailContentExtractor.getGmailMessageLink(GmailContentExtractor.java:192)\n\tat com.ita.edu.teachua.ui.pages.header_page.RestoringBeginPopUpComponent.clickOnRestore(RestoringBeginPopUpComponent.java:40)\n\tat com.ita.edu.teachua.ui.tests.RestorePasswordViaGmailApiTest.verifyErrorPasswordAndReenterPasswordNotEqualTest(RestorePasswordViaGmailApiTest.java:67)\n\tat sun.reflect.NativeMethodAccessorImpl.invoke0(Native Method)\n\tat sun.reflect.NativeMethodAccessorImpl.invoke(NativeMethodAccessorImpl.java:62)\n\tat sun.reflect.DelegatingMethodAccessorImpl.invoke(DelegatingMethodAccessorImpl.java:43)\n\tat java.lang.reflect.Method.invoke(Method.java:498)\n\tat org.testng.internal.MethodInvocationHelper.invokeMethod(MethodInvocationHelper.java:133)\n\tat org.testng.internal.TestInvoker.invokeMethod(TestInvoker.java:598)\n\tat org.testng.internal.TestInvoker.invokeTestMethod(TestInvoker.java:173)\n\tat org.testng.internal.MethodRunner.runInSequence(MethodRunner.java:46)\n\tat org.testng.internal.TestInvoker$MethodInvocationAgent.invoke(TestInvoker.java:824)\n\tat org.testng.internal.TestInvoker.invokeTestMethods(TestInvoker.java:146)\n\tat org.testng.internal.TestMethodWorker.invokeTestMethods(TestMethodWorker.java:146)\n\tat org.testng.internal.TestMethodWorker.run(TestMethodWorker.java:128)\n\tat java.util.ArrayList.forEach(ArrayList.java:1259)\n\tat org.testng.TestRunner.privateRun(TestRunner.java:794)\n\tat org.testng.TestRunner.run(TestRunner.java:596)\n\tat org.testng.SuiteRunner.runTest(SuiteRunner.java:377)\n\tat org.testng.SuiteRunner.access$000(SuiteRunner.java:28)\n\tat org.testng.SuiteRunner$SuiteWorker.run(SuiteRunner.java:418)\n\tat org.testng.internal.thread.ThreadUtil.lambda$execute$0(ThreadUtil.java:64)\n\tat java.util.concurrent.FutureTask.run(FutureTask.java:266)\n\tat java.util.concurrent.ThreadPoolExecutor.runWorker(ThreadPoolExecutor.java:1149)\n\tat java.util.concurrent.ThreadPoolExecutor$Worker.run(ThreadPoolExecutor.java:624)\n\tat java.lang.Thread.run(Thread.java:748)\nCaused by: java.io.FileNotFoundException: /home/runner/work/Selenium648PageFactory/Selenium648PageFactory/src/test/resources/credentials.json (No such file or directory)\n\tat java.io.FileInputStream.open0(Native Method)\n\tat java.io.FileInputStream.open(FileInputStream.java:195)\n\tat java.io.FileInputStream.<init>(FileInputStream.java:138)\n\tat java.io.FileInputStream.<init>(FileInputStream.java:93)\n\tat com.ita.edu.teachua.utils.GmailContentExtractor.getCredentials(GmailContentExtractor.java:54)\n\tat com.ita.edu.teachua.utils.GmailContentExtractor.getService(GmailContentExtractor.java:73)\n\tat com.ita.edu.teachua.utils.GmailContentExtractor.getGmailData(GmailContentExtractor.java:101)\n\t... 26 more\n",
      "steps" : [ ],
      "attachments" : [ ],
      "parameters" : [ ],
      "stepsCount" : 0,
      "attachmentsCount" : 0,
      "shouldDisplayMessage" : true,
      "hasContent" : true
    } ],
    "attachments" : [ {
      "uid" : "d9be80d72f7e96be",
      "name" : "Logs for thread 14",
      "source" : "d9be80d72f7e96be.log",
      "type" : "text/plain",
      "size" : 4
    }, {
      "uid" : "d3d17e32dc0eabb5",
      "name" : "Request logs for verifyErrorPasswordAndReenterPasswordNotEqualTest",
      "source" : "d3d17e32dc0eabb5.log",
      "type" : "text/plain",
      "size" : 4
    }, {
      "uid" : "aae84d9800a59abc",
      "name" : "Page screenshot",
      "source" : "aae84d9800a59abc.png",
      "type" : "image/png",
      "size" : 138274
    } ],
    "parameters" : [ ],
    "stepsCount" : 5,
    "attachmentsCount" : 3,
    "shouldDisplayMessage" : false,
    "hasContent" : true
  },
  "afterStages" : [ {
    "name" : "afterMethod",
    "time" : {
      "start" : 1642679554717,
      "stop" : 1642679554782,
      "duration" : 65
    },
    "description" : "",
    "status" : "passed",
    "steps" : [ ],
    "attachments" : [ ],
    "parameters" : [ ],
    "stepsCount" : 0,
    "attachmentsCount" : 0,
    "shouldDisplayMessage" : false,
    "hasContent" : false
  } ],
  "labels" : [ {
    "name" : "package",
    "value" : "com.ita.edu.teachua.ui.tests.RestorePasswordViaGmailApiTest"
  }, {
    "name" : "testClass",
    "value" : "com.ita.edu.teachua.ui.tests.RestorePasswordViaGmailApiTest"
  }, {
    "name" : "testMethod",
    "value" : "verifyErrorPasswordAndReenterPasswordNotEqualTest"
  }, {
    "name" : "parentSuite",
    "value" : "Test Suite"
  }, {
    "name" : "suite",
    "value" : "UI Tests"
  }, {
    "name" : "subSuite",
    "value" : "com.ita.edu.teachua.ui.tests.RestorePasswordViaGmailApiTest"
  }, {
    "name" : "host",
    "value" : "fv-az36-128"
  }, {
    "name" : "thread",
    "value" : "2944@fv-az36-128.TestNG-tests-2(14)"
  }, {
    "name" : "framework",
    "value" : "testng"
  }, {
    "name" : "language",
    "value" : "java"
  }, {
    "name" : "resultFormat",
    "value" : "allure2"
  } ],
  "parameters" : [ ],
  "links" : [ {
    "name" : "TUA-322",
    "type" : "issue"
  } ],
  "hidden" : false,
  "retry" : false,
  "extra" : {
    "severity" : "normal",
    "retries" : [ ],
    "categories" : [ {
      "name" : "Test defects",
      "matchedStatuses" : [ ],
      "flaky" : false
    } ],
    "tags" : [ ]
  },
  "source" : "4af6b7b5a9c9af06.json",
  "parameterValues" : [ ]
}