{
  "uid" : "87b3b718cb26d06",
  "name" : "TUA-343",
  "fullName" : "com.ita.edu.teachua.ui.tests.OwnerProfileTest.checkErrorMsWhenFillInvalidDataIntoLastNameField",
  "historyId" : "d0e4194e474567f6be7b3f45a3f59b13",
  "time" : {
    "start" : 1645527149220,
    "stop" : 1645527155295,
    "duration" : 6075
  },
  "description" : "Verify that error messages are shown and 'Зберегти зміни' button becomes disabled while entering invalid data into the 'Прізвище' field",
  "descriptionHtml" : "<p>Verify that error messages are shown and 'Зберегти зміни' button becomes disabled while entering invalid data into the 'Прізвище' field</p>\n",
  "status" : "broken",
  "statusMessage" : "Expected condition failed: waiting for element to be clickable: By.xpath: //div[contains(text(),'Увійти')] (tried for 5 second(s) with 500 milliseconds interval)\nBuild info: version: '4.1.1', revision: 'e8fcc2cecf'\nSystem info: host: 'fv-az105-913', ip: '10.1.0.41', os.name: 'Linux', os.arch: 'amd64', os.version: '5.11.0-1028-azure', java.version: '1.8.0_292'\nDriver info: org.openqa.selenium.chrome.ChromeDriver\nCapabilities {acceptInsecureCerts: false, browserName: chrome, browserVersion: 98.0.4758.102, chrome: {chromedriverVersion: 98.0.4758.102 (273bf7ac8c90..., userDataDir: /tmp/.com.google.Chrome.ZxzeYs}, goog:chromeOptions: {debuggerAddress: localhost:38447}, javascriptEnabled: true, networkConnectionEnabled: false, pageLoadStrategy: normal, platform: LINUX, platformName: LINUX, proxy: Proxy(), se:cdp: ws://localhost:38447/devtoo..., se:cdpVersion: 98.0.4758.102, setWindowRect: true, strictFileInteractability: false, timeouts: {implicit: 0, pageLoad: 300000, script: 30000}, unhandledPromptBehavior: dismiss and notify, webauthn:extension:credBlob: true, webauthn:extension:largeBlob: true, webauthn:virtualAuthenticators: true}\nSession ID: fc9032bd8bef727e9a7831c8fb2f9605",
  "statusTrace" : "org.openqa.selenium.TimeoutException: Expected condition failed: waiting for element to be clickable: By.xpath: //div[contains(text(),'Увійти')] (tried for 5 second(s) with 500 milliseconds interval)\nBuild info: version: '4.1.1', revision: 'e8fcc2cecf'\nSystem info: host: 'fv-az105-913', ip: '10.1.0.41', os.name: 'Linux', os.arch: 'amd64', os.version: '5.11.0-1028-azure', java.version: '1.8.0_292'\nDriver info: org.openqa.selenium.chrome.ChromeDriver\nCapabilities {acceptInsecureCerts: false, browserName: chrome, browserVersion: 98.0.4758.102, chrome: {chromedriverVersion: 98.0.4758.102 (273bf7ac8c90..., userDataDir: /tmp/.com.google.Chrome.ZxzeYs}, goog:chromeOptions: {debuggerAddress: localhost:38447}, javascriptEnabled: true, networkConnectionEnabled: false, pageLoadStrategy: normal, platform: LINUX, platformName: LINUX, proxy: Proxy(), se:cdp: ws://localhost:38447/devtoo..., se:cdpVersion: 98.0.4758.102, setWindowRect: true, strictFileInteractability: false, timeouts: {implicit: 0, pageLoad: 300000, script: 30000}, unhandledPromptBehavior: dismiss and notify, webauthn:extension:credBlob: true, webauthn:extension:largeBlob: true, webauthn:virtualAuthenticators: true}\nSession ID: fc9032bd8bef727e9a7831c8fb2f9605\n\tat org.openqa.selenium.support.ui.WebDriverWait.timeoutException(WebDriverWait.java:138)\n\tat org.openqa.selenium.support.ui.FluentWait.until(FluentWait.java:231)\n\tat com.ita.edu.teachua.ui.pages.base_page.BasePage.waitUntilElementToBeClickable(BasePage.java:43)\n\tat com.ita.edu.teachua.ui.pages.header_page.GuestDropdownComponent.clickOnLoginButton(GuestDropdownComponent.java:33)\n\tat com.ita.edu.teachua.ui.pages.header_page.HeaderPage.authorize(HeaderPage.java:40)\n\tat com.ita.edu.teachua.ui.tests.OwnerProfileTest.checkErrorMsWhenFillInvalidDataIntoLastNameField(OwnerProfileTest.java:470)\n\tat sun.reflect.NativeMethodAccessorImpl.invoke0(Native Method)\n\tat sun.reflect.NativeMethodAccessorImpl.invoke(NativeMethodAccessorImpl.java:62)\n\tat sun.reflect.DelegatingMethodAccessorImpl.invoke(DelegatingMethodAccessorImpl.java:43)\n\tat java.lang.reflect.Method.invoke(Method.java:498)\n\tat org.testng.internal.MethodInvocationHelper.invokeMethod(MethodInvocationHelper.java:133)\n\tat org.testng.internal.TestInvoker.invokeMethod(TestInvoker.java:598)\n\tat org.testng.internal.TestInvoker.invokeTestMethod(TestInvoker.java:173)\n\tat org.testng.internal.MethodRunner.runInSequence(MethodRunner.java:46)\n\tat org.testng.internal.TestInvoker$MethodInvocationAgent.invoke(TestInvoker.java:824)\n\tat org.testng.internal.TestInvoker.invokeTestMethods(TestInvoker.java:146)\n\tat org.testng.internal.TestMethodWorker.invokeTestMethods(TestMethodWorker.java:146)\n\tat org.testng.internal.TestMethodWorker.run(TestMethodWorker.java:128)\n\tat java.util.ArrayList.forEach(ArrayList.java:1259)\n\tat org.testng.TestRunner.privateRun(TestRunner.java:794)\n\tat org.testng.TestRunner.run(TestRunner.java:596)\n\tat org.testng.SuiteRunner.runTest(SuiteRunner.java:377)\n\tat org.testng.SuiteRunner.access$000(SuiteRunner.java:28)\n\tat org.testng.SuiteRunner$SuiteWorker.run(SuiteRunner.java:418)\n\tat org.testng.internal.thread.ThreadUtil.lambda$execute$0(ThreadUtil.java:64)\n\tat java.util.concurrent.FutureTask.run(FutureTask.java:266)\n\tat java.util.concurrent.ThreadPoolExecutor.runWorker(ThreadPoolExecutor.java:1149)\n\tat java.util.concurrent.ThreadPoolExecutor$Worker.run(ThreadPoolExecutor.java:624)\n\tat java.lang.Thread.run(Thread.java:748)\n",
  "flaky" : false,
  "newFailed" : false,
  "beforeStages" : [ {
    "name" : "beforeMethod",
    "time" : {
      "start" : 1645527145429,
      "stop" : 1645527149219,
      "duration" : 3790
    },
    "description" : "",
    "status" : "passed",
    "steps" : [ ],
    "attachments" : [ ],
    "parameters" : [ ],
    "stepsCount" : 0,
    "attachmentsCount" : 0,
    "shouldDisplayMessage" : false,
    "hasContent" : false
  }, {
    "name" : "beforeSuite",
    "time" : {
      "start" : 1645526942930,
      "stop" : 1645526942939,
      "duration" : 9
    },
    "description" : "",
    "status" : "passed",
    "steps" : [ ],
    "attachments" : [ ],
    "parameters" : [ ],
    "stepsCount" : 0,
    "attachmentsCount" : 0,
    "shouldDisplayMessage" : false,
    "hasContent" : false
  }, {
    "name" : "beforeSuite",
    "time" : {
      "start" : 1645526942940,
      "stop" : 1645526944985,
      "duration" : 2045
    },
    "description" : "",
    "status" : "passed",
    "steps" : [ ],
    "attachments" : [ ],
    "parameters" : [ ],
    "stepsCount" : 0,
    "attachmentsCount" : 0,
    "shouldDisplayMessage" : false,
    "hasContent" : false
  }, {
    "name" : "beforeSuite",
    "time" : {
      "start" : 1645526944986,
      "stop" : 1645526944986,
      "duration" : 0
    },
    "description" : "",
    "status" : "passed",
    "steps" : [ ],
    "attachments" : [ ],
    "parameters" : [ ],
    "stepsCount" : 0,
    "attachmentsCount" : 0,
    "shouldDisplayMessage" : false,
    "hasContent" : false
  }, {
    "name" : "beforeSuite",
    "time" : {
      "start" : 1645526944986,
      "stop" : 1645526944986,
      "duration" : 0
    },
    "description" : "",
    "status" : "passed",
    "steps" : [ ],
    "attachments" : [ ],
    "parameters" : [ ],
    "stepsCount" : 0,
    "attachmentsCount" : 0,
    "shouldDisplayMessage" : false,
    "hasContent" : false
  }, {
    "name" : "beforeSuite",
    "time" : {
      "start" : 1645526944986,
      "stop" : 1645526944986,
      "duration" : 0
    },
    "description" : "",
    "status" : "passed",
    "steps" : [ ],
    "attachments" : [ ],
    "parameters" : [ ],
    "stepsCount" : 0,
    "attachmentsCount" : 0,
    "shouldDisplayMessage" : false,
    "hasContent" : false
  } ],
  "testStage" : {
    "description" : "Verify that error messages are shown and 'Зберегти зміни' button becomes disabled while entering invalid data into the 'Прізвище' field",
    "status" : "broken",
    "statusMessage" : "Expected condition failed: waiting for element to be clickable: By.xpath: //div[contains(text(),'Увійти')] (tried for 5 second(s) with 500 milliseconds interval)\nBuild info: version: '4.1.1', revision: 'e8fcc2cecf'\nSystem info: host: 'fv-az105-913', ip: '10.1.0.41', os.name: 'Linux', os.arch: 'amd64', os.version: '5.11.0-1028-azure', java.version: '1.8.0_292'\nDriver info: org.openqa.selenium.chrome.ChromeDriver\nCapabilities {acceptInsecureCerts: false, browserName: chrome, browserVersion: 98.0.4758.102, chrome: {chromedriverVersion: 98.0.4758.102 (273bf7ac8c90..., userDataDir: /tmp/.com.google.Chrome.ZxzeYs}, goog:chromeOptions: {debuggerAddress: localhost:38447}, javascriptEnabled: true, networkConnectionEnabled: false, pageLoadStrategy: normal, platform: LINUX, platformName: LINUX, proxy: Proxy(), se:cdp: ws://localhost:38447/devtoo..., se:cdpVersion: 98.0.4758.102, setWindowRect: true, strictFileInteractability: false, timeouts: {implicit: 0, pageLoad: 300000, script: 30000}, unhandledPromptBehavior: dismiss and notify, webauthn:extension:credBlob: true, webauthn:extension:largeBlob: true, webauthn:virtualAuthenticators: true}\nSession ID: fc9032bd8bef727e9a7831c8fb2f9605",
    "statusTrace" : "org.openqa.selenium.TimeoutException: Expected condition failed: waiting for element to be clickable: By.xpath: //div[contains(text(),'Увійти')] (tried for 5 second(s) with 500 milliseconds interval)\nBuild info: version: '4.1.1', revision: 'e8fcc2cecf'\nSystem info: host: 'fv-az105-913', ip: '10.1.0.41', os.name: 'Linux', os.arch: 'amd64', os.version: '5.11.0-1028-azure', java.version: '1.8.0_292'\nDriver info: org.openqa.selenium.chrome.ChromeDriver\nCapabilities {acceptInsecureCerts: false, browserName: chrome, browserVersion: 98.0.4758.102, chrome: {chromedriverVersion: 98.0.4758.102 (273bf7ac8c90..., userDataDir: /tmp/.com.google.Chrome.ZxzeYs}, goog:chromeOptions: {debuggerAddress: localhost:38447}, javascriptEnabled: true, networkConnectionEnabled: false, pageLoadStrategy: normal, platform: LINUX, platformName: LINUX, proxy: Proxy(), se:cdp: ws://localhost:38447/devtoo..., se:cdpVersion: 98.0.4758.102, setWindowRect: true, strictFileInteractability: false, timeouts: {implicit: 0, pageLoad: 300000, script: 30000}, unhandledPromptBehavior: dismiss and notify, webauthn:extension:credBlob: true, webauthn:extension:largeBlob: true, webauthn:virtualAuthenticators: true}\nSession ID: fc9032bd8bef727e9a7831c8fb2f9605\n\tat org.openqa.selenium.support.ui.WebDriverWait.timeoutException(WebDriverWait.java:138)\n\tat org.openqa.selenium.support.ui.FluentWait.until(FluentWait.java:231)\n\tat com.ita.edu.teachua.ui.pages.base_page.BasePage.waitUntilElementToBeClickable(BasePage.java:43)\n\tat com.ita.edu.teachua.ui.pages.header_page.GuestDropdownComponent.clickOnLoginButton(GuestDropdownComponent.java:33)\n\tat com.ita.edu.teachua.ui.pages.header_page.HeaderPage.authorize(HeaderPage.java:40)\n\tat com.ita.edu.teachua.ui.tests.OwnerProfileTest.checkErrorMsWhenFillInvalidDataIntoLastNameField(OwnerProfileTest.java:470)\n\tat sun.reflect.NativeMethodAccessorImpl.invoke0(Native Method)\n\tat sun.reflect.NativeMethodAccessorImpl.invoke(NativeMethodAccessorImpl.java:62)\n\tat sun.reflect.DelegatingMethodAccessorImpl.invoke(DelegatingMethodAccessorImpl.java:43)\n\tat java.lang.reflect.Method.invoke(Method.java:498)\n\tat org.testng.internal.MethodInvocationHelper.invokeMethod(MethodInvocationHelper.java:133)\n\tat org.testng.internal.TestInvoker.invokeMethod(TestInvoker.java:598)\n\tat org.testng.internal.TestInvoker.invokeTestMethod(TestInvoker.java:173)\n\tat org.testng.internal.MethodRunner.runInSequence(MethodRunner.java:46)\n\tat org.testng.internal.TestInvoker$MethodInvocationAgent.invoke(TestInvoker.java:824)\n\tat org.testng.internal.TestInvoker.invokeTestMethods(TestInvoker.java:146)\n\tat org.testng.internal.TestMethodWorker.invokeTestMethods(TestMethodWorker.java:146)\n\tat org.testng.internal.TestMethodWorker.run(TestMethodWorker.java:128)\n\tat java.util.ArrayList.forEach(ArrayList.java:1259)\n\tat org.testng.TestRunner.privateRun(TestRunner.java:794)\n\tat org.testng.TestRunner.run(TestRunner.java:596)\n\tat org.testng.SuiteRunner.runTest(SuiteRunner.java:377)\n\tat org.testng.SuiteRunner.access$000(SuiteRunner.java:28)\n\tat org.testng.SuiteRunner$SuiteWorker.run(SuiteRunner.java:418)\n\tat org.testng.internal.thread.ThreadUtil.lambda$execute$0(ThreadUtil.java:64)\n\tat java.util.concurrent.FutureTask.run(FutureTask.java:266)\n\tat java.util.concurrent.ThreadPoolExecutor.runWorker(ThreadPoolExecutor.java:1149)\n\tat java.util.concurrent.ThreadPoolExecutor$Worker.run(ThreadPoolExecutor.java:624)\n\tat java.lang.Thread.run(Thread.java:748)\n",
    "steps" : [ {
      "name" : "Authorize user with valid email admin@gmail.com and password admin",
      "time" : {
        "start" : 1645527149220,
        "stop" : 1645527154852,
        "duration" : 5632
      },
      "status" : "broken",
      "statusMessage" : "Expected condition failed: waiting for element to be clickable: By.xpath: //div[contains(text(),'Увійти')] (tried for 5 second(s) with 500 milliseconds interval)\nBuild info: version: '4.1.1', revision: 'e8fcc2cecf'\nSystem info: host: 'fv-az105-913', ip: '10.1.0.41', os.name: 'Linux', os.arch: 'amd64', os.version: '5.11.0-1028-azure', java.version: '1.8.0_292'\nDriver info: org.openqa.selenium.chrome.ChromeDriver\nCapabilities {acceptInsecureCerts: false, browserName: chrome, browserVersion: 98.0.4758.102, chrome: {chromedriverVersion: 98.0.4758.102 (273bf7ac8c90..., userDataDir: /tmp/.com.google.Chrome.ZxzeYs}, goog:chromeOptions: {debuggerAddress: localhost:38447}, javascriptEnabled: true, networkConnectionEnabled: false, pageLoadStrategy: normal, platform: LINUX, platformName: LINUX, proxy: Proxy(), se:cdp: ws://localhost:38447/devtoo..., se:cdpVersion: 98.0.4758.102, setWindowRect: true, strictFileInteractability: false, timeouts: {implicit: 0, pageLoad: 300000, script: 30000}, unhandledPromptBehavior: dismiss and notify, webauthn:extension:credBlob: true, webauthn:extension:largeBlob: true, webauthn:virtualAuthenticators: true}\nSession ID: fc9032bd8bef727e9a7831c8fb2f9605",
      "statusTrace" : "org.openqa.selenium.TimeoutException: Expected condition failed: waiting for element to be clickable: By.xpath: //div[contains(text(),'Увійти')] (tried for 5 second(s) with 500 milliseconds interval)\nBuild info: version: '4.1.1', revision: 'e8fcc2cecf'\nSystem info: host: 'fv-az105-913', ip: '10.1.0.41', os.name: 'Linux', os.arch: 'amd64', os.version: '5.11.0-1028-azure', java.version: '1.8.0_292'\nDriver info: org.openqa.selenium.chrome.ChromeDriver\nCapabilities {acceptInsecureCerts: false, browserName: chrome, browserVersion: 98.0.4758.102, chrome: {chromedriverVersion: 98.0.4758.102 (273bf7ac8c90..., userDataDir: /tmp/.com.google.Chrome.ZxzeYs}, goog:chromeOptions: {debuggerAddress: localhost:38447}, javascriptEnabled: true, networkConnectionEnabled: false, pageLoadStrategy: normal, platform: LINUX, platformName: LINUX, proxy: Proxy(), se:cdp: ws://localhost:38447/devtoo..., se:cdpVersion: 98.0.4758.102, setWindowRect: true, strictFileInteractability: false, timeouts: {implicit: 0, pageLoad: 300000, script: 30000}, unhandledPromptBehavior: dismiss and notify, webauthn:extension:credBlob: true, webauthn:extension:largeBlob: true, webauthn:virtualAuthenticators: true}\nSession ID: fc9032bd8bef727e9a7831c8fb2f9605\n\tat org.openqa.selenium.support.ui.WebDriverWait.timeoutException(WebDriverWait.java:138)\n\tat org.openqa.selenium.support.ui.FluentWait.until(FluentWait.java:231)\n\tat com.ita.edu.teachua.ui.pages.base_page.BasePage.waitUntilElementToBeClickable(BasePage.java:43)\n\tat com.ita.edu.teachua.ui.pages.header_page.GuestDropdownComponent.clickOnLoginButton(GuestDropdownComponent.java:33)\n\tat com.ita.edu.teachua.ui.pages.header_page.HeaderPage.authorize(HeaderPage.java:40)\n\tat com.ita.edu.teachua.ui.tests.OwnerProfileTest.checkErrorMsWhenFillInvalidDataIntoLastNameField(OwnerProfileTest.java:470)\n\tat sun.reflect.NativeMethodAccessorImpl.invoke0(Native Method)\n\tat sun.reflect.NativeMethodAccessorImpl.invoke(NativeMethodAccessorImpl.java:62)\n\tat sun.reflect.DelegatingMethodAccessorImpl.invoke(DelegatingMethodAccessorImpl.java:43)\n\tat java.lang.reflect.Method.invoke(Method.java:498)\n\tat org.testng.internal.MethodInvocationHelper.invokeMethod(MethodInvocationHelper.java:133)\n\tat org.testng.internal.TestInvoker.invokeMethod(TestInvoker.java:598)\n\tat org.testng.internal.TestInvoker.invokeTestMethod(TestInvoker.java:173)\n\tat org.testng.internal.MethodRunner.runInSequence(MethodRunner.java:46)\n\tat org.testng.internal.TestInvoker$MethodInvocationAgent.invoke(TestInvoker.java:824)\n\tat org.testng.internal.TestInvoker.invokeTestMethods(TestInvoker.java:146)\n\tat org.testng.internal.TestMethodWorker.invokeTestMethods(TestMethodWorker.java:146)\n\tat org.testng.internal.TestMethodWorker.run(TestMethodWorker.java:128)\n\tat java.util.ArrayList.forEach(ArrayList.java:1259)\n\tat org.testng.TestRunner.privateRun(TestRunner.java:794)\n\tat org.testng.TestRunner.run(TestRunner.java:596)\n\tat org.testng.SuiteRunner.runTest(SuiteRunner.java:377)\n\tat org.testng.SuiteRunner.access$000(SuiteRunner.java:28)\n\tat org.testng.SuiteRunner$SuiteWorker.run(SuiteRunner.java:418)\n\tat org.testng.internal.thread.ThreadUtil.lambda$execute$0(ThreadUtil.java:64)\n\tat java.util.concurrent.FutureTask.run(FutureTask.java:266)\n\tat java.util.concurrent.ThreadPoolExecutor.runWorker(ThreadPoolExecutor.java:1149)\n\tat java.util.concurrent.ThreadPoolExecutor$Worker.run(ThreadPoolExecutor.java:624)\n\tat java.lang.Thread.run(Thread.java:748)\n",
      "steps" : [ {
        "name" : "Click on guest dropdown",
        "time" : {
          "start" : 1645527149220,
          "stop" : 1645527149668,
          "duration" : 448
        },
        "status" : "passed",
        "steps" : [ ],
        "attachments" : [ ],
        "parameters" : [ ],
        "stepsCount" : 0,
        "attachmentsCount" : 0,
        "shouldDisplayMessage" : false,
        "hasContent" : false
      }, {
        "name" : "Click on `Увійти` button",
        "time" : {
          "start" : 1645527149668,
          "stop" : 1645527154852,
          "duration" : 5184
        },
        "status" : "broken",
        "statusMessage" : "Expected condition failed: waiting for element to be clickable: By.xpath: //div[contains(text(),'Увійти')] (tried for 5 second(s) with 500 milliseconds interval)\nBuild info: version: '4.1.1', revision: 'e8fcc2cecf'\nSystem info: host: 'fv-az105-913', ip: '10.1.0.41', os.name: 'Linux', os.arch: 'amd64', os.version: '5.11.0-1028-azure', java.version: '1.8.0_292'\nDriver info: org.openqa.selenium.chrome.ChromeDriver\nCapabilities {acceptInsecureCerts: false, browserName: chrome, browserVersion: 98.0.4758.102, chrome: {chromedriverVersion: 98.0.4758.102 (273bf7ac8c90..., userDataDir: /tmp/.com.google.Chrome.ZxzeYs}, goog:chromeOptions: {debuggerAddress: localhost:38447}, javascriptEnabled: true, networkConnectionEnabled: false, pageLoadStrategy: normal, platform: LINUX, platformName: LINUX, proxy: Proxy(), se:cdp: ws://localhost:38447/devtoo..., se:cdpVersion: 98.0.4758.102, setWindowRect: true, strictFileInteractability: false, timeouts: {implicit: 0, pageLoad: 300000, script: 30000}, unhandledPromptBehavior: dismiss and notify, webauthn:extension:credBlob: true, webauthn:extension:largeBlob: true, webauthn:virtualAuthenticators: true}\nSession ID: fc9032bd8bef727e9a7831c8fb2f9605",
        "statusTrace" : "org.openqa.selenium.TimeoutException: Expected condition failed: waiting for element to be clickable: By.xpath: //div[contains(text(),'Увійти')] (tried for 5 second(s) with 500 milliseconds interval)\nBuild info: version: '4.1.1', revision: 'e8fcc2cecf'\nSystem info: host: 'fv-az105-913', ip: '10.1.0.41', os.name: 'Linux', os.arch: 'amd64', os.version: '5.11.0-1028-azure', java.version: '1.8.0_292'\nDriver info: org.openqa.selenium.chrome.ChromeDriver\nCapabilities {acceptInsecureCerts: false, browserName: chrome, browserVersion: 98.0.4758.102, chrome: {chromedriverVersion: 98.0.4758.102 (273bf7ac8c90..., userDataDir: /tmp/.com.google.Chrome.ZxzeYs}, goog:chromeOptions: {debuggerAddress: localhost:38447}, javascriptEnabled: true, networkConnectionEnabled: false, pageLoadStrategy: normal, platform: LINUX, platformName: LINUX, proxy: Proxy(), se:cdp: ws://localhost:38447/devtoo..., se:cdpVersion: 98.0.4758.102, setWindowRect: true, strictFileInteractability: false, timeouts: {implicit: 0, pageLoad: 300000, script: 30000}, unhandledPromptBehavior: dismiss and notify, webauthn:extension:credBlob: true, webauthn:extension:largeBlob: true, webauthn:virtualAuthenticators: true}\nSession ID: fc9032bd8bef727e9a7831c8fb2f9605\n\tat org.openqa.selenium.support.ui.WebDriverWait.timeoutException(WebDriverWait.java:138)\n\tat org.openqa.selenium.support.ui.FluentWait.until(FluentWait.java:231)\n\tat com.ita.edu.teachua.ui.pages.base_page.BasePage.waitUntilElementToBeClickable(BasePage.java:43)\n\tat com.ita.edu.teachua.ui.pages.header_page.GuestDropdownComponent.clickOnLoginButton(GuestDropdownComponent.java:33)\n\tat com.ita.edu.teachua.ui.pages.header_page.HeaderPage.authorize(HeaderPage.java:40)\n\tat com.ita.edu.teachua.ui.tests.OwnerProfileTest.checkErrorMsWhenFillInvalidDataIntoLastNameField(OwnerProfileTest.java:470)\n\tat sun.reflect.NativeMethodAccessorImpl.invoke0(Native Method)\n\tat sun.reflect.NativeMethodAccessorImpl.invoke(NativeMethodAccessorImpl.java:62)\n\tat sun.reflect.DelegatingMethodAccessorImpl.invoke(DelegatingMethodAccessorImpl.java:43)\n\tat java.lang.reflect.Method.invoke(Method.java:498)\n\tat org.testng.internal.MethodInvocationHelper.invokeMethod(MethodInvocationHelper.java:133)\n\tat org.testng.internal.TestInvoker.invokeMethod(TestInvoker.java:598)\n\tat org.testng.internal.TestInvoker.invokeTestMethod(TestInvoker.java:173)\n\tat org.testng.internal.MethodRunner.runInSequence(MethodRunner.java:46)\n\tat org.testng.internal.TestInvoker$MethodInvocationAgent.invoke(TestInvoker.java:824)\n\tat org.testng.internal.TestInvoker.invokeTestMethods(TestInvoker.java:146)\n\tat org.testng.internal.TestMethodWorker.invokeTestMethods(TestMethodWorker.java:146)\n\tat org.testng.internal.TestMethodWorker.run(TestMethodWorker.java:128)\n\tat java.util.ArrayList.forEach(ArrayList.java:1259)\n\tat org.testng.TestRunner.privateRun(TestRunner.java:794)\n\tat org.testng.TestRunner.run(TestRunner.java:596)\n\tat org.testng.SuiteRunner.runTest(SuiteRunner.java:377)\n\tat org.testng.SuiteRunner.access$000(SuiteRunner.java:28)\n\tat org.testng.SuiteRunner$SuiteWorker.run(SuiteRunner.java:418)\n\tat org.testng.internal.thread.ThreadUtil.lambda$execute$0(ThreadUtil.java:64)\n\tat java.util.concurrent.FutureTask.run(FutureTask.java:266)\n\tat java.util.concurrent.ThreadPoolExecutor.runWorker(ThreadPoolExecutor.java:1149)\n\tat java.util.concurrent.ThreadPoolExecutor$Worker.run(ThreadPoolExecutor.java:624)\n\tat java.lang.Thread.run(Thread.java:748)\n",
        "steps" : [ ],
        "attachments" : [ ],
        "parameters" : [ ],
        "stepsCount" : 0,
        "attachmentsCount" : 0,
        "shouldDisplayMessage" : true,
        "hasContent" : true
      } ],
      "attachments" : [ ],
      "parameters" : [ {
        "name" : "email",
        "value" : "admin@gmail.com"
      }, {
        "name" : "password",
        "value" : "admin"
      } ],
      "stepsCount" : 2,
      "attachmentsCount" : 0,
      "shouldDisplayMessage" : false,
      "hasContent" : true
    } ],
    "attachments" : [ {
      "uid" : "9bad40706bf339e8",
      "name" : "Logs for thread 14",
      "source" : "9bad40706bf339e8.log",
      "type" : "text/plain",
      "size" : 4
    }, {
      "uid" : "1533c9eaf7703c08",
      "name" : "Page screenshot",
      "source" : "1533c9eaf7703c08.png",
      "type" : "image/png",
      "size" : 520051
    } ],
    "parameters" : [ ],
    "stepsCount" : 3,
    "attachmentsCount" : 2,
    "shouldDisplayMessage" : false,
    "hasContent" : true
  },
  "afterStages" : [ {
    "name" : "afterMethod",
    "time" : {
      "start" : 1645527155296,
      "stop" : 1645527155399,
      "duration" : 103
    },
    "description" : "",
    "status" : "passed",
    "steps" : [ ],
    "attachments" : [ ],
    "parameters" : [ ],
    "stepsCount" : 0,
    "attachmentsCount" : 0,
    "shouldDisplayMessage" : false,
    "hasContent" : false
  } ],
  "labels" : [ {
    "name" : "package",
    "value" : "com.ita.edu.teachua.ui.tests.OwnerProfileTest"
  }, {
    "name" : "testClass",
    "value" : "com.ita.edu.teachua.ui.tests.OwnerProfileTest"
  }, {
    "name" : "testMethod",
    "value" : "checkErrorMsWhenFillInvalidDataIntoLastNameField"
  }, {
    "name" : "parentSuite",
    "value" : "Test Suite"
  }, {
    "name" : "suite",
    "value" : "UI Tests"
  }, {
    "name" : "subSuite",
    "value" : "com.ita.edu.teachua.ui.tests.OwnerProfileTest"
  }, {
    "name" : "host",
    "value" : "fv-az105-913"
  }, {
    "name" : "thread",
    "value" : "2154@fv-az105-913.TestNG-tests-2(14)"
  }, {
    "name" : "framework",
    "value" : "testng"
  }, {
    "name" : "language",
    "value" : "java"
  }, {
    "name" : "resultFormat",
    "value" : "allure2"
  } ],
  "parameters" : [ {
    "name" : "arg0",
    "value" : "[AfBbCcDdEeFfGgHhIiJjKkLlMmNn, Прізвище не може містити більше, ніж 25 символів, AfBbCcDdEeFfGgHhIiJjKkLlMm, Прізвище не може містити більше, ніж 25 символів, 1Admin, Прізвище не може містити цифри, 2Admin, Прізвище не може містити цифри, 3Admin, Прізвище не може містити цифри, 4Admin, Прізвище не може містити цифри, -Lastname, Прізвище повинно починатися і закінчуватися літерою, < Lastname>, Прізвище не може містити спеціальні символи, 'Lastname, Прізвище повинно починатися і закінчуватися літерою, Lastname-, Прізвище повинно починатися і закінчуватися літерою, <Lastname >, Прізвище не може містити спеціальні символи, Lastname', Прізвище повинно починатися і закінчуватися літерою, !Admin, Прізвище не може містити спеціальні символи, @Admin, Прізвище не може містити спеціальні символи, #Admin, Прізвище не може містити спеціальні символи, $Admin, Прізвище не може містити спеціальні символи, %Admin, Прізвище не може містити спеціальні символи, ^Admin, Прізвище не може містити спеціальні символи, &Admin, Прізвище не може містити спеціальні символи, *Admin, Прізвище не може містити спеціальні символи, (Admin, Прізвище не може містити спеціальні символи, _Admin, Прізвище не може містити спеціальні символи, +Admin, Прізвище не може містити спеціальні символи, .Admin, Прізвище не може містити спеціальні символи, :Admin, Прізвище не може містити спеціальні символи, , Будь ласка введіть Ваше прізвище]"
  } ],
  "links" : [ {
    "name" : "TUA-343",
    "type" : "issue"
  } ],
  "hidden" : false,
  "retry" : false,
  "extra" : {
    "severity" : "normal",
    "retries" : [ ],
    "categories" : [ {
      "name" : "Test defects",
      "matchedStatuses" : [ ],
      "flaky" : false
    } ],
    "history" : {
      "statistic" : {
        "failed" : 2,
        "broken" : 12,
        "skipped" : 0,
        "passed" : 63,
        "unknown" : 0,
        "total" : 77
      },
      "items" : [ {
        "uid" : "f0e3eab05a335f9f",
        "reportUrl" : "https://ita-social-projects.github.io/TeachUA_TA/110//#testresult/f0e3eab05a335f9f",
        "status" : "passed",
        "time" : {
          "start" : 1643311911781,
          "stop" : 1643311949926,
          "duration" : 38145
        }
      }, {
        "uid" : "47c2ca6a2a52d38c",
        "reportUrl" : "https://ita-social-projects.github.io/TeachUA_TA/109//#testresult/47c2ca6a2a52d38c",
        "status" : "passed",
        "time" : {
          "start" : 1643310432061,
          "stop" : 1643310470457,
          "duration" : 38396
        }
      }, {
        "uid" : "df64e3d4823f7e46",
        "reportUrl" : "https://ita-social-projects.github.io/TeachUA_TA/108//#testresult/df64e3d4823f7e46",
        "status" : "passed",
        "time" : {
          "start" : 1643308718417,
          "stop" : 1643308757803,
          "duration" : 39386
        }
      }, {
        "uid" : "b0691cf0015a42e7",
        "reportUrl" : "https://ita-social-projects.github.io/TeachUA_TA/108//#testresult/b0691cf0015a42e7",
        "status" : "passed",
        "time" : {
          "start" : 1643306828961,
          "stop" : 1643306866275,
          "duration" : 37314
        }
      }, {
        "uid" : "38c1816d8a36b1d4",
        "reportUrl" : "https://ita-social-projects.github.io/TeachUA_TA/108//#testresult/38c1816d8a36b1d4",
        "status" : "passed",
        "time" : {
          "start" : 1643303952491,
          "stop" : 1643303989955,
          "duration" : 37464
        }
      }, {
        "uid" : "214347041cd3613a",
        "reportUrl" : "https://ita-social-projects.github.io/TeachUA_TA/107//#testresult/214347041cd3613a",
        "status" : "passed",
        "time" : {
          "start" : 1643301699825,
          "stop" : 1643301737813,
          "duration" : 37988
        }
      }, {
        "uid" : "c231d04104b31444",
        "reportUrl" : "https://ita-social-projects.github.io/TeachUA_TA/106//#testresult/c231d04104b31444",
        "status" : "passed",
        "time" : {
          "start" : 1643296294304,
          "stop" : 1643296334456,
          "duration" : 40152
        }
      }, {
        "uid" : "fc5664cc25676fd5",
        "reportUrl" : "https://ita-social-projects.github.io/TeachUA_TA/105//#testresult/fc5664cc25676fd5",
        "status" : "passed",
        "time" : {
          "start" : 1643292308147,
          "stop" : 1643292346106,
          "duration" : 37959
        }
      }, {
        "uid" : "93d0b930471deec6",
        "reportUrl" : "https://ita-social-projects.github.io/TeachUA_TA/104//#testresult/93d0b930471deec6",
        "status" : "passed",
        "time" : {
          "start" : 1643292245295,
          "stop" : 1643292282868,
          "duration" : 37573
        }
      }, {
        "uid" : "362d67538d08abe8",
        "reportUrl" : "https://ita-social-projects.github.io/TeachUA_TA/103//#testresult/362d67538d08abe8",
        "status" : "passed",
        "time" : {
          "start" : 1643287429745,
          "stop" : 1643287469978,
          "duration" : 40233
        }
      }, {
        "uid" : "fdb9d9fe6e66b601",
        "reportUrl" : "https://ita-social-projects.github.io/TeachUA_TA/102//#testresult/fdb9d9fe6e66b601",
        "status" : "passed",
        "time" : {
          "start" : 1643287356117,
          "stop" : 1643287394497,
          "duration" : 38380
        }
      }, {
        "uid" : "b43d2edc281f9a8e",
        "reportUrl" : "https://ita-social-projects.github.io/TeachUA_TA/101//#testresult/b43d2edc281f9a8e",
        "status" : "passed",
        "time" : {
          "start" : 1643285084482,
          "stop" : 1643285122380,
          "duration" : 37898
        }
      }, {
        "uid" : "45c9efbd6937ce63",
        "reportUrl" : "https://ita-social-projects.github.io/TeachUA_TA/101//#testresult/45c9efbd6937ce63",
        "status" : "passed",
        "time" : {
          "start" : 1643279593200,
          "stop" : 1643279630850,
          "duration" : 37650
        }
      }, {
        "uid" : "7a4d4111c0f81456",
        "reportUrl" : "https://ita-social-projects.github.io/TeachUA_TA/101//#testresult/7a4d4111c0f81456",
        "status" : "broken",
        "statusDetails" : "invalid element state: Element is not currently interactable and may not be manipulated\n  (Session info: chrome=97.0.4692.99)\nBuild info: version: '4.1.0', revision: '87802e897b'\nSystem info: host: 'fv-az202-404', ip: '10.1.0.57', os.name: 'Linux', os.arch: 'amd64', os.version: '5.11.0-1027-azure', java.version: '1.8.0_292'\nDriver info: org.openqa.selenium.chrome.ChromeDriver\nCommand: [69b13a35587621063232e14956e53da5, clearElement {id=7ee89fa0-8e18-4ebe-b476-c2400aa15189}]\nCapabilities {acceptInsecureCerts: false, browserName: chrome, browserVersion: 97.0.4692.99, chrome: {chromedriverVersion: 97.0.4692.71 (adefa7837d02a..., userDataDir: /tmp/.com.google.Chrome.1avjIS}, goog:chromeOptions: {debuggerAddress: localhost:39445}, javascriptEnabled: true, networkConnectionEnabled: false, pageLoadStrategy: normal, platform: LINUX, platformName: LINUX, proxy: Proxy(), se:cdp: ws://localhost:39445/devtoo..., se:cdpVersion: 97.0.4692.99, setWindowRect: true, strictFileInteractability: false, timeouts: {implicit: 0, pageLoad: 300000, script: 30000}, unhandledPromptBehavior: dismiss and notify, webauthn:extension:credBlob: true, webauthn:extension:largeBlob: true, webauthn:virtualAuthenticators: true}\nElement: [[ChromeDriver: chrome on LINUX (69b13a35587621063232e14956e53da5)] -> xpath: //input[@id='edit_lastName']]\nSession ID: 69b13a35587621063232e14956e53da5",
        "time" : {
          "start" : 1643277653205,
          "stop" : 1643277660907,
          "duration" : 7702
        }
      }, {
        "uid" : "552827c31b8d4bbf",
        "reportUrl" : "https://ita-social-projects.github.io/TeachUA_TA/100//#testresult/552827c31b8d4bbf",
        "status" : "passed",
        "time" : {
          "start" : 1643227881503,
          "stop" : 1643227918683,
          "duration" : 37180
        }
      }, {
        "uid" : "ee6b27ae47674e9",
        "reportUrl" : "https://ita-social-projects.github.io/TeachUA_TA/98//#testresult/ee6b27ae47674e9",
        "status" : "passed",
        "time" : {
          "start" : 1643212261528,
          "stop" : 1643212300279,
          "duration" : 38751
        }
      }, {
        "uid" : "66f010e25b629509",
        "reportUrl" : "https://ita-social-projects.github.io/TeachUA_TA/97//#testresult/66f010e25b629509",
        "status" : "passed",
        "time" : {
          "start" : 1643189150117,
          "stop" : 1643189188506,
          "duration" : 38389
        }
      }, {
        "uid" : "5279d3da9638fecb",
        "reportUrl" : "https://ita-social-projects.github.io/TeachUA_TA/96//#testresult/5279d3da9638fecb",
        "status" : "passed",
        "time" : {
          "start" : 1643189094636,
          "stop" : 1643189133107,
          "duration" : 38471
        }
      }, {
        "uid" : "24c79674cc72a35a",
        "reportUrl" : "https://ita-social-projects.github.io/TeachUA_TA/95//#testresult/24c79674cc72a35a",
        "status" : "passed",
        "time" : {
          "start" : 1643189030177,
          "stop" : 1643189068854,
          "duration" : 38677
        }
      }, {
        "uid" : "6f32dfc1349dc0d8",
        "reportUrl" : "https://ita-social-projects.github.io/TeachUA_TA/94//#testresult/6f32dfc1349dc0d8",
        "status" : "passed",
        "time" : {
          "start" : 1643185529067,
          "stop" : 1643185567892,
          "duration" : 38825
        }
      } ]
    },
    "tags" : [ ]
  },
  "source" : "87b3b718cb26d06.json",
  "parameterValues" : [ "[AfBbCcDdEeFfGgHhIiJjKkLlMmNn, Прізвище не може містити більше, ніж 25 символів, AfBbCcDdEeFfGgHhIiJjKkLlMm, Прізвище не може містити більше, ніж 25 символів, 1Admin, Прізвище не може містити цифри, 2Admin, Прізвище не може містити цифри, 3Admin, Прізвище не може містити цифри, 4Admin, Прізвище не може містити цифри, -Lastname, Прізвище повинно починатися і закінчуватися літерою, < Lastname>, Прізвище не може містити спеціальні символи, 'Lastname, Прізвище повинно починатися і закінчуватися літерою, Lastname-, Прізвище повинно починатися і закінчуватися літерою, <Lastname >, Прізвище не може містити спеціальні символи, Lastname', Прізвище повинно починатися і закінчуватися літерою, !Admin, Прізвище не може містити спеціальні символи, @Admin, Прізвище не може містити спеціальні символи, #Admin, Прізвище не може містити спеціальні символи, $Admin, Прізвище не може містити спеціальні символи, %Admin, Прізвище не може містити спеціальні символи, ^Admin, Прізвище не може містити спеціальні символи, &Admin, Прізвище не може містити спеціальні символи, *Admin, Прізвище не може містити спеціальні символи, (Admin, Прізвище не може містити спеціальні символи, _Admin, Прізвище не може містити спеціальні символи, +Admin, Прізвище не може містити спеціальні символи, .Admin, Прізвище не може містити спеціальні символи, :Admin, Прізвище не може містити спеціальні символи, , Будь ласка введіть Ваше прізвище]" ]
}