{
  "uid" : "8c76280113f0f1bb",
  "name" : "TUA-178",
  "fullName" : "com.ita.edu.teachua.ui.tests.OwnerProfileTest.verifyThatErrorMessageAppearsWhenUserEntersLetterInRUSOrGER",
  "historyId" : "d3e9b06fcd62faf0a6c5fc7f96eaef17",
  "time" : {
    "start" : 1645527212112,
    "stop" : 1645527233127,
    "duration" : 21015
  },
  "description" : "This test case verifies that  error message appears when user enters letters in Russian or German languages into the field",
  "descriptionHtml" : "<p>This test case verifies that  error message appears when user enters letters in Russian or German languages into the field</p>\n",
  "status" : "broken",
  "statusMessage" : "no such element: Unable to locate element: {\"method\":\"xpath\",\"selector\":\"//div[@class='ant-form-item-explain ant-form-item-explain-error']\"}\n  (Session info: chrome=98.0.4758.102)\nFor documentation on this error, please visit: https://selenium.dev/exceptions/#no_such_element\nBuild info: version: '4.1.1', revision: 'e8fcc2cecf'\nSystem info: host: 'fv-az105-913', ip: '10.1.0.41', os.name: 'Linux', os.arch: 'amd64', os.version: '5.11.0-1028-azure', java.version: '1.8.0_292'\nDriver info: org.openqa.selenium.chrome.ChromeDriver\nCommand: [fd3c92eae44f07a37c8b6ae19c4ea328, findElement {using=xpath, value=//div[@class='ant-form-item-explain ant-form-item-explain-error']}]\nCapabilities {acceptInsecureCerts: false, browserName: chrome, browserVersion: 98.0.4758.102, chrome: {chromedriverVersion: 98.0.4758.102 (273bf7ac8c90..., userDataDir: /tmp/.com.google.Chrome.AvsF4Q}, goog:chromeOptions: {debuggerAddress: localhost:37747}, javascriptEnabled: true, networkConnectionEnabled: false, pageLoadStrategy: normal, platform: LINUX, platformName: LINUX, proxy: Proxy(), se:cdp: ws://localhost:37747/devtoo..., se:cdpVersion: 98.0.4758.102, setWindowRect: true, strictFileInteractability: false, timeouts: {implicit: 0, pageLoad: 300000, script: 30000}, unhandledPromptBehavior: dismiss and notify, webauthn:extension:credBlob: true, webauthn:extension:largeBlob: true, webauthn:virtualAuthenticators: true}\nSession ID: fd3c92eae44f07a37c8b6ae19c4ea328",
  "statusTrace" : "org.openqa.selenium.NoSuchElementException: no such element: Unable to locate element: {\"method\":\"xpath\",\"selector\":\"//div[@class='ant-form-item-explain ant-form-item-explain-error']\"}\n  (Session info: chrome=98.0.4758.102)\nFor documentation on this error, please visit: https://selenium.dev/exceptions/#no_such_element\nBuild info: version: '4.1.1', revision: 'e8fcc2cecf'\nSystem info: host: 'fv-az105-913', ip: '10.1.0.41', os.name: 'Linux', os.arch: 'amd64', os.version: '5.11.0-1028-azure', java.version: '1.8.0_292'\nDriver info: org.openqa.selenium.chrome.ChromeDriver\nCommand: [fd3c92eae44f07a37c8b6ae19c4ea328, findElement {using=xpath, value=//div[@class='ant-form-item-explain ant-form-item-explain-error']}]\nCapabilities {acceptInsecureCerts: false, browserName: chrome, browserVersion: 98.0.4758.102, chrome: {chromedriverVersion: 98.0.4758.102 (273bf7ac8c90..., userDataDir: /tmp/.com.google.Chrome.AvsF4Q}, goog:chromeOptions: {debuggerAddress: localhost:37747}, javascriptEnabled: true, networkConnectionEnabled: false, pageLoadStrategy: normal, platform: LINUX, platformName: LINUX, proxy: Proxy(), se:cdp: ws://localhost:37747/devtoo..., se:cdpVersion: 98.0.4758.102, setWindowRect: true, strictFileInteractability: false, timeouts: {implicit: 0, pageLoad: 300000, script: 30000}, unhandledPromptBehavior: dismiss and notify, webauthn:extension:credBlob: true, webauthn:extension:largeBlob: true, webauthn:virtualAuthenticators: true}\nSession ID: fd3c92eae44f07a37c8b6ae19c4ea328\n\tat sun.reflect.NativeConstructorAccessorImpl.newInstance0(Native Method)\n\tat sun.reflect.NativeConstructorAccessorImpl.newInstance(NativeConstructorAccessorImpl.java:62)\n\tat sun.reflect.DelegatingConstructorAccessorImpl.newInstance(DelegatingConstructorAccessorImpl.java:45)\n\tat java.lang.reflect.Constructor.newInstance(Constructor.java:423)\n\tat org.openqa.selenium.remote.codec.w3c.W3CHttpResponseCodec.createException(W3CHttpResponseCodec.java:200)\n\tat org.openqa.selenium.remote.codec.w3c.W3CHttpResponseCodec.decode(W3CHttpResponseCodec.java:133)\n\tat org.openqa.selenium.remote.codec.w3c.W3CHttpResponseCodec.decode(W3CHttpResponseCodec.java:53)\n\tat org.openqa.selenium.remote.HttpCommandExecutor.execute(HttpCommandExecutor.java:184)\n\tat org.openqa.selenium.remote.service.DriverCommandExecutor.invokeExecute(DriverCommandExecutor.java:167)\n\tat org.openqa.selenium.remote.service.DriverCommandExecutor.execute(DriverCommandExecutor.java:142)\n\tat org.openqa.selenium.remote.RemoteWebDriver.execute(RemoteWebDriver.java:543)\n\tat org.openqa.selenium.remote.ElementLocation$ElementFinder$2.findElement(ElementLocation.java:162)\n\tat org.openqa.selenium.remote.ElementLocation.findElement(ElementLocation.java:60)\n\tat org.openqa.selenium.remote.RemoteWebDriver.findElement(RemoteWebDriver.java:367)\n\tat org.openqa.selenium.remote.RemoteWebDriver.findElement(RemoteWebDriver.java:359)\n\tat org.openqa.selenium.support.pagefactory.DefaultElementLocator.findElement(DefaultElementLocator.java:70)\n\tat com.ita.edu.teachua.ui.pagefactory.ElementHandler.invoke(ElementHandler.java:32)\n\tat com.sun.proxy.$Proxy48.getText(Unknown Source)\n\tat com.ita.edu.teachua.ui.tests.OwnerProfileTest.verifyThatErrorMessageAppearsWhenUserEntersLetterInRUSOrGER(OwnerProfileTest.java:106)\n\tat sun.reflect.NativeMethodAccessorImpl.invoke0(Native Method)\n\tat sun.reflect.NativeMethodAccessorImpl.invoke(NativeMethodAccessorImpl.java:62)\n\tat sun.reflect.DelegatingMethodAccessorImpl.invoke(DelegatingMethodAccessorImpl.java:43)\n\tat java.lang.reflect.Method.invoke(Method.java:498)\n\tat org.testng.internal.MethodInvocationHelper.invokeMethod(MethodInvocationHelper.java:133)\n\tat org.testng.internal.TestInvoker.invokeMethod(TestInvoker.java:598)\n\tat org.testng.internal.TestInvoker.invokeTestMethod(TestInvoker.java:173)\n\tat org.testng.internal.MethodRunner.runInSequence(MethodRunner.java:46)\n\tat org.testng.internal.TestInvoker$MethodInvocationAgent.invoke(TestInvoker.java:824)\n\tat org.testng.internal.TestInvoker.invokeTestMethods(TestInvoker.java:146)\n\tat org.testng.internal.TestMethodWorker.invokeTestMethods(TestMethodWorker.java:146)\n\tat org.testng.internal.TestMethodWorker.run(TestMethodWorker.java:128)\n\tat java.util.ArrayList.forEach(ArrayList.java:1259)\n\tat org.testng.TestRunner.privateRun(TestRunner.java:794)\n\tat org.testng.TestRunner.run(TestRunner.java:596)\n\tat org.testng.SuiteRunner.runTest(SuiteRunner.java:377)\n\tat org.testng.SuiteRunner.access$000(SuiteRunner.java:28)\n\tat org.testng.SuiteRunner$SuiteWorker.run(SuiteRunner.java:418)\n\tat org.testng.internal.thread.ThreadUtil.lambda$execute$0(ThreadUtil.java:64)\n\tat java.util.concurrent.FutureTask.run(FutureTask.java:266)\n\tat java.util.concurrent.ThreadPoolExecutor.runWorker(ThreadPoolExecutor.java:1149)\n\tat java.util.concurrent.ThreadPoolExecutor$Worker.run(ThreadPoolExecutor.java:624)\n\tat java.lang.Thread.run(Thread.java:748)\n",
  "flaky" : false,
  "newFailed" : false,
  "beforeStages" : [ {
    "name" : "beforeMethod",
    "time" : {
      "start" : 1645527208760,
      "stop" : 1645527212111,
      "duration" : 3351
    },
    "description" : "",
    "status" : "passed",
    "steps" : [ ],
    "attachments" : [ ],
    "parameters" : [ ],
    "stepsCount" : 0,
    "attachmentsCount" : 0,
    "shouldDisplayMessage" : false,
    "hasContent" : false
  }, {
    "name" : "beforeSuite",
    "time" : {
      "start" : 1645526942930,
      "stop" : 1645526942939,
      "duration" : 9
    },
    "description" : "",
    "status" : "passed",
    "steps" : [ ],
    "attachments" : [ ],
    "parameters" : [ ],
    "stepsCount" : 0,
    "attachmentsCount" : 0,
    "shouldDisplayMessage" : false,
    "hasContent" : false
  }, {
    "name" : "beforeSuite",
    "time" : {
      "start" : 1645526942940,
      "stop" : 1645526944985,
      "duration" : 2045
    },
    "description" : "",
    "status" : "passed",
    "steps" : [ ],
    "attachments" : [ ],
    "parameters" : [ ],
    "stepsCount" : 0,
    "attachmentsCount" : 0,
    "shouldDisplayMessage" : false,
    "hasContent" : false
  }, {
    "name" : "beforeSuite",
    "time" : {
      "start" : 1645526944986,
      "stop" : 1645526944986,
      "duration" : 0
    },
    "description" : "",
    "status" : "passed",
    "steps" : [ ],
    "attachments" : [ ],
    "parameters" : [ ],
    "stepsCount" : 0,
    "attachmentsCount" : 0,
    "shouldDisplayMessage" : false,
    "hasContent" : false
  }, {
    "name" : "beforeSuite",
    "time" : {
      "start" : 1645526944986,
      "stop" : 1645526944986,
      "duration" : 0
    },
    "description" : "",
    "status" : "passed",
    "steps" : [ ],
    "attachments" : [ ],
    "parameters" : [ ],
    "stepsCount" : 0,
    "attachmentsCount" : 0,
    "shouldDisplayMessage" : false,
    "hasContent" : false
  }, {
    "name" : "beforeSuite",
    "time" : {
      "start" : 1645526944986,
      "stop" : 1645526944986,
      "duration" : 0
    },
    "description" : "",
    "status" : "passed",
    "steps" : [ ],
    "attachments" : [ ],
    "parameters" : [ ],
    "stepsCount" : 0,
    "attachmentsCount" : 0,
    "shouldDisplayMessage" : false,
    "hasContent" : false
  } ],
  "testStage" : {
    "description" : "This test case verifies that  error message appears when user enters letters in Russian or German languages into the field",
    "status" : "broken",
    "statusMessage" : "no such element: Unable to locate element: {\"method\":\"xpath\",\"selector\":\"//div[@class='ant-form-item-explain ant-form-item-explain-error']\"}\n  (Session info: chrome=98.0.4758.102)\nFor documentation on this error, please visit: https://selenium.dev/exceptions/#no_such_element\nBuild info: version: '4.1.1', revision: 'e8fcc2cecf'\nSystem info: host: 'fv-az105-913', ip: '10.1.0.41', os.name: 'Linux', os.arch: 'amd64', os.version: '5.11.0-1028-azure', java.version: '1.8.0_292'\nDriver info: org.openqa.selenium.chrome.ChromeDriver\nCommand: [fd3c92eae44f07a37c8b6ae19c4ea328, findElement {using=xpath, value=//div[@class='ant-form-item-explain ant-form-item-explain-error']}]\nCapabilities {acceptInsecureCerts: false, browserName: chrome, browserVersion: 98.0.4758.102, chrome: {chromedriverVersion: 98.0.4758.102 (273bf7ac8c90..., userDataDir: /tmp/.com.google.Chrome.AvsF4Q}, goog:chromeOptions: {debuggerAddress: localhost:37747}, javascriptEnabled: true, networkConnectionEnabled: false, pageLoadStrategy: normal, platform: LINUX, platformName: LINUX, proxy: Proxy(), se:cdp: ws://localhost:37747/devtoo..., se:cdpVersion: 98.0.4758.102, setWindowRect: true, strictFileInteractability: false, timeouts: {implicit: 0, pageLoad: 300000, script: 30000}, unhandledPromptBehavior: dismiss and notify, webauthn:extension:credBlob: true, webauthn:extension:largeBlob: true, webauthn:virtualAuthenticators: true}\nSession ID: fd3c92eae44f07a37c8b6ae19c4ea328",
    "statusTrace" : "org.openqa.selenium.NoSuchElementException: no such element: Unable to locate element: {\"method\":\"xpath\",\"selector\":\"//div[@class='ant-form-item-explain ant-form-item-explain-error']\"}\n  (Session info: chrome=98.0.4758.102)\nFor documentation on this error, please visit: https://selenium.dev/exceptions/#no_such_element\nBuild info: version: '4.1.1', revision: 'e8fcc2cecf'\nSystem info: host: 'fv-az105-913', ip: '10.1.0.41', os.name: 'Linux', os.arch: 'amd64', os.version: '5.11.0-1028-azure', java.version: '1.8.0_292'\nDriver info: org.openqa.selenium.chrome.ChromeDriver\nCommand: [fd3c92eae44f07a37c8b6ae19c4ea328, findElement {using=xpath, value=//div[@class='ant-form-item-explain ant-form-item-explain-error']}]\nCapabilities {acceptInsecureCerts: false, browserName: chrome, browserVersion: 98.0.4758.102, chrome: {chromedriverVersion: 98.0.4758.102 (273bf7ac8c90..., userDataDir: /tmp/.com.google.Chrome.AvsF4Q}, goog:chromeOptions: {debuggerAddress: localhost:37747}, javascriptEnabled: true, networkConnectionEnabled: false, pageLoadStrategy: normal, platform: LINUX, platformName: LINUX, proxy: Proxy(), se:cdp: ws://localhost:37747/devtoo..., se:cdpVersion: 98.0.4758.102, setWindowRect: true, strictFileInteractability: false, timeouts: {implicit: 0, pageLoad: 300000, script: 30000}, unhandledPromptBehavior: dismiss and notify, webauthn:extension:credBlob: true, webauthn:extension:largeBlob: true, webauthn:virtualAuthenticators: true}\nSession ID: fd3c92eae44f07a37c8b6ae19c4ea328\n\tat sun.reflect.NativeConstructorAccessorImpl.newInstance0(Native Method)\n\tat sun.reflect.NativeConstructorAccessorImpl.newInstance(NativeConstructorAccessorImpl.java:62)\n\tat sun.reflect.DelegatingConstructorAccessorImpl.newInstance(DelegatingConstructorAccessorImpl.java:45)\n\tat java.lang.reflect.Constructor.newInstance(Constructor.java:423)\n\tat org.openqa.selenium.remote.codec.w3c.W3CHttpResponseCodec.createException(W3CHttpResponseCodec.java:200)\n\tat org.openqa.selenium.remote.codec.w3c.W3CHttpResponseCodec.decode(W3CHttpResponseCodec.java:133)\n\tat org.openqa.selenium.remote.codec.w3c.W3CHttpResponseCodec.decode(W3CHttpResponseCodec.java:53)\n\tat org.openqa.selenium.remote.HttpCommandExecutor.execute(HttpCommandExecutor.java:184)\n\tat org.openqa.selenium.remote.service.DriverCommandExecutor.invokeExecute(DriverCommandExecutor.java:167)\n\tat org.openqa.selenium.remote.service.DriverCommandExecutor.execute(DriverCommandExecutor.java:142)\n\tat org.openqa.selenium.remote.RemoteWebDriver.execute(RemoteWebDriver.java:543)\n\tat org.openqa.selenium.remote.ElementLocation$ElementFinder$2.findElement(ElementLocation.java:162)\n\tat org.openqa.selenium.remote.ElementLocation.findElement(ElementLocation.java:60)\n\tat org.openqa.selenium.remote.RemoteWebDriver.findElement(RemoteWebDriver.java:367)\n\tat org.openqa.selenium.remote.RemoteWebDriver.findElement(RemoteWebDriver.java:359)\n\tat org.openqa.selenium.support.pagefactory.DefaultElementLocator.findElement(DefaultElementLocator.java:70)\n\tat com.ita.edu.teachua.ui.pagefactory.ElementHandler.invoke(ElementHandler.java:32)\n\tat com.sun.proxy.$Proxy48.getText(Unknown Source)\n\tat com.ita.edu.teachua.ui.tests.OwnerProfileTest.verifyThatErrorMessageAppearsWhenUserEntersLetterInRUSOrGER(OwnerProfileTest.java:106)\n\tat sun.reflect.NativeMethodAccessorImpl.invoke0(Native Method)\n\tat sun.reflect.NativeMethodAccessorImpl.invoke(NativeMethodAccessorImpl.java:62)\n\tat sun.reflect.DelegatingMethodAccessorImpl.invoke(DelegatingMethodAccessorImpl.java:43)\n\tat java.lang.reflect.Method.invoke(Method.java:498)\n\tat org.testng.internal.MethodInvocationHelper.invokeMethod(MethodInvocationHelper.java:133)\n\tat org.testng.internal.TestInvoker.invokeMethod(TestInvoker.java:598)\n\tat org.testng.internal.TestInvoker.invokeTestMethod(TestInvoker.java:173)\n\tat org.testng.internal.MethodRunner.runInSequence(MethodRunner.java:46)\n\tat org.testng.internal.TestInvoker$MethodInvocationAgent.invoke(TestInvoker.java:824)\n\tat org.testng.internal.TestInvoker.invokeTestMethods(TestInvoker.java:146)\n\tat org.testng.internal.TestMethodWorker.invokeTestMethods(TestMethodWorker.java:146)\n\tat org.testng.internal.TestMethodWorker.run(TestMethodWorker.java:128)\n\tat java.util.ArrayList.forEach(ArrayList.java:1259)\n\tat org.testng.TestRunner.privateRun(TestRunner.java:794)\n\tat org.testng.TestRunner.run(TestRunner.java:596)\n\tat org.testng.SuiteRunner.runTest(SuiteRunner.java:377)\n\tat org.testng.SuiteRunner.access$000(SuiteRunner.java:28)\n\tat org.testng.SuiteRunner$SuiteWorker.run(SuiteRunner.java:418)\n\tat org.testng.internal.thread.ThreadUtil.lambda$execute$0(ThreadUtil.java:64)\n\tat java.util.concurrent.FutureTask.run(FutureTask.java:266)\n\tat java.util.concurrent.ThreadPoolExecutor.runWorker(ThreadPoolExecutor.java:1149)\n\tat java.util.concurrent.ThreadPoolExecutor$Worker.run(ThreadPoolExecutor.java:624)\n\tat java.lang.Thread.run(Thread.java:748)\n",
    "steps" : [ {
      "name" : "Authorize user with valid email admin@gmail.com and password admin",
      "time" : {
        "start" : 1645527212113,
        "stop" : 1645527215520,
        "duration" : 3407
      },
      "status" : "passed",
      "steps" : [ {
        "name" : "Click on guest dropdown",
        "time" : {
          "start" : 1645527212113,
          "stop" : 1645527212601,
          "duration" : 488
        },
        "status" : "passed",
        "steps" : [ ],
        "attachments" : [ ],
        "parameters" : [ ],
        "stepsCount" : 0,
        "attachmentsCount" : 0,
        "shouldDisplayMessage" : false,
        "hasContent" : false
      }, {
        "name" : "Click on `Увійти` button",
        "time" : {
          "start" : 1645527212601,
          "stop" : 1645527212699,
          "duration" : 98
        },
        "status" : "passed",
        "steps" : [ ],
        "attachments" : [ ],
        "parameters" : [ ],
        "stepsCount" : 0,
        "attachmentsCount" : 0,
        "shouldDisplayMessage" : false,
        "hasContent" : false
      }, {
        "name" : "Set values 'admin@gmail.com'/'admin' for `Емейл` and `Пароль` fields",
        "time" : {
          "start" : 1645527212699,
          "stop" : 1645527215520,
          "duration" : 2821
        },
        "status" : "passed",
        "steps" : [ {
          "name" : "Fill in Password field: 'admin'",
          "time" : {
            "start" : 1645527213382,
            "stop" : 1645527213469,
            "duration" : 87
          },
          "status" : "passed",
          "steps" : [ ],
          "attachments" : [ ],
          "parameters" : [ {
            "name" : "passwordValue",
            "value" : "admin"
          } ],
          "stepsCount" : 0,
          "attachmentsCount" : 0,
          "shouldDisplayMessage" : false,
          "hasContent" : true
        }, {
          "name" : "Click on Submit button",
          "time" : {
            "start" : 1645527213469,
            "stop" : 1645527215520,
            "duration" : 2051
          },
          "status" : "passed",
          "steps" : [ ],
          "attachments" : [ ],
          "parameters" : [ ],
          "stepsCount" : 0,
          "attachmentsCount" : 0,
          "shouldDisplayMessage" : false,
          "hasContent" : false
        } ],
        "attachments" : [ ],
        "parameters" : [ {
          "name" : "email",
          "value" : "admin@gmail.com"
        }, {
          "name" : "password",
          "value" : "admin"
        } ],
        "stepsCount" : 2,
        "attachmentsCount" : 0,
        "shouldDisplayMessage" : false,
        "hasContent" : true
      } ],
      "attachments" : [ ],
      "parameters" : [ {
        "name" : "email",
        "value" : "admin@gmail.com"
      }, {
        "name" : "password",
        "value" : "admin"
      } ],
      "stepsCount" : 5,
      "attachmentsCount" : 0,
      "shouldDisplayMessage" : false,
      "hasContent" : true
    }, {
      "name" : "Click on dropdown for authorized user in top right corner of header",
      "time" : {
        "start" : 1645527215520,
        "stop" : 1645527218113,
        "duration" : 2593
      },
      "status" : "passed",
      "steps" : [ ],
      "attachments" : [ ],
      "parameters" : [ ],
      "stepsCount" : 0,
      "attachmentsCount" : 0,
      "shouldDisplayMessage" : false,
      "hasContent" : false
    }, {
      "name" : "Click on 'Мій профіль' button in dropdown for authorized users",
      "time" : {
        "start" : 1645527218113,
        "stop" : 1645527218781,
        "duration" : 668
      },
      "status" : "passed",
      "steps" : [ ],
      "attachments" : [ ],
      "parameters" : [ ],
      "stepsCount" : 0,
      "attachmentsCount" : 0,
      "shouldDisplayMessage" : false,
      "hasContent" : false
    }, {
      "name" : "Click on 'Додати' button",
      "time" : {
        "start" : 1645527218781,
        "stop" : 1645527218824,
        "duration" : 43
      },
      "status" : "passed",
      "steps" : [ ],
      "attachments" : [ ],
      "parameters" : [ ],
      "stepsCount" : 0,
      "attachmentsCount" : 0,
      "shouldDisplayMessage" : false,
      "hasContent" : false
    }, {
      "name" : "Click on 'Додати гурток' button",
      "time" : {
        "start" : 1645527218824,
        "stop" : 1645527219622,
        "duration" : 798
      },
      "status" : "passed",
      "steps" : [ ],
      "attachments" : [ ],
      "parameters" : [ ],
      "stepsCount" : 0,
      "attachmentsCount" : 0,
      "shouldDisplayMessage" : false,
      "hasContent" : false
    }, {
      "name" : "Fill 'Назва' field with Name of club",
      "time" : {
        "start" : 1645527219622,
        "stop" : 1645527220303,
        "duration" : 681
      },
      "status" : "passed",
      "steps" : [ ],
      "attachments" : [ ],
      "parameters" : [ {
        "name" : "text",
        "value" : "Name of club"
      } ],
      "stepsCount" : 0,
      "attachmentsCount" : 0,
      "shouldDisplayMessage" : false,
      "hasContent" : true
    }, {
      "name" : "Check off 'Спортивні секції' check-box from 'Категорія' group box",
      "time" : {
        "start" : 1645527220303,
        "stop" : 1645527220360,
        "duration" : 57
      },
      "status" : "passed",
      "steps" : [ ],
      "attachments" : [ ],
      "parameters" : [ ],
      "stepsCount" : 0,
      "attachmentsCount" : 0,
      "shouldDisplayMessage" : false,
      "hasContent" : false
    }, {
      "name" : "Enter 2 into the first age input and 16 in second age input",
      "time" : {
        "start" : 1645527220360,
        "stop" : 1645527220575,
        "duration" : 215
      },
      "status" : "passed",
      "steps" : [ ],
      "attachments" : [ ],
      "parameters" : [ {
        "name" : "ageFrom",
        "value" : "2"
      }, {
        "name" : "ageTo",
        "value" : "16"
      } ],
      "stepsCount" : 0,
      "attachmentsCount" : 0,
      "shouldDisplayMessage" : false,
      "hasContent" : true
    }, {
      "name" : "Click on 'Наступний крок' button",
      "time" : {
        "start" : 1645527220575,
        "stop" : 1645527220674,
        "duration" : 99
      },
      "status" : "passed",
      "steps" : [ ],
      "attachments" : [ ],
      "parameters" : [ ],
      "stepsCount" : 0,
      "attachmentsCount" : 0,
      "shouldDisplayMessage" : false,
      "hasContent" : false
    }, {
      "name" : "Enter gfhdfghfg data into Facebook field of 'Контакти' area ",
      "time" : {
        "start" : 1645527220674,
        "stop" : 1645527220865,
        "duration" : 191
      },
      "status" : "passed",
      "steps" : [ ],
      "attachments" : [ ],
      "parameters" : [ {
        "name" : "facebook",
        "value" : "gfhdfghfg"
      } ],
      "stepsCount" : 0,
      "attachmentsCount" : 0,
      "shouldDisplayMessage" : false,
      "hasContent" : true
    }, {
      "name" : "Enter fhfdhgfd@gmail.com data into Email field of 'Контакти' area ",
      "time" : {
        "start" : 1645527220865,
        "stop" : 1645527221094,
        "duration" : 229
      },
      "status" : "passed",
      "steps" : [ ],
      "attachments" : [ ],
      "parameters" : [ {
        "name" : "email",
        "value" : "fhfdhgfd@gmail.com"
      } ],
      "stepsCount" : 0,
      "attachmentsCount" : 0,
      "shouldDisplayMessage" : false,
      "hasContent" : true
    }, {
      "name" : "Enter ghdfghf data into WhatsApp field of 'Контакти' area ",
      "time" : {
        "start" : 1645527221095,
        "stop" : 1645527221228,
        "duration" : 133
      },
      "status" : "passed",
      "steps" : [ ],
      "attachments" : [ ],
      "parameters" : [ {
        "name" : "whatsApp",
        "value" : "ghdfghf"
      } ],
      "stepsCount" : 0,
      "attachmentsCount" : 0,
      "shouldDisplayMessage" : false,
      "hasContent" : true
    }, {
      "name" : "Enter grsgr data into Site field of 'Контакти' area ",
      "time" : {
        "start" : 1645527221228,
        "stop" : 1645527221351,
        "duration" : 123
      },
      "status" : "passed",
      "steps" : [ ],
      "attachments" : [ ],
      "parameters" : [ {
        "name" : "site",
        "value" : "grsgr"
      } ],
      "stepsCount" : 0,
      "attachmentsCount" : 0,
      "shouldDisplayMessage" : false,
      "hasContent" : true
    }, {
      "name" : "Enter efaefs data into Skype field of 'Контакти' area ",
      "time" : {
        "start" : 1645527221351,
        "stop" : 1645527221478,
        "duration" : 127
      },
      "status" : "passed",
      "steps" : [ ],
      "attachments" : [ ],
      "parameters" : [ {
        "name" : "skype",
        "value" : "efaefs"
      } ],
      "stepsCount" : 0,
      "attachmentsCount" : 0,
      "shouldDisplayMessage" : false,
      "hasContent" : true
    }, {
      "name" : "Enter 7557565755 data into Phone number field of 'Контакти' area ",
      "time" : {
        "start" : 1645527221478,
        "stop" : 1645527221608,
        "duration" : 130
      },
      "status" : "passed",
      "steps" : [ ],
      "attachments" : [ ],
      "parameters" : [ {
        "name" : "number",
        "value" : "7557565755"
      } ],
      "stepsCount" : 0,
      "attachmentsCount" : 0,
      "shouldDisplayMessage" : false,
      "hasContent" : true
    }, {
      "name" : "Click on 'Наступний крок' button",
      "time" : {
        "start" : 1645527221609,
        "stop" : 1645527221680,
        "duration" : 71
      },
      "status" : "passed",
      "steps" : [ ],
      "attachments" : [ ],
      "parameters" : [ ],
      "stepsCount" : 0,
      "attachmentsCount" : 0,
      "shouldDisplayMessage" : false,
      "hasContent" : false
    }, {
      "name" : "Fill 'Опис' field with sfadsfadsfasdfasdfasfsdfadfasdffefewfwefwfЫ",
      "time" : {
        "start" : 1645527221680,
        "stop" : 1645527222950,
        "duration" : 1270
      },
      "status" : "passed",
      "steps" : [ ],
      "attachments" : [ ],
      "parameters" : [ {
        "name" : "text",
        "value" : "sfadsfadsfasdfasdfasfsdfadfasdffefewfwefwfЫ"
      } ],
      "stepsCount" : 0,
      "attachmentsCount" : 0,
      "shouldDisplayMessage" : false,
      "hasContent" : true
    }, {
      "name" : "Get error message",
      "time" : {
        "start" : 1645527222950,
        "stop" : 1645527222950,
        "duration" : 0
      },
      "status" : "passed",
      "steps" : [ ],
      "attachments" : [ ],
      "parameters" : [ ],
      "stepsCount" : 0,
      "attachmentsCount" : 0,
      "shouldDisplayMessage" : false,
      "hasContent" : false
    } ],
    "attachments" : [ {
      "uid" : "23a58041f47d04d6",
      "name" : "Logs for thread 14",
      "source" : "23a58041f47d04d6.log",
      "type" : "text/plain",
      "size" : 4
    }, {
      "uid" : "865928e44e141afc",
      "name" : "Page screenshot",
      "source" : "865928e44e141afc.png",
      "type" : "image/png",
      "size" : 109935
    } ],
    "parameters" : [ ],
    "stepsCount" : 23,
    "attachmentsCount" : 2,
    "shouldDisplayMessage" : true,
    "hasContent" : true
  },
  "afterStages" : [ {
    "name" : "afterMethod",
    "time" : {
      "start" : 1645527233128,
      "stop" : 1645527233230,
      "duration" : 102
    },
    "description" : "",
    "status" : "passed",
    "steps" : [ ],
    "attachments" : [ ],
    "parameters" : [ ],
    "stepsCount" : 0,
    "attachmentsCount" : 0,
    "shouldDisplayMessage" : false,
    "hasContent" : false
  } ],
  "labels" : [ {
    "name" : "package",
    "value" : "com.ita.edu.teachua.ui.tests.OwnerProfileTest"
  }, {
    "name" : "testClass",
    "value" : "com.ita.edu.teachua.ui.tests.OwnerProfileTest"
  }, {
    "name" : "testMethod",
    "value" : "verifyThatErrorMessageAppearsWhenUserEntersLetterInRUSOrGER"
  }, {
    "name" : "parentSuite",
    "value" : "Test Suite"
  }, {
    "name" : "suite",
    "value" : "UI Tests"
  }, {
    "name" : "subSuite",
    "value" : "com.ita.edu.teachua.ui.tests.OwnerProfileTest"
  }, {
    "name" : "host",
    "value" : "fv-az105-913"
  }, {
    "name" : "thread",
    "value" : "2154@fv-az105-913.TestNG-tests-2(14)"
  }, {
    "name" : "framework",
    "value" : "testng"
  }, {
    "name" : "language",
    "value" : "java"
  }, {
    "name" : "resultFormat",
    "value" : "allure2"
  } ],
  "parameters" : [ {
    "name" : "arg0",
    "value" : "[sfadsfadsfasdfasdfasfsdfadfasdffefewfwefwfЫ, sfadsfadsfasdfasdfasfsdfadfasdffefewfwefwfэ, sfadsfadsfasdfasdfasfsdfadfasdffefewfwefwfъ, sfadsfadsfasdfasdfasfsdfadfasdffefewfwefwfэ, sfadsfadsfasdfasdfasfsdfadfasdffefewfwefwfö, sfadsfadsfasdfasdfasfsdfadfasdffefewfwefwfä, sfadsfadsfasdfasdfasfsdfadfasdffefewfwefwfü, sfadsfadsfasdfasdfasfsdfadfasdffefewfwefwfü, sfadsfadsfasdfasdfasfsdfadfasdffefewfwefwfö, sfadsfadsfasdfasdfasfsdfadfasdffefewfwefwfä]"
  } ],
  "links" : [ {
    "name" : "TUA-178",
    "type" : "issue"
  } ],
  "hidden" : false,
  "retry" : false,
  "extra" : {
    "severity" : "normal",
    "retries" : [ ],
    "categories" : [ {
      "name" : "Test defects",
      "matchedStatuses" : [ ],
      "flaky" : false
    } ],
    "history" : {
      "statistic" : {
        "failed" : 0,
        "broken" : 7,
        "skipped" : 0,
        "passed" : 70,
        "unknown" : 0,
        "total" : 77
      },
      "items" : [ {
        "uid" : "426082f683a8be91",
        "reportUrl" : "https://ita-social-projects.github.io/TeachUA_TA/110//#testresult/426082f683a8be91",
        "status" : "passed",
        "time" : {
          "start" : 1643312031280,
          "stop" : 1643312056690,
          "duration" : 25410
        }
      }, {
        "uid" : "e789d3ec343961c0",
        "reportUrl" : "https://ita-social-projects.github.io/TeachUA_TA/109//#testresult/e789d3ec343961c0",
        "status" : "passed",
        "time" : {
          "start" : 1643310529474,
          "stop" : 1643310553011,
          "duration" : 23537
        }
      }, {
        "uid" : "8fcad7212810d159",
        "reportUrl" : "https://ita-social-projects.github.io/TeachUA_TA/108//#testresult/8fcad7212810d159",
        "status" : "passed",
        "time" : {
          "start" : 1643308824357,
          "stop" : 1643308848548,
          "duration" : 24191
        }
      }, {
        "uid" : "43096054b88621ee",
        "reportUrl" : "https://ita-social-projects.github.io/TeachUA_TA/108//#testresult/43096054b88621ee",
        "status" : "passed",
        "time" : {
          "start" : 1643306923720,
          "stop" : 1643306945350,
          "duration" : 21630
        }
      }, {
        "uid" : "d5be4402ef5d479b",
        "reportUrl" : "https://ita-social-projects.github.io/TeachUA_TA/108//#testresult/d5be4402ef5d479b",
        "status" : "passed",
        "time" : {
          "start" : 1643304051652,
          "stop" : 1643304074424,
          "duration" : 22772
        }
      }, {
        "uid" : "d7e03092889ff158",
        "reportUrl" : "https://ita-social-projects.github.io/TeachUA_TA/107//#testresult/d7e03092889ff158",
        "status" : "passed",
        "time" : {
          "start" : 1643301798660,
          "stop" : 1643301821909,
          "duration" : 23249
        }
      }, {
        "uid" : "a65f537def7eb05b",
        "reportUrl" : "https://ita-social-projects.github.io/TeachUA_TA/106//#testresult/a65f537def7eb05b",
        "status" : "passed",
        "time" : {
          "start" : 1643296402835,
          "stop" : 1643296429462,
          "duration" : 26627
        }
      }, {
        "uid" : "3ad9d7a0bc647f67",
        "reportUrl" : "https://ita-social-projects.github.io/TeachUA_TA/105//#testresult/3ad9d7a0bc647f67",
        "status" : "passed",
        "time" : {
          "start" : 1643292407345,
          "stop" : 1643292431752,
          "duration" : 24407
        }
      }, {
        "uid" : "7f0f789da1c08647",
        "reportUrl" : "https://ita-social-projects.github.io/TeachUA_TA/104//#testresult/7f0f789da1c08647",
        "status" : "passed",
        "time" : {
          "start" : 1643292343751,
          "stop" : 1643292366669,
          "duration" : 22918
        }
      }, {
        "uid" : "681aebdfb6ff5333",
        "reportUrl" : "https://ita-social-projects.github.io/TeachUA_TA/103//#testresult/681aebdfb6ff5333",
        "status" : "passed",
        "time" : {
          "start" : 1643287546546,
          "stop" : 1643287572531,
          "duration" : 25985
        }
      }, {
        "uid" : "4548c90c958b498a",
        "reportUrl" : "https://ita-social-projects.github.io/TeachUA_TA/102//#testresult/4548c90c958b498a",
        "status" : "passed",
        "time" : {
          "start" : 1643287452444,
          "stop" : 1643287475475,
          "duration" : 23031
        }
      }, {
        "uid" : "30e1a9dcd01b0b9d",
        "reportUrl" : "https://ita-social-projects.github.io/TeachUA_TA/101//#testresult/30e1a9dcd01b0b9d",
        "status" : "passed",
        "time" : {
          "start" : 1643285181912,
          "stop" : 1643285204709,
          "duration" : 22797
        }
      }, {
        "uid" : "69943671d8ce0f9e",
        "reportUrl" : "https://ita-social-projects.github.io/TeachUA_TA/101//#testresult/69943671d8ce0f9e",
        "status" : "passed",
        "time" : {
          "start" : 1643279690758,
          "stop" : 1643279713936,
          "duration" : 23178
        }
      }, {
        "uid" : "b706eb0d7351f214",
        "reportUrl" : "https://ita-social-projects.github.io/TeachUA_TA/101//#testresult/b706eb0d7351f214",
        "status" : "passed",
        "time" : {
          "start" : 1643277723584,
          "stop" : 1643277746982,
          "duration" : 23398
        }
      }, {
        "uid" : "6e3c1e6d19590344",
        "reportUrl" : "https://ita-social-projects.github.io/TeachUA_TA/100//#testresult/6e3c1e6d19590344",
        "status" : "passed",
        "time" : {
          "start" : 1643227979648,
          "stop" : 1643228002937,
          "duration" : 23289
        }
      }, {
        "uid" : "9699a4bcd80a8aba",
        "reportUrl" : "https://ita-social-projects.github.io/TeachUA_TA/98//#testresult/9699a4bcd80a8aba",
        "status" : "passed",
        "time" : {
          "start" : 1643212369008,
          "stop" : 1643212392102,
          "duration" : 23094
        }
      }, {
        "uid" : "386ee263c2051d23",
        "reportUrl" : "https://ita-social-projects.github.io/TeachUA_TA/97//#testresult/386ee263c2051d23",
        "status" : "passed",
        "time" : {
          "start" : 1643189252864,
          "stop" : 1643189277564,
          "duration" : 24700
        }
      }, {
        "uid" : "2458db574c7a05c9",
        "reportUrl" : "https://ita-social-projects.github.io/TeachUA_TA/96//#testresult/2458db574c7a05c9",
        "status" : "passed",
        "time" : {
          "start" : 1643189195280,
          "stop" : 1643189219468,
          "duration" : 24188
        }
      }, {
        "uid" : "56a799debfaac77e",
        "reportUrl" : "https://ita-social-projects.github.io/TeachUA_TA/95//#testresult/56a799debfaac77e",
        "status" : "passed",
        "time" : {
          "start" : 1643189132474,
          "stop" : 1643189156150,
          "duration" : 23676
        }
      }, {
        "uid" : "1db5bf2de2899303",
        "reportUrl" : "https://ita-social-projects.github.io/TeachUA_TA/94//#testresult/1db5bf2de2899303",
        "status" : "passed",
        "time" : {
          "start" : 1643185627027,
          "stop" : 1643185650823,
          "duration" : 23796
        }
      } ]
    },
    "tags" : [ ]
  },
  "source" : "8c76280113f0f1bb.json",
  "parameterValues" : [ "[sfadsfadsfasdfasdfasfsdfadfasdffefewfwefwfЫ, sfadsfadsfasdfasdfasfsdfadfasdffefewfwefwfэ, sfadsfadsfasdfasdfasfsdfadfasdffefewfwefwfъ, sfadsfadsfasdfasdfasfsdfadfasdffefewfwefwfэ, sfadsfadsfasdfasdfasfsdfadfasdffefewfwefwfö, sfadsfadsfasdfasdfasfsdfadfasdffefewfwefwfä, sfadsfadsfasdfasdfasfsdfadfasdffefewfwefwfü, sfadsfadsfasdfasdfasfsdfadfasdffefewfwefwfü, sfadsfadsfasdfasdfasfsdfadfasdffefewfwefwfö, sfadsfadsfasdfasdfasfsdfadfasdffefewfwefwfä]" ]
}