{
  "uid" : "130e79d37ab9c52",
  "name" : "TUA-321",
  "fullName" : "com.ita.edu.teachua.ui.tests.RestorePasswordViaGmailApiTest.testPasswordRecovery",
  "historyId" : "1b357d7d3e0df694619d7b2cb5b398cb",
  "time" : {
    "start" : 1642701679415,
    "stop" : 1642701687911,
    "duration" : 8496
  },
  "description" : "Verify if error message is displayed after inputting invalid data for recover or change the password.",
  "descriptionHtml" : "<p>Verify if error message is displayed after inputting invalid data for recover or change the password.</p>\n",
  "status" : "broken",
  "statusMessage" : "java.io.FileNotFoundException: /home/runner/work/Selenium648PageFactory/Selenium648PageFactory/src/test/resources/credentials.json (No such file or directory)",
  "statusTrace" : "java.lang.RuntimeException: java.io.FileNotFoundException: /home/runner/work/Selenium648PageFactory/Selenium648PageFactory/src/test/resources/credentials.json (No such file or directory)\n\tat com.ita.edu.teachua.utils.GmailContentExtractor.getGmailData(GmailContentExtractor.java:123)\n\tat com.ita.edu.teachua.utils.GmailContentExtractor.getGmailMessageLink(GmailContentExtractor.java:192)\n\tat com.ita.edu.teachua.ui.pages.header_page.RestoringBeginPopUpComponent.clickOnRestore(RestoringBeginPopUpComponent.java:40)\n\tat com.ita.edu.teachua.ui.tests.RestorePasswordViaGmailApiTest.testPasswordRecovery(RestorePasswordViaGmailApiTest.java:45)\n\tat sun.reflect.NativeMethodAccessorImpl.invoke0(Native Method)\n\tat sun.reflect.NativeMethodAccessorImpl.invoke(NativeMethodAccessorImpl.java:62)\n\tat sun.reflect.DelegatingMethodAccessorImpl.invoke(DelegatingMethodAccessorImpl.java:43)\n\tat java.lang.reflect.Method.invoke(Method.java:498)\n\tat org.testng.internal.MethodInvocationHelper.invokeMethod(MethodInvocationHelper.java:133)\n\tat org.testng.internal.TestInvoker.invokeMethod(TestInvoker.java:598)\n\tat org.testng.internal.TestInvoker.invokeTestMethod(TestInvoker.java:173)\n\tat org.testng.internal.MethodRunner.runInSequence(MethodRunner.java:46)\n\tat org.testng.internal.TestInvoker$MethodInvocationAgent.invoke(TestInvoker.java:824)\n\tat org.testng.internal.TestInvoker.invokeTestMethods(TestInvoker.java:146)\n\tat org.testng.internal.TestMethodWorker.invokeTestMethods(TestMethodWorker.java:146)\n\tat org.testng.internal.TestMethodWorker.run(TestMethodWorker.java:128)\n\tat java.util.ArrayList.forEach(ArrayList.java:1259)\n\tat org.testng.TestRunner.privateRun(TestRunner.java:794)\n\tat org.testng.TestRunner.run(TestRunner.java:596)\n\tat org.testng.SuiteRunner.runTest(SuiteRunner.java:377)\n\tat org.testng.SuiteRunner.access$000(SuiteRunner.java:28)\n\tat org.testng.SuiteRunner$SuiteWorker.run(SuiteRunner.java:418)\n\tat org.testng.internal.thread.ThreadUtil.lambda$execute$0(ThreadUtil.java:64)\n\tat java.util.concurrent.FutureTask.run(FutureTask.java:266)\n\tat java.util.concurrent.ThreadPoolExecutor.runWorker(ThreadPoolExecutor.java:1149)\n\tat java.util.concurrent.ThreadPoolExecutor$Worker.run(ThreadPoolExecutor.java:624)\n\tat java.lang.Thread.run(Thread.java:748)\nCaused by: java.io.FileNotFoundException: /home/runner/work/Selenium648PageFactory/Selenium648PageFactory/src/test/resources/credentials.json (No such file or directory)\n\tat java.io.FileInputStream.open0(Native Method)\n\tat java.io.FileInputStream.open(FileInputStream.java:195)\n\tat java.io.FileInputStream.<init>(FileInputStream.java:138)\n\tat java.io.FileInputStream.<init>(FileInputStream.java:93)\n\tat com.ita.edu.teachua.utils.GmailContentExtractor.getCredentials(GmailContentExtractor.java:54)\n\tat com.ita.edu.teachua.utils.GmailContentExtractor.getService(GmailContentExtractor.java:73)\n\tat com.ita.edu.teachua.utils.GmailContentExtractor.getGmailData(GmailContentExtractor.java:101)\n\t... 26 more\n",
  "flaky" : false,
  "newFailed" : false,
  "beforeStages" : [ {
    "name" : "beforeMethod",
    "time" : {
      "start" : 1642701675441,
      "stop" : 1642701679414,
      "duration" : 3973
    },
    "description" : "",
    "status" : "passed",
    "steps" : [ ],
    "attachments" : [ ],
    "parameters" : [ ],
    "stepsCount" : 0,
    "attachmentsCount" : 0,
    "shouldDisplayMessage" : false,
    "hasContent" : false
  }, {
    "name" : "beforeSuite",
    "time" : {
      "start" : 1642700942696,
      "stop" : 1642700945757,
      "duration" : 3061
    },
    "description" : "",
    "status" : "passed",
    "steps" : [ ],
    "attachments" : [ ],
    "parameters" : [ ],
    "stepsCount" : 0,
    "attachmentsCount" : 0,
    "shouldDisplayMessage" : false,
    "hasContent" : false
  } ],
  "testStage" : {
    "description" : "Verify if error message is displayed after inputting invalid data for recover or change the password.",
    "status" : "broken",
    "statusMessage" : "java.io.FileNotFoundException: /home/runner/work/Selenium648PageFactory/Selenium648PageFactory/src/test/resources/credentials.json (No such file or directory)",
    "statusTrace" : "java.lang.RuntimeException: java.io.FileNotFoundException: /home/runner/work/Selenium648PageFactory/Selenium648PageFactory/src/test/resources/credentials.json (No such file or directory)\n\tat com.ita.edu.teachua.utils.GmailContentExtractor.getGmailData(GmailContentExtractor.java:123)\n\tat com.ita.edu.teachua.utils.GmailContentExtractor.getGmailMessageLink(GmailContentExtractor.java:192)\n\tat com.ita.edu.teachua.ui.pages.header_page.RestoringBeginPopUpComponent.clickOnRestore(RestoringBeginPopUpComponent.java:40)\n\tat com.ita.edu.teachua.ui.tests.RestorePasswordViaGmailApiTest.testPasswordRecovery(RestorePasswordViaGmailApiTest.java:45)\n\tat sun.reflect.NativeMethodAccessorImpl.invoke0(Native Method)\n\tat sun.reflect.NativeMethodAccessorImpl.invoke(NativeMethodAccessorImpl.java:62)\n\tat sun.reflect.DelegatingMethodAccessorImpl.invoke(DelegatingMethodAccessorImpl.java:43)\n\tat java.lang.reflect.Method.invoke(Method.java:498)\n\tat org.testng.internal.MethodInvocationHelper.invokeMethod(MethodInvocationHelper.java:133)\n\tat org.testng.internal.TestInvoker.invokeMethod(TestInvoker.java:598)\n\tat org.testng.internal.TestInvoker.invokeTestMethod(TestInvoker.java:173)\n\tat org.testng.internal.MethodRunner.runInSequence(MethodRunner.java:46)\n\tat org.testng.internal.TestInvoker$MethodInvocationAgent.invoke(TestInvoker.java:824)\n\tat org.testng.internal.TestInvoker.invokeTestMethods(TestInvoker.java:146)\n\tat org.testng.internal.TestMethodWorker.invokeTestMethods(TestMethodWorker.java:146)\n\tat org.testng.internal.TestMethodWorker.run(TestMethodWorker.java:128)\n\tat java.util.ArrayList.forEach(ArrayList.java:1259)\n\tat org.testng.TestRunner.privateRun(TestRunner.java:794)\n\tat org.testng.TestRunner.run(TestRunner.java:596)\n\tat org.testng.SuiteRunner.runTest(SuiteRunner.java:377)\n\tat org.testng.SuiteRunner.access$000(SuiteRunner.java:28)\n\tat org.testng.SuiteRunner$SuiteWorker.run(SuiteRunner.java:418)\n\tat org.testng.internal.thread.ThreadUtil.lambda$execute$0(ThreadUtil.java:64)\n\tat java.util.concurrent.FutureTask.run(FutureTask.java:266)\n\tat java.util.concurrent.ThreadPoolExecutor.runWorker(ThreadPoolExecutor.java:1149)\n\tat java.util.concurrent.ThreadPoolExecutor$Worker.run(ThreadPoolExecutor.java:624)\n\tat java.lang.Thread.run(Thread.java:748)\nCaused by: java.io.FileNotFoundException: /home/runner/work/Selenium648PageFactory/Selenium648PageFactory/src/test/resources/credentials.json (No such file or directory)\n\tat java.io.FileInputStream.open0(Native Method)\n\tat java.io.FileInputStream.open(FileInputStream.java:195)\n\tat java.io.FileInputStream.<init>(FileInputStream.java:138)\n\tat java.io.FileInputStream.<init>(FileInputStream.java:93)\n\tat com.ita.edu.teachua.utils.GmailContentExtractor.getCredentials(GmailContentExtractor.java:54)\n\tat com.ita.edu.teachua.utils.GmailContentExtractor.getService(GmailContentExtractor.java:73)\n\tat com.ita.edu.teachua.utils.GmailContentExtractor.getGmailData(GmailContentExtractor.java:101)\n\t... 26 more\n",
    "steps" : [ {
      "name" : "Click on guest dropdown",
      "time" : {
        "start" : 1642701679416,
        "stop" : 1642701681503,
        "duration" : 2087
      },
      "status" : "passed",
      "steps" : [ ],
      "attachments" : [ ],
      "parameters" : [ ],
      "stepsCount" : 0,
      "attachmentsCount" : 0,
      "shouldDisplayMessage" : false,
      "hasContent" : false
    }, {
      "name" : "Click on `Увійти` button",
      "time" : {
        "start" : 1642701681503,
        "stop" : 1642701681615,
        "duration" : 112
      },
      "status" : "passed",
      "steps" : [ ],
      "attachments" : [ ],
      "parameters" : [ ],
      "stepsCount" : 0,
      "attachmentsCount" : 0,
      "shouldDisplayMessage" : false,
      "hasContent" : false
    }, {
      "name" : "Click on 'Забули пароль' button.",
      "time" : {
        "start" : 1642701681615,
        "stop" : 1642701682166,
        "duration" : 551
      },
      "status" : "passed",
      "steps" : [ ],
      "attachments" : [ ],
      "parameters" : [ ],
      "stepsCount" : 0,
      "attachmentsCount" : 0,
      "shouldDisplayMessage" : false,
      "hasContent" : false
    }, {
      "name" : "Filling email field",
      "time" : {
        "start" : 1642701682166,
        "stop" : 1642701682480,
        "duration" : 314
      },
      "status" : "passed",
      "steps" : [ ],
      "attachments" : [ ],
      "parameters" : [ {
        "name" : "email",
        "value" : "speak.ukrainian.atqc.test@gmail.com"
      } ],
      "stepsCount" : 0,
      "attachmentsCount" : 0,
      "shouldDisplayMessage" : false,
      "hasContent" : true
    }, {
      "name" : "Click on 'Відновити' button",
      "time" : {
        "start" : 1642701682480,
        "stop" : 1642701687537,
        "duration" : 5057
      },
      "status" : "broken",
      "statusMessage" : "java.io.FileNotFoundException: /home/runner/work/Selenium648PageFactory/Selenium648PageFactory/src/test/resources/credentials.json (No such file or directory)",
      "statusTrace" : "java.lang.RuntimeException: java.io.FileNotFoundException: /home/runner/work/Selenium648PageFactory/Selenium648PageFactory/src/test/resources/credentials.json (No such file or directory)\n\tat com.ita.edu.teachua.utils.GmailContentExtractor.getGmailData(GmailContentExtractor.java:123)\n\tat com.ita.edu.teachua.utils.GmailContentExtractor.getGmailMessageLink(GmailContentExtractor.java:192)\n\tat com.ita.edu.teachua.ui.pages.header_page.RestoringBeginPopUpComponent.clickOnRestore(RestoringBeginPopUpComponent.java:40)\n\tat com.ita.edu.teachua.ui.tests.RestorePasswordViaGmailApiTest.testPasswordRecovery(RestorePasswordViaGmailApiTest.java:45)\n\tat sun.reflect.NativeMethodAccessorImpl.invoke0(Native Method)\n\tat sun.reflect.NativeMethodAccessorImpl.invoke(NativeMethodAccessorImpl.java:62)\n\tat sun.reflect.DelegatingMethodAccessorImpl.invoke(DelegatingMethodAccessorImpl.java:43)\n\tat java.lang.reflect.Method.invoke(Method.java:498)\n\tat org.testng.internal.MethodInvocationHelper.invokeMethod(MethodInvocationHelper.java:133)\n\tat org.testng.internal.TestInvoker.invokeMethod(TestInvoker.java:598)\n\tat org.testng.internal.TestInvoker.invokeTestMethod(TestInvoker.java:173)\n\tat org.testng.internal.MethodRunner.runInSequence(MethodRunner.java:46)\n\tat org.testng.internal.TestInvoker$MethodInvocationAgent.invoke(TestInvoker.java:824)\n\tat org.testng.internal.TestInvoker.invokeTestMethods(TestInvoker.java:146)\n\tat org.testng.internal.TestMethodWorker.invokeTestMethods(TestMethodWorker.java:146)\n\tat org.testng.internal.TestMethodWorker.run(TestMethodWorker.java:128)\n\tat java.util.ArrayList.forEach(ArrayList.java:1259)\n\tat org.testng.TestRunner.privateRun(TestRunner.java:794)\n\tat org.testng.TestRunner.run(TestRunner.java:596)\n\tat org.testng.SuiteRunner.runTest(SuiteRunner.java:377)\n\tat org.testng.SuiteRunner.access$000(SuiteRunner.java:28)\n\tat org.testng.SuiteRunner$SuiteWorker.run(SuiteRunner.java:418)\n\tat org.testng.internal.thread.ThreadUtil.lambda$execute$0(ThreadUtil.java:64)\n\tat java.util.concurrent.FutureTask.run(FutureTask.java:266)\n\tat java.util.concurrent.ThreadPoolExecutor.runWorker(ThreadPoolExecutor.java:1149)\n\tat java.util.concurrent.ThreadPoolExecutor$Worker.run(ThreadPoolExecutor.java:624)\n\tat java.lang.Thread.run(Thread.java:748)\nCaused by: java.io.FileNotFoundException: /home/runner/work/Selenium648PageFactory/Selenium648PageFactory/src/test/resources/credentials.json (No such file or directory)\n\tat java.io.FileInputStream.open0(Native Method)\n\tat java.io.FileInputStream.open(FileInputStream.java:195)\n\tat java.io.FileInputStream.<init>(FileInputStream.java:138)\n\tat java.io.FileInputStream.<init>(FileInputStream.java:93)\n\tat com.ita.edu.teachua.utils.GmailContentExtractor.getCredentials(GmailContentExtractor.java:54)\n\tat com.ita.edu.teachua.utils.GmailContentExtractor.getService(GmailContentExtractor.java:73)\n\tat com.ita.edu.teachua.utils.GmailContentExtractor.getGmailData(GmailContentExtractor.java:101)\n\t... 26 more\n",
      "steps" : [ ],
      "attachments" : [ ],
      "parameters" : [ ],
      "stepsCount" : 0,
      "attachmentsCount" : 0,
      "shouldDisplayMessage" : true,
      "hasContent" : true
    } ],
    "attachments" : [ {
      "uid" : "e682ce412eefaab",
      "name" : "Logs for thread 14",
      "source" : "e682ce412eefaab.log",
      "type" : "text/plain",
      "size" : 4
    }, {
      "uid" : "964f5517e39d4822",
      "name" : "Request logs for testPasswordRecovery",
      "source" : "964f5517e39d4822.log",
      "type" : "text/plain",
      "size" : 4
    }, {
      "uid" : "b0c353c6eadbe156",
      "name" : "Page screenshot",
      "source" : "b0c353c6eadbe156.png",
      "type" : "image/png",
      "size" : 431810
    } ],
    "parameters" : [ ],
    "stepsCount" : 5,
    "attachmentsCount" : 3,
    "shouldDisplayMessage" : false,
    "hasContent" : true
  },
  "afterStages" : [ {
    "name" : "afterMethod",
    "time" : {
      "start" : 1642701687912,
      "stop" : 1642701687976,
      "duration" : 64
    },
    "description" : "",
    "status" : "passed",
    "steps" : [ ],
    "attachments" : [ ],
    "parameters" : [ ],
    "stepsCount" : 0,
    "attachmentsCount" : 0,
    "shouldDisplayMessage" : false,
    "hasContent" : false
  } ],
  "labels" : [ {
    "name" : "package",
    "value" : "com.ita.edu.teachua.ui.tests.RestorePasswordViaGmailApiTest"
  }, {
    "name" : "testClass",
    "value" : "com.ita.edu.teachua.ui.tests.RestorePasswordViaGmailApiTest"
  }, {
    "name" : "testMethod",
    "value" : "testPasswordRecovery"
  }, {
    "name" : "parentSuite",
    "value" : "Test Suite"
  }, {
    "name" : "suite",
    "value" : "UI Tests"
  }, {
    "name" : "subSuite",
    "value" : "com.ita.edu.teachua.ui.tests.RestorePasswordViaGmailApiTest"
  }, {
    "name" : "host",
    "value" : "fv-az42-839"
  }, {
    "name" : "thread",
    "value" : "2827@fv-az42-839.TestNG-tests-2(14)"
  }, {
    "name" : "framework",
    "value" : "testng"
  }, {
    "name" : "language",
    "value" : "java"
  }, {
    "name" : "resultFormat",
    "value" : "allure2"
  } ],
  "parameters" : [ ],
  "links" : [ {
    "name" : "TUA-321",
    "type" : "issue"
  } ],
  "hidden" : false,
  "retry" : false,
  "extra" : {
    "severity" : "normal",
    "retries" : [ ],
    "categories" : [ {
      "name" : "Test defects",
      "matchedStatuses" : [ ],
      "flaky" : false
    } ],
    "history" : {
      "statistic" : {
        "failed" : 0,
        "broken" : 7,
        "skipped" : 0,
        "passed" : 0,
        "unknown" : 0,
        "total" : 7
      },
      "items" : [ {
        "uid" : "6f73f9c6a0d22009",
        "reportUrl" : "https://Lv-648-TAQC-Java-project.github.io/Selenium648PageFactory/20//#testresult/6f73f9c6a0d22009",
        "status" : "broken",
        "statusDetails" : "java.io.FileNotFoundException: /home/runner/work/Selenium648PageFactory/Selenium648PageFactory/src/test/resources/credentials.json (No such file or directory)",
        "time" : {
          "start" : 1642700533506,
          "stop" : 1642700542028,
          "duration" : 8522
        }
      }, {
        "uid" : "4bdd8a2934461278",
        "reportUrl" : "https://Lv-648-TAQC-Java-project.github.io/Selenium648PageFactory/19//#testresult/4bdd8a2934461278",
        "status" : "broken",
        "statusDetails" : "java.io.FileNotFoundException: /home/runner/work/Selenium648PageFactory/Selenium648PageFactory/src/test/resources/credentials.json (No such file or directory)",
        "time" : {
          "start" : 1642697425703,
          "stop" : 1642697433856,
          "duration" : 8153
        }
      }, {
        "uid" : "b6acc1dda4581e9",
        "reportUrl" : "https://Lv-648-TAQC-Java-project.github.io/Selenium648PageFactory/19//#testresult/b6acc1dda4581e9",
        "status" : "broken",
        "statusDetails" : "java.io.FileNotFoundException: /home/runner/work/Selenium648PageFactory/Selenium648PageFactory/src/test/resources/credentials.json (No such file or directory)",
        "time" : {
          "start" : 1642695755672,
          "stop" : 1642695763844,
          "duration" : 8172
        }
      }, {
        "uid" : "7b02d2aac41e2f02",
        "reportUrl" : "https://Lv-648-TAQC-Java-project.github.io/Selenium648PageFactory/19//#testresult/7b02d2aac41e2f02",
        "status" : "broken",
        "statusDetails" : "java.io.FileNotFoundException: /home/runner/work/Selenium648PageFactory/Selenium648PageFactory/src/test/resources/credentials.json (No such file or directory)",
        "time" : {
          "start" : 1642694342612,
          "stop" : 1642694350870,
          "duration" : 8258
        }
      }, {
        "uid" : "b3bcbc6a0264a468",
        "reportUrl" : "https://Lv-648-TAQC-Java-project.github.io/Selenium648PageFactory/18//#testresult/b3bcbc6a0264a468",
        "status" : "broken",
        "statusDetails" : "java.io.FileNotFoundException: /home/runner/work/Selenium648PageFactory/Selenium648PageFactory/src/test/resources/credentials.json (No such file or directory)",
        "time" : {
          "start" : 1642685254082,
          "stop" : 1642685262383,
          "duration" : 8301
        }
      }, {
        "uid" : "54578575e18701e5",
        "reportUrl" : "https://Lv-648-TAQC-Java-project.github.io/Selenium648PageFactory/17//#testresult/54578575e18701e5",
        "status" : "broken",
        "statusDetails" : "java.io.FileNotFoundException: /home/runner/work/Selenium648PageFactory/Selenium648PageFactory/src/test/resources/credentials.json (No such file or directory)",
        "time" : {
          "start" : 1642679534279,
          "stop" : 1642679542448,
          "duration" : 8169
        }
      } ]
    },
    "tags" : [ ]
  },
  "source" : "130e79d37ab9c52.json",
  "parameterValues" : [ ]
}