{
  "uid" : "19dd0ccde1b5c2ce",
  "name" : "Runs Cucumber Scenarios",
  "fullName" : "io.cucumber.testng.AbstractTestNGCucumberTests.runScenario",
  "historyId" : "7781934045aefe4cf70f3208e0739cd7",
  "time" : {
    "start" : 1643309832511,
    "stop" : 1643309842780,
    "duration" : 10269
  },
  "status" : "broken",
  "statusMessage" : "element click intercepted: Element <div>...</div> is not clickable at point (1196, 132). Other element would receive the click: <section class=\"ant-layout global-padding\">...</section>\n  (Session info: chrome=97.0.4692.99)\nBuild info: version: '4.1.1', revision: 'e8fcc2cecf'\nSystem info: host: 'fv-az75-457', ip: '10.1.0.248', os.name: 'Linux', os.arch: 'amd64', os.version: '5.11.0-1027-azure', java.version: '1.8.0_292'\nDriver info: org.openqa.selenium.chrome.ChromeDriver\nCommand: [49533934e3c18abf983f23255d545c16, clickElement {id=8df014c2-5e03-4711-b5ef-43e822f89acc}]\nCapabilities {acceptInsecureCerts: false, browserName: chrome, browserVersion: 97.0.4692.99, chrome: {chromedriverVersion: 97.0.4692.71 (adefa7837d02a..., userDataDir: /tmp/.com.google.Chrome.9DBAal}, goog:chromeOptions: {debuggerAddress: localhost:38915}, javascriptEnabled: true, networkConnectionEnabled: false, pageLoadStrategy: normal, platform: LINUX, platformName: LINUX, proxy: Proxy(), se:cdp: ws://localhost:38915/devtoo..., se:cdpVersion: 97.0.4692.99, setWindowRect: true, strictFileInteractability: false, timeouts: {implicit: 0, pageLoad: 300000, script: 30000}, unhandledPromptBehavior: dismiss and notify, webauthn:extension:credBlob: true, webauthn:extension:largeBlob: true, webauthn:virtualAuthenticators: true}\nElement: [[ChromeDriver: chrome on LINUX (49533934e3c18abf983f23255d545c16)] -> xpath: //div[contains(text(),'Увійти')]]\nSession ID: 49533934e3c18abf983f23255d545c16",
  "statusTrace" : "org.openqa.selenium.ElementClickInterceptedException: element click intercepted: Element <div>...</div> is not clickable at point (1196, 132). Other element would receive the click: <section class=\"ant-layout global-padding\">...</section>\n  (Session info: chrome=97.0.4692.99)\nBuild info: version: '4.1.1', revision: 'e8fcc2cecf'\nSystem info: host: 'fv-az75-457', ip: '10.1.0.248', os.name: 'Linux', os.arch: 'amd64', os.version: '5.11.0-1027-azure', java.version: '1.8.0_292'\nDriver info: org.openqa.selenium.chrome.ChromeDriver\nCommand: [49533934e3c18abf983f23255d545c16, clickElement {id=8df014c2-5e03-4711-b5ef-43e822f89acc}]\nCapabilities {acceptInsecureCerts: false, browserName: chrome, browserVersion: 97.0.4692.99, chrome: {chromedriverVersion: 97.0.4692.71 (adefa7837d02a..., userDataDir: /tmp/.com.google.Chrome.9DBAal}, goog:chromeOptions: {debuggerAddress: localhost:38915}, javascriptEnabled: true, networkConnectionEnabled: false, pageLoadStrategy: normal, platform: LINUX, platformName: LINUX, proxy: Proxy(), se:cdp: ws://localhost:38915/devtoo..., se:cdpVersion: 97.0.4692.99, setWindowRect: true, strictFileInteractability: false, timeouts: {implicit: 0, pageLoad: 300000, script: 30000}, unhandledPromptBehavior: dismiss and notify, webauthn:extension:credBlob: true, webauthn:extension:largeBlob: true, webauthn:virtualAuthenticators: true}\nElement: [[ChromeDriver: chrome on LINUX (49533934e3c18abf983f23255d545c16)] -> xpath: //div[contains(text(),'Увійти')]]\nSession ID: 49533934e3c18abf983f23255d545c16\n\tat sun.reflect.NativeConstructorAccessorImpl.newInstance0(Native Method)\n\tat sun.reflect.NativeConstructorAccessorImpl.newInstance(NativeConstructorAccessorImpl.java:62)\n\tat sun.reflect.DelegatingConstructorAccessorImpl.newInstance(DelegatingConstructorAccessorImpl.java:45)\n\tat java.lang.reflect.Constructor.newInstance(Constructor.java:423)\n\tat org.openqa.selenium.remote.codec.w3c.W3CHttpResponseCodec.createException(W3CHttpResponseCodec.java:200)\n\tat org.openqa.selenium.remote.codec.w3c.W3CHttpResponseCodec.decode(W3CHttpResponseCodec.java:133)\n\tat org.openqa.selenium.remote.codec.w3c.W3CHttpResponseCodec.decode(W3CHttpResponseCodec.java:53)\n\tat org.openqa.selenium.remote.HttpCommandExecutor.execute(HttpCommandExecutor.java:184)\n\tat org.openqa.selenium.remote.service.DriverCommandExecutor.invokeExecute(DriverCommandExecutor.java:167)\n\tat org.openqa.selenium.remote.service.DriverCommandExecutor.execute(DriverCommandExecutor.java:142)\n\tat org.openqa.selenium.remote.RemoteWebDriver.execute(RemoteWebDriver.java:543)\n\tat org.openqa.selenium.remote.RemoteWebElement.execute(RemoteWebElement.java:251)\n\tat org.openqa.selenium.remote.RemoteWebElement.click(RemoteWebElement.java:77)\n\tat com.ita.edu.teachua.ui.elements.base_element.BaseElement.click(BaseElement.java:21)\n\tat sun.reflect.GeneratedMethodAccessor208.invoke(Unknown Source)\n\tat sun.reflect.DelegatingMethodAccessorImpl.invoke(DelegatingMethodAccessorImpl.java:43)\n\tat java.lang.reflect.Method.invoke(Method.java:498)\n\tat com.ita.edu.teachua.ui.pagefactory.ElementHandler.invoke(ElementHandler.java:46)\n\tat com.sun.proxy.$Proxy43.click(Unknown Source)\n\tat com.ita.edu.teachua.ui.pages.header_page.GuestDropdownComponent.clickOnLoginButton(GuestDropdownComponent.java:33)\n\tat com.ita.edu.teachua.cucumber.steps_definitions.RestorePasswordEmailFieldValidation.clickOnLoginButton(RestorePasswordEmailFieldValidation.java:25)\n\tat ✽.Select Увійти option(file:///home/runner/work/TeachUA_TA/TeachUA_TA/src/test/resources/features/RestorePasswordFieldValidation.feature:5)\n",
  "flaky" : false,
  "newFailed" : false,
  "beforeStages" : [ {
    "name" : "setUpClass",
    "time" : {
      "start" : 1643309788404,
      "stop" : 1643309789668,
      "duration" : 1264
    },
    "description" : "",
    "status" : "passed",
    "steps" : [ ],
    "attachments" : [ ],
    "parameters" : [ ],
    "stepsCount" : 0,
    "hasContent" : false,
    "attachmentsCount" : 0,
    "shouldDisplayMessage" : false
  }, {
    "name" : "setUpClass",
    "time" : {
      "start" : 1643309789669,
      "stop" : 1643309789762,
      "duration" : 93
    },
    "description" : "",
    "status" : "passed",
    "steps" : [ ],
    "attachments" : [ ],
    "parameters" : [ ],
    "stepsCount" : 0,
    "hasContent" : false,
    "attachmentsCount" : 0,
    "shouldDisplayMessage" : false
  }, {
    "name" : "beforeSuite",
    "time" : {
      "start" : 1643309782448,
      "stop" : 1643309782463,
      "duration" : 15
    },
    "description" : "",
    "status" : "passed",
    "steps" : [ ],
    "attachments" : [ ],
    "parameters" : [ ],
    "stepsCount" : 0,
    "hasContent" : false,
    "attachmentsCount" : 0,
    "shouldDisplayMessage" : false
  }, {
    "name" : "beforeSuite",
    "time" : {
      "start" : 1643309782465,
      "stop" : 1643309788343,
      "duration" : 5878
    },
    "description" : "",
    "status" : "passed",
    "steps" : [ ],
    "attachments" : [ ],
    "parameters" : [ ],
    "stepsCount" : 0,
    "hasContent" : false,
    "attachmentsCount" : 0,
    "shouldDisplayMessage" : false
  }, {
    "name" : "beforeSuite",
    "time" : {
      "start" : 1643309788344,
      "stop" : 1643309788344,
      "duration" : 0
    },
    "description" : "",
    "status" : "passed",
    "steps" : [ ],
    "attachments" : [ ],
    "parameters" : [ ],
    "stepsCount" : 0,
    "hasContent" : false,
    "attachmentsCount" : 0,
    "shouldDisplayMessage" : false
  }, {
    "name" : "beforeSuite",
    "time" : {
      "start" : 1643309788344,
      "stop" : 1643309788344,
      "duration" : 0
    },
    "description" : "",
    "status" : "passed",
    "steps" : [ ],
    "attachments" : [ ],
    "parameters" : [ ],
    "stepsCount" : 0,
    "hasContent" : false,
    "attachmentsCount" : 0,
    "shouldDisplayMessage" : false
  }, {
    "name" : "beforeSuite",
    "time" : {
      "start" : 1643309788345,
      "stop" : 1643309788345,
      "duration" : 0
    },
    "description" : "",
    "status" : "passed",
    "steps" : [ ],
    "attachments" : [ ],
    "parameters" : [ ],
    "stepsCount" : 0,
    "hasContent" : false,
    "attachmentsCount" : 0,
    "shouldDisplayMessage" : false
  } ],
  "testStage" : {
    "status" : "broken",
    "statusMessage" : "element click intercepted: Element <div>...</div> is not clickable at point (1196, 132). Other element would receive the click: <section class=\"ant-layout global-padding\">...</section>\n  (Session info: chrome=97.0.4692.99)\nBuild info: version: '4.1.1', revision: 'e8fcc2cecf'\nSystem info: host: 'fv-az75-457', ip: '10.1.0.248', os.name: 'Linux', os.arch: 'amd64', os.version: '5.11.0-1027-azure', java.version: '1.8.0_292'\nDriver info: org.openqa.selenium.chrome.ChromeDriver\nCommand: [49533934e3c18abf983f23255d545c16, clickElement {id=8df014c2-5e03-4711-b5ef-43e822f89acc}]\nCapabilities {acceptInsecureCerts: false, browserName: chrome, browserVersion: 97.0.4692.99, chrome: {chromedriverVersion: 97.0.4692.71 (adefa7837d02a..., userDataDir: /tmp/.com.google.Chrome.9DBAal}, goog:chromeOptions: {debuggerAddress: localhost:38915}, javascriptEnabled: true, networkConnectionEnabled: false, pageLoadStrategy: normal, platform: LINUX, platformName: LINUX, proxy: Proxy(), se:cdp: ws://localhost:38915/devtoo..., se:cdpVersion: 97.0.4692.99, setWindowRect: true, strictFileInteractability: false, timeouts: {implicit: 0, pageLoad: 300000, script: 30000}, unhandledPromptBehavior: dismiss and notify, webauthn:extension:credBlob: true, webauthn:extension:largeBlob: true, webauthn:virtualAuthenticators: true}\nElement: [[ChromeDriver: chrome on LINUX (49533934e3c18abf983f23255d545c16)] -> xpath: //div[contains(text(),'Увійти')]]\nSession ID: 49533934e3c18abf983f23255d545c16",
    "statusTrace" : "org.openqa.selenium.ElementClickInterceptedException: element click intercepted: Element <div>...</div> is not clickable at point (1196, 132). Other element would receive the click: <section class=\"ant-layout global-padding\">...</section>\n  (Session info: chrome=97.0.4692.99)\nBuild info: version: '4.1.1', revision: 'e8fcc2cecf'\nSystem info: host: 'fv-az75-457', ip: '10.1.0.248', os.name: 'Linux', os.arch: 'amd64', os.version: '5.11.0-1027-azure', java.version: '1.8.0_292'\nDriver info: org.openqa.selenium.chrome.ChromeDriver\nCommand: [49533934e3c18abf983f23255d545c16, clickElement {id=8df014c2-5e03-4711-b5ef-43e822f89acc}]\nCapabilities {acceptInsecureCerts: false, browserName: chrome, browserVersion: 97.0.4692.99, chrome: {chromedriverVersion: 97.0.4692.71 (adefa7837d02a..., userDataDir: /tmp/.com.google.Chrome.9DBAal}, goog:chromeOptions: {debuggerAddress: localhost:38915}, javascriptEnabled: true, networkConnectionEnabled: false, pageLoadStrategy: normal, platform: LINUX, platformName: LINUX, proxy: Proxy(), se:cdp: ws://localhost:38915/devtoo..., se:cdpVersion: 97.0.4692.99, setWindowRect: true, strictFileInteractability: false, timeouts: {implicit: 0, pageLoad: 300000, script: 30000}, unhandledPromptBehavior: dismiss and notify, webauthn:extension:credBlob: true, webauthn:extension:largeBlob: true, webauthn:virtualAuthenticators: true}\nElement: [[ChromeDriver: chrome on LINUX (49533934e3c18abf983f23255d545c16)] -> xpath: //div[contains(text(),'Увійти')]]\nSession ID: 49533934e3c18abf983f23255d545c16\n\tat sun.reflect.NativeConstructorAccessorImpl.newInstance0(Native Method)\n\tat sun.reflect.NativeConstructorAccessorImpl.newInstance(NativeConstructorAccessorImpl.java:62)\n\tat sun.reflect.DelegatingConstructorAccessorImpl.newInstance(DelegatingConstructorAccessorImpl.java:45)\n\tat java.lang.reflect.Constructor.newInstance(Constructor.java:423)\n\tat org.openqa.selenium.remote.codec.w3c.W3CHttpResponseCodec.createException(W3CHttpResponseCodec.java:200)\n\tat org.openqa.selenium.remote.codec.w3c.W3CHttpResponseCodec.decode(W3CHttpResponseCodec.java:133)\n\tat org.openqa.selenium.remote.codec.w3c.W3CHttpResponseCodec.decode(W3CHttpResponseCodec.java:53)\n\tat org.openqa.selenium.remote.HttpCommandExecutor.execute(HttpCommandExecutor.java:184)\n\tat org.openqa.selenium.remote.service.DriverCommandExecutor.invokeExecute(DriverCommandExecutor.java:167)\n\tat org.openqa.selenium.remote.service.DriverCommandExecutor.execute(DriverCommandExecutor.java:142)\n\tat org.openqa.selenium.remote.RemoteWebDriver.execute(RemoteWebDriver.java:543)\n\tat org.openqa.selenium.remote.RemoteWebElement.execute(RemoteWebElement.java:251)\n\tat org.openqa.selenium.remote.RemoteWebElement.click(RemoteWebElement.java:77)\n\tat com.ita.edu.teachua.ui.elements.base_element.BaseElement.click(BaseElement.java:21)\n\tat sun.reflect.GeneratedMethodAccessor208.invoke(Unknown Source)\n\tat sun.reflect.DelegatingMethodAccessorImpl.invoke(DelegatingMethodAccessorImpl.java:43)\n\tat java.lang.reflect.Method.invoke(Method.java:498)\n\tat com.ita.edu.teachua.ui.pagefactory.ElementHandler.invoke(ElementHandler.java:46)\n\tat com.sun.proxy.$Proxy43.click(Unknown Source)\n\tat com.ita.edu.teachua.ui.pages.header_page.GuestDropdownComponent.clickOnLoginButton(GuestDropdownComponent.java:33)\n\tat com.ita.edu.teachua.cucumber.steps_definitions.RestorePasswordEmailFieldValidation.clickOnLoginButton(RestorePasswordEmailFieldValidation.java:25)\n\tat ✽.Select Увійти option(file:///home/runner/work/TeachUA_TA/TeachUA_TA/src/test/resources/features/RestorePasswordFieldValidation.feature:5)\n",
    "steps" : [ {
      "name" : "Click on guest dropdown",
      "time" : {
        "start" : 1643309837716,
        "stop" : 1643309838303,
        "duration" : 587
      },
      "status" : "passed",
      "steps" : [ ],
      "attachments" : [ ],
      "parameters" : [ ],
      "stepsCount" : 0,
      "hasContent" : false,
      "attachmentsCount" : 0,
      "shouldDisplayMessage" : false
    }, {
      "name" : "Click on `Увійти` button",
      "time" : {
        "start" : 1643309838303,
        "stop" : 1643309842643,
        "duration" : 4340
      },
      "status" : "broken",
      "statusMessage" : "element click intercepted: Element <div>...</div> is not clickable at point (1196, 132). Other element would receive the click: <section class=\"ant-layout global-padding\">...</section>\n  (Session info: chrome=97.0.4692.99)\nBuild info: version: '4.1.1', revision: 'e8fcc2cecf'\nSystem info: host: 'fv-az75-457', ip: '10.1.0.248', os.name: 'Linux', os.arch: 'amd64', os.version: '5.11.0-1027-azure', java.version: '1.8.0_292'\nDriver info: org.openqa.selenium.chrome.ChromeDriver\nCommand: [49533934e3c18abf983f23255d545c16, clickElement {id=8df014c2-5e03-4711-b5ef-43e822f89acc}]\nCapabilities {acceptInsecureCerts: false, browserName: chrome, browserVersion: 97.0.4692.99, chrome: {chromedriverVersion: 97.0.4692.71 (adefa7837d02a..., userDataDir: /tmp/.com.google.Chrome.9DBAal}, goog:chromeOptions: {debuggerAddress: localhost:38915}, javascriptEnabled: true, networkConnectionEnabled: false, pageLoadStrategy: normal, platform: LINUX, platformName: LINUX, proxy: Proxy(), se:cdp: ws://localhost:38915/devtoo..., se:cdpVersion: 97.0.4692.99, setWindowRect: true, strictFileInteractability: false, timeouts: {implicit: 0, pageLoad: 300000, script: 30000}, unhandledPromptBehavior: dismiss and notify, webauthn:extension:credBlob: true, webauthn:extension:largeBlob: true, webauthn:virtualAuthenticators: true}\nElement: [[ChromeDriver: chrome on LINUX (49533934e3c18abf983f23255d545c16)] -> xpath: //div[contains(text(),'Увійти')]]\nSession ID: 49533934e3c18abf983f23255d545c16",
      "statusTrace" : "org.openqa.selenium.ElementClickInterceptedException: element click intercepted: Element <div>...</div> is not clickable at point (1196, 132). Other element would receive the click: <section class=\"ant-layout global-padding\">...</section>\n  (Session info: chrome=97.0.4692.99)\nBuild info: version: '4.1.1', revision: 'e8fcc2cecf'\nSystem info: host: 'fv-az75-457', ip: '10.1.0.248', os.name: 'Linux', os.arch: 'amd64', os.version: '5.11.0-1027-azure', java.version: '1.8.0_292'\nDriver info: org.openqa.selenium.chrome.ChromeDriver\nCommand: [49533934e3c18abf983f23255d545c16, clickElement {id=8df014c2-5e03-4711-b5ef-43e822f89acc}]\nCapabilities {acceptInsecureCerts: false, browserName: chrome, browserVersion: 97.0.4692.99, chrome: {chromedriverVersion: 97.0.4692.71 (adefa7837d02a..., userDataDir: /tmp/.com.google.Chrome.9DBAal}, goog:chromeOptions: {debuggerAddress: localhost:38915}, javascriptEnabled: true, networkConnectionEnabled: false, pageLoadStrategy: normal, platform: LINUX, platformName: LINUX, proxy: Proxy(), se:cdp: ws://localhost:38915/devtoo..., se:cdpVersion: 97.0.4692.99, setWindowRect: true, strictFileInteractability: false, timeouts: {implicit: 0, pageLoad: 300000, script: 30000}, unhandledPromptBehavior: dismiss and notify, webauthn:extension:credBlob: true, webauthn:extension:largeBlob: true, webauthn:virtualAuthenticators: true}\nElement: [[ChromeDriver: chrome on LINUX (49533934e3c18abf983f23255d545c16)] -> xpath: //div[contains(text(),'Увійти')]]\nSession ID: 49533934e3c18abf983f23255d545c16\n\tat sun.reflect.NativeConstructorAccessorImpl.newInstance0(Native Method)\n\tat sun.reflect.NativeConstructorAccessorImpl.newInstance(NativeConstructorAccessorImpl.java:62)\n\tat sun.reflect.DelegatingConstructorAccessorImpl.newInstance(DelegatingConstructorAccessorImpl.java:45)\n\tat java.lang.reflect.Constructor.newInstance(Constructor.java:423)\n\tat org.openqa.selenium.remote.codec.w3c.W3CHttpResponseCodec.createException(W3CHttpResponseCodec.java:200)\n\tat org.openqa.selenium.remote.codec.w3c.W3CHttpResponseCodec.decode(W3CHttpResponseCodec.java:133)\n\tat org.openqa.selenium.remote.codec.w3c.W3CHttpResponseCodec.decode(W3CHttpResponseCodec.java:53)\n\tat org.openqa.selenium.remote.HttpCommandExecutor.execute(HttpCommandExecutor.java:184)\n\tat org.openqa.selenium.remote.service.DriverCommandExecutor.invokeExecute(DriverCommandExecutor.java:167)\n\tat org.openqa.selenium.remote.service.DriverCommandExecutor.execute(DriverCommandExecutor.java:142)\n\tat org.openqa.selenium.remote.RemoteWebDriver.execute(RemoteWebDriver.java:543)\n\tat org.openqa.selenium.remote.RemoteWebElement.execute(RemoteWebElement.java:251)\n\tat org.openqa.selenium.remote.RemoteWebElement.click(RemoteWebElement.java:77)\n\tat com.ita.edu.teachua.ui.elements.base_element.BaseElement.click(BaseElement.java:21)\n\tat sun.reflect.GeneratedMethodAccessor208.invoke(Unknown Source)\n\tat sun.reflect.DelegatingMethodAccessorImpl.invoke(DelegatingMethodAccessorImpl.java:43)\n\tat java.lang.reflect.Method.invoke(Method.java:498)\n\tat com.ita.edu.teachua.ui.pagefactory.ElementHandler.invoke(ElementHandler.java:46)\n\tat com.sun.proxy.$Proxy43.click(Unknown Source)\n\tat com.ita.edu.teachua.ui.pages.header_page.GuestDropdownComponent.clickOnLoginButton(GuestDropdownComponent.java:33)\n\tat com.ita.edu.teachua.cucumber.steps_definitions.RestorePasswordEmailFieldValidation.clickOnLoginButton(RestorePasswordEmailFieldValidation.java:25)\n\tat sun.reflect.NativeMethodAccessorImpl.invoke0(Native Method)\n\tat sun.reflect.NativeMethodAccessorImpl.invoke(NativeMethodAccessorImpl.java:62)\n\tat sun.reflect.DelegatingMethodAccessorImpl.invoke(DelegatingMethodAccessorImpl.java:43)\n\tat java.lang.reflect.Method.invoke(Method.java:498)\n\tat io.cucumber.java.Invoker.doInvoke(Invoker.java:66)\n\tat io.cucumber.java.Invoker.invoke(Invoker.java:24)\n\tat io.cucumber.java.AbstractGlueDefinition.invokeMethod(AbstractGlueDefinition.java:47)\n\tat io.cucumber.java.JavaStepDefinition.execute(JavaStepDefinition.java:29)\n\tat io.cucumber.core.runner.CoreStepDefinition.execute(CoreStepDefinition.java:66)\n\tat io.cucumber.core.runner.PickleStepDefinitionMatch.runStep(PickleStepDefinitionMatch.java:63)\n\tat io.cucumber.core.runner.ExecutionMode$1.execute(ExecutionMode.java:10)\n\tat io.cucumber.core.runner.TestStep.executeStep(TestStep.java:86)\n\tat io.cucumber.core.runner.TestStep.run(TestStep.java:57)\n\tat io.cucumber.core.runner.PickleStepTestStep.run(PickleStepTestStep.java:51)\n\tat io.cucumber.core.runner.TestCase.run(TestCase.java:95)\n\tat io.cucumber.core.runner.Runner.runPickle(Runner.java:75)\n\tat io.cucumber.testng.TestNGCucumberRunner.lambda$runScenario$1(TestNGCucumberRunner.java:132)\n\tat io.cucumber.core.runtime.CucumberExecutionContext.lambda$runTestCase$3(CucumberExecutionContext.java:146)\n\tat io.cucumber.core.runtime.RethrowingThrowableCollector.executeAndThrow(RethrowingThrowableCollector.java:23)\n\tat io.cucumber.core.runtime.CucumberExecutionContext.runTestCase(CucumberExecutionContext.java:146)\n\tat io.cucumber.testng.TestNGCucumberRunner.runScenario(TestNGCucumberRunner.java:129)\n\tat io.cucumber.testng.AbstractTestNGCucumberTests.runScenario(AbstractTestNGCucumberTests.java:35)\n\tat sun.reflect.NativeMethodAccessorImpl.invoke0(Native Method)\n\tat sun.reflect.NativeMethodAccessorImpl.invoke(NativeMethodAccessorImpl.java:62)\n\tat sun.reflect.DelegatingMethodAccessorImpl.invoke(DelegatingMethodAccessorImpl.java:43)\n\tat java.lang.reflect.Method.invoke(Method.java:498)\n\tat org.testng.internal.MethodInvocationHelper.invokeMethod(MethodInvocationHelper.java:133)\n\tat org.testng.internal.TestInvoker.invokeMethod(TestInvoker.java:598)\n\tat org.testng.internal.TestInvoker.invokeTestMethod(TestInvoker.java:173)\n\tat org.testng.internal.MethodRunner.runInSequence(MethodRunner.java:46)\n\tat org.testng.internal.TestInvoker$MethodInvocationAgent.invoke(TestInvoker.java:824)\n\tat org.testng.internal.TestInvoker.invokeTestMethods(TestInvoker.java:146)\n\tat org.testng.internal.TestMethodWorker.invokeTestMethods(TestMethodWorker.java:146)\n\tat org.testng.internal.TestMethodWorker.run(TestMethodWorker.java:128)\n\tat java.util.ArrayList.forEach(ArrayList.java:1259)\n\tat org.testng.TestRunner.privateRun(TestRunner.java:794)\n\tat org.testng.TestRunner.run(TestRunner.java:596)\n\tat org.testng.SuiteRunner.runTest(SuiteRunner.java:377)\n\tat org.testng.SuiteRunner.access$000(SuiteRunner.java:28)\n\tat org.testng.SuiteRunner$SuiteWorker.run(SuiteRunner.java:418)\n\tat org.testng.internal.thread.ThreadUtil.lambda$execute$0(ThreadUtil.java:64)\n\tat java.util.concurrent.FutureTask.run(FutureTask.java:266)\n\tat java.util.concurrent.ThreadPoolExecutor.runWorker(ThreadPoolExecutor.java:1149)\n\tat java.util.concurrent.ThreadPoolExecutor$Worker.run(ThreadPoolExecutor.java:624)\n\tat java.lang.Thread.run(Thread.java:748)\n",
      "steps" : [ ],
      "attachments" : [ ],
      "parameters" : [ ],
      "stepsCount" : 0,
      "hasContent" : true,
      "attachmentsCount" : 0,
      "shouldDisplayMessage" : true
    } ],
    "attachments" : [ ],
    "parameters" : [ ],
    "stepsCount" : 2,
    "hasContent" : true,
    "attachmentsCount" : 0,
    "shouldDisplayMessage" : false
  },
  "afterStages" : [ {
    "name" : "tearDownClass",
    "time" : {
      "start" : 1643310097640,
      "stop" : 1643310097656,
      "duration" : 16
    },
    "description" : "",
    "status" : "passed",
    "steps" : [ ],
    "attachments" : [ ],
    "parameters" : [ ],
    "stepsCount" : 0,
    "hasContent" : false,
    "attachmentsCount" : 0,
    "shouldDisplayMessage" : false
  } ],
  "labels" : [ {
    "name" : "package",
    "value" : "com.ita.edu.teachua.cucumber.cucumberTestRunner.CucumberTestRunner"
  }, {
    "name" : "testClass",
    "value" : "com.ita.edu.teachua.cucumber.cucumberTestRunner.CucumberTestRunner"
  }, {
    "name" : "testMethod",
    "value" : "runScenario"
  }, {
    "name" : "parentSuite",
    "value" : "Test Suite"
  }, {
    "name" : "suite",
    "value" : "BDD Tests"
  }, {
    "name" : "subSuite",
    "value" : "com.ita.edu.teachua.cucumber.cucumberTestRunner.CucumberTestRunner"
  }, {
    "name" : "host",
    "value" : "fv-az75-457"
  }, {
    "name" : "thread",
    "value" : "2812@fv-az75-457.TestNG-tests-1(13)"
  }, {
    "name" : "framework",
    "value" : "testng"
  }, {
    "name" : "language",
    "value" : "java"
  }, {
    "name" : "resultFormat",
    "value" : "allure2"
  } ],
  "parameters" : [ {
    "name" : "arg0",
    "value" : "\"Restore password with invalid email test\""
  }, {
    "name" : "arg1",
    "value" : "\"Optional[Verify if user can change the password entering incorrect email]\""
  } ],
  "links" : [ ],
  "hidden" : true,
  "retry" : true,
  "extra" : {
    "categories" : [ ],
    "tags" : [ ]
  },
  "source" : "19dd0ccde1b5c2ce.json",
  "parameterValues" : [ "\"Restore password with invalid email test\"", "\"Optional[Verify if user can change the password entering incorrect email]\"" ]
}