{
  "uid" : "3d89140ca86ec851",
  "name" : "Runs Cucumber Scenarios",
  "fullName" : "io.cucumber.testng.AbstractTestNGCucumberTests.runScenario",
  "historyId" : "7781934045aefe4cf70f3208e0739cd7",
  "time" : {
    "start" : 1643309842785,
    "stop" : 1643309855829,
    "duration" : 13044
  },
  "status" : "failed",
  "statusMessage" : "expected [rgb(255, 77, 79)] but found [rgb(0, 0, 0)]",
  "statusTrace" : "java.lang.AssertionError: expected [rgb(255, 77, 79)] but found [rgb(0, 0, 0)]\n\tat org.testng.Assert.fail(Assert.java:99)\n\tat org.testng.Assert.failNotEquals(Assert.java:1037)\n\tat org.testng.Assert.assertEqualsImpl(Assert.java:140)\n\tat org.testng.Assert.assertEquals(Assert.java:122)\n\tat org.testng.Assert.assertEquals(Assert.java:629)\n\tat org.testng.Assert.assertEquals(Assert.java:639)\n\tat com.ita.edu.teachua.cucumber.steps_definitions.RestorePasswordEmailFieldValidation.frameOfTheFieldBecomesColorColor(RestorePasswordEmailFieldValidation.java:46)\n\tat ✽.Frame of the field becomes rgb(255, 77, 79) color(file:///home/runner/work/TeachUA_TA/TeachUA_TA/src/test/resources/features/RestorePasswordFieldValidation.feature:9)\n",
  "flaky" : false,
  "newFailed" : false,
  "beforeStages" : [ {
    "name" : "setUpClass",
    "time" : {
      "start" : 1643309788404,
      "stop" : 1643309789668,
      "duration" : 1264
    },
    "description" : "",
    "status" : "passed",
    "steps" : [ ],
    "attachments" : [ ],
    "parameters" : [ ],
    "stepsCount" : 0,
    "hasContent" : false,
    "attachmentsCount" : 0,
    "shouldDisplayMessage" : false
  }, {
    "name" : "setUpClass",
    "time" : {
      "start" : 1643309789669,
      "stop" : 1643309789762,
      "duration" : 93
    },
    "description" : "",
    "status" : "passed",
    "steps" : [ ],
    "attachments" : [ ],
    "parameters" : [ ],
    "stepsCount" : 0,
    "hasContent" : false,
    "attachmentsCount" : 0,
    "shouldDisplayMessage" : false
  }, {
    "name" : "beforeSuite",
    "time" : {
      "start" : 1643309782448,
      "stop" : 1643309782463,
      "duration" : 15
    },
    "description" : "",
    "status" : "passed",
    "steps" : [ ],
    "attachments" : [ ],
    "parameters" : [ ],
    "stepsCount" : 0,
    "hasContent" : false,
    "attachmentsCount" : 0,
    "shouldDisplayMessage" : false
  }, {
    "name" : "beforeSuite",
    "time" : {
      "start" : 1643309782465,
      "stop" : 1643309788343,
      "duration" : 5878
    },
    "description" : "",
    "status" : "passed",
    "steps" : [ ],
    "attachments" : [ ],
    "parameters" : [ ],
    "stepsCount" : 0,
    "hasContent" : false,
    "attachmentsCount" : 0,
    "shouldDisplayMessage" : false
  }, {
    "name" : "beforeSuite",
    "time" : {
      "start" : 1643309788344,
      "stop" : 1643309788344,
      "duration" : 0
    },
    "description" : "",
    "status" : "passed",
    "steps" : [ ],
    "attachments" : [ ],
    "parameters" : [ ],
    "stepsCount" : 0,
    "hasContent" : false,
    "attachmentsCount" : 0,
    "shouldDisplayMessage" : false
  }, {
    "name" : "beforeSuite",
    "time" : {
      "start" : 1643309788344,
      "stop" : 1643309788344,
      "duration" : 0
    },
    "description" : "",
    "status" : "passed",
    "steps" : [ ],
    "attachments" : [ ],
    "parameters" : [ ],
    "stepsCount" : 0,
    "hasContent" : false,
    "attachmentsCount" : 0,
    "shouldDisplayMessage" : false
  }, {
    "name" : "beforeSuite",
    "time" : {
      "start" : 1643309788345,
      "stop" : 1643309788345,
      "duration" : 0
    },
    "description" : "",
    "status" : "passed",
    "steps" : [ ],
    "attachments" : [ ],
    "parameters" : [ ],
    "stepsCount" : 0,
    "hasContent" : false,
    "attachmentsCount" : 0,
    "shouldDisplayMessage" : false
  } ],
  "testStage" : {
    "status" : "failed",
    "statusMessage" : "expected [rgb(255, 77, 79)] but found [rgb(0, 0, 0)]",
    "statusTrace" : "java.lang.AssertionError: expected [rgb(255, 77, 79)] but found [rgb(0, 0, 0)]\n\tat org.testng.Assert.fail(Assert.java:99)\n\tat org.testng.Assert.failNotEquals(Assert.java:1037)\n\tat org.testng.Assert.assertEqualsImpl(Assert.java:140)\n\tat org.testng.Assert.assertEquals(Assert.java:122)\n\tat org.testng.Assert.assertEquals(Assert.java:629)\n\tat org.testng.Assert.assertEquals(Assert.java:639)\n\tat com.ita.edu.teachua.cucumber.steps_definitions.RestorePasswordEmailFieldValidation.frameOfTheFieldBecomesColorColor(RestorePasswordEmailFieldValidation.java:46)\n\tat ✽.Frame of the field becomes rgb(255, 77, 79) color(file:///home/runner/work/TeachUA_TA/TeachUA_TA/src/test/resources/features/RestorePasswordFieldValidation.feature:9)\n",
    "steps" : [ {
      "name" : "Click on guest dropdown",
      "time" : {
        "start" : 1643309847750,
        "stop" : 1643309848235,
        "duration" : 485
      },
      "status" : "passed",
      "steps" : [ ],
      "attachments" : [ ],
      "parameters" : [ ],
      "stepsCount" : 0,
      "hasContent" : false,
      "attachmentsCount" : 0,
      "shouldDisplayMessage" : false
    }, {
      "name" : "Click on `Увійти` button",
      "time" : {
        "start" : 1643309848235,
        "stop" : 1643309852241,
        "duration" : 4006
      },
      "status" : "passed",
      "steps" : [ ],
      "attachments" : [ ],
      "parameters" : [ ],
      "stepsCount" : 0,
      "hasContent" : false,
      "attachmentsCount" : 0,
      "shouldDisplayMessage" : false
    }, {
      "name" : "Click on 'Забули пароль' button.",
      "time" : {
        "start" : 1643309852241,
        "stop" : 1643309852843,
        "duration" : 602
      },
      "status" : "passed",
      "steps" : [ ],
      "attachments" : [ ],
      "parameters" : [ ],
      "stepsCount" : 0,
      "hasContent" : false,
      "attachmentsCount" : 0,
      "shouldDisplayMessage" : false
    }, {
      "name" : "Filling email field",
      "time" : {
        "start" : 1643309852843,
        "stop" : 1643309853053,
        "duration" : 210
      },
      "status" : "passed",
      "steps" : [ ],
      "attachments" : [ ],
      "parameters" : [ {
        "name" : "email",
        "value" : ""
      } ],
      "stepsCount" : 0,
      "hasContent" : true,
      "attachmentsCount" : 0,
      "shouldDisplayMessage" : false
    }, {
      "name" : "Click on 'Відновити' button",
      "time" : {
        "start" : 1643309853053,
        "stop" : 1643309853692,
        "duration" : 639
      },
      "status" : "passed",
      "steps" : [ ],
      "attachments" : [ ],
      "parameters" : [ ],
      "stepsCount" : 0,
      "hasContent" : false,
      "attachmentsCount" : 0,
      "shouldDisplayMessage" : false
    } ],
    "attachments" : [ ],
    "parameters" : [ ],
    "stepsCount" : 5,
    "hasContent" : true,
    "attachmentsCount" : 0,
    "shouldDisplayMessage" : true
  },
  "afterStages" : [ {
    "name" : "tearDownClass",
    "time" : {
      "start" : 1643310097640,
      "stop" : 1643310097656,
      "duration" : 16
    },
    "description" : "",
    "status" : "passed",
    "steps" : [ ],
    "attachments" : [ ],
    "parameters" : [ ],
    "stepsCount" : 0,
    "hasContent" : false,
    "attachmentsCount" : 0,
    "shouldDisplayMessage" : false
  } ],
  "labels" : [ {
    "name" : "package",
    "value" : "com.ita.edu.teachua.cucumber.cucumberTestRunner.CucumberTestRunner"
  }, {
    "name" : "testClass",
    "value" : "com.ita.edu.teachua.cucumber.cucumberTestRunner.CucumberTestRunner"
  }, {
    "name" : "testMethod",
    "value" : "runScenario"
  }, {
    "name" : "parentSuite",
    "value" : "Test Suite"
  }, {
    "name" : "suite",
    "value" : "BDD Tests"
  }, {
    "name" : "subSuite",
    "value" : "com.ita.edu.teachua.cucumber.cucumberTestRunner.CucumberTestRunner"
  }, {
    "name" : "host",
    "value" : "fv-az75-457"
  }, {
    "name" : "thread",
    "value" : "2812@fv-az75-457.TestNG-tests-1(13)"
  }, {
    "name" : "framework",
    "value" : "testng"
  }, {
    "name" : "language",
    "value" : "java"
  }, {
    "name" : "resultFormat",
    "value" : "allure2"
  } ],
  "parameters" : [ {
    "name" : "arg0",
    "value" : "\"Restore password with invalid email test\""
  }, {
    "name" : "arg1",
    "value" : "\"Optional[Verify if user can change the password entering incorrect email]\""
  } ],
  "links" : [ ],
  "hidden" : true,
  "retry" : true,
  "extra" : {
    "categories" : [ ],
    "tags" : [ ]
  },
  "source" : "3d89140ca86ec851.json",
  "parameterValues" : [ "\"Restore password with invalid email test\"", "\"Optional[Verify if user can change the password entering incorrect email]\"" ]
}