{
  "uid" : "d187166f632b8b43",
  "name" : "TUA-423",
  "fullName" : "com.ita.edu.teachua.api.tests.RegistrationTest.testRegisterWithInvalidData",
  "historyId" : "90fe7ea846437a7d8a9f9bc92b6a68e5",
  "time" : {
    "start" : 1642760874100,
    "stop" : 1642760875003,
    "duration" : 903
  },
  "description" : "TUA-423 [API.Реєстрація] Verify that a user with invalid data can`t be created.",
  "descriptionHtml" : "<p>TUA-423 [API.Реєстрація] Verify that a user with invalid data can`t be created.</p>\n",
  "status" : "broken",
  "statusMessage" : "Cannot parse object because no supported Content-Type was specified in response. Content-Type was 'text/html; charset=iso-8859-1'.",
  "statusTrace" : "java.lang.IllegalStateException: Cannot parse object because no supported Content-Type was specified in response. Content-Type was 'text/html; charset=iso-8859-1'.\n\tat sun.reflect.NativeConstructorAccessorImpl.newInstance0(Native Method)\n\tat sun.reflect.NativeConstructorAccessorImpl.newInstance(NativeConstructorAccessorImpl.java:62)\n\tat sun.reflect.DelegatingConstructorAccessorImpl.newInstance(DelegatingConstructorAccessorImpl.java:45)\n\tat java.lang.reflect.Constructor.newInstance(Constructor.java:423)\n\tat org.codehaus.groovy.reflection.CachedConstructor.invoke(CachedConstructor.java:72)\n\tat org.codehaus.groovy.runtime.callsite.ConstructorSite$ConstructorSiteNoUnwrapNoCoerce.callConstructor(ConstructorSite.java:105)\n\tat org.codehaus.groovy.runtime.callsite.AbstractCallSite.callConstructor(AbstractCallSite.java:277)\n\tat io.restassured.internal.mapping.ObjectMapping.deserialize(ObjectMapping.groovy:94)\n\tat io.restassured.internal.mapping.ObjectMapping$deserialize$0.call(Unknown Source)\n\tat io.restassured.internal.RestAssuredResponseOptionsGroovyImpl.as(RestAssuredResponseOptionsGroovyImpl.groovy:231)\n\tat io.restassured.internal.RestAssuredResponseOptionsImpl.as(RestAssuredResponseOptionsImpl.java:169)\n\tat com.ita.edu.teachua.api.tests.RegistrationTest.testRegisterWithInvalidData(RegistrationTest.java:178)\n\tat sun.reflect.NativeMethodAccessorImpl.invoke0(Native Method)\n\tat sun.reflect.NativeMethodAccessorImpl.invoke(NativeMethodAccessorImpl.java:62)\n\tat sun.reflect.DelegatingMethodAccessorImpl.invoke(DelegatingMethodAccessorImpl.java:43)\n\tat java.lang.reflect.Method.invoke(Method.java:498)\n\tat org.testng.internal.MethodInvocationHelper.invokeMethod(MethodInvocationHelper.java:133)\n\tat org.testng.internal.TestInvoker.invokeMethod(TestInvoker.java:598)\n\tat org.testng.internal.TestInvoker.invokeTestMethod(TestInvoker.java:173)\n\tat org.testng.internal.MethodRunner.runInSequence(MethodRunner.java:46)\n\tat org.testng.internal.TestInvoker$MethodInvocationAgent.invoke(TestInvoker.java:824)\n\tat org.testng.internal.TestInvoker.invokeTestMethods(TestInvoker.java:146)\n\tat org.testng.internal.TestMethodWorker.invokeTestMethods(TestMethodWorker.java:146)\n\tat org.testng.internal.TestMethodWorker.run(TestMethodWorker.java:128)\n\tat java.util.ArrayList.forEach(ArrayList.java:1259)\n\tat org.testng.TestRunner.privateRun(TestRunner.java:794)\n\tat org.testng.TestRunner.run(TestRunner.java:596)\n\tat org.testng.SuiteRunner.runTest(SuiteRunner.java:377)\n\tat org.testng.SuiteRunner.access$000(SuiteRunner.java:28)\n\tat org.testng.SuiteRunner$SuiteWorker.run(SuiteRunner.java:418)\n\tat org.testng.internal.thread.ThreadUtil.lambda$execute$0(ThreadUtil.java:64)\n\tat java.util.concurrent.FutureTask.run(FutureTask.java:266)\n\tat java.util.concurrent.ThreadPoolExecutor.runWorker(ThreadPoolExecutor.java:1149)\n\tat java.util.concurrent.ThreadPoolExecutor$Worker.run(ThreadPoolExecutor.java:624)\n\tat java.lang.Thread.run(Thread.java:748)\n",
  "flaky" : false,
  "newFailed" : false,
  "beforeStages" : [ {
    "name" : "beforeClass",
    "time" : {
      "start" : 1642760872331,
      "stop" : 1642760872331,
      "duration" : 0
    },
    "description" : "",
    "status" : "passed",
    "steps" : [ ],
    "attachments" : [ ],
    "parameters" : [ ],
    "stepsCount" : 0,
    "attachmentsCount" : 0,
    "shouldDisplayMessage" : false,
    "hasContent" : false
  }, {
    "name" : "beforeSuite",
    "time" : {
      "start" : 1642760670776,
      "stop" : 1642760673587,
      "duration" : 2811
    },
    "description" : "",
    "status" : "passed",
    "steps" : [ ],
    "attachments" : [ ],
    "parameters" : [ ],
    "stepsCount" : 0,
    "attachmentsCount" : 0,
    "shouldDisplayMessage" : false,
    "hasContent" : false
  } ],
  "testStage" : {
    "description" : "TUA-423 [API.Реєстрація] Verify that a user with invalid data can`t be created.",
    "status" : "broken",
    "statusMessage" : "Cannot parse object because no supported Content-Type was specified in response. Content-Type was 'text/html; charset=iso-8859-1'.",
    "statusTrace" : "java.lang.IllegalStateException: Cannot parse object because no supported Content-Type was specified in response. Content-Type was 'text/html; charset=iso-8859-1'.\n\tat sun.reflect.NativeConstructorAccessorImpl.newInstance0(Native Method)\n\tat sun.reflect.NativeConstructorAccessorImpl.newInstance(NativeConstructorAccessorImpl.java:62)\n\tat sun.reflect.DelegatingConstructorAccessorImpl.newInstance(DelegatingConstructorAccessorImpl.java:45)\n\tat java.lang.reflect.Constructor.newInstance(Constructor.java:423)\n\tat org.codehaus.groovy.reflection.CachedConstructor.invoke(CachedConstructor.java:72)\n\tat org.codehaus.groovy.runtime.callsite.ConstructorSite$ConstructorSiteNoUnwrapNoCoerce.callConstructor(ConstructorSite.java:105)\n\tat org.codehaus.groovy.runtime.callsite.AbstractCallSite.callConstructor(AbstractCallSite.java:277)\n\tat io.restassured.internal.mapping.ObjectMapping.deserialize(ObjectMapping.groovy:94)\n\tat io.restassured.internal.mapping.ObjectMapping$deserialize$0.call(Unknown Source)\n\tat io.restassured.internal.RestAssuredResponseOptionsGroovyImpl.as(RestAssuredResponseOptionsGroovyImpl.groovy:231)\n\tat io.restassured.internal.RestAssuredResponseOptionsImpl.as(RestAssuredResponseOptionsImpl.java:169)\n\tat com.ita.edu.teachua.api.tests.RegistrationTest.testRegisterWithInvalidData(RegistrationTest.java:178)\n\tat sun.reflect.NativeMethodAccessorImpl.invoke0(Native Method)\n\tat sun.reflect.NativeMethodAccessorImpl.invoke(NativeMethodAccessorImpl.java:62)\n\tat sun.reflect.DelegatingMethodAccessorImpl.invoke(DelegatingMethodAccessorImpl.java:43)\n\tat java.lang.reflect.Method.invoke(Method.java:498)\n\tat org.testng.internal.MethodInvocationHelper.invokeMethod(MethodInvocationHelper.java:133)\n\tat org.testng.internal.TestInvoker.invokeMethod(TestInvoker.java:598)\n\tat org.testng.internal.TestInvoker.invokeTestMethod(TestInvoker.java:173)\n\tat org.testng.internal.MethodRunner.runInSequence(MethodRunner.java:46)\n\tat org.testng.internal.TestInvoker$MethodInvocationAgent.invoke(TestInvoker.java:824)\n\tat org.testng.internal.TestInvoker.invokeTestMethods(TestInvoker.java:146)\n\tat org.testng.internal.TestMethodWorker.invokeTestMethods(TestMethodWorker.java:146)\n\tat org.testng.internal.TestMethodWorker.run(TestMethodWorker.java:128)\n\tat java.util.ArrayList.forEach(ArrayList.java:1259)\n\tat org.testng.TestRunner.privateRun(TestRunner.java:794)\n\tat org.testng.TestRunner.run(TestRunner.java:596)\n\tat org.testng.SuiteRunner.runTest(SuiteRunner.java:377)\n\tat org.testng.SuiteRunner.access$000(SuiteRunner.java:28)\n\tat org.testng.SuiteRunner$SuiteWorker.run(SuiteRunner.java:418)\n\tat org.testng.internal.thread.ThreadUtil.lambda$execute$0(ThreadUtil.java:64)\n\tat java.util.concurrent.FutureTask.run(FutureTask.java:266)\n\tat java.util.concurrent.ThreadPoolExecutor.runWorker(ThreadPoolExecutor.java:1149)\n\tat java.util.concurrent.ThreadPoolExecutor$Worker.run(ThreadPoolExecutor.java:624)\n\tat java.lang.Thread.run(Thread.java:748)\n",
    "steps" : [ {
      "name" : "Preparing base request",
      "time" : {
        "start" : 1642760874100,
        "stop" : 1642760874101,
        "duration" : 1
      },
      "status" : "passed",
      "steps" : [ ],
      "attachments" : [ ],
      "parameters" : [ ],
      "stepsCount" : 0,
      "attachmentsCount" : 0,
      "shouldDisplayMessage" : false,
      "hasContent" : false
    } ],
    "attachments" : [ ],
    "parameters" : [ ],
    "stepsCount" : 1,
    "attachmentsCount" : 0,
    "shouldDisplayMessage" : true,
    "hasContent" : true
  },
  "afterStages" : [ ],
  "labels" : [ {
    "name" : "package",
    "value" : "com.ita.edu.teachua.api.tests.RegistrationTest"
  }, {
    "name" : "testClass",
    "value" : "com.ita.edu.teachua.api.tests.RegistrationTest"
  }, {
    "name" : "testMethod",
    "value" : "testRegisterWithInvalidData"
  }, {
    "name" : "parentSuite",
    "value" : "Test Suite"
  }, {
    "name" : "suite",
    "value" : "API Tests"
  }, {
    "name" : "subSuite",
    "value" : "com.ita.edu.teachua.api.tests.RegistrationTest"
  }, {
    "name" : "host",
    "value" : "fv-az135-188"
  }, {
    "name" : "thread",
    "value" : "2825@fv-az135-188.TestNG-tests-3(15)"
  }, {
    "name" : "framework",
    "value" : "testng"
  }, {
    "name" : "language",
    "value" : "java"
  }, {
    "name" : "resultFormat",
    "value" : "allure2"
  } ],
  "parameters" : [ ],
  "links" : [ {
    "name" : "TUA-423",
    "type" : "issue"
  } ],
  "hidden" : false,
  "retry" : false,
  "extra" : {
    "severity" : "normal",
    "retries" : [ ],
    "categories" : [ {
      "name" : "Test defects",
      "matchedStatuses" : [ ],
      "flaky" : false
    } ],
    "history" : {
      "statistic" : {
        "failed" : 0,
        "broken" : 1,
        "skipped" : 0,
        "passed" : 3,
        "unknown" : 0,
        "total" : 4
      },
      "items" : [ {
        "uid" : "184cfdaff03d0dfc",
        "reportUrl" : "https://Lv-648-TAQC-Java-project.github.io/Selenium648PageFactory/37//#testresult/184cfdaff03d0dfc",
        "status" : "passed",
        "time" : {
          "start" : 1642761107700,
          "stop" : 1642761115569,
          "duration" : 7869
        }
      }, {
        "uid" : "7258146f362ca326",
        "reportUrl" : "https://Lv-648-TAQC-Java-project.github.io/Selenium648PageFactory/35//#testresult/7258146f362ca326",
        "status" : "passed",
        "time" : {
          "start" : 1642759986422,
          "stop" : 1642759991274,
          "duration" : 4852
        }
      }, {
        "uid" : "b6aa83369ee09c27",
        "reportUrl" : "https://Lv-648-TAQC-Java-project.github.io/Selenium648PageFactory/33//#testresult/b6aa83369ee09c27",
        "status" : "passed",
        "time" : {
          "start" : 1642759275708,
          "stop" : 1642759281517,
          "duration" : 5809
        }
      } ]
    },
    "tags" : [ ]
  },
  "source" : "d187166f632b8b43.json",
  "parameterValues" : [ ]
}