{
  "uid" : "5509a9e4c671fa85",
  "name" : "Example of BDD suite",
  "fullName" : "com.ita.edu.teachua.cucumber.cucumberTestRunner.CucumberTestRunner.scenario",
  "historyId" : "d1a7f2ac1f0ed8068258178134676d12",
  "time" : {
    "start" : 1643059835869,
    "stop" : 1643059846363,
    "duration" : 10494
  },
  "status" : "broken",
  "statusMessage" : "Expected condition failed: waiting for element to be clickable: By.xpath: //div[contains(text(),'Увійти')] (tried for 5 second(s) with 500 milliseconds interval)\nBuild info: version: '4.1.0', revision: '87802e897b'\nSystem info: host: 'fv-az77-44', ip: '10.1.0.20', os.name: 'Linux', os.arch: 'amd64', os.version: '5.11.0-1027-azure', java.version: '1.8.0_292'\nDriver info: org.openqa.selenium.chrome.ChromeDriver\nCapabilities {acceptInsecureCerts: false, browserName: chrome, browserVersion: 97.0.4692.71, chrome: {chromedriverVersion: 97.0.4692.71 (adefa7837d02a..., userDataDir: /tmp/.com.google.Chrome.jPiuaE}, goog:chromeOptions: {debuggerAddress: localhost:46129}, javascriptEnabled: true, networkConnectionEnabled: false, pageLoadStrategy: normal, platform: LINUX, platformName: LINUX, proxy: Proxy(), se:cdp: ws://localhost:46129/devtoo..., se:cdpVersion: 97.0.4692.71, setWindowRect: true, strictFileInteractability: false, timeouts: {implicit: 0, pageLoad: 300000, script: 30000}, unhandledPromptBehavior: dismiss and notify, webauthn:extension:credBlob: true, webauthn:extension:largeBlob: true, webauthn:virtualAuthenticators: true}\nSession ID: 38209a7a7d9e373459bc59954ab6a233",
  "statusTrace" : "org.openqa.selenium.TimeoutException: Expected condition failed: waiting for element to be clickable: By.xpath: //div[contains(text(),'Увійти')] (tried for 5 second(s) with 500 milliseconds interval)\nBuild info: version: '4.1.0', revision: '87802e897b'\nSystem info: host: 'fv-az77-44', ip: '10.1.0.20', os.name: 'Linux', os.arch: 'amd64', os.version: '5.11.0-1027-azure', java.version: '1.8.0_292'\nDriver info: org.openqa.selenium.chrome.ChromeDriver\nCapabilities {acceptInsecureCerts: false, browserName: chrome, browserVersion: 97.0.4692.71, chrome: {chromedriverVersion: 97.0.4692.71 (adefa7837d02a..., userDataDir: /tmp/.com.google.Chrome.jPiuaE}, goog:chromeOptions: {debuggerAddress: localhost:46129}, javascriptEnabled: true, networkConnectionEnabled: false, pageLoadStrategy: normal, platform: LINUX, platformName: LINUX, proxy: Proxy(), se:cdp: ws://localhost:46129/devtoo..., se:cdpVersion: 97.0.4692.71, setWindowRect: true, strictFileInteractability: false, timeouts: {implicit: 0, pageLoad: 300000, script: 30000}, unhandledPromptBehavior: dismiss and notify, webauthn:extension:credBlob: true, webauthn:extension:largeBlob: true, webauthn:virtualAuthenticators: true}\nSession ID: 38209a7a7d9e373459bc59954ab6a233\n\tat org.openqa.selenium.support.ui.WebDriverWait.timeoutException(WebDriverWait.java:138)\n\tat org.openqa.selenium.support.ui.FluentWait.until(FluentWait.java:231)\n\tat com.ita.edu.teachua.ui.pages.base_page.BasePage.waitUntilElementToBeClickable(BasePage.java:43)\n\tat com.ita.edu.teachua.ui.pages.header_page.GuestDropdownComponent.clickOnLoginButton(GuestDropdownComponent.java:31)\n\tat com.ita.edu.teachua.cucumber.steps_definitions.RestorePasswordEmailFieldValidation.clickOnLoginButton(RestorePasswordEmailFieldValidation.java:25)\n\tat ✽.Select Увійти option(file:///home/runner/work/Selenium648PageFactory/Selenium648PageFactory/src/test/resources/features/RestorePasswordFieldValidation.feature:5)\n",
  "flaky" : false,
  "newFailed" : false,
  "beforeStages" : [ {
    "name" : "setUpClass",
    "time" : {
      "start" : 1643059632073,
      "stop" : 1643059633304,
      "duration" : 1231
    },
    "description" : "",
    "status" : "passed",
    "steps" : [ ],
    "attachments" : [ ],
    "parameters" : [ ],
    "stepsCount" : 0,
    "attachmentsCount" : 0,
    "shouldDisplayMessage" : false,
    "hasContent" : false
  }, {
    "name" : "setUpClass",
    "time" : {
      "start" : 1643059633305,
      "stop" : 1643059633356,
      "duration" : 51
    },
    "description" : "",
    "status" : "passed",
    "steps" : [ ],
    "attachments" : [ ],
    "parameters" : [ ],
    "stepsCount" : 0,
    "attachmentsCount" : 0,
    "shouldDisplayMessage" : false,
    "hasContent" : false
  }, {
    "name" : "beforeSuite",
    "time" : {
      "start" : 1643059630173,
      "stop" : 1643059632014,
      "duration" : 1841
    },
    "description" : "",
    "status" : "passed",
    "steps" : [ ],
    "attachments" : [ ],
    "parameters" : [ ],
    "stepsCount" : 0,
    "attachmentsCount" : 0,
    "shouldDisplayMessage" : false,
    "hasContent" : false
  } ],
  "testStage" : {
    "status" : "broken",
    "statusMessage" : "Expected condition failed: waiting for element to be clickable: By.xpath: //div[contains(text(),'Увійти')] (tried for 5 second(s) with 500 milliseconds interval)\nBuild info: version: '4.1.0', revision: '87802e897b'\nSystem info: host: 'fv-az77-44', ip: '10.1.0.20', os.name: 'Linux', os.arch: 'amd64', os.version: '5.11.0-1027-azure', java.version: '1.8.0_292'\nDriver info: org.openqa.selenium.chrome.ChromeDriver\nCapabilities {acceptInsecureCerts: false, browserName: chrome, browserVersion: 97.0.4692.71, chrome: {chromedriverVersion: 97.0.4692.71 (adefa7837d02a..., userDataDir: /tmp/.com.google.Chrome.jPiuaE}, goog:chromeOptions: {debuggerAddress: localhost:46129}, javascriptEnabled: true, networkConnectionEnabled: false, pageLoadStrategy: normal, platform: LINUX, platformName: LINUX, proxy: Proxy(), se:cdp: ws://localhost:46129/devtoo..., se:cdpVersion: 97.0.4692.71, setWindowRect: true, strictFileInteractability: false, timeouts: {implicit: 0, pageLoad: 300000, script: 30000}, unhandledPromptBehavior: dismiss and notify, webauthn:extension:credBlob: true, webauthn:extension:largeBlob: true, webauthn:virtualAuthenticators: true}\nSession ID: 38209a7a7d9e373459bc59954ab6a233",
    "statusTrace" : "org.openqa.selenium.TimeoutException: Expected condition failed: waiting for element to be clickable: By.xpath: //div[contains(text(),'Увійти')] (tried for 5 second(s) with 500 milliseconds interval)\nBuild info: version: '4.1.0', revision: '87802e897b'\nSystem info: host: 'fv-az77-44', ip: '10.1.0.20', os.name: 'Linux', os.arch: 'amd64', os.version: '5.11.0-1027-azure', java.version: '1.8.0_292'\nDriver info: org.openqa.selenium.chrome.ChromeDriver\nCapabilities {acceptInsecureCerts: false, browserName: chrome, browserVersion: 97.0.4692.71, chrome: {chromedriverVersion: 97.0.4692.71 (adefa7837d02a..., userDataDir: /tmp/.com.google.Chrome.jPiuaE}, goog:chromeOptions: {debuggerAddress: localhost:46129}, javascriptEnabled: true, networkConnectionEnabled: false, pageLoadStrategy: normal, platform: LINUX, platformName: LINUX, proxy: Proxy(), se:cdp: ws://localhost:46129/devtoo..., se:cdpVersion: 97.0.4692.71, setWindowRect: true, strictFileInteractability: false, timeouts: {implicit: 0, pageLoad: 300000, script: 30000}, unhandledPromptBehavior: dismiss and notify, webauthn:extension:credBlob: true, webauthn:extension:largeBlob: true, webauthn:virtualAuthenticators: true}\nSession ID: 38209a7a7d9e373459bc59954ab6a233\n\tat org.openqa.selenium.support.ui.WebDriverWait.timeoutException(WebDriverWait.java:138)\n\tat org.openqa.selenium.support.ui.FluentWait.until(FluentWait.java:231)\n\tat com.ita.edu.teachua.ui.pages.base_page.BasePage.waitUntilElementToBeClickable(BasePage.java:43)\n\tat com.ita.edu.teachua.ui.pages.header_page.GuestDropdownComponent.clickOnLoginButton(GuestDropdownComponent.java:31)\n\tat com.ita.edu.teachua.cucumber.steps_definitions.RestorePasswordEmailFieldValidation.clickOnLoginButton(RestorePasswordEmailFieldValidation.java:25)\n\tat ✽.Select Увійти option(file:///home/runner/work/Selenium648PageFactory/Selenium648PageFactory/src/test/resources/features/RestorePasswordFieldValidation.feature:5)\n",
    "steps" : [ {
      "name" : "Click on guest dropdown",
      "time" : {
        "start" : 1643059840916,
        "stop" : 1643059841062,
        "duration" : 146
      },
      "status" : "passed",
      "steps" : [ ],
      "attachments" : [ ],
      "parameters" : [ ],
      "stepsCount" : 0,
      "attachmentsCount" : 0,
      "shouldDisplayMessage" : false,
      "hasContent" : false
    }, {
      "name" : "Click on `Увійти` button",
      "time" : {
        "start" : 1643059841062,
        "stop" : 1643059846291,
        "duration" : 5229
      },
      "status" : "broken",
      "statusMessage" : "Expected condition failed: waiting for element to be clickable: By.xpath: //div[contains(text(),'Увійти')] (tried for 5 second(s) with 500 milliseconds interval)\nBuild info: version: '4.1.0', revision: '87802e897b'\nSystem info: host: 'fv-az77-44', ip: '10.1.0.20', os.name: 'Linux', os.arch: 'amd64', os.version: '5.11.0-1027-azure', java.version: '1.8.0_292'\nDriver info: org.openqa.selenium.chrome.ChromeDriver\nCapabilities {acceptInsecureCerts: false, browserName: chrome, browserVersion: 97.0.4692.71, chrome: {chromedriverVersion: 97.0.4692.71 (adefa7837d02a..., userDataDir: /tmp/.com.google.Chrome.jPiuaE}, goog:chromeOptions: {debuggerAddress: localhost:46129}, javascriptEnabled: true, networkConnectionEnabled: false, pageLoadStrategy: normal, platform: LINUX, platformName: LINUX, proxy: Proxy(), se:cdp: ws://localhost:46129/devtoo..., se:cdpVersion: 97.0.4692.71, setWindowRect: true, strictFileInteractability: false, timeouts: {implicit: 0, pageLoad: 300000, script: 30000}, unhandledPromptBehavior: dismiss and notify, webauthn:extension:credBlob: true, webauthn:extension:largeBlob: true, webauthn:virtualAuthenticators: true}\nSession ID: 38209a7a7d9e373459bc59954ab6a233",
      "statusTrace" : "org.openqa.selenium.TimeoutException: Expected condition failed: waiting for element to be clickable: By.xpath: //div[contains(text(),'Увійти')] (tried for 5 second(s) with 500 milliseconds interval)\nBuild info: version: '4.1.0', revision: '87802e897b'\nSystem info: host: 'fv-az77-44', ip: '10.1.0.20', os.name: 'Linux', os.arch: 'amd64', os.version: '5.11.0-1027-azure', java.version: '1.8.0_292'\nDriver info: org.openqa.selenium.chrome.ChromeDriver\nCapabilities {acceptInsecureCerts: false, browserName: chrome, browserVersion: 97.0.4692.71, chrome: {chromedriverVersion: 97.0.4692.71 (adefa7837d02a..., userDataDir: /tmp/.com.google.Chrome.jPiuaE}, goog:chromeOptions: {debuggerAddress: localhost:46129}, javascriptEnabled: true, networkConnectionEnabled: false, pageLoadStrategy: normal, platform: LINUX, platformName: LINUX, proxy: Proxy(), se:cdp: ws://localhost:46129/devtoo..., se:cdpVersion: 97.0.4692.71, setWindowRect: true, strictFileInteractability: false, timeouts: {implicit: 0, pageLoad: 300000, script: 30000}, unhandledPromptBehavior: dismiss and notify, webauthn:extension:credBlob: true, webauthn:extension:largeBlob: true, webauthn:virtualAuthenticators: true}\nSession ID: 38209a7a7d9e373459bc59954ab6a233\n\tat org.openqa.selenium.support.ui.WebDriverWait.timeoutException(WebDriverWait.java:138)\n\tat org.openqa.selenium.support.ui.FluentWait.until(FluentWait.java:231)\n\tat com.ita.edu.teachua.ui.pages.base_page.BasePage.waitUntilElementToBeClickable(BasePage.java:43)\n\tat com.ita.edu.teachua.ui.pages.header_page.GuestDropdownComponent.clickOnLoginButton(GuestDropdownComponent.java:31)\n\tat com.ita.edu.teachua.cucumber.steps_definitions.RestorePasswordEmailFieldValidation.clickOnLoginButton(RestorePasswordEmailFieldValidation.java:25)\n\tat sun.reflect.NativeMethodAccessorImpl.invoke0(Native Method)\n\tat sun.reflect.NativeMethodAccessorImpl.invoke(NativeMethodAccessorImpl.java:62)\n\tat sun.reflect.DelegatingMethodAccessorImpl.invoke(DelegatingMethodAccessorImpl.java:43)\n\tat java.lang.reflect.Method.invoke(Method.java:498)\n\tat io.cucumber.java.Invoker.doInvoke(Invoker.java:66)\n\tat io.cucumber.java.Invoker.invoke(Invoker.java:24)\n\tat io.cucumber.java.AbstractGlueDefinition.invokeMethod(AbstractGlueDefinition.java:47)\n\tat io.cucumber.java.JavaStepDefinition.execute(JavaStepDefinition.java:29)\n\tat io.cucumber.core.runner.CoreStepDefinition.execute(CoreStepDefinition.java:66)\n\tat io.cucumber.core.runner.PickleStepDefinitionMatch.runStep(PickleStepDefinitionMatch.java:63)\n\tat io.cucumber.core.runner.ExecutionMode$1.execute(ExecutionMode.java:10)\n\tat io.cucumber.core.runner.TestStep.executeStep(TestStep.java:86)\n\tat io.cucumber.core.runner.TestStep.run(TestStep.java:57)\n\tat io.cucumber.core.runner.PickleStepTestStep.run(PickleStepTestStep.java:51)\n\tat io.cucumber.core.runner.TestCase.run(TestCase.java:95)\n\tat io.cucumber.core.runner.Runner.runPickle(Runner.java:75)\n\tat io.cucumber.testng.TestNGCucumberRunner.lambda$runScenario$1(TestNGCucumberRunner.java:132)\n\tat io.cucumber.core.runtime.CucumberExecutionContext.lambda$runTestCase$3(CucumberExecutionContext.java:146)\n\tat io.cucumber.core.runtime.RethrowingThrowableCollector.executeAndThrow(RethrowingThrowableCollector.java:23)\n\tat io.cucumber.core.runtime.CucumberExecutionContext.runTestCase(CucumberExecutionContext.java:146)\n\tat io.cucumber.testng.TestNGCucumberRunner.runScenario(TestNGCucumberRunner.java:129)\n\tat com.ita.edu.teachua.cucumber.cucumberTestRunner.CucumberTestRunner.scenario(CucumberTestRunner.java:24)\n\tat sun.reflect.NativeMethodAccessorImpl.invoke0(Native Method)\n\tat sun.reflect.NativeMethodAccessorImpl.invoke(NativeMethodAccessorImpl.java:62)\n\tat sun.reflect.DelegatingMethodAccessorImpl.invoke(DelegatingMethodAccessorImpl.java:43)\n\tat java.lang.reflect.Method.invoke(Method.java:498)\n\tat org.testng.internal.MethodInvocationHelper.invokeMethod(MethodInvocationHelper.java:133)\n\tat org.testng.internal.TestInvoker.invokeMethod(TestInvoker.java:598)\n\tat org.testng.internal.TestInvoker.invokeTestMethod(TestInvoker.java:173)\n\tat org.testng.internal.MethodRunner.runInSequence(MethodRunner.java:46)\n\tat org.testng.internal.TestInvoker$MethodInvocationAgent.invoke(TestInvoker.java:824)\n\tat org.testng.internal.TestInvoker.invokeTestMethods(TestInvoker.java:146)\n\tat org.testng.internal.TestMethodWorker.invokeTestMethods(TestMethodWorker.java:146)\n\tat org.testng.internal.TestMethodWorker.run(TestMethodWorker.java:128)\n\tat java.util.ArrayList.forEach(ArrayList.java:1259)\n\tat org.testng.TestRunner.privateRun(TestRunner.java:794)\n\tat org.testng.TestRunner.run(TestRunner.java:596)\n\tat org.testng.SuiteRunner.runTest(SuiteRunner.java:377)\n\tat org.testng.SuiteRunner.access$000(SuiteRunner.java:28)\n\tat org.testng.SuiteRunner$SuiteWorker.run(SuiteRunner.java:418)\n\tat org.testng.internal.thread.ThreadUtil.lambda$execute$0(ThreadUtil.java:64)\n\tat java.util.concurrent.FutureTask.run(FutureTask.java:266)\n\tat java.util.concurrent.ThreadPoolExecutor.runWorker(ThreadPoolExecutor.java:1149)\n\tat java.util.concurrent.ThreadPoolExecutor$Worker.run(ThreadPoolExecutor.java:624)\n\tat java.lang.Thread.run(Thread.java:748)\n",
      "steps" : [ ],
      "attachments" : [ ],
      "parameters" : [ ],
      "stepsCount" : 0,
      "attachmentsCount" : 0,
      "shouldDisplayMessage" : true,
      "hasContent" : true
    } ],
    "attachments" : [ ],
    "parameters" : [ ],
    "stepsCount" : 2,
    "attachmentsCount" : 0,
    "shouldDisplayMessage" : false,
    "hasContent" : true
  },
  "afterStages" : [ {
    "name" : "tearDownClass",
    "time" : {
      "start" : 1643059920815,
      "stop" : 1643059920830,
      "duration" : 15
    },
    "description" : "",
    "status" : "passed",
    "steps" : [ ],
    "attachments" : [ ],
    "parameters" : [ ],
    "stepsCount" : 0,
    "attachmentsCount" : 0,
    "shouldDisplayMessage" : false,
    "hasContent" : false
  } ],
  "labels" : [ {
    "name" : "package",
    "value" : "com.ita.edu.teachua.cucumber.cucumberTestRunner.CucumberTestRunner"
  }, {
    "name" : "testClass",
    "value" : "com.ita.edu.teachua.cucumber.cucumberTestRunner.CucumberTestRunner"
  }, {
    "name" : "testMethod",
    "value" : "scenario"
  }, {
    "name" : "parentSuite",
    "value" : "Test Suite"
  }, {
    "name" : "suite",
    "value" : "BDD Tests"
  }, {
    "name" : "subSuite",
    "value" : "com.ita.edu.teachua.cucumber.cucumberTestRunner.CucumberTestRunner"
  }, {
    "name" : "host",
    "value" : "fv-az77-44"
  }, {
    "name" : "thread",
    "value" : "2771@fv-az77-44.TestNG-tests-1(13)"
  }, {
    "name" : "framework",
    "value" : "testng"
  }, {
    "name" : "language",
    "value" : "java"
  }, {
    "name" : "resultFormat",
    "value" : "allure2"
  } ],
  "parameters" : [ {
    "name" : "arg0",
    "value" : "\"Restore password with invalid email test\""
  }, {
    "name" : "arg1",
    "value" : "\"Optional[Verify if user can change the password entering incorrect email]\""
  } ],
  "links" : [ ],
  "hidden" : false,
  "retry" : false,
  "extra" : {
    "severity" : "normal",
    "retries" : [ {
      "uid" : "d9f777cd23bb1c3c",
      "status" : "passed",
      "time" : {
        "start" : 1643059827815,
        "stop" : 1643059835867,
        "duration" : 8052
      }
    }, {
      "uid" : "c29c846a8259ef48",
      "status" : "passed",
      "time" : {
        "start" : 1643059819076,
        "stop" : 1643059827814,
        "duration" : 8738
      }
    } ],
    "categories" : [ {
      "name" : "Test defects",
      "matchedStatuses" : [ ],
      "flaky" : false
    } ],
    "history" : {
      "statistic" : {
        "failed" : 0,
        "broken" : 1,
        "skipped" : 0,
        "passed" : 29,
        "unknown" : 0,
        "total" : 30
      },
      "items" : [ {
        "uid" : "7bbceb11e4af03de",
        "reportUrl" : "https://Lv-648-TAQC-Java-project.github.io/Selenium648PageFactory/67//#testresult/7bbceb11e4af03de",
        "status" : "passed",
        "time" : {
          "start" : 1643057801253,
          "stop" : 1643057810439,
          "duration" : 9186
        }
      }, {
        "uid" : "d828f51bc3a1c6a1",
        "reportUrl" : "https://Lv-648-TAQC-Java-project.github.io/Selenium648PageFactory/67//#testresult/d828f51bc3a1c6a1",
        "status" : "passed",
        "time" : {
          "start" : 1643055609197,
          "stop" : 1643055618470,
          "duration" : 9273
        }
      }, {
        "uid" : "27803166941516e7",
        "reportUrl" : "https://Lv-648-TAQC-Java-project.github.io/Selenium648PageFactory/66//#testresult/27803166941516e7",
        "status" : "passed",
        "time" : {
          "start" : 1643025704830,
          "stop" : 1643025713352,
          "duration" : 8522
        }
      }, {
        "uid" : "8675861b94924aae",
        "reportUrl" : "https://Lv-648-TAQC-Java-project.github.io/Selenium648PageFactory/66//#testresult/8675861b94924aae",
        "status" : "passed",
        "time" : {
          "start" : 1643023626210,
          "stop" : 1643023634822,
          "duration" : 8612
        }
      }, {
        "uid" : "7c983b26c6817e73",
        "reportUrl" : "https://Lv-648-TAQC-Java-project.github.io/Selenium648PageFactory/65//#testresult/7c983b26c6817e73",
        "status" : "passed",
        "time" : {
          "start" : 1642957771480,
          "stop" : 1642957780085,
          "duration" : 8605
        }
      }, {
        "uid" : "e65d63de22567d1d",
        "reportUrl" : "https://Lv-648-TAQC-Java-project.github.io/Selenium648PageFactory/64//#testresult/e65d63de22567d1d",
        "status" : "passed",
        "time" : {
          "start" : 1642951882552,
          "stop" : 1642951891594,
          "duration" : 9042
        }
      }, {
        "uid" : "1f47a487a9d6eef9",
        "reportUrl" : "https://Lv-648-TAQC-Java-project.github.io/Selenium648PageFactory/63//#testresult/1f47a487a9d6eef9",
        "status" : "passed",
        "time" : {
          "start" : 1642947950639,
          "stop" : 1642947959783,
          "duration" : 9144
        }
      }, {
        "uid" : "6f61e14759779122",
        "reportUrl" : "https://Lv-648-TAQC-Java-project.github.io/Selenium648PageFactory/62//#testresult/6f61e14759779122",
        "status" : "passed",
        "time" : {
          "start" : 1642943811985,
          "stop" : 1642943820780,
          "duration" : 8795
        }
      }, {
        "uid" : "c4d63459cae2f8a",
        "reportUrl" : "https://Lv-648-TAQC-Java-project.github.io/Selenium648PageFactory/60//#testresult/c4d63459cae2f8a",
        "status" : "passed",
        "time" : {
          "start" : 1642936123326,
          "stop" : 1642936131626,
          "duration" : 8300
        }
      }, {
        "uid" : "1bf913e253f09fb9",
        "reportUrl" : "https://Lv-648-TAQC-Java-project.github.io/Selenium648PageFactory/61//#testresult/1bf913e253f09fb9",
        "status" : "passed",
        "time" : {
          "start" : 1642885885192,
          "stop" : 1642885894223,
          "duration" : 9031
        }
      }, {
        "uid" : "cdf4ee5b7ea3cb48",
        "reportUrl" : "https://Lv-648-TAQC-Java-project.github.io/Selenium648PageFactory/60//#testresult/cdf4ee5b7ea3cb48",
        "status" : "passed",
        "time" : {
          "start" : 1642884190648,
          "stop" : 1642884199808,
          "duration" : 9160
        }
      }, {
        "uid" : "c91c2b3c82b85b08",
        "reportUrl" : "https://Lv-648-TAQC-Java-project.github.io/Selenium648PageFactory/60//#testresult/c91c2b3c82b85b08",
        "status" : "passed",
        "time" : {
          "start" : 1642879884569,
          "stop" : 1642879894396,
          "duration" : 9827
        }
      }, {
        "uid" : "26fa623d4b959dad",
        "reportUrl" : "https://Lv-648-TAQC-Java-project.github.io/Selenium648PageFactory/60//#testresult/26fa623d4b959dad",
        "status" : "passed",
        "time" : {
          "start" : 1642878607331,
          "stop" : 1642878616626,
          "duration" : 9295
        }
      }, {
        "uid" : "3106ef0f0e9c43fb",
        "reportUrl" : "https://Lv-648-TAQC-Java-project.github.io/Selenium648PageFactory/59//#testresult/3106ef0f0e9c43fb",
        "status" : "passed",
        "time" : {
          "start" : 1642876236130,
          "stop" : 1642876245922,
          "duration" : 9792
        }
      }, {
        "uid" : "a75bd03e730f368a",
        "reportUrl" : "https://Lv-648-TAQC-Java-project.github.io/Selenium648PageFactory/58//#testresult/a75bd03e730f368a",
        "status" : "passed",
        "time" : {
          "start" : 1642870486266,
          "stop" : 1642870494803,
          "duration" : 8537
        }
      }, {
        "uid" : "15bd2aaf0c6037ab",
        "reportUrl" : "https://Lv-648-TAQC-Java-project.github.io/Selenium648PageFactory/57//#testresult/15bd2aaf0c6037ab",
        "status" : "passed",
        "time" : {
          "start" : 1642868036775,
          "stop" : 1642868046040,
          "duration" : 9265
        }
      }, {
        "uid" : "f7a41c791a7873bf",
        "reportUrl" : "https://Lv-648-TAQC-Java-project.github.io/Selenium648PageFactory/57//#testresult/f7a41c791a7873bf",
        "status" : "passed",
        "time" : {
          "start" : 1642849645853,
          "stop" : 1642849655205,
          "duration" : 9352
        }
      }, {
        "uid" : "cb3774c26bcf2f7c",
        "reportUrl" : "https://Lv-648-TAQC-Java-project.github.io/Selenium648PageFactory/57//#testresult/cb3774c26bcf2f7c",
        "status" : "passed",
        "time" : {
          "start" : 1642792346696,
          "stop" : 1642792354457,
          "duration" : 7761
        }
      }, {
        "uid" : "ce4b7a00d39b7595",
        "reportUrl" : "https://Lv-648-TAQC-Java-project.github.io/Selenium648PageFactory/57//#testresult/ce4b7a00d39b7595",
        "status" : "passed",
        "time" : {
          "start" : 1642789686590,
          "stop" : 1642789694841,
          "duration" : 8251
        }
      }, {
        "uid" : "4be9b6d5e2344a5b",
        "reportUrl" : "https://Lv-648-TAQC-Java-project.github.io/Selenium648PageFactory/57//#testresult/4be9b6d5e2344a5b",
        "status" : "passed",
        "time" : {
          "start" : 1642787196729,
          "stop" : 1642787204928,
          "duration" : 8199
        }
      } ]
    },
    "tags" : [ ]
  },
  "source" : "5509a9e4c671fa85.json",
  "parameterValues" : [ "\"Restore password with invalid email test\"", "\"Optional[Verify if user can change the password entering incorrect email]\"" ]
}