{
  "uid" : "66ee60c4ae777fe",
  "name" : "Example of BDD suite",
  "fullName" : "com.ita.edu.teachua.cucumber.cucumberTestRunner.CucumberTestRunner.scenario",
  "historyId" : "74a6d17bc6c34a88871ca30a40dae59e",
  "time" : {
    "start" : 1643100341533,
    "stop" : 1643100371183,
    "duration" : 29650
  },
  "status" : "broken",
  "statusMessage" : "Expected condition failed: waiting for element to be clickable: By.xpath: //span/a[contains(text(),'Мій Профіль')] (tried for 5 second(s) with 500 milliseconds interval)\nBuild info: version: '4.1.0', revision: '87802e897b'\nSystem info: host: 'fv-az36-112', ip: '10.1.0.8', os.name: 'Linux', os.arch: 'amd64', os.version: '5.11.0-1027-azure', java.version: '1.8.0_292'\nDriver info: org.openqa.selenium.chrome.ChromeDriver\nCapabilities {acceptInsecureCerts: false, browserName: chrome, browserVersion: 97.0.4692.71, chrome: {chromedriverVersion: 97.0.4692.71 (adefa7837d02a..., userDataDir: /tmp/.com.google.Chrome.HfBg8F}, goog:chromeOptions: {debuggerAddress: localhost:34931}, javascriptEnabled: true, networkConnectionEnabled: false, pageLoadStrategy: normal, platform: LINUX, platformName: LINUX, proxy: Proxy(), se:cdp: ws://localhost:34931/devtoo..., se:cdpVersion: 97.0.4692.71, setWindowRect: true, strictFileInteractability: false, timeouts: {implicit: 0, pageLoad: 300000, script: 30000}, unhandledPromptBehavior: dismiss and notify, webauthn:extension:credBlob: true, webauthn:extension:largeBlob: true, webauthn:virtualAuthenticators: true}\nSession ID: f81ae4fb25d28024311cdccc39f1a70f",
  "statusTrace" : "org.openqa.selenium.TimeoutException: Expected condition failed: waiting for element to be clickable: By.xpath: //span/a[contains(text(),'Мій Профіль')] (tried for 5 second(s) with 500 milliseconds interval)\nBuild info: version: '4.1.0', revision: '87802e897b'\nSystem info: host: 'fv-az36-112', ip: '10.1.0.8', os.name: 'Linux', os.arch: 'amd64', os.version: '5.11.0-1027-azure', java.version: '1.8.0_292'\nDriver info: org.openqa.selenium.chrome.ChromeDriver\nCapabilities {acceptInsecureCerts: false, browserName: chrome, browserVersion: 97.0.4692.71, chrome: {chromedriverVersion: 97.0.4692.71 (adefa7837d02a..., userDataDir: /tmp/.com.google.Chrome.HfBg8F}, goog:chromeOptions: {debuggerAddress: localhost:34931}, javascriptEnabled: true, networkConnectionEnabled: false, pageLoadStrategy: normal, platform: LINUX, platformName: LINUX, proxy: Proxy(), se:cdp: ws://localhost:34931/devtoo..., se:cdpVersion: 97.0.4692.71, setWindowRect: true, strictFileInteractability: false, timeouts: {implicit: 0, pageLoad: 300000, script: 30000}, unhandledPromptBehavior: dismiss and notify, webauthn:extension:credBlob: true, webauthn:extension:largeBlob: true, webauthn:virtualAuthenticators: true}\nSession ID: f81ae4fb25d28024311cdccc39f1a70f\n\tat org.openqa.selenium.support.ui.WebDriverWait.timeoutException(WebDriverWait.java:138)\n\tat org.openqa.selenium.support.ui.FluentWait.until(FluentWait.java:231)\n\tat com.ita.edu.teachua.ui.pages.base_page.BasePage.waitUntilElementToBeClickable(BasePage.java:43)\n\tat com.ita.edu.teachua.ui.pages.header_page.OwnerDropdownComponent.clickOnProfile(OwnerDropdownComponent.java:36)\n\tat com.ita.edu.teachua.cucumber.steps_definitions.InvalidDataInFieldPhone.clickOnProfile(InvalidDataInFieldPhone.java:31)\n\tat ✽.Click on profile(file:///home/runner/work/Selenium648PageFactory/Selenium648PageFactory/src/test/resources/features/UserCheckInvalidDataForFieldPhone.feature:7)\n",
  "flaky" : false,
  "newFailed" : false,
  "beforeStages" : [ {
    "name" : "setUpClass",
    "time" : {
      "start" : 1643100129258,
      "stop" : 1643100130639,
      "duration" : 1381
    },
    "description" : "",
    "status" : "passed",
    "steps" : [ ],
    "attachments" : [ ],
    "parameters" : [ ],
    "attachmentsCount" : 0,
    "shouldDisplayMessage" : false,
    "hasContent" : false,
    "stepsCount" : 0
  }, {
    "name" : "setUpClass",
    "time" : {
      "start" : 1643100130640,
      "stop" : 1643100130760,
      "duration" : 120
    },
    "description" : "",
    "status" : "passed",
    "steps" : [ ],
    "attachments" : [ ],
    "parameters" : [ ],
    "attachmentsCount" : 0,
    "shouldDisplayMessage" : false,
    "hasContent" : false,
    "stepsCount" : 0
  }, {
    "name" : "beforeSuite",
    "time" : {
      "start" : 1643100127092,
      "stop" : 1643100129189,
      "duration" : 2097
    },
    "description" : "",
    "status" : "passed",
    "steps" : [ ],
    "attachments" : [ ],
    "parameters" : [ ],
    "attachmentsCount" : 0,
    "shouldDisplayMessage" : false,
    "hasContent" : false,
    "stepsCount" : 0
  } ],
  "testStage" : {
    "status" : "broken",
    "statusMessage" : "Expected condition failed: waiting for element to be clickable: By.xpath: //span/a[contains(text(),'Мій Профіль')] (tried for 5 second(s) with 500 milliseconds interval)\nBuild info: version: '4.1.0', revision: '87802e897b'\nSystem info: host: 'fv-az36-112', ip: '10.1.0.8', os.name: 'Linux', os.arch: 'amd64', os.version: '5.11.0-1027-azure', java.version: '1.8.0_292'\nDriver info: org.openqa.selenium.chrome.ChromeDriver\nCapabilities {acceptInsecureCerts: false, browserName: chrome, browserVersion: 97.0.4692.71, chrome: {chromedriverVersion: 97.0.4692.71 (adefa7837d02a..., userDataDir: /tmp/.com.google.Chrome.HfBg8F}, goog:chromeOptions: {debuggerAddress: localhost:34931}, javascriptEnabled: true, networkConnectionEnabled: false, pageLoadStrategy: normal, platform: LINUX, platformName: LINUX, proxy: Proxy(), se:cdp: ws://localhost:34931/devtoo..., se:cdpVersion: 97.0.4692.71, setWindowRect: true, strictFileInteractability: false, timeouts: {implicit: 0, pageLoad: 300000, script: 30000}, unhandledPromptBehavior: dismiss and notify, webauthn:extension:credBlob: true, webauthn:extension:largeBlob: true, webauthn:virtualAuthenticators: true}\nSession ID: f81ae4fb25d28024311cdccc39f1a70f",
    "statusTrace" : "org.openqa.selenium.TimeoutException: Expected condition failed: waiting for element to be clickable: By.xpath: //span/a[contains(text(),'Мій Профіль')] (tried for 5 second(s) with 500 milliseconds interval)\nBuild info: version: '4.1.0', revision: '87802e897b'\nSystem info: host: 'fv-az36-112', ip: '10.1.0.8', os.name: 'Linux', os.arch: 'amd64', os.version: '5.11.0-1027-azure', java.version: '1.8.0_292'\nDriver info: org.openqa.selenium.chrome.ChromeDriver\nCapabilities {acceptInsecureCerts: false, browserName: chrome, browserVersion: 97.0.4692.71, chrome: {chromedriverVersion: 97.0.4692.71 (adefa7837d02a..., userDataDir: /tmp/.com.google.Chrome.HfBg8F}, goog:chromeOptions: {debuggerAddress: localhost:34931}, javascriptEnabled: true, networkConnectionEnabled: false, pageLoadStrategy: normal, platform: LINUX, platformName: LINUX, proxy: Proxy(), se:cdp: ws://localhost:34931/devtoo..., se:cdpVersion: 97.0.4692.71, setWindowRect: true, strictFileInteractability: false, timeouts: {implicit: 0, pageLoad: 300000, script: 30000}, unhandledPromptBehavior: dismiss and notify, webauthn:extension:credBlob: true, webauthn:extension:largeBlob: true, webauthn:virtualAuthenticators: true}\nSession ID: f81ae4fb25d28024311cdccc39f1a70f\n\tat org.openqa.selenium.support.ui.WebDriverWait.timeoutException(WebDriverWait.java:138)\n\tat org.openqa.selenium.support.ui.FluentWait.until(FluentWait.java:231)\n\tat com.ita.edu.teachua.ui.pages.base_page.BasePage.waitUntilElementToBeClickable(BasePage.java:43)\n\tat com.ita.edu.teachua.ui.pages.header_page.OwnerDropdownComponent.clickOnProfile(OwnerDropdownComponent.java:36)\n\tat com.ita.edu.teachua.cucumber.steps_definitions.InvalidDataInFieldPhone.clickOnProfile(InvalidDataInFieldPhone.java:31)\n\tat ✽.Click on profile(file:///home/runner/work/Selenium648PageFactory/Selenium648PageFactory/src/test/resources/features/UserCheckInvalidDataForFieldPhone.feature:7)\n",
    "steps" : [ {
      "name" : "Authorize user with valid email admin@gmail.com and password admin",
      "time" : {
        "start" : 1643100353136,
        "stop" : 1643100356815,
        "duration" : 3679
      },
      "status" : "passed",
      "steps" : [ {
        "name" : "Click on guest dropdown",
        "time" : {
          "start" : 1643100353136,
          "stop" : 1643100353204,
          "duration" : 68
        },
        "status" : "passed",
        "steps" : [ ],
        "attachments" : [ ],
        "parameters" : [ ],
        "attachmentsCount" : 0,
        "shouldDisplayMessage" : false,
        "hasContent" : false,
        "stepsCount" : 0
      }, {
        "name" : "Click on `Увійти` button",
        "time" : {
          "start" : 1643100353204,
          "stop" : 1643100353868,
          "duration" : 664
        },
        "status" : "passed",
        "steps" : [ ],
        "attachments" : [ ],
        "parameters" : [ ],
        "attachmentsCount" : 0,
        "shouldDisplayMessage" : false,
        "hasContent" : false,
        "stepsCount" : 0
      }, {
        "name" : "Set values 'admin@gmail.com'/'admin' for `Емейл` and `Пароль` fields",
        "time" : {
          "start" : 1643100353868,
          "stop" : 1643100356815,
          "duration" : 2947
        },
        "status" : "passed",
        "steps" : [ {
          "name" : "Fill in Password field: 'admin'",
          "time" : {
            "start" : 1643100354641,
            "stop" : 1643100354750,
            "duration" : 109
          },
          "status" : "passed",
          "steps" : [ ],
          "attachments" : [ ],
          "parameters" : [ {
            "name" : "passwordValue",
            "value" : "admin"
          } ],
          "attachmentsCount" : 0,
          "shouldDisplayMessage" : false,
          "hasContent" : true,
          "stepsCount" : 0
        }, {
          "name" : "Click on Submit button",
          "time" : {
            "start" : 1643100354750,
            "stop" : 1643100356815,
            "duration" : 2065
          },
          "status" : "passed",
          "steps" : [ ],
          "attachments" : [ ],
          "parameters" : [ ],
          "attachmentsCount" : 0,
          "shouldDisplayMessage" : false,
          "hasContent" : false,
          "stepsCount" : 0
        } ],
        "attachments" : [ ],
        "parameters" : [ {
          "name" : "email",
          "value" : "admin@gmail.com"
        }, {
          "name" : "password",
          "value" : "admin"
        } ],
        "attachmentsCount" : 0,
        "shouldDisplayMessage" : false,
        "hasContent" : true,
        "stepsCount" : 2
      } ],
      "attachments" : [ ],
      "parameters" : [ {
        "name" : "email",
        "value" : "admin@gmail.com"
      }, {
        "name" : "password",
        "value" : "admin"
      } ],
      "attachmentsCount" : 0,
      "shouldDisplayMessage" : false,
      "hasContent" : true,
      "stepsCount" : 5
    }, {
      "name" : "Click on dropdown for authorized user in top right corner of header",
      "time" : {
        "start" : 1643100356816,
        "stop" : 1643100365830,
        "duration" : 9014
      },
      "status" : "passed",
      "steps" : [ ],
      "attachments" : [ ],
      "parameters" : [ ],
      "attachmentsCount" : 0,
      "shouldDisplayMessage" : false,
      "hasContent" : false,
      "stepsCount" : 0
    }, {
      "name" : "Click on 'Мій профіль' button in dropdown for authorized users",
      "time" : {
        "start" : 1643100365831,
        "stop" : 1643100371096,
        "duration" : 5265
      },
      "status" : "broken",
      "statusMessage" : "Expected condition failed: waiting for element to be clickable: By.xpath: //span/a[contains(text(),'Мій Профіль')] (tried for 5 second(s) with 500 milliseconds interval)\nBuild info: version: '4.1.0', revision: '87802e897b'\nSystem info: host: 'fv-az36-112', ip: '10.1.0.8', os.name: 'Linux', os.arch: 'amd64', os.version: '5.11.0-1027-azure', java.version: '1.8.0_292'\nDriver info: org.openqa.selenium.chrome.ChromeDriver\nCapabilities {acceptInsecureCerts: false, browserName: chrome, browserVersion: 97.0.4692.71, chrome: {chromedriverVersion: 97.0.4692.71 (adefa7837d02a..., userDataDir: /tmp/.com.google.Chrome.HfBg8F}, goog:chromeOptions: {debuggerAddress: localhost:34931}, javascriptEnabled: true, networkConnectionEnabled: false, pageLoadStrategy: normal, platform: LINUX, platformName: LINUX, proxy: Proxy(), se:cdp: ws://localhost:34931/devtoo..., se:cdpVersion: 97.0.4692.71, setWindowRect: true, strictFileInteractability: false, timeouts: {implicit: 0, pageLoad: 300000, script: 30000}, unhandledPromptBehavior: dismiss and notify, webauthn:extension:credBlob: true, webauthn:extension:largeBlob: true, webauthn:virtualAuthenticators: true}\nSession ID: f81ae4fb25d28024311cdccc39f1a70f",
      "statusTrace" : "org.openqa.selenium.TimeoutException: Expected condition failed: waiting for element to be clickable: By.xpath: //span/a[contains(text(),'Мій Профіль')] (tried for 5 second(s) with 500 milliseconds interval)\nBuild info: version: '4.1.0', revision: '87802e897b'\nSystem info: host: 'fv-az36-112', ip: '10.1.0.8', os.name: 'Linux', os.arch: 'amd64', os.version: '5.11.0-1027-azure', java.version: '1.8.0_292'\nDriver info: org.openqa.selenium.chrome.ChromeDriver\nCapabilities {acceptInsecureCerts: false, browserName: chrome, browserVersion: 97.0.4692.71, chrome: {chromedriverVersion: 97.0.4692.71 (adefa7837d02a..., userDataDir: /tmp/.com.google.Chrome.HfBg8F}, goog:chromeOptions: {debuggerAddress: localhost:34931}, javascriptEnabled: true, networkConnectionEnabled: false, pageLoadStrategy: normal, platform: LINUX, platformName: LINUX, proxy: Proxy(), se:cdp: ws://localhost:34931/devtoo..., se:cdpVersion: 97.0.4692.71, setWindowRect: true, strictFileInteractability: false, timeouts: {implicit: 0, pageLoad: 300000, script: 30000}, unhandledPromptBehavior: dismiss and notify, webauthn:extension:credBlob: true, webauthn:extension:largeBlob: true, webauthn:virtualAuthenticators: true}\nSession ID: f81ae4fb25d28024311cdccc39f1a70f\n\tat org.openqa.selenium.support.ui.WebDriverWait.timeoutException(WebDriverWait.java:138)\n\tat org.openqa.selenium.support.ui.FluentWait.until(FluentWait.java:231)\n\tat com.ita.edu.teachua.ui.pages.base_page.BasePage.waitUntilElementToBeClickable(BasePage.java:43)\n\tat com.ita.edu.teachua.ui.pages.header_page.OwnerDropdownComponent.clickOnProfile(OwnerDropdownComponent.java:36)\n\tat com.ita.edu.teachua.cucumber.steps_definitions.InvalidDataInFieldPhone.clickOnProfile(InvalidDataInFieldPhone.java:31)\n\tat sun.reflect.NativeMethodAccessorImpl.invoke0(Native Method)\n\tat sun.reflect.NativeMethodAccessorImpl.invoke(NativeMethodAccessorImpl.java:62)\n\tat sun.reflect.DelegatingMethodAccessorImpl.invoke(DelegatingMethodAccessorImpl.java:43)\n\tat java.lang.reflect.Method.invoke(Method.java:498)\n\tat io.cucumber.java.Invoker.doInvoke(Invoker.java:66)\n\tat io.cucumber.java.Invoker.invoke(Invoker.java:24)\n\tat io.cucumber.java.AbstractGlueDefinition.invokeMethod(AbstractGlueDefinition.java:47)\n\tat io.cucumber.java.JavaStepDefinition.execute(JavaStepDefinition.java:29)\n\tat io.cucumber.core.runner.CoreStepDefinition.execute(CoreStepDefinition.java:66)\n\tat io.cucumber.core.runner.PickleStepDefinitionMatch.runStep(PickleStepDefinitionMatch.java:63)\n\tat io.cucumber.core.runner.ExecutionMode$1.execute(ExecutionMode.java:10)\n\tat io.cucumber.core.runner.TestStep.executeStep(TestStep.java:86)\n\tat io.cucumber.core.runner.TestStep.run(TestStep.java:57)\n\tat io.cucumber.core.runner.PickleStepTestStep.run(PickleStepTestStep.java:51)\n\tat io.cucumber.core.runner.TestCase.run(TestCase.java:95)\n\tat io.cucumber.core.runner.Runner.runPickle(Runner.java:75)\n\tat io.cucumber.testng.TestNGCucumberRunner.lambda$runScenario$1(TestNGCucumberRunner.java:132)\n\tat io.cucumber.core.runtime.CucumberExecutionContext.lambda$runTestCase$3(CucumberExecutionContext.java:146)\n\tat io.cucumber.core.runtime.RethrowingThrowableCollector.executeAndThrow(RethrowingThrowableCollector.java:23)\n\tat io.cucumber.core.runtime.CucumberExecutionContext.runTestCase(CucumberExecutionContext.java:146)\n\tat io.cucumber.testng.TestNGCucumberRunner.runScenario(TestNGCucumberRunner.java:129)\n\tat com.ita.edu.teachua.cucumber.cucumberTestRunner.CucumberTestRunner.scenario(CucumberTestRunner.java:24)\n\tat sun.reflect.NativeMethodAccessorImpl.invoke0(Native Method)\n\tat sun.reflect.NativeMethodAccessorImpl.invoke(NativeMethodAccessorImpl.java:62)\n\tat sun.reflect.DelegatingMethodAccessorImpl.invoke(DelegatingMethodAccessorImpl.java:43)\n\tat java.lang.reflect.Method.invoke(Method.java:498)\n\tat org.testng.internal.MethodInvocationHelper.invokeMethod(MethodInvocationHelper.java:133)\n\tat org.testng.internal.TestInvoker.invokeMethod(TestInvoker.java:598)\n\tat org.testng.internal.TestInvoker.invokeTestMethod(TestInvoker.java:173)\n\tat org.testng.internal.MethodRunner.runInSequence(MethodRunner.java:46)\n\tat org.testng.internal.TestInvoker$MethodInvocationAgent.invoke(TestInvoker.java:824)\n\tat org.testng.internal.TestInvoker.invokeTestMethods(TestInvoker.java:146)\n\tat org.testng.internal.TestMethodWorker.invokeTestMethods(TestMethodWorker.java:146)\n\tat org.testng.internal.TestMethodWorker.run(TestMethodWorker.java:128)\n\tat java.util.ArrayList.forEach(ArrayList.java:1259)\n\tat org.testng.TestRunner.privateRun(TestRunner.java:794)\n\tat org.testng.TestRunner.run(TestRunner.java:596)\n\tat org.testng.SuiteRunner.runTest(SuiteRunner.java:377)\n\tat org.testng.SuiteRunner.access$000(SuiteRunner.java:28)\n\tat org.testng.SuiteRunner$SuiteWorker.run(SuiteRunner.java:418)\n\tat org.testng.internal.thread.ThreadUtil.lambda$execute$0(ThreadUtil.java:64)\n\tat java.util.concurrent.FutureTask.run(FutureTask.java:266)\n\tat java.util.concurrent.ThreadPoolExecutor.runWorker(ThreadPoolExecutor.java:1149)\n\tat java.util.concurrent.ThreadPoolExecutor$Worker.run(ThreadPoolExecutor.java:624)\n\tat java.lang.Thread.run(Thread.java:748)\n",
      "steps" : [ ],
      "attachments" : [ ],
      "parameters" : [ ],
      "attachmentsCount" : 0,
      "shouldDisplayMessage" : true,
      "hasContent" : true,
      "stepsCount" : 0
    } ],
    "attachments" : [ ],
    "parameters" : [ ],
    "attachmentsCount" : 0,
    "shouldDisplayMessage" : false,
    "hasContent" : true,
    "stepsCount" : 8
  },
  "afterStages" : [ {
    "name" : "tearDownClass",
    "time" : {
      "start" : 1643100371185,
      "stop" : 1643100371204,
      "duration" : 19
    },
    "description" : "",
    "status" : "passed",
    "steps" : [ ],
    "attachments" : [ ],
    "parameters" : [ ],
    "attachmentsCount" : 0,
    "shouldDisplayMessage" : false,
    "hasContent" : false,
    "stepsCount" : 0
  } ],
  "labels" : [ {
    "name" : "package",
    "value" : "com.ita.edu.teachua.cucumber.cucumberTestRunner.CucumberTestRunner"
  }, {
    "name" : "testClass",
    "value" : "com.ita.edu.teachua.cucumber.cucumberTestRunner.CucumberTestRunner"
  }, {
    "name" : "testMethod",
    "value" : "scenario"
  }, {
    "name" : "parentSuite",
    "value" : "Test Suite"
  }, {
    "name" : "suite",
    "value" : "BDD Tests"
  }, {
    "name" : "subSuite",
    "value" : "com.ita.edu.teachua.cucumber.cucumberTestRunner.CucumberTestRunner"
  }, {
    "name" : "host",
    "value" : "fv-az36-112"
  }, {
    "name" : "thread",
    "value" : "2796@fv-az36-112.TestNG-tests-1(13)"
  }, {
    "name" : "framework",
    "value" : "testng"
  }, {
    "name" : "language",
    "value" : "java"
  }, {
    "name" : "resultFormat",
    "value" : "allure2"
  } ],
  "parameters" : [ {
    "name" : "arg0",
    "value" : "\"This test case verify that error messages are shown and 'Зберегти зміни' button becomes disabled while entering invalid data for the 'Телефон' field\""
  }, {
    "name" : "arg1",
    "value" : "\"Optional[Verify that error messages are shown and 'Зберегти зміни' button becomes disabled]\""
  } ],
  "links" : [ ],
  "hidden" : false,
  "retry" : false,
  "extra" : {
    "severity" : "normal",
    "retries" : [ ],
    "categories" : [ {
      "name" : "Test defects",
      "matchedStatuses" : [ ],
      "flaky" : false
    } ],
    "history" : {
      "statistic" : {
        "failed" : 1,
        "broken" : 9,
        "skipped" : 0,
        "passed" : 23,
        "unknown" : 0,
        "total" : 33
      },
      "items" : [ {
        "uid" : "e72c40797f0574ed",
        "reportUrl" : "https://Lv-648-TAQC-Java-project.github.io/Selenium648PageFactory/67//#testresult/e72c40797f0574ed",
        "status" : "failed",
        "statusDetails" : "The following asserts failed:\n\texpected [Телефон не відповідає вказаному формату] but found [],\n\texpected [Телефон не відповідає вказаному формату] but found [],\n\texpected [Телефон не відповідає вказаному формату] but found [],\n\texpected [Телефон не може містити літери] but found [],\n\texpected [Телефон не відповідає вказаному формату] but found [],\n\texpected [Телефон не відповідає вказаному формату] but found [],\n\texpected [Телефон не відповідає вказаному формату] but found [],\n\texpected [Телефон не відповідає вказаному формату] but found [],\n\texpected [Телефон не відповідає вказаному формату] but found [],\n\texpected [Телефон не відповідає вказаному формату] but found [],\n\texpected [Телефон не відповідає вказаному формату] but found [],\n\texpected [Телефон не відповідає вказаному формату] but found [],\n\texpected [Телефон не відповідає вказаному формату] but found [],\n\texpected [Телефон не відповідає вказаному формату] but found [],\n\texpected [Телефон не відповідає вказаному формату] but found [],\n\texpected [Телефон не відповідає вказаному формату] but found [],\n\texpected [Телефон не відповідає вказаному формату] but found [],\n\texpected [Будь ласка введіть Ваш номер телефону] but found []",
        "time" : {
          "start" : 1643059846365,
          "stop" : 1643059920811,
          "duration" : 74446
        }
      }, {
        "uid" : "441395ba1940602c",
        "reportUrl" : "https://Lv-648-TAQC-Java-project.github.io/Selenium648PageFactory/67//#testresult/441395ba1940602c",
        "status" : "passed",
        "time" : {
          "start" : 1643057810441,
          "stop" : 1643057879697,
          "duration" : 69256
        }
      }, {
        "uid" : "6e5c161ea5dd8dc3",
        "reportUrl" : "https://Lv-648-TAQC-Java-project.github.io/Selenium648PageFactory/67//#testresult/6e5c161ea5dd8dc3",
        "status" : "broken",
        "statusDetails" : "Expected condition failed: waiting for element to be clickable: By.xpath: //span/a[contains(text(),'Мій Профіль')] (tried for 5 second(s) with 500 milliseconds interval)\nBuild info: version: '4.1.0', revision: '87802e897b'\nSystem info: host: 'fv-az121-422', ip: '10.1.0.205', os.name: 'Linux', os.arch: 'amd64', os.version: '5.11.0-1027-azure', java.version: '1.8.0_292'\nDriver info: org.openqa.selenium.chrome.ChromeDriver\nCapabilities {acceptInsecureCerts: false, browserName: chrome, browserVersion: 97.0.4692.71, chrome: {chromedriverVersion: 97.0.4692.71 (adefa7837d02a..., userDataDir: /tmp/.com.google.Chrome.fdGwof}, goog:chromeOptions: {debuggerAddress: localhost:39823}, javascriptEnabled: true, networkConnectionEnabled: false, pageLoadStrategy: normal, platform: LINUX, platformName: LINUX, proxy: Proxy(), se:cdp: ws://localhost:39823/devtoo..., se:cdpVersion: 97.0.4692.71, setWindowRect: true, strictFileInteractability: false, timeouts: {implicit: 0, pageLoad: 300000, script: 30000}, unhandledPromptBehavior: dismiss and notify, webauthn:extension:credBlob: true, webauthn:extension:largeBlob: true, webauthn:virtualAuthenticators: true}\nSession ID: 60e057f309400ca7620e56ba5b762b21",
        "time" : {
          "start" : 1643055618472,
          "stop" : 1643055642985,
          "duration" : 24513
        }
      }, {
        "uid" : "9c64cd9652fccc10",
        "reportUrl" : "https://Lv-648-TAQC-Java-project.github.io/Selenium648PageFactory/66//#testresult/9c64cd9652fccc10",
        "status" : "passed",
        "time" : {
          "start" : 1643025713354,
          "stop" : 1643025781772,
          "duration" : 68418
        }
      }, {
        "uid" : "9ebd37f70a44190a",
        "reportUrl" : "https://Lv-648-TAQC-Java-project.github.io/Selenium648PageFactory/66//#testresult/9ebd37f70a44190a",
        "status" : "passed",
        "time" : {
          "start" : 1643023634824,
          "stop" : 1643023704314,
          "duration" : 69490
        }
      }, {
        "uid" : "5632276698e817ee",
        "reportUrl" : "https://Lv-648-TAQC-Java-project.github.io/Selenium648PageFactory/65//#testresult/5632276698e817ee",
        "status" : "passed",
        "time" : {
          "start" : 1642957780086,
          "stop" : 1642957850508,
          "duration" : 70422
        }
      }, {
        "uid" : "7cc00928e04ca872",
        "reportUrl" : "https://Lv-648-TAQC-Java-project.github.io/Selenium648PageFactory/64//#testresult/7cc00928e04ca872",
        "status" : "passed",
        "time" : {
          "start" : 1642951891596,
          "stop" : 1642951963218,
          "duration" : 71622
        }
      }, {
        "uid" : "2759697f7da173b5",
        "reportUrl" : "https://Lv-648-TAQC-Java-project.github.io/Selenium648PageFactory/63//#testresult/2759697f7da173b5",
        "status" : "passed",
        "time" : {
          "start" : 1642947959784,
          "stop" : 1642948032603,
          "duration" : 72819
        }
      }, {
        "uid" : "852625759faadf3b",
        "reportUrl" : "https://Lv-648-TAQC-Java-project.github.io/Selenium648PageFactory/62//#testresult/852625759faadf3b",
        "status" : "passed",
        "time" : {
          "start" : 1642943820782,
          "stop" : 1642943891498,
          "duration" : 70716
        }
      }, {
        "uid" : "cc4189815fae3d51",
        "reportUrl" : "https://Lv-648-TAQC-Java-project.github.io/Selenium648PageFactory/60//#testresult/cc4189815fae3d51",
        "status" : "passed",
        "time" : {
          "start" : 1642936131629,
          "stop" : 1642936202478,
          "duration" : 70849
        }
      }, {
        "uid" : "fa3c33194d7bf2af",
        "reportUrl" : "https://Lv-648-TAQC-Java-project.github.io/Selenium648PageFactory/61//#testresult/fa3c33194d7bf2af",
        "status" : "passed",
        "time" : {
          "start" : 1642885894224,
          "stop" : 1642885964346,
          "duration" : 70122
        }
      }, {
        "uid" : "ba0157c8f4819226",
        "reportUrl" : "https://Lv-648-TAQC-Java-project.github.io/Selenium648PageFactory/60//#testresult/ba0157c8f4819226",
        "status" : "passed",
        "time" : {
          "start" : 1642884199810,
          "stop" : 1642884271174,
          "duration" : 71364
        }
      }, {
        "uid" : "f95e69e591faa6c3",
        "reportUrl" : "https://Lv-648-TAQC-Java-project.github.io/Selenium648PageFactory/60//#testresult/f95e69e591faa6c3",
        "status" : "passed",
        "time" : {
          "start" : 1642879894397,
          "stop" : 1642879964755,
          "duration" : 70358
        }
      }, {
        "uid" : "93b68b00429a01ad",
        "reportUrl" : "https://Lv-648-TAQC-Java-project.github.io/Selenium648PageFactory/60//#testresult/93b68b00429a01ad",
        "status" : "passed",
        "time" : {
          "start" : 1642878616628,
          "stop" : 1642878686593,
          "duration" : 69965
        }
      }, {
        "uid" : "6ee0c55b25122f00",
        "reportUrl" : "https://Lv-648-TAQC-Java-project.github.io/Selenium648PageFactory/59//#testresult/6ee0c55b25122f00",
        "status" : "passed",
        "time" : {
          "start" : 1642876245923,
          "stop" : 1642876316589,
          "duration" : 70666
        }
      }, {
        "uid" : "43d5f8eff0eb64bf",
        "reportUrl" : "https://Lv-648-TAQC-Java-project.github.io/Selenium648PageFactory/58//#testresult/43d5f8eff0eb64bf",
        "status" : "passed",
        "time" : {
          "start" : 1642870494810,
          "stop" : 1642870564810,
          "duration" : 70000
        }
      }, {
        "uid" : "d8316b454f9814b4",
        "reportUrl" : "https://Lv-648-TAQC-Java-project.github.io/Selenium648PageFactory/57//#testresult/d8316b454f9814b4",
        "status" : "passed",
        "time" : {
          "start" : 1642868046041,
          "stop" : 1642868116428,
          "duration" : 70387
        }
      }, {
        "uid" : "b2d436c2453c360a",
        "reportUrl" : "https://Lv-648-TAQC-Java-project.github.io/Selenium648PageFactory/57//#testresult/b2d436c2453c360a",
        "status" : "passed",
        "time" : {
          "start" : 1642849655207,
          "stop" : 1642849726347,
          "duration" : 71140
        }
      }, {
        "uid" : "c49b2ba0401425d",
        "reportUrl" : "https://Lv-648-TAQC-Java-project.github.io/Selenium648PageFactory/57//#testresult/c49b2ba0401425d",
        "status" : "broken",
        "statusDetails" : "no such element: Unable to locate element: {\"method\":\"css selector\",\"selector\":\"div.ant-dropdown-trigger.user-profile>span.avatarIfLogin\"}\n  (Session info: headless chrome=97.0.4692.71)\nFor documentation on this error, please visit: https://selenium.dev/exceptions/#no_such_element\nBuild info: version: '4.1.0', revision: '87802e897b'\nSystem info: host: 'fv-az74-933', ip: '10.1.0.43', os.name: 'Linux', os.arch: 'amd64', os.version: '5.11.0-1025-azure', java.version: '1.8.0_292'\nDriver info: org.openqa.selenium.chrome.ChromeDriver\nCommand: [13727494899b12bdaa5e69e7c14c1939, findElement {using=css selector, value=div.ant-dropdown-trigger.user-profile>span.avatarIfLogin}]\nCapabilities {acceptInsecureCerts: false, browserName: chrome, browserVersion: 97.0.4692.71, chrome: {chromedriverVersion: 97.0.4692.71 (adefa7837d02a..., userDataDir: /tmp/.com.google.Chrome.frcW90}, goog:chromeOptions: {debuggerAddress: localhost:34435}, javascriptEnabled: true, networkConnectionEnabled: false, pageLoadStrategy: normal, platform: LINUX, platformName: LINUX, proxy: Proxy(), se:cdp: ws://localhost:34435/devtoo..., se:cdpVersion: 97.0.4692.71, setWindowRect: true, strictFileInteractability: false, timeouts: {implicit: 0, pageLoad: 300000, script: 30000}, unhandledPromptBehavior: dismiss and notify, webauthn:extension:credBlob: true, webauthn:extension:largeBlob: true, webauthn:virtualAuthenticators: true}\nSession ID: 13727494899b12bdaa5e69e7c14c1939",
        "time" : {
          "start" : 1642792354459,
          "stop" : 1642792371539,
          "duration" : 17080
        }
      }, {
        "uid" : "a6584aba9d05250d",
        "reportUrl" : "https://Lv-648-TAQC-Java-project.github.io/Selenium648PageFactory/57//#testresult/a6584aba9d05250d",
        "status" : "broken",
        "statusDetails" : "no such element: Unable to locate element: {\"method\":\"css selector\",\"selector\":\"div.ant-dropdown-trigger.user-profile>span.avatarIfLogin\"}\n  (Session info: headless chrome=97.0.4692.71)\nFor documentation on this error, please visit: https://selenium.dev/exceptions/#no_such_element\nBuild info: version: '4.1.0', revision: '87802e897b'\nSystem info: host: 'fv-az42-839', ip: '10.1.0.98', os.name: 'Linux', os.arch: 'amd64', os.version: '5.11.0-1025-azure', java.version: '1.8.0_292'\nDriver info: org.openqa.selenium.chrome.ChromeDriver\nCommand: [eee1d69b8afd73ee81fcd8759b4bfe8b, findElement {using=css selector, value=div.ant-dropdown-trigger.user-profile>span.avatarIfLogin}]\nCapabilities {acceptInsecureCerts: false, browserName: chrome, browserVersion: 97.0.4692.71, chrome: {chromedriverVersion: 97.0.4692.71 (adefa7837d02a..., userDataDir: /tmp/.com.google.Chrome.ULJbDq}, goog:chromeOptions: {debuggerAddress: localhost:37705}, javascriptEnabled: true, networkConnectionEnabled: false, pageLoadStrategy: normal, platform: LINUX, platformName: LINUX, proxy: Proxy(), se:cdp: ws://localhost:37705/devtoo..., se:cdpVersion: 97.0.4692.71, setWindowRect: true, strictFileInteractability: false, timeouts: {implicit: 0, pageLoad: 300000, script: 30000}, unhandledPromptBehavior: dismiss and notify, webauthn:extension:credBlob: true, webauthn:extension:largeBlob: true, webauthn:virtualAuthenticators: true}\nSession ID: eee1d69b8afd73ee81fcd8759b4bfe8b",
        "time" : {
          "start" : 1642789694842,
          "stop" : 1642789711955,
          "duration" : 17113
        }
      } ]
    },
    "tags" : [ ]
  },
  "source" : "66ee60c4ae777fe.json",
  "parameterValues" : [ "\"This test case verify that error messages are shown and 'Зберегти зміни' button becomes disabled while entering invalid data for the 'Телефон' field\"", "\"Optional[Verify that error messages are shown and 'Зберегти зміни' button becomes disabled]\"" ]
}