{
  "uid" : "102b866105b45375",
  "name" : "TUA-430/431/433/434",
  "fullName" : "com.ita.edu.teachua.api.tests.ChallengeTest.isNotAbleToCreateChallengeWithInvalidValues",
  "historyId" : "9853471d0eac2bbc988447c8af39172d",
  "time" : {
    "start" : 1642787148194,
    "stop" : 1642787151055,
    "duration" : 2861
  },
  "status" : "failed",
  "statusMessage" : "The following asserts failed:\n\texpected [400] but found [405],\n\texpected [400] but found [405],\n\texpected [400] but found [405],\n\texpected [400] but found [405],\n\texpected [400] but found [405],\n\texpected [400] but found [405]",
  "statusTrace" : "java.lang.AssertionError: The following asserts failed:\n\texpected [400] but found [405],\n\texpected [400] but found [405],\n\texpected [400] but found [405],\n\texpected [400] but found [405],\n\texpected [400] but found [405],\n\texpected [400] but found [405]\n\tat org.testng.asserts.SoftAssert.assertAll(SoftAssert.java:47)\n\tat org.testng.asserts.SoftAssert.assertAll(SoftAssert.java:31)\n\tat com.ita.edu.teachua.api.tests.ChallengeTest.isNotAbleToCreateChallengeWithInvalidValues(ChallengeTest.java:103)\n\tat sun.reflect.NativeMethodAccessorImpl.invoke0(Native Method)\n\tat sun.reflect.NativeMethodAccessorImpl.invoke(NativeMethodAccessorImpl.java:62)\n\tat sun.reflect.DelegatingMethodAccessorImpl.invoke(DelegatingMethodAccessorImpl.java:43)\n\tat java.lang.reflect.Method.invoke(Method.java:498)\n\tat org.testng.internal.MethodInvocationHelper.invokeMethod(MethodInvocationHelper.java:133)\n\tat org.testng.internal.TestInvoker.invokeMethod(TestInvoker.java:598)\n\tat org.testng.internal.TestInvoker.invokeTestMethod(TestInvoker.java:173)\n\tat org.testng.internal.MethodRunner.runInSequence(MethodRunner.java:46)\n\tat org.testng.internal.TestInvoker$MethodInvocationAgent.invoke(TestInvoker.java:824)\n\tat org.testng.internal.TestInvoker.invokeTestMethods(TestInvoker.java:146)\n\tat org.testng.internal.TestMethodWorker.invokeTestMethods(TestMethodWorker.java:146)\n\tat org.testng.internal.TestMethodWorker.run(TestMethodWorker.java:128)\n\tat java.util.ArrayList.forEach(ArrayList.java:1259)\n\tat org.testng.TestRunner.privateRun(TestRunner.java:794)\n\tat org.testng.TestRunner.run(TestRunner.java:596)\n\tat org.testng.SuiteRunner.runTest(SuiteRunner.java:377)\n\tat org.testng.SuiteRunner.access$000(SuiteRunner.java:28)\n\tat org.testng.SuiteRunner$SuiteWorker.run(SuiteRunner.java:418)\n\tat org.testng.internal.thread.ThreadUtil.lambda$execute$0(ThreadUtil.java:64)\n\tat java.util.concurrent.FutureTask.run(FutureTask.java:266)\n\tat java.util.concurrent.ThreadPoolExecutor.runWorker(ThreadPoolExecutor.java:1149)\n\tat java.util.concurrent.ThreadPoolExecutor$Worker.run(ThreadPoolExecutor.java:624)\n\tat java.lang.Thread.run(Thread.java:748)\n",
  "flaky" : false,
  "newFailed" : true,
  "beforeStages" : [ {
    "name" : "beforeClass",
    "time" : {
      "start" : 1642787129351,
      "stop" : 1642787142780,
      "duration" : 13429
    },
    "description" : "",
    "status" : "passed",
    "steps" : [ {
      "name" : "Preparing base request",
      "time" : {
        "start" : 1642787129352,
        "stop" : 1642787129352,
        "duration" : 0
      },
      "status" : "passed",
      "steps" : [ ],
      "attachments" : [ ],
      "parameters" : [ ],
      "stepsCount" : 0,
      "attachmentsCount" : 0,
      "shouldDisplayMessage" : false,
      "hasContent" : false
    } ],
    "attachments" : [ ],
    "parameters" : [ ],
    "stepsCount" : 1,
    "attachmentsCount" : 0,
    "shouldDisplayMessage" : false,
    "hasContent" : true
  }, {
    "name" : "beforeSuite",
    "time" : {
      "start" : 1642787006241,
      "stop" : 1642787010141,
      "duration" : 3900
    },
    "description" : "",
    "status" : "passed",
    "steps" : [ ],
    "attachments" : [ ],
    "parameters" : [ ],
    "stepsCount" : 0,
    "attachmentsCount" : 0,
    "shouldDisplayMessage" : false,
    "hasContent" : false
  } ],
  "testStage" : {
    "status" : "failed",
    "statusMessage" : "The following asserts failed:\n\texpected [400] but found [405],\n\texpected [400] but found [405],\n\texpected [400] but found [405],\n\texpected [400] but found [405],\n\texpected [400] but found [405],\n\texpected [400] but found [405]",
    "statusTrace" : "java.lang.AssertionError: The following asserts failed:\n\texpected [400] but found [405],\n\texpected [400] but found [405],\n\texpected [400] but found [405],\n\texpected [400] but found [405],\n\texpected [400] but found [405],\n\texpected [400] but found [405]\n\tat org.testng.asserts.SoftAssert.assertAll(SoftAssert.java:47)\n\tat org.testng.asserts.SoftAssert.assertAll(SoftAssert.java:31)\n\tat com.ita.edu.teachua.api.tests.ChallengeTest.isNotAbleToCreateChallengeWithInvalidValues(ChallengeTest.java:103)\n\tat sun.reflect.NativeMethodAccessorImpl.invoke0(Native Method)\n\tat sun.reflect.NativeMethodAccessorImpl.invoke(NativeMethodAccessorImpl.java:62)\n\tat sun.reflect.DelegatingMethodAccessorImpl.invoke(DelegatingMethodAccessorImpl.java:43)\n\tat java.lang.reflect.Method.invoke(Method.java:498)\n\tat org.testng.internal.MethodInvocationHelper.invokeMethod(MethodInvocationHelper.java:133)\n\tat org.testng.internal.TestInvoker.invokeMethod(TestInvoker.java:598)\n\tat org.testng.internal.TestInvoker.invokeTestMethod(TestInvoker.java:173)\n\tat org.testng.internal.MethodRunner.runInSequence(MethodRunner.java:46)\n\tat org.testng.internal.TestInvoker$MethodInvocationAgent.invoke(TestInvoker.java:824)\n\tat org.testng.internal.TestInvoker.invokeTestMethods(TestInvoker.java:146)\n\tat org.testng.internal.TestMethodWorker.invokeTestMethods(TestMethodWorker.java:146)\n\tat org.testng.internal.TestMethodWorker.run(TestMethodWorker.java:128)\n\tat java.util.ArrayList.forEach(ArrayList.java:1259)\n\tat org.testng.TestRunner.privateRun(TestRunner.java:794)\n\tat org.testng.TestRunner.run(TestRunner.java:596)\n\tat org.testng.SuiteRunner.runTest(SuiteRunner.java:377)\n\tat org.testng.SuiteRunner.access$000(SuiteRunner.java:28)\n\tat org.testng.SuiteRunner$SuiteWorker.run(SuiteRunner.java:418)\n\tat org.testng.internal.thread.ThreadUtil.lambda$execute$0(ThreadUtil.java:64)\n\tat java.util.concurrent.FutureTask.run(FutureTask.java:266)\n\tat java.util.concurrent.ThreadPoolExecutor.runWorker(ThreadPoolExecutor.java:1149)\n\tat java.util.concurrent.ThreadPoolExecutor$Worker.run(ThreadPoolExecutor.java:624)\n\tat java.lang.Thread.run(Thread.java:748)\n",
    "steps" : [ {
      "name" : "Preparing base request",
      "time" : {
        "start" : 1642787148194,
        "stop" : 1642787148195,
        "duration" : 1
      },
      "status" : "passed",
      "steps" : [ ],
      "attachments" : [ ],
      "parameters" : [ ],
      "stepsCount" : 0,
      "attachmentsCount" : 0,
      "shouldDisplayMessage" : false,
      "hasContent" : false
    } ],
    "attachments" : [ ],
    "parameters" : [ ],
    "stepsCount" : 1,
    "attachmentsCount" : 0,
    "shouldDisplayMessage" : true,
    "hasContent" : true
  },
  "afterStages" : [ ],
  "labels" : [ {
    "name" : "package",
    "value" : "com.ita.edu.teachua.api.tests.ChallengeTest"
  }, {
    "name" : "testClass",
    "value" : "com.ita.edu.teachua.api.tests.ChallengeTest"
  }, {
    "name" : "testMethod",
    "value" : "isNotAbleToCreateChallengeWithInvalidValues"
  }, {
    "name" : "parentSuite",
    "value" : "Test Suite"
  }, {
    "name" : "suite",
    "value" : "API Tests"
  }, {
    "name" : "subSuite",
    "value" : "com.ita.edu.teachua.api.tests.ChallengeTest"
  }, {
    "name" : "host",
    "value" : "fv-az77-149"
  }, {
    "name" : "thread",
    "value" : "2827@fv-az77-149.TestNG-tests-3(15)"
  }, {
    "name" : "framework",
    "value" : "testng"
  }, {
    "name" : "language",
    "value" : "java"
  }, {
    "name" : "resultFormat",
    "value" : "allure2"
  } ],
  "parameters" : [ ],
  "links" : [ ],
  "hidden" : false,
  "retry" : false,
  "extra" : {
    "severity" : "normal",
    "retries" : [ ],
    "categories" : [ {
      "name" : "Product defects",
      "matchedStatuses" : [ ],
      "flaky" : false
    } ],
    "history" : {
      "statistic" : {
        "failed" : 1,
        "broken" : 0,
        "skipped" : 0,
        "passed" : 11,
        "unknown" : 0,
        "total" : 12
      },
      "items" : [ {
        "uid" : "b0eb147ed134cb59",
        "reportUrl" : "https://Lv-648-TAQC-Java-project.github.io/Selenium648PageFactory/56//#testresult/b0eb147ed134cb59",
        "status" : "passed",
        "time" : {
          "start" : 1642787114117,
          "stop" : 1642787114923,
          "duration" : 806
        }
      }, {
        "uid" : "cb2fc78ff2bf5ed0",
        "reportUrl" : "https://Lv-648-TAQC-Java-project.github.io/Selenium648PageFactory/55//#testresult/cb2fc78ff2bf5ed0",
        "status" : "passed",
        "time" : {
          "start" : 1642786510644,
          "stop" : 1642786511711,
          "duration" : 1067
        }
      }, {
        "uid" : "9cef905243cde86d",
        "reportUrl" : "https://Lv-648-TAQC-Java-project.github.io/Selenium648PageFactory/54//#testresult/9cef905243cde86d",
        "status" : "passed",
        "time" : {
          "start" : 1642786508812,
          "stop" : 1642786510014,
          "duration" : 1202
        }
      }, {
        "uid" : "2c14aecb33bd6284",
        "reportUrl" : "https://Lv-648-TAQC-Java-project.github.io/Selenium648PageFactory/53//#testresult/2c14aecb33bd6284",
        "status" : "passed",
        "time" : {
          "start" : 1642785369258,
          "stop" : 1642785370697,
          "duration" : 1439
        }
      }, {
        "uid" : "f4bf30c1c4bfff63",
        "reportUrl" : "https://Lv-648-TAQC-Java-project.github.io/Selenium648PageFactory/41//#testresult/f4bf30c1c4bfff63",
        "status" : "passed",
        "time" : {
          "start" : 1642772998694,
          "stop" : 1642772999552,
          "duration" : 858
        }
      }, {
        "uid" : "acf2e263dea5aa4",
        "reportUrl" : "https://Lv-648-TAQC-Java-project.github.io/Selenium648PageFactory/39//#testresult/acf2e263dea5aa4",
        "status" : "passed",
        "time" : {
          "start" : 1642769044190,
          "stop" : 1642769045151,
          "duration" : 961
        }
      }, {
        "uid" : "414c55e177547de9",
        "reportUrl" : "https://Lv-648-TAQC-Java-project.github.io/Selenium648PageFactory/37//#testresult/414c55e177547de9",
        "status" : "passed",
        "time" : {
          "start" : 1642762295439,
          "stop" : 1642762296920,
          "duration" : 1481
        }
      }, {
        "uid" : "426ff369d7bb1cd3",
        "reportUrl" : "https://Lv-648-TAQC-Java-project.github.io/Selenium648PageFactory/36//#testresult/426ff369d7bb1cd3",
        "status" : "passed",
        "time" : {
          "start" : 1642760798971,
          "stop" : 1642760799899,
          "duration" : 928
        }
      }, {
        "uid" : "74e2b434d4a9ac04",
        "reportUrl" : "https://Lv-648-TAQC-Java-project.github.io/Selenium648PageFactory/37//#testresult/74e2b434d4a9ac04",
        "status" : "passed",
        "time" : {
          "start" : 1642760795252,
          "stop" : 1642760796073,
          "duration" : 821
        }
      }, {
        "uid" : "be781299a3920ec0",
        "reportUrl" : "https://Lv-648-TAQC-Java-project.github.io/Selenium648PageFactory/35//#testresult/be781299a3920ec0",
        "status" : "passed",
        "time" : {
          "start" : 1642759910685,
          "stop" : 1642759911762,
          "duration" : 1077
        }
      }, {
        "uid" : "e079b90a86caff53",
        "reportUrl" : "https://Lv-648-TAQC-Java-project.github.io/Selenium648PageFactory/33//#testresult/e079b90a86caff53",
        "status" : "passed",
        "time" : {
          "start" : 1642759178484,
          "stop" : 1642759179900,
          "duration" : 1416
        }
      } ]
    },
    "tags" : [ ]
  },
  "source" : "102b866105b45375.json",
  "parameterValues" : [ ]
}