{
  "uid" : "4226bf465ca915f3",
  "name" : "TUA-377",
  "fullName" : "com.ita.edu.teachua.api.tests.RegistrationTest.testRegisterWithOneEmptyField",
  "historyId" : "20457c47d535bd49aebadbd9a1fa01d5",
  "time" : {
    "start" : 1642789609261,
    "stop" : 1642789614617,
    "duration" : 5356
  },
  "description" : "TUA-377 [API] Verify that user is not registered if at least one of the mandatory fields is empty",
  "descriptionHtml" : "<p>TUA-377 [API] Verify that user is not registered if at least one of the mandatory fields is empty</p>\n",
  "status" : "failed",
  "statusMessage" : "The following asserts failed:\n\tNo first name responded 405 expected [400] but found [405],\n\texpected [\"firstName\" can`t be empty] but found [Request method 'POST' not supported],\n\tNo last name responded 405 expected [400] but found [405],\n\texpected [\"lastName\" can`t be empty] but found [Request method 'POST' not supported],\n\tNo email responded 405 expected [400] but found [405],\n\texpected [true] but found [false],\n\tNo password responded 405 expected [400] but found [405],\n\texpected [true] but found [false],\n\tNo phone responded 405 expected [400] but found [405],\n\texpected [true] but found [false],\n\tNo role name responded 405 expected [400] but found [405],\n\texpected [true] but found [false]",
  "statusTrace" : "java.lang.AssertionError: The following asserts failed:\n\tNo first name responded 405 expected [400] but found [405],\n\texpected [\"firstName\" can`t be empty] but found [Request method 'POST' not supported],\n\tNo last name responded 405 expected [400] but found [405],\n\texpected [\"lastName\" can`t be empty] but found [Request method 'POST' not supported],\n\tNo email responded 405 expected [400] but found [405],\n\texpected [true] but found [false],\n\tNo password responded 405 expected [400] but found [405],\n\texpected [true] but found [false],\n\tNo phone responded 405 expected [400] but found [405],\n\texpected [true] but found [false],\n\tNo role name responded 405 expected [400] but found [405],\n\texpected [true] but found [false]\n\tat org.testng.asserts.SoftAssert.assertAll(SoftAssert.java:47)\n\tat org.testng.asserts.SoftAssert.assertAll(SoftAssert.java:31)\n\tat com.ita.edu.teachua.api.tests.RegistrationTest.testRegisterWithOneEmptyField(RegistrationTest.java:84)\n\tat sun.reflect.NativeMethodAccessorImpl.invoke0(Native Method)\n\tat sun.reflect.NativeMethodAccessorImpl.invoke(NativeMethodAccessorImpl.java:62)\n\tat sun.reflect.DelegatingMethodAccessorImpl.invoke(DelegatingMethodAccessorImpl.java:43)\n\tat java.lang.reflect.Method.invoke(Method.java:498)\n\tat org.testng.internal.MethodInvocationHelper.invokeMethod(MethodInvocationHelper.java:133)\n\tat org.testng.internal.TestInvoker.invokeMethod(TestInvoker.java:598)\n\tat org.testng.internal.TestInvoker.invokeTestMethod(TestInvoker.java:173)\n\tat org.testng.internal.MethodRunner.runInSequence(MethodRunner.java:46)\n\tat org.testng.internal.TestInvoker$MethodInvocationAgent.invoke(TestInvoker.java:824)\n\tat org.testng.internal.TestInvoker.invokeTestMethods(TestInvoker.java:146)\n\tat org.testng.internal.TestMethodWorker.invokeTestMethods(TestMethodWorker.java:146)\n\tat org.testng.internal.TestMethodWorker.run(TestMethodWorker.java:128)\n\tat java.util.ArrayList.forEach(ArrayList.java:1259)\n\tat org.testng.TestRunner.privateRun(TestRunner.java:794)\n\tat org.testng.TestRunner.run(TestRunner.java:596)\n\tat org.testng.SuiteRunner.runTest(SuiteRunner.java:377)\n\tat org.testng.SuiteRunner.access$000(SuiteRunner.java:28)\n\tat org.testng.SuiteRunner$SuiteWorker.run(SuiteRunner.java:418)\n\tat org.testng.internal.thread.ThreadUtil.lambda$execute$0(ThreadUtil.java:64)\n\tat java.util.concurrent.FutureTask.run(FutureTask.java:266)\n\tat java.util.concurrent.ThreadPoolExecutor.runWorker(ThreadPoolExecutor.java:1149)\n\tat java.util.concurrent.ThreadPoolExecutor$Worker.run(ThreadPoolExecutor.java:624)\n\tat java.lang.Thread.run(Thread.java:748)\n",
  "flaky" : false,
  "newFailed" : false,
  "beforeStages" : [ {
    "name" : "beforeClass",
    "time" : {
      "start" : 1642789600957,
      "stop" : 1642789600958,
      "duration" : 1
    },
    "description" : "",
    "status" : "passed",
    "steps" : [ ],
    "attachments" : [ ],
    "parameters" : [ ],
    "stepsCount" : 0,
    "attachmentsCount" : 0,
    "shouldDisplayMessage" : false,
    "hasContent" : false
  }, {
    "name" : "beforeSuite",
    "time" : {
      "start" : 1642789575865,
      "stop" : 1642789577675,
      "duration" : 1810
    },
    "description" : "",
    "status" : "passed",
    "steps" : [ ],
    "attachments" : [ ],
    "parameters" : [ ],
    "stepsCount" : 0,
    "attachmentsCount" : 0,
    "shouldDisplayMessage" : false,
    "hasContent" : false
  } ],
  "testStage" : {
    "description" : "TUA-377 [API] Verify that user is not registered if at least one of the mandatory fields is empty",
    "status" : "failed",
    "statusMessage" : "The following asserts failed:\n\tNo first name responded 405 expected [400] but found [405],\n\texpected [\"firstName\" can`t be empty] but found [Request method 'POST' not supported],\n\tNo last name responded 405 expected [400] but found [405],\n\texpected [\"lastName\" can`t be empty] but found [Request method 'POST' not supported],\n\tNo email responded 405 expected [400] but found [405],\n\texpected [true] but found [false],\n\tNo password responded 405 expected [400] but found [405],\n\texpected [true] but found [false],\n\tNo phone responded 405 expected [400] but found [405],\n\texpected [true] but found [false],\n\tNo role name responded 405 expected [400] but found [405],\n\texpected [true] but found [false]",
    "statusTrace" : "java.lang.AssertionError: The following asserts failed:\n\tNo first name responded 405 expected [400] but found [405],\n\texpected [\"firstName\" can`t be empty] but found [Request method 'POST' not supported],\n\tNo last name responded 405 expected [400] but found [405],\n\texpected [\"lastName\" can`t be empty] but found [Request method 'POST' not supported],\n\tNo email responded 405 expected [400] but found [405],\n\texpected [true] but found [false],\n\tNo password responded 405 expected [400] but found [405],\n\texpected [true] but found [false],\n\tNo phone responded 405 expected [400] but found [405],\n\texpected [true] but found [false],\n\tNo role name responded 405 expected [400] but found [405],\n\texpected [true] but found [false]\n\tat org.testng.asserts.SoftAssert.assertAll(SoftAssert.java:47)\n\tat org.testng.asserts.SoftAssert.assertAll(SoftAssert.java:31)\n\tat com.ita.edu.teachua.api.tests.RegistrationTest.testRegisterWithOneEmptyField(RegistrationTest.java:84)\n\tat sun.reflect.NativeMethodAccessorImpl.invoke0(Native Method)\n\tat sun.reflect.NativeMethodAccessorImpl.invoke(NativeMethodAccessorImpl.java:62)\n\tat sun.reflect.DelegatingMethodAccessorImpl.invoke(DelegatingMethodAccessorImpl.java:43)\n\tat java.lang.reflect.Method.invoke(Method.java:498)\n\tat org.testng.internal.MethodInvocationHelper.invokeMethod(MethodInvocationHelper.java:133)\n\tat org.testng.internal.TestInvoker.invokeMethod(TestInvoker.java:598)\n\tat org.testng.internal.TestInvoker.invokeTestMethod(TestInvoker.java:173)\n\tat org.testng.internal.MethodRunner.runInSequence(MethodRunner.java:46)\n\tat org.testng.internal.TestInvoker$MethodInvocationAgent.invoke(TestInvoker.java:824)\n\tat org.testng.internal.TestInvoker.invokeTestMethods(TestInvoker.java:146)\n\tat org.testng.internal.TestMethodWorker.invokeTestMethods(TestMethodWorker.java:146)\n\tat org.testng.internal.TestMethodWorker.run(TestMethodWorker.java:128)\n\tat java.util.ArrayList.forEach(ArrayList.java:1259)\n\tat org.testng.TestRunner.privateRun(TestRunner.java:794)\n\tat org.testng.TestRunner.run(TestRunner.java:596)\n\tat org.testng.SuiteRunner.runTest(SuiteRunner.java:377)\n\tat org.testng.SuiteRunner.access$000(SuiteRunner.java:28)\n\tat org.testng.SuiteRunner$SuiteWorker.run(SuiteRunner.java:418)\n\tat org.testng.internal.thread.ThreadUtil.lambda$execute$0(ThreadUtil.java:64)\n\tat java.util.concurrent.FutureTask.run(FutureTask.java:266)\n\tat java.util.concurrent.ThreadPoolExecutor.runWorker(ThreadPoolExecutor.java:1149)\n\tat java.util.concurrent.ThreadPoolExecutor$Worker.run(ThreadPoolExecutor.java:624)\n\tat java.lang.Thread.run(Thread.java:748)\n",
    "steps" : [ {
      "name" : "Preparing base request",
      "time" : {
        "start" : 1642789609261,
        "stop" : 1642789609262,
        "duration" : 1
      },
      "status" : "passed",
      "steps" : [ ],
      "attachments" : [ ],
      "parameters" : [ ],
      "stepsCount" : 0,
      "attachmentsCount" : 0,
      "shouldDisplayMessage" : false,
      "hasContent" : false
    }, {
      "name" : "Preparing base request",
      "time" : {
        "start" : 1642789610138,
        "stop" : 1642789610141,
        "duration" : 3
      },
      "status" : "passed",
      "steps" : [ ],
      "attachments" : [ ],
      "parameters" : [ ],
      "stepsCount" : 0,
      "attachmentsCount" : 0,
      "shouldDisplayMessage" : false,
      "hasContent" : false
    }, {
      "name" : "Preparing base request",
      "time" : {
        "start" : 1642789611195,
        "stop" : 1642789611196,
        "duration" : 1
      },
      "status" : "passed",
      "steps" : [ ],
      "attachments" : [ ],
      "parameters" : [ ],
      "stepsCount" : 0,
      "attachmentsCount" : 0,
      "shouldDisplayMessage" : false,
      "hasContent" : false
    }, {
      "name" : "Preparing base request",
      "time" : {
        "start" : 1642789611999,
        "stop" : 1642789612000,
        "duration" : 1
      },
      "status" : "passed",
      "steps" : [ ],
      "attachments" : [ ],
      "parameters" : [ ],
      "stepsCount" : 0,
      "attachmentsCount" : 0,
      "shouldDisplayMessage" : false,
      "hasContent" : false
    }, {
      "name" : "Preparing base request",
      "time" : {
        "start" : 1642789612807,
        "stop" : 1642789612807,
        "duration" : 0
      },
      "status" : "passed",
      "steps" : [ ],
      "attachments" : [ ],
      "parameters" : [ ],
      "stepsCount" : 0,
      "attachmentsCount" : 0,
      "shouldDisplayMessage" : false,
      "hasContent" : false
    }, {
      "name" : "Preparing base request",
      "time" : {
        "start" : 1642789613626,
        "stop" : 1642789613626,
        "duration" : 0
      },
      "status" : "passed",
      "steps" : [ ],
      "attachments" : [ ],
      "parameters" : [ ],
      "stepsCount" : 0,
      "attachmentsCount" : 0,
      "shouldDisplayMessage" : false,
      "hasContent" : false
    } ],
    "attachments" : [ ],
    "parameters" : [ ],
    "stepsCount" : 6,
    "attachmentsCount" : 0,
    "shouldDisplayMessage" : true,
    "hasContent" : true
  },
  "afterStages" : [ ],
  "labels" : [ {
    "name" : "package",
    "value" : "com.ita.edu.teachua.api.tests.RegistrationTest"
  }, {
    "name" : "testClass",
    "value" : "com.ita.edu.teachua.api.tests.RegistrationTest"
  }, {
    "name" : "testMethod",
    "value" : "testRegisterWithOneEmptyField"
  }, {
    "name" : "parentSuite",
    "value" : "Test Suite"
  }, {
    "name" : "suite",
    "value" : "API Tests"
  }, {
    "name" : "subSuite",
    "value" : "com.ita.edu.teachua.api.tests.RegistrationTest"
  }, {
    "name" : "host",
    "value" : "fv-az42-839"
  }, {
    "name" : "thread",
    "value" : "2885@fv-az42-839.TestNG-tests-3(15)"
  }, {
    "name" : "framework",
    "value" : "testng"
  }, {
    "name" : "language",
    "value" : "java"
  }, {
    "name" : "resultFormat",
    "value" : "allure2"
  } ],
  "parameters" : [ ],
  "links" : [ {
    "name" : "TUA-377",
    "type" : "issue"
  } ],
  "hidden" : false,
  "retry" : false,
  "extra" : {
    "severity" : "normal",
    "retries" : [ ],
    "categories" : [ {
      "name" : "Product defects",
      "matchedStatuses" : [ ],
      "flaky" : false
    } ],
    "history" : {
      "statistic" : {
        "failed" : 3,
        "broken" : 0,
        "skipped" : 0,
        "passed" : 10,
        "unknown" : 0,
        "total" : 13
      },
      "items" : [ {
        "uid" : "d75903d0684180e3",
        "reportUrl" : "https://Lv-648-TAQC-Java-project.github.io/Selenium648PageFactory/57//#testresult/d75903d0684180e3",
        "status" : "failed",
        "statusDetails" : "The following asserts failed:\n\tNo first name responded 405 expected [400] but found [405],\n\texpected [\"firstName\" can`t be empty] but found [Request method 'POST' not supported],\n\tNo last name responded 405 expected [400] but found [405],\n\texpected [\"lastName\" can`t be empty] but found [Request method 'POST' not supported],\n\tNo email responded 405 expected [400] but found [405],\n\texpected [true] but found [false],\n\tNo password responded 405 expected [400] but found [405],\n\texpected [true] but found [false],\n\tNo phone responded 405 expected [400] but found [405],\n\texpected [true] but found [false],\n\tNo role name responded 405 expected [400] but found [405],\n\texpected [true] but found [false]",
        "time" : {
          "start" : 1642787168760,
          "stop" : 1642787173877,
          "duration" : 5117
        }
      }, {
        "uid" : "259507629d9ed2ba",
        "reportUrl" : "https://Lv-648-TAQC-Java-project.github.io/Selenium648PageFactory/56//#testresult/259507629d9ed2ba",
        "status" : "failed",
        "statusDetails" : "The following asserts failed:\n\tNo first name responded 405 expected [400] but found [405],\n\texpected [\"firstName\" can`t be empty] but found [Request method 'POST' not supported],\n\tNo last name responded 405 expected [400] but found [405],\n\texpected [\"lastName\" can`t be empty] but found [Request method 'POST' not supported],\n\tNo email responded 405 expected [400] but found [405],\n\texpected [true] but found [false],\n\tNo password responded 405 expected [400] but found [405],\n\texpected [true] but found [false],\n\tNo phone responded 405 expected [400] but found [405],\n\texpected [true] but found [false],\n\tNo role name responded 405 expected [400] but found [405],\n\texpected [true] but found [false]",
        "time" : {
          "start" : 1642787166335,
          "stop" : 1642787171220,
          "duration" : 4885
        }
      }, {
        "uid" : "e16c60a08377f002",
        "reportUrl" : "https://Lv-648-TAQC-Java-project.github.io/Selenium648PageFactory/55//#testresult/e16c60a08377f002",
        "status" : "passed",
        "time" : {
          "start" : 1642786607022,
          "stop" : 1642786612347,
          "duration" : 5325
        }
      }, {
        "uid" : "73004617775d23b",
        "reportUrl" : "https://Lv-648-TAQC-Java-project.github.io/Selenium648PageFactory/54//#testresult/73004617775d23b",
        "status" : "passed",
        "time" : {
          "start" : 1642786595789,
          "stop" : 1642786600874,
          "duration" : 5085
        }
      }, {
        "uid" : "ddaf22f68f3f7c3e",
        "reportUrl" : "https://Lv-648-TAQC-Java-project.github.io/Selenium648PageFactory/53//#testresult/ddaf22f68f3f7c3e",
        "status" : "passed",
        "time" : {
          "start" : 1642785679168,
          "stop" : 1642785685296,
          "duration" : 6128
        }
      }, {
        "uid" : "aa1526a2fb27fbbf",
        "reportUrl" : "https://Lv-648-TAQC-Java-project.github.io/Selenium648PageFactory/41//#testresult/aa1526a2fb27fbbf",
        "status" : "passed",
        "time" : {
          "start" : 1642773126064,
          "stop" : 1642773132511,
          "duration" : 6447
        }
      }, {
        "uid" : "7382a2ca0b9a5a9d",
        "reportUrl" : "https://Lv-648-TAQC-Java-project.github.io/Selenium648PageFactory/39//#testresult/7382a2ca0b9a5a9d",
        "status" : "passed",
        "time" : {
          "start" : 1642769151226,
          "stop" : 1642769157188,
          "duration" : 5962
        }
      }, {
        "uid" : "2266e7d2e0bd0b5f",
        "reportUrl" : "https://Lv-648-TAQC-Java-project.github.io/Selenium648PageFactory/37//#testresult/2266e7d2e0bd0b5f",
        "status" : "passed",
        "time" : {
          "start" : 1642762399734,
          "stop" : 1642762406096,
          "duration" : 6362
        }
      }, {
        "uid" : "97aab59f1ff3d2ea",
        "reportUrl" : "https://Lv-648-TAQC-Java-project.github.io/Selenium648PageFactory/36//#testresult/97aab59f1ff3d2ea",
        "status" : "passed",
        "time" : {
          "start" : 1642761107556,
          "stop" : 1642761115647,
          "duration" : 8091
        }
      }, {
        "uid" : "658dfefcbc81cc50",
        "reportUrl" : "https://Lv-648-TAQC-Java-project.github.io/Selenium648PageFactory/37//#testresult/658dfefcbc81cc50",
        "status" : "passed",
        "time" : {
          "start" : 1642761138709,
          "stop" : 1642761144895,
          "duration" : 6186
        }
      }, {
        "uid" : "aecaf30de5bc9274",
        "reportUrl" : "https://Lv-648-TAQC-Java-project.github.io/Selenium648PageFactory/35//#testresult/aecaf30de5bc9274",
        "status" : "passed",
        "time" : {
          "start" : 1642759993341,
          "stop" : 1642759998692,
          "duration" : 5351
        }
      }, {
        "uid" : "a193eba0f80a08aa",
        "reportUrl" : "https://Lv-648-TAQC-Java-project.github.io/Selenium648PageFactory/33//#testresult/a193eba0f80a08aa",
        "status" : "passed",
        "time" : {
          "start" : 1642759283508,
          "stop" : 1642759289287,
          "duration" : 5779
        }
      } ]
    },
    "tags" : [ ]
  },
  "source" : "4226bf465ca915f3.json",
  "parameterValues" : [ ]
}