{
  "uid" : "49243222fe1979d4",
  "name" : "TUA-509",
  "fullName" : "com.ita.edu.teachua.ui.tests.AdvancedSearchTest.verifyAllParametersActiveClubsAdvancedSearch",
  "historyId" : "c717ae46ca7d53499098b4f4a897b060",
  "time" : {
    "start" : 1642792672959,
    "stop" : 1642792683150,
    "duration" : 10191
  },
  "description" : "Verify that all parameters are activated with the selected 'Гурток' radio button",
  "descriptionHtml" : "<p>Verify that all parameters are activated with the selected 'Гурток' radio button</p>\n",
  "status" : "broken",
  "statusMessage" : "no such element: Unable to locate element: {\"method\":\"xpath\",\"selector\":\"//span[@title='Розширений пошук']\"}\n  (Session info: chrome=97.0.4692.71)\nFor documentation on this error, please visit: https://selenium.dev/exceptions/#no_such_element\nBuild info: version: '4.1.0', revision: '87802e897b'\nSystem info: host: 'fv-az74-933', ip: '10.1.0.43', os.name: 'Linux', os.arch: 'amd64', os.version: '5.11.0-1025-azure', java.version: '1.8.0_292'\nDriver info: org.openqa.selenium.chrome.ChromeDriver\nCommand: [a59c9a81193292a1cee02c627df401e3, findElement {using=xpath, value=//span[@title='Розширений пошук']}]\nCapabilities {acceptInsecureCerts: false, browserName: chrome, browserVersion: 97.0.4692.71, chrome: {chromedriverVersion: 97.0.4692.71 (adefa7837d02a..., userDataDir: /tmp/.com.google.Chrome.039yWL}, goog:chromeOptions: {debuggerAddress: localhost:43231}, javascriptEnabled: true, networkConnectionEnabled: false, pageLoadStrategy: normal, platform: LINUX, platformName: LINUX, proxy: Proxy(), se:cdp: ws://localhost:43231/devtoo..., se:cdpVersion: 97.0.4692.71, setWindowRect: true, strictFileInteractability: false, timeouts: {implicit: 0, pageLoad: 300000, script: 30000}, unhandledPromptBehavior: dismiss and notify, webauthn:extension:credBlob: true, webauthn:extension:largeBlob: true, webauthn:virtualAuthenticators: true}\nSession ID: a59c9a81193292a1cee02c627df401e3",
  "statusTrace" : "org.openqa.selenium.NoSuchElementException: no such element: Unable to locate element: {\"method\":\"xpath\",\"selector\":\"//span[@title='Розширений пошук']\"}\n  (Session info: chrome=97.0.4692.71)\nFor documentation on this error, please visit: https://selenium.dev/exceptions/#no_such_element\nBuild info: version: '4.1.0', revision: '87802e897b'\nSystem info: host: 'fv-az74-933', ip: '10.1.0.43', os.name: 'Linux', os.arch: 'amd64', os.version: '5.11.0-1025-azure', java.version: '1.8.0_292'\nDriver info: org.openqa.selenium.chrome.ChromeDriver\nCommand: [a59c9a81193292a1cee02c627df401e3, findElement {using=xpath, value=//span[@title='Розширений пошук']}]\nCapabilities {acceptInsecureCerts: false, browserName: chrome, browserVersion: 97.0.4692.71, chrome: {chromedriverVersion: 97.0.4692.71 (adefa7837d02a..., userDataDir: /tmp/.com.google.Chrome.039yWL}, goog:chromeOptions: {debuggerAddress: localhost:43231}, javascriptEnabled: true, networkConnectionEnabled: false, pageLoadStrategy: normal, platform: LINUX, platformName: LINUX, proxy: Proxy(), se:cdp: ws://localhost:43231/devtoo..., se:cdpVersion: 97.0.4692.71, setWindowRect: true, strictFileInteractability: false, timeouts: {implicit: 0, pageLoad: 300000, script: 30000}, unhandledPromptBehavior: dismiss and notify, webauthn:extension:credBlob: true, webauthn:extension:largeBlob: true, webauthn:virtualAuthenticators: true}\nSession ID: a59c9a81193292a1cee02c627df401e3\n\tat sun.reflect.GeneratedConstructorAccessor111.newInstance(Unknown Source)\n\tat sun.reflect.DelegatingConstructorAccessorImpl.newInstance(DelegatingConstructorAccessorImpl.java:45)\n\tat java.lang.reflect.Constructor.newInstance(Constructor.java:423)\n\tat org.openqa.selenium.remote.codec.w3c.W3CHttpResponseCodec.createException(W3CHttpResponseCodec.java:200)\n\tat org.openqa.selenium.remote.codec.w3c.W3CHttpResponseCodec.decode(W3CHttpResponseCodec.java:133)\n\tat org.openqa.selenium.remote.codec.w3c.W3CHttpResponseCodec.decode(W3CHttpResponseCodec.java:53)\n\tat org.openqa.selenium.remote.HttpCommandExecutor.execute(HttpCommandExecutor.java:184)\n\tat org.openqa.selenium.remote.service.DriverCommandExecutor.invokeExecute(DriverCommandExecutor.java:164)\n\tat org.openqa.selenium.remote.service.DriverCommandExecutor.execute(DriverCommandExecutor.java:139)\n\tat org.openqa.selenium.remote.RemoteWebDriver.execute(RemoteWebDriver.java:559)\n\tat org.openqa.selenium.remote.ElementLocation$ElementFinder$2.findElement(ElementLocation.java:162)\n\tat org.openqa.selenium.remote.ElementLocation.findElement(ElementLocation.java:60)\n\tat org.openqa.selenium.remote.RemoteWebDriver.findElement(RemoteWebDriver.java:383)\n\tat org.openqa.selenium.remote.RemoteWebDriver.findElement(RemoteWebDriver.java:375)\n\tat org.openqa.selenium.support.pagefactory.DefaultElementLocator.findElement(DefaultElementLocator.java:70)\n\tat com.ita.edu.teachua.ui.pagefactory.ElementHandler.invoke(ElementHandler.java:32)\n\tat com.sun.proxy.$Proxy43.click(Unknown Source)\n\tat com.ita.edu.teachua.ui.pages.main_page.MainPage.clickAdvancedSearchButton(MainPage.java:39)\n\tat com.ita.edu.teachua.ui.tests.AdvancedSearchTest.verifyAllParametersActiveClubsAdvancedSearch(AdvancedSearchTest.java:99)\n\tat sun.reflect.NativeMethodAccessorImpl.invoke0(Native Method)\n\tat sun.reflect.NativeMethodAccessorImpl.invoke(NativeMethodAccessorImpl.java:62)\n\tat sun.reflect.DelegatingMethodAccessorImpl.invoke(DelegatingMethodAccessorImpl.java:43)\n\tat java.lang.reflect.Method.invoke(Method.java:498)\n\tat org.testng.internal.MethodInvocationHelper.invokeMethod(MethodInvocationHelper.java:133)\n\tat org.testng.internal.TestInvoker.invokeMethod(TestInvoker.java:598)\n\tat org.testng.internal.TestInvoker.invokeTestMethod(TestInvoker.java:173)\n\tat org.testng.internal.MethodRunner.runInSequence(MethodRunner.java:46)\n\tat org.testng.internal.TestInvoker$MethodInvocationAgent.invoke(TestInvoker.java:824)\n\tat org.testng.internal.TestInvoker.invokeTestMethods(TestInvoker.java:146)\n\tat org.testng.internal.TestMethodWorker.invokeTestMethods(TestMethodWorker.java:146)\n\tat org.testng.internal.TestMethodWorker.run(TestMethodWorker.java:128)\n\tat java.util.ArrayList.forEach(ArrayList.java:1259)\n\tat org.testng.TestRunner.privateRun(TestRunner.java:794)\n\tat org.testng.TestRunner.run(TestRunner.java:596)\n\tat org.testng.SuiteRunner.runTest(SuiteRunner.java:377)\n\tat org.testng.SuiteRunner.access$000(SuiteRunner.java:28)\n\tat org.testng.SuiteRunner$SuiteWorker.run(SuiteRunner.java:418)\n\tat org.testng.internal.thread.ThreadUtil.lambda$execute$0(ThreadUtil.java:64)\n\tat java.util.concurrent.FutureTask.run(FutureTask.java:266)\n\tat java.util.concurrent.ThreadPoolExecutor.runWorker(ThreadPoolExecutor.java:1149)\n\tat java.util.concurrent.ThreadPoolExecutor$Worker.run(ThreadPoolExecutor.java:624)\n\tat java.lang.Thread.run(Thread.java:748)\n",
  "flaky" : false,
  "newFailed" : false,
  "beforeStages" : [ {
    "name" : "beforeMethod",
    "time" : {
      "start" : 1642792669153,
      "stop" : 1642792672957,
      "duration" : 3804
    },
    "description" : "",
    "status" : "passed",
    "steps" : [ ],
    "attachments" : [ ],
    "parameters" : [ ],
    "stepsCount" : 0,
    "attachmentsCount" : 0,
    "shouldDisplayMessage" : false,
    "hasContent" : false
  }, {
    "name" : "beforeSuite",
    "time" : {
      "start" : 1642792235976,
      "stop" : 1642792237784,
      "duration" : 1808
    },
    "description" : "",
    "status" : "passed",
    "steps" : [ ],
    "attachments" : [ ],
    "parameters" : [ ],
    "stepsCount" : 0,
    "attachmentsCount" : 0,
    "shouldDisplayMessage" : false,
    "hasContent" : false
  } ],
  "testStage" : {
    "description" : "Verify that all parameters are activated with the selected 'Гурток' radio button",
    "status" : "broken",
    "statusMessage" : "no such element: Unable to locate element: {\"method\":\"xpath\",\"selector\":\"//span[@title='Розширений пошук']\"}\n  (Session info: chrome=97.0.4692.71)\nFor documentation on this error, please visit: https://selenium.dev/exceptions/#no_such_element\nBuild info: version: '4.1.0', revision: '87802e897b'\nSystem info: host: 'fv-az74-933', ip: '10.1.0.43', os.name: 'Linux', os.arch: 'amd64', os.version: '5.11.0-1025-azure', java.version: '1.8.0_292'\nDriver info: org.openqa.selenium.chrome.ChromeDriver\nCommand: [a59c9a81193292a1cee02c627df401e3, findElement {using=xpath, value=//span[@title='Розширений пошук']}]\nCapabilities {acceptInsecureCerts: false, browserName: chrome, browserVersion: 97.0.4692.71, chrome: {chromedriverVersion: 97.0.4692.71 (adefa7837d02a..., userDataDir: /tmp/.com.google.Chrome.039yWL}, goog:chromeOptions: {debuggerAddress: localhost:43231}, javascriptEnabled: true, networkConnectionEnabled: false, pageLoadStrategy: normal, platform: LINUX, platformName: LINUX, proxy: Proxy(), se:cdp: ws://localhost:43231/devtoo..., se:cdpVersion: 97.0.4692.71, setWindowRect: true, strictFileInteractability: false, timeouts: {implicit: 0, pageLoad: 300000, script: 30000}, unhandledPromptBehavior: dismiss and notify, webauthn:extension:credBlob: true, webauthn:extension:largeBlob: true, webauthn:virtualAuthenticators: true}\nSession ID: a59c9a81193292a1cee02c627df401e3",
    "statusTrace" : "org.openqa.selenium.NoSuchElementException: no such element: Unable to locate element: {\"method\":\"xpath\",\"selector\":\"//span[@title='Розширений пошук']\"}\n  (Session info: chrome=97.0.4692.71)\nFor documentation on this error, please visit: https://selenium.dev/exceptions/#no_such_element\nBuild info: version: '4.1.0', revision: '87802e897b'\nSystem info: host: 'fv-az74-933', ip: '10.1.0.43', os.name: 'Linux', os.arch: 'amd64', os.version: '5.11.0-1025-azure', java.version: '1.8.0_292'\nDriver info: org.openqa.selenium.chrome.ChromeDriver\nCommand: [a59c9a81193292a1cee02c627df401e3, findElement {using=xpath, value=//span[@title='Розширений пошук']}]\nCapabilities {acceptInsecureCerts: false, browserName: chrome, browserVersion: 97.0.4692.71, chrome: {chromedriverVersion: 97.0.4692.71 (adefa7837d02a..., userDataDir: /tmp/.com.google.Chrome.039yWL}, goog:chromeOptions: {debuggerAddress: localhost:43231}, javascriptEnabled: true, networkConnectionEnabled: false, pageLoadStrategy: normal, platform: LINUX, platformName: LINUX, proxy: Proxy(), se:cdp: ws://localhost:43231/devtoo..., se:cdpVersion: 97.0.4692.71, setWindowRect: true, strictFileInteractability: false, timeouts: {implicit: 0, pageLoad: 300000, script: 30000}, unhandledPromptBehavior: dismiss and notify, webauthn:extension:credBlob: true, webauthn:extension:largeBlob: true, webauthn:virtualAuthenticators: true}\nSession ID: a59c9a81193292a1cee02c627df401e3\n\tat sun.reflect.GeneratedConstructorAccessor111.newInstance(Unknown Source)\n\tat sun.reflect.DelegatingConstructorAccessorImpl.newInstance(DelegatingConstructorAccessorImpl.java:45)\n\tat java.lang.reflect.Constructor.newInstance(Constructor.java:423)\n\tat org.openqa.selenium.remote.codec.w3c.W3CHttpResponseCodec.createException(W3CHttpResponseCodec.java:200)\n\tat org.openqa.selenium.remote.codec.w3c.W3CHttpResponseCodec.decode(W3CHttpResponseCodec.java:133)\n\tat org.openqa.selenium.remote.codec.w3c.W3CHttpResponseCodec.decode(W3CHttpResponseCodec.java:53)\n\tat org.openqa.selenium.remote.HttpCommandExecutor.execute(HttpCommandExecutor.java:184)\n\tat org.openqa.selenium.remote.service.DriverCommandExecutor.invokeExecute(DriverCommandExecutor.java:164)\n\tat org.openqa.selenium.remote.service.DriverCommandExecutor.execute(DriverCommandExecutor.java:139)\n\tat org.openqa.selenium.remote.RemoteWebDriver.execute(RemoteWebDriver.java:559)\n\tat org.openqa.selenium.remote.ElementLocation$ElementFinder$2.findElement(ElementLocation.java:162)\n\tat org.openqa.selenium.remote.ElementLocation.findElement(ElementLocation.java:60)\n\tat org.openqa.selenium.remote.RemoteWebDriver.findElement(RemoteWebDriver.java:383)\n\tat org.openqa.selenium.remote.RemoteWebDriver.findElement(RemoteWebDriver.java:375)\n\tat org.openqa.selenium.support.pagefactory.DefaultElementLocator.findElement(DefaultElementLocator.java:70)\n\tat com.ita.edu.teachua.ui.pagefactory.ElementHandler.invoke(ElementHandler.java:32)\n\tat com.sun.proxy.$Proxy43.click(Unknown Source)\n\tat com.ita.edu.teachua.ui.pages.main_page.MainPage.clickAdvancedSearchButton(MainPage.java:39)\n\tat com.ita.edu.teachua.ui.tests.AdvancedSearchTest.verifyAllParametersActiveClubsAdvancedSearch(AdvancedSearchTest.java:99)\n\tat sun.reflect.NativeMethodAccessorImpl.invoke0(Native Method)\n\tat sun.reflect.NativeMethodAccessorImpl.invoke(NativeMethodAccessorImpl.java:62)\n\tat sun.reflect.DelegatingMethodAccessorImpl.invoke(DelegatingMethodAccessorImpl.java:43)\n\tat java.lang.reflect.Method.invoke(Method.java:498)\n\tat org.testng.internal.MethodInvocationHelper.invokeMethod(MethodInvocationHelper.java:133)\n\tat org.testng.internal.TestInvoker.invokeMethod(TestInvoker.java:598)\n\tat org.testng.internal.TestInvoker.invokeTestMethod(TestInvoker.java:173)\n\tat org.testng.internal.MethodRunner.runInSequence(MethodRunner.java:46)\n\tat org.testng.internal.TestInvoker$MethodInvocationAgent.invoke(TestInvoker.java:824)\n\tat org.testng.internal.TestInvoker.invokeTestMethods(TestInvoker.java:146)\n\tat org.testng.internal.TestMethodWorker.invokeTestMethods(TestMethodWorker.java:146)\n\tat org.testng.internal.TestMethodWorker.run(TestMethodWorker.java:128)\n\tat java.util.ArrayList.forEach(ArrayList.java:1259)\n\tat org.testng.TestRunner.privateRun(TestRunner.java:794)\n\tat org.testng.TestRunner.run(TestRunner.java:596)\n\tat org.testng.SuiteRunner.runTest(SuiteRunner.java:377)\n\tat org.testng.SuiteRunner.access$000(SuiteRunner.java:28)\n\tat org.testng.SuiteRunner$SuiteWorker.run(SuiteRunner.java:418)\n\tat org.testng.internal.thread.ThreadUtil.lambda$execute$0(ThreadUtil.java:64)\n\tat java.util.concurrent.FutureTask.run(FutureTask.java:266)\n\tat java.util.concurrent.ThreadPoolExecutor.runWorker(ThreadPoolExecutor.java:1149)\n\tat java.util.concurrent.ThreadPoolExecutor$Worker.run(ThreadPoolExecutor.java:624)\n\tat java.lang.Thread.run(Thread.java:748)\n",
    "steps" : [ {
      "name" : "Click on 'Розширений пошук' icon",
      "time" : {
        "start" : 1642792672960,
        "stop" : 1642792683012,
        "duration" : 10052
      },
      "status" : "broken",
      "statusMessage" : "no such element: Unable to locate element: {\"method\":\"xpath\",\"selector\":\"//span[@title='Розширений пошук']\"}\n  (Session info: chrome=97.0.4692.71)\nFor documentation on this error, please visit: https://selenium.dev/exceptions/#no_such_element\nBuild info: version: '4.1.0', revision: '87802e897b'\nSystem info: host: 'fv-az74-933', ip: '10.1.0.43', os.name: 'Linux', os.arch: 'amd64', os.version: '5.11.0-1025-azure', java.version: '1.8.0_292'\nDriver info: org.openqa.selenium.chrome.ChromeDriver\nCommand: [a59c9a81193292a1cee02c627df401e3, findElement {using=xpath, value=//span[@title='Розширений пошук']}]\nCapabilities {acceptInsecureCerts: false, browserName: chrome, browserVersion: 97.0.4692.71, chrome: {chromedriverVersion: 97.0.4692.71 (adefa7837d02a..., userDataDir: /tmp/.com.google.Chrome.039yWL}, goog:chromeOptions: {debuggerAddress: localhost:43231}, javascriptEnabled: true, networkConnectionEnabled: false, pageLoadStrategy: normal, platform: LINUX, platformName: LINUX, proxy: Proxy(), se:cdp: ws://localhost:43231/devtoo..., se:cdpVersion: 97.0.4692.71, setWindowRect: true, strictFileInteractability: false, timeouts: {implicit: 0, pageLoad: 300000, script: 30000}, unhandledPromptBehavior: dismiss and notify, webauthn:extension:credBlob: true, webauthn:extension:largeBlob: true, webauthn:virtualAuthenticators: true}\nSession ID: a59c9a81193292a1cee02c627df401e3",
      "statusTrace" : "org.openqa.selenium.NoSuchElementException: no such element: Unable to locate element: {\"method\":\"xpath\",\"selector\":\"//span[@title='Розширений пошук']\"}\n  (Session info: chrome=97.0.4692.71)\nFor documentation on this error, please visit: https://selenium.dev/exceptions/#no_such_element\nBuild info: version: '4.1.0', revision: '87802e897b'\nSystem info: host: 'fv-az74-933', ip: '10.1.0.43', os.name: 'Linux', os.arch: 'amd64', os.version: '5.11.0-1025-azure', java.version: '1.8.0_292'\nDriver info: org.openqa.selenium.chrome.ChromeDriver\nCommand: [a59c9a81193292a1cee02c627df401e3, findElement {using=xpath, value=//span[@title='Розширений пошук']}]\nCapabilities {acceptInsecureCerts: false, browserName: chrome, browserVersion: 97.0.4692.71, chrome: {chromedriverVersion: 97.0.4692.71 (adefa7837d02a..., userDataDir: /tmp/.com.google.Chrome.039yWL}, goog:chromeOptions: {debuggerAddress: localhost:43231}, javascriptEnabled: true, networkConnectionEnabled: false, pageLoadStrategy: normal, platform: LINUX, platformName: LINUX, proxy: Proxy(), se:cdp: ws://localhost:43231/devtoo..., se:cdpVersion: 97.0.4692.71, setWindowRect: true, strictFileInteractability: false, timeouts: {implicit: 0, pageLoad: 300000, script: 30000}, unhandledPromptBehavior: dismiss and notify, webauthn:extension:credBlob: true, webauthn:extension:largeBlob: true, webauthn:virtualAuthenticators: true}\nSession ID: a59c9a81193292a1cee02c627df401e3\n\tat sun.reflect.GeneratedConstructorAccessor111.newInstance(Unknown Source)\n\tat sun.reflect.DelegatingConstructorAccessorImpl.newInstance(DelegatingConstructorAccessorImpl.java:45)\n\tat java.lang.reflect.Constructor.newInstance(Constructor.java:423)\n\tat org.openqa.selenium.remote.codec.w3c.W3CHttpResponseCodec.createException(W3CHttpResponseCodec.java:200)\n\tat org.openqa.selenium.remote.codec.w3c.W3CHttpResponseCodec.decode(W3CHttpResponseCodec.java:133)\n\tat org.openqa.selenium.remote.codec.w3c.W3CHttpResponseCodec.decode(W3CHttpResponseCodec.java:53)\n\tat org.openqa.selenium.remote.HttpCommandExecutor.execute(HttpCommandExecutor.java:184)\n\tat org.openqa.selenium.remote.service.DriverCommandExecutor.invokeExecute(DriverCommandExecutor.java:164)\n\tat org.openqa.selenium.remote.service.DriverCommandExecutor.execute(DriverCommandExecutor.java:139)\n\tat org.openqa.selenium.remote.RemoteWebDriver.execute(RemoteWebDriver.java:559)\n\tat org.openqa.selenium.remote.ElementLocation$ElementFinder$2.findElement(ElementLocation.java:162)\n\tat org.openqa.selenium.remote.ElementLocation.findElement(ElementLocation.java:60)\n\tat org.openqa.selenium.remote.RemoteWebDriver.findElement(RemoteWebDriver.java:383)\n\tat org.openqa.selenium.remote.RemoteWebDriver.findElement(RemoteWebDriver.java:375)\n\tat org.openqa.selenium.support.pagefactory.DefaultElementLocator.findElement(DefaultElementLocator.java:70)\n\tat com.ita.edu.teachua.ui.pagefactory.ElementHandler.invoke(ElementHandler.java:32)\n\tat com.sun.proxy.$Proxy43.click(Unknown Source)\n\tat com.ita.edu.teachua.ui.pages.main_page.MainPage.clickAdvancedSearchButton(MainPage.java:39)\n\tat com.ita.edu.teachua.ui.tests.AdvancedSearchTest.verifyAllParametersActiveClubsAdvancedSearch(AdvancedSearchTest.java:99)\n\tat sun.reflect.NativeMethodAccessorImpl.invoke0(Native Method)\n\tat sun.reflect.NativeMethodAccessorImpl.invoke(NativeMethodAccessorImpl.java:62)\n\tat sun.reflect.DelegatingMethodAccessorImpl.invoke(DelegatingMethodAccessorImpl.java:43)\n\tat java.lang.reflect.Method.invoke(Method.java:498)\n\tat org.testng.internal.MethodInvocationHelper.invokeMethod(MethodInvocationHelper.java:133)\n\tat org.testng.internal.TestInvoker.invokeMethod(TestInvoker.java:598)\n\tat org.testng.internal.TestInvoker.invokeTestMethod(TestInvoker.java:173)\n\tat org.testng.internal.MethodRunner.runInSequence(MethodRunner.java:46)\n\tat org.testng.internal.TestInvoker$MethodInvocationAgent.invoke(TestInvoker.java:824)\n\tat org.testng.internal.TestInvoker.invokeTestMethods(TestInvoker.java:146)\n\tat org.testng.internal.TestMethodWorker.invokeTestMethods(TestMethodWorker.java:146)\n\tat org.testng.internal.TestMethodWorker.run(TestMethodWorker.java:128)\n\tat java.util.ArrayList.forEach(ArrayList.java:1259)\n\tat org.testng.TestRunner.privateRun(TestRunner.java:794)\n\tat org.testng.TestRunner.run(TestRunner.java:596)\n\tat org.testng.SuiteRunner.runTest(SuiteRunner.java:377)\n\tat org.testng.SuiteRunner.access$000(SuiteRunner.java:28)\n\tat org.testng.SuiteRunner$SuiteWorker.run(SuiteRunner.java:418)\n\tat org.testng.internal.thread.ThreadUtil.lambda$execute$0(ThreadUtil.java:64)\n\tat java.util.concurrent.FutureTask.run(FutureTask.java:266)\n\tat java.util.concurrent.ThreadPoolExecutor.runWorker(ThreadPoolExecutor.java:1149)\n\tat java.util.concurrent.ThreadPoolExecutor$Worker.run(ThreadPoolExecutor.java:624)\n\tat java.lang.Thread.run(Thread.java:748)\n",
      "steps" : [ ],
      "attachments" : [ ],
      "parameters" : [ ],
      "stepsCount" : 0,
      "attachmentsCount" : 0,
      "shouldDisplayMessage" : true,
      "hasContent" : true
    } ],
    "attachments" : [ {
      "uid" : "ec74e2d8956dfa3e",
      "name" : "Logs for thread 14",
      "source" : "ec74e2d8956dfa3e.log",
      "type" : "text/plain",
      "size" : 4
    }, {
      "uid" : "f9df2f523a581ed4",
      "name" : "Page screenshot",
      "source" : "f9df2f523a581ed4.png",
      "type" : "image/png",
      "size" : 152705
    } ],
    "parameters" : [ ],
    "stepsCount" : 1,
    "attachmentsCount" : 2,
    "shouldDisplayMessage" : false,
    "hasContent" : true
  },
  "afterStages" : [ {
    "name" : "afterMethod",
    "time" : {
      "start" : 1642792683151,
      "stop" : 1642792683220,
      "duration" : 69
    },
    "description" : "",
    "status" : "passed",
    "steps" : [ ],
    "attachments" : [ ],
    "parameters" : [ ],
    "stepsCount" : 0,
    "attachmentsCount" : 0,
    "shouldDisplayMessage" : false,
    "hasContent" : false
  } ],
  "labels" : [ {
    "name" : "package",
    "value" : "com.ita.edu.teachua.ui.tests.AdvancedSearchTest"
  }, {
    "name" : "testClass",
    "value" : "com.ita.edu.teachua.ui.tests.AdvancedSearchTest"
  }, {
    "name" : "testMethod",
    "value" : "verifyAllParametersActiveClubsAdvancedSearch"
  }, {
    "name" : "parentSuite",
    "value" : "Test Suite"
  }, {
    "name" : "suite",
    "value" : "UI Tests"
  }, {
    "name" : "subSuite",
    "value" : "com.ita.edu.teachua.ui.tests.AdvancedSearchTest"
  }, {
    "name" : "host",
    "value" : "fv-az74-933"
  }, {
    "name" : "thread",
    "value" : "2846@fv-az74-933.TestNG-tests-2(14)"
  }, {
    "name" : "framework",
    "value" : "testng"
  }, {
    "name" : "language",
    "value" : "java"
  }, {
    "name" : "resultFormat",
    "value" : "allure2"
  } ],
  "parameters" : [ ],
  "links" : [ {
    "name" : "TUA-509",
    "type" : "issue"
  } ],
  "hidden" : false,
  "retry" : false,
  "extra" : {
    "severity" : "normal",
    "retries" : [ ],
    "categories" : [ {
      "name" : "Test defects",
      "matchedStatuses" : [ ],
      "flaky" : false
    } ],
    "history" : {
      "statistic" : {
        "failed" : 0,
        "broken" : 10,
        "skipped" : 0,
        "passed" : 4,
        "unknown" : 0,
        "total" : 14
      },
      "items" : [ {
        "uid" : "99e87219fdd29cd0",
        "reportUrl" : "https://Lv-648-TAQC-Java-project.github.io/Selenium648PageFactory/57//#testresult/99e87219fdd29cd0",
        "status" : "broken",
        "statusDetails" : "no such element: Unable to locate element: {\"method\":\"xpath\",\"selector\":\"//span[@title='Розширений пошук']\"}\n  (Session info: chrome=97.0.4692.71)\nFor documentation on this error, please visit: https://selenium.dev/exceptions/#no_such_element\nBuild info: version: '4.1.0', revision: '87802e897b'\nSystem info: host: 'fv-az42-839', ip: '10.1.0.98', os.name: 'Linux', os.arch: 'amd64', os.version: '5.11.0-1025-azure', java.version: '1.8.0_292'\nDriver info: org.openqa.selenium.chrome.ChromeDriver\nCommand: [3d43f0271948bae5cb616801833e85c9, findElement {using=xpath, value=//span[@title='Розширений пошук']}]\nCapabilities {acceptInsecureCerts: false, browserName: chrome, browserVersion: 97.0.4692.71, chrome: {chromedriverVersion: 97.0.4692.71 (adefa7837d02a..., userDataDir: /tmp/.com.google.Chrome.TraRqs}, goog:chromeOptions: {debuggerAddress: localhost:37545}, javascriptEnabled: true, networkConnectionEnabled: false, pageLoadStrategy: normal, platform: LINUX, platformName: LINUX, proxy: Proxy(), se:cdp: ws://localhost:37545/devtoo..., se:cdpVersion: 97.0.4692.71, setWindowRect: true, strictFileInteractability: false, timeouts: {implicit: 0, pageLoad: 300000, script: 30000}, unhandledPromptBehavior: dismiss and notify, webauthn:extension:credBlob: true, webauthn:extension:largeBlob: true, webauthn:virtualAuthenticators: true}\nSession ID: 3d43f0271948bae5cb616801833e85c9",
        "time" : {
          "start" : 1642790001506,
          "stop" : 1642790011692,
          "duration" : 10186
        }
      }, {
        "uid" : "ec662afaf8755aa9",
        "reportUrl" : "https://Lv-648-TAQC-Java-project.github.io/Selenium648PageFactory/57//#testresult/ec662afaf8755aa9",
        "status" : "broken",
        "statusDetails" : "no such element: Unable to locate element: {\"method\":\"xpath\",\"selector\":\"//span[@title='Розширений пошук']\"}\n  (Session info: chrome=97.0.4692.71)\nFor documentation on this error, please visit: https://selenium.dev/exceptions/#no_such_element\nBuild info: version: '4.1.0', revision: '87802e897b'\nSystem info: host: 'fv-az77-149', ip: '10.1.0.181', os.name: 'Linux', os.arch: 'amd64', os.version: '5.11.0-1025-azure', java.version: '1.8.0_292'\nDriver info: org.openqa.selenium.chrome.ChromeDriver\nCommand: [695876f548e702263a6655245b35db69, findElement {using=xpath, value=//span[@title='Розширений пошук']}]\nCapabilities {acceptInsecureCerts: false, browserName: chrome, browserVersion: 97.0.4692.71, chrome: {chromedriverVersion: 97.0.4692.71 (adefa7837d02a..., userDataDir: /tmp/.com.google.Chrome.fQ2BnW}, goog:chromeOptions: {debuggerAddress: localhost:35743}, javascriptEnabled: true, networkConnectionEnabled: false, pageLoadStrategy: normal, platform: LINUX, platformName: LINUX, proxy: Proxy(), se:cdp: ws://localhost:35743/devtoo..., se:cdpVersion: 97.0.4692.71, setWindowRect: true, strictFileInteractability: false, timeouts: {implicit: 0, pageLoad: 300000, script: 30000}, unhandledPromptBehavior: dismiss and notify, webauthn:extension:credBlob: true, webauthn:extension:largeBlob: true, webauthn:virtualAuthenticators: true}\nSession ID: 695876f548e702263a6655245b35db69",
        "time" : {
          "start" : 1642787527448,
          "stop" : 1642787537653,
          "duration" : 10205
        }
      }, {
        "uid" : "470ef816abce08fd",
        "reportUrl" : "https://Lv-648-TAQC-Java-project.github.io/Selenium648PageFactory/56//#testresult/470ef816abce08fd",
        "status" : "broken",
        "statusDetails" : "no such element: Unable to locate element: {\"method\":\"xpath\",\"selector\":\"//span[@title='Розширений пошук']\"}\n  (Session info: chrome=97.0.4692.71)\nFor documentation on this error, please visit: https://selenium.dev/exceptions/#no_such_element\nBuild info: version: '4.1.0', revision: '87802e897b'\nSystem info: host: 'fv-az33-58', ip: '10.1.0.188', os.name: 'Linux', os.arch: 'amd64', os.version: '5.11.0-1025-azure', java.version: '1.8.0_292'\nDriver info: org.openqa.selenium.chrome.ChromeDriver\nCommand: [c7a8015fb65bcc807fa558aa023fb152, findElement {using=xpath, value=//span[@title='Розширений пошук']}]\nCapabilities {acceptInsecureCerts: false, browserName: chrome, browserVersion: 97.0.4692.71, chrome: {chromedriverVersion: 97.0.4692.71 (adefa7837d02a..., userDataDir: /tmp/.com.google.Chrome.UOA8Aj}, goog:chromeOptions: {debuggerAddress: localhost:43877}, javascriptEnabled: true, networkConnectionEnabled: false, pageLoadStrategy: normal, platform: LINUX, platformName: LINUX, proxy: Proxy(), se:cdp: ws://localhost:43877/devtoo..., se:cdpVersion: 97.0.4692.71, setWindowRect: true, strictFileInteractability: false, timeouts: {implicit: 0, pageLoad: 300000, script: 30000}, unhandledPromptBehavior: dismiss and notify, webauthn:extension:credBlob: true, webauthn:extension:largeBlob: true, webauthn:virtualAuthenticators: true}\nSession ID: c7a8015fb65bcc807fa558aa023fb152",
        "time" : {
          "start" : 1642787503809,
          "stop" : 1642787513952,
          "duration" : 10143
        }
      }, {
        "uid" : "dac3138979ab1850",
        "reportUrl" : "https://Lv-648-TAQC-Java-project.github.io/Selenium648PageFactory/55//#testresult/dac3138979ab1850",
        "status" : "passed",
        "time" : {
          "start" : 1642787075410,
          "stop" : 1642787076748,
          "duration" : 1338
        }
      }, {
        "uid" : "d20fb53aa3151b76",
        "reportUrl" : "https://Lv-648-TAQC-Java-project.github.io/Selenium648PageFactory/54//#testresult/d20fb53aa3151b76",
        "status" : "passed",
        "time" : {
          "start" : 1642787065894,
          "stop" : 1642787067111,
          "duration" : 1217
        }
      }, {
        "uid" : "73f9bc5d09bd448b",
        "reportUrl" : "https://Lv-648-TAQC-Java-project.github.io/Selenium648PageFactory/53//#testresult/73f9bc5d09bd448b",
        "status" : "passed",
        "time" : {
          "start" : 1642786076096,
          "stop" : 1642786077371,
          "duration" : 1275
        }
      }, {
        "uid" : "dff065226cb0f95b",
        "reportUrl" : "https://Lv-648-TAQC-Java-project.github.io/Selenium648PageFactory/41//#testresult/dff065226cb0f95b",
        "status" : "passed",
        "time" : {
          "start" : 1642773522086,
          "stop" : 1642773523509,
          "duration" : 1423
        }
      }, {
        "uid" : "530ac633cf6604a0",
        "reportUrl" : "https://Lv-648-TAQC-Java-project.github.io/Selenium648PageFactory/39//#testresult/530ac633cf6604a0",
        "status" : "broken",
        "statusDetails" : "java.lang.NullPointerException",
        "time" : {
          "start" : 1642769561610,
          "stop" : 1642769572717,
          "duration" : 11107
        }
      }, {
        "uid" : "c5a7402e66359b05",
        "reportUrl" : "https://Lv-648-TAQC-Java-project.github.io/Selenium648PageFactory/37//#testresult/c5a7402e66359b05",
        "status" : "broken",
        "statusDetails" : "java.lang.NullPointerException",
        "time" : {
          "start" : 1642762821346,
          "stop" : 1642762832659,
          "duration" : 11313
        }
      }, {
        "uid" : "291ee3b8ed9ac756",
        "reportUrl" : "https://Lv-648-TAQC-Java-project.github.io/Selenium648PageFactory/36//#testresult/291ee3b8ed9ac756",
        "status" : "broken",
        "statusDetails" : "java.lang.NullPointerException",
        "time" : {
          "start" : 1642761550656,
          "stop" : 1642761561902,
          "duration" : 11246
        }
      }, {
        "uid" : "72c65aa9bbe41c8d",
        "reportUrl" : "https://Lv-648-TAQC-Java-project.github.io/Selenium648PageFactory/37//#testresult/72c65aa9bbe41c8d",
        "status" : "broken",
        "statusDetails" : "java.lang.NullPointerException",
        "time" : {
          "start" : 1642761534880,
          "stop" : 1642761546090,
          "duration" : 11210
        }
      }, {
        "uid" : "fa20c9c4869dca46",
        "reportUrl" : "https://Lv-648-TAQC-Java-project.github.io/Selenium648PageFactory/35//#testresult/fa20c9c4869dca46",
        "status" : "broken",
        "statusDetails" : "java.lang.NullPointerException",
        "time" : {
          "start" : 1642760407329,
          "stop" : 1642760418406,
          "duration" : 11077
        }
      }, {
        "uid" : "d9a6851c30620e7e",
        "reportUrl" : "https://Lv-648-TAQC-Java-project.github.io/Selenium648PageFactory/33//#testresult/d9a6851c30620e7e",
        "status" : "broken",
        "statusDetails" : "java.lang.NullPointerException",
        "time" : {
          "start" : 1642759837275,
          "stop" : 1642759848446,
          "duration" : 11171
        }
      } ]
    },
    "tags" : [ ]
  },
  "source" : "49243222fe1979d4.json",
  "parameterValues" : [ ]
}