{
  "uid" : "51f8e684d29cae16",
  "name" : "TUA-423",
  "fullName" : "com.ita.edu.teachua.api.tests.RegistrationTest.testRegisterWithInvalidData",
  "historyId" : "90fe7ea846437a7d8a9f9bc92b6a68e5",
  "time" : {
    "start" : 1642792265263,
    "stop" : 1642792270696,
    "duration" : 5433
  },
  "description" : "TUA-423 [API.Реєстрація] Verify that a user with invalid data can`t be created.",
  "descriptionHtml" : "<p>TUA-423 [API.Реєстрація] Verify that a user with invalid data can`t be created.</p>\n",
  "status" : "failed",
  "statusMessage" : "The following asserts failed:\n\texpected [400] but found [405],\n\texpected [400] but found [405],\n\texpected [\"firstName\" can`t contain numbers] but found [Request method 'POST' not supported],\n\texpected [400] but found [405],\n\texpected [400] but found [405],\n\texpected [\"firstName\" can contain only ukrainian and english letters] but found [Request method 'POST' not supported],\n\texpected [400] but found [405],\n\texpected [400] but found [405],\n\texpected [\"firstName\" can contain from 1 to 25 letters] but found [Request method 'POST' not supported],\n\texpected [400] but found [405],\n\texpected [400] but found [405],\n\texpected [\"lastName\" can`t contain numbers] but found [Request method 'POST' not supported],\n\texpected [400] but found [405],\n\texpected [400] but found [405],\n\texpected [\"lastName\" can contain only ukrainian and english letters] but found [Request method 'POST' not supported],\n\texpected [400] but found [405],\n\texpected [400] but found [405],\n\texpected [\"lastName\" can contain from 1 to 25 letters] but found [Request method 'POST' not supported]",
  "statusTrace" : "java.lang.AssertionError: The following asserts failed:\n\texpected [400] but found [405],\n\texpected [400] but found [405],\n\texpected [\"firstName\" can`t contain numbers] but found [Request method 'POST' not supported],\n\texpected [400] but found [405],\n\texpected [400] but found [405],\n\texpected [\"firstName\" can contain only ukrainian and english letters] but found [Request method 'POST' not supported],\n\texpected [400] but found [405],\n\texpected [400] but found [405],\n\texpected [\"firstName\" can contain from 1 to 25 letters] but found [Request method 'POST' not supported],\n\texpected [400] but found [405],\n\texpected [400] but found [405],\n\texpected [\"lastName\" can`t contain numbers] but found [Request method 'POST' not supported],\n\texpected [400] but found [405],\n\texpected [400] but found [405],\n\texpected [\"lastName\" can contain only ukrainian and english letters] but found [Request method 'POST' not supported],\n\texpected [400] but found [405],\n\texpected [400] but found [405],\n\texpected [\"lastName\" can contain from 1 to 25 letters] but found [Request method 'POST' not supported]\n\tat org.testng.asserts.SoftAssert.assertAll(SoftAssert.java:47)\n\tat org.testng.asserts.SoftAssert.assertAll(SoftAssert.java:31)\n\tat com.ita.edu.teachua.api.tests.RegistrationTest.testRegisterWithInvalidData(RegistrationTest.java:232)\n\tat sun.reflect.NativeMethodAccessorImpl.invoke0(Native Method)\n\tat sun.reflect.NativeMethodAccessorImpl.invoke(NativeMethodAccessorImpl.java:62)\n\tat sun.reflect.DelegatingMethodAccessorImpl.invoke(DelegatingMethodAccessorImpl.java:43)\n\tat java.lang.reflect.Method.invoke(Method.java:498)\n\tat org.testng.internal.MethodInvocationHelper.invokeMethod(MethodInvocationHelper.java:133)\n\tat org.testng.internal.TestInvoker.invokeMethod(TestInvoker.java:598)\n\tat org.testng.internal.TestInvoker.invokeTestMethod(TestInvoker.java:173)\n\tat org.testng.internal.MethodRunner.runInSequence(MethodRunner.java:46)\n\tat org.testng.internal.TestInvoker$MethodInvocationAgent.invoke(TestInvoker.java:824)\n\tat org.testng.internal.TestInvoker.invokeTestMethods(TestInvoker.java:146)\n\tat org.testng.internal.TestMethodWorker.invokeTestMethods(TestMethodWorker.java:146)\n\tat org.testng.internal.TestMethodWorker.run(TestMethodWorker.java:128)\n\tat java.util.ArrayList.forEach(ArrayList.java:1259)\n\tat org.testng.TestRunner.privateRun(TestRunner.java:794)\n\tat org.testng.TestRunner.run(TestRunner.java:596)\n\tat org.testng.SuiteRunner.runTest(SuiteRunner.java:377)\n\tat org.testng.SuiteRunner.access$000(SuiteRunner.java:28)\n\tat org.testng.SuiteRunner$SuiteWorker.run(SuiteRunner.java:418)\n\tat org.testng.internal.thread.ThreadUtil.lambda$execute$0(ThreadUtil.java:64)\n\tat java.util.concurrent.FutureTask.run(FutureTask.java:266)\n\tat java.util.concurrent.ThreadPoolExecutor.runWorker(ThreadPoolExecutor.java:1149)\n\tat java.util.concurrent.ThreadPoolExecutor$Worker.run(ThreadPoolExecutor.java:624)\n\tat java.lang.Thread.run(Thread.java:748)\n",
  "flaky" : false,
  "newFailed" : false,
  "beforeStages" : [ {
    "name" : "beforeClass",
    "time" : {
      "start" : 1642792263486,
      "stop" : 1642792263486,
      "duration" : 0
    },
    "description" : "",
    "status" : "passed",
    "steps" : [ ],
    "attachments" : [ ],
    "parameters" : [ ],
    "stepsCount" : 0,
    "attachmentsCount" : 0,
    "shouldDisplayMessage" : false,
    "hasContent" : false
  }, {
    "name" : "beforeSuite",
    "time" : {
      "start" : 1642792235976,
      "stop" : 1642792237784,
      "duration" : 1808
    },
    "description" : "",
    "status" : "passed",
    "steps" : [ ],
    "attachments" : [ ],
    "parameters" : [ ],
    "stepsCount" : 0,
    "attachmentsCount" : 0,
    "shouldDisplayMessage" : false,
    "hasContent" : false
  } ],
  "testStage" : {
    "description" : "TUA-423 [API.Реєстрація] Verify that a user with invalid data can`t be created.",
    "status" : "failed",
    "statusMessage" : "The following asserts failed:\n\texpected [400] but found [405],\n\texpected [400] but found [405],\n\texpected [\"firstName\" can`t contain numbers] but found [Request method 'POST' not supported],\n\texpected [400] but found [405],\n\texpected [400] but found [405],\n\texpected [\"firstName\" can contain only ukrainian and english letters] but found [Request method 'POST' not supported],\n\texpected [400] but found [405],\n\texpected [400] but found [405],\n\texpected [\"firstName\" can contain from 1 to 25 letters] but found [Request method 'POST' not supported],\n\texpected [400] but found [405],\n\texpected [400] but found [405],\n\texpected [\"lastName\" can`t contain numbers] but found [Request method 'POST' not supported],\n\texpected [400] but found [405],\n\texpected [400] but found [405],\n\texpected [\"lastName\" can contain only ukrainian and english letters] but found [Request method 'POST' not supported],\n\texpected [400] but found [405],\n\texpected [400] but found [405],\n\texpected [\"lastName\" can contain from 1 to 25 letters] but found [Request method 'POST' not supported]",
    "statusTrace" : "java.lang.AssertionError: The following asserts failed:\n\texpected [400] but found [405],\n\texpected [400] but found [405],\n\texpected [\"firstName\" can`t contain numbers] but found [Request method 'POST' not supported],\n\texpected [400] but found [405],\n\texpected [400] but found [405],\n\texpected [\"firstName\" can contain only ukrainian and english letters] but found [Request method 'POST' not supported],\n\texpected [400] but found [405],\n\texpected [400] but found [405],\n\texpected [\"firstName\" can contain from 1 to 25 letters] but found [Request method 'POST' not supported],\n\texpected [400] but found [405],\n\texpected [400] but found [405],\n\texpected [\"lastName\" can`t contain numbers] but found [Request method 'POST' not supported],\n\texpected [400] but found [405],\n\texpected [400] but found [405],\n\texpected [\"lastName\" can contain only ukrainian and english letters] but found [Request method 'POST' not supported],\n\texpected [400] but found [405],\n\texpected [400] but found [405],\n\texpected [\"lastName\" can contain from 1 to 25 letters] but found [Request method 'POST' not supported]\n\tat org.testng.asserts.SoftAssert.assertAll(SoftAssert.java:47)\n\tat org.testng.asserts.SoftAssert.assertAll(SoftAssert.java:31)\n\tat com.ita.edu.teachua.api.tests.RegistrationTest.testRegisterWithInvalidData(RegistrationTest.java:232)\n\tat sun.reflect.NativeMethodAccessorImpl.invoke0(Native Method)\n\tat sun.reflect.NativeMethodAccessorImpl.invoke(NativeMethodAccessorImpl.java:62)\n\tat sun.reflect.DelegatingMethodAccessorImpl.invoke(DelegatingMethodAccessorImpl.java:43)\n\tat java.lang.reflect.Method.invoke(Method.java:498)\n\tat org.testng.internal.MethodInvocationHelper.invokeMethod(MethodInvocationHelper.java:133)\n\tat org.testng.internal.TestInvoker.invokeMethod(TestInvoker.java:598)\n\tat org.testng.internal.TestInvoker.invokeTestMethod(TestInvoker.java:173)\n\tat org.testng.internal.MethodRunner.runInSequence(MethodRunner.java:46)\n\tat org.testng.internal.TestInvoker$MethodInvocationAgent.invoke(TestInvoker.java:824)\n\tat org.testng.internal.TestInvoker.invokeTestMethods(TestInvoker.java:146)\n\tat org.testng.internal.TestMethodWorker.invokeTestMethods(TestMethodWorker.java:146)\n\tat org.testng.internal.TestMethodWorker.run(TestMethodWorker.java:128)\n\tat java.util.ArrayList.forEach(ArrayList.java:1259)\n\tat org.testng.TestRunner.privateRun(TestRunner.java:794)\n\tat org.testng.TestRunner.run(TestRunner.java:596)\n\tat org.testng.SuiteRunner.runTest(SuiteRunner.java:377)\n\tat org.testng.SuiteRunner.access$000(SuiteRunner.java:28)\n\tat org.testng.SuiteRunner$SuiteWorker.run(SuiteRunner.java:418)\n\tat org.testng.internal.thread.ThreadUtil.lambda$execute$0(ThreadUtil.java:64)\n\tat java.util.concurrent.FutureTask.run(FutureTask.java:266)\n\tat java.util.concurrent.ThreadPoolExecutor.runWorker(ThreadPoolExecutor.java:1149)\n\tat java.util.concurrent.ThreadPoolExecutor$Worker.run(ThreadPoolExecutor.java:624)\n\tat java.lang.Thread.run(Thread.java:748)\n",
    "steps" : [ {
      "name" : "Preparing base request",
      "time" : {
        "start" : 1642792265264,
        "stop" : 1642792265264,
        "duration" : 0
      },
      "status" : "passed",
      "steps" : [ ],
      "attachments" : [ ],
      "parameters" : [ ],
      "stepsCount" : 0,
      "attachmentsCount" : 0,
      "shouldDisplayMessage" : false,
      "hasContent" : false
    }, {
      "name" : "Preparing base request",
      "time" : {
        "start" : 1642792266497,
        "stop" : 1642792266498,
        "duration" : 1
      },
      "status" : "passed",
      "steps" : [ ],
      "attachments" : [ ],
      "parameters" : [ ],
      "stepsCount" : 0,
      "attachmentsCount" : 0,
      "shouldDisplayMessage" : false,
      "hasContent" : false
    }, {
      "name" : "Preparing base request",
      "time" : {
        "start" : 1642792267318,
        "stop" : 1642792267318,
        "duration" : 0
      },
      "status" : "passed",
      "steps" : [ ],
      "attachments" : [ ],
      "parameters" : [ ],
      "stepsCount" : 0,
      "attachmentsCount" : 0,
      "shouldDisplayMessage" : false,
      "hasContent" : false
    }, {
      "name" : "Preparing base request",
      "time" : {
        "start" : 1642792268111,
        "stop" : 1642792268112,
        "duration" : 1
      },
      "status" : "passed",
      "steps" : [ ],
      "attachments" : [ ],
      "parameters" : [ ],
      "stepsCount" : 0,
      "attachmentsCount" : 0,
      "shouldDisplayMessage" : false,
      "hasContent" : false
    }, {
      "name" : "Preparing base request",
      "time" : {
        "start" : 1642792268942,
        "stop" : 1642792268943,
        "duration" : 1
      },
      "status" : "passed",
      "steps" : [ ],
      "attachments" : [ ],
      "parameters" : [ ],
      "stepsCount" : 0,
      "attachmentsCount" : 0,
      "shouldDisplayMessage" : false,
      "hasContent" : false
    }, {
      "name" : "Preparing base request",
      "time" : {
        "start" : 1642792269903,
        "stop" : 1642792269910,
        "duration" : 7
      },
      "status" : "passed",
      "steps" : [ ],
      "attachments" : [ ],
      "parameters" : [ ],
      "stepsCount" : 0,
      "attachmentsCount" : 0,
      "shouldDisplayMessage" : false,
      "hasContent" : false
    } ],
    "attachments" : [ ],
    "parameters" : [ ],
    "stepsCount" : 6,
    "attachmentsCount" : 0,
    "shouldDisplayMessage" : true,
    "hasContent" : true
  },
  "afterStages" : [ ],
  "labels" : [ {
    "name" : "package",
    "value" : "com.ita.edu.teachua.api.tests.RegistrationTest"
  }, {
    "name" : "testClass",
    "value" : "com.ita.edu.teachua.api.tests.RegistrationTest"
  }, {
    "name" : "testMethod",
    "value" : "testRegisterWithInvalidData"
  }, {
    "name" : "parentSuite",
    "value" : "Test Suite"
  }, {
    "name" : "suite",
    "value" : "API Tests"
  }, {
    "name" : "subSuite",
    "value" : "com.ita.edu.teachua.api.tests.RegistrationTest"
  }, {
    "name" : "host",
    "value" : "fv-az74-933"
  }, {
    "name" : "thread",
    "value" : "2846@fv-az74-933.TestNG-tests-3(15)"
  }, {
    "name" : "framework",
    "value" : "testng"
  }, {
    "name" : "language",
    "value" : "java"
  }, {
    "name" : "resultFormat",
    "value" : "allure2"
  } ],
  "parameters" : [ ],
  "links" : [ {
    "name" : "TUA-423",
    "type" : "issue"
  } ],
  "hidden" : false,
  "retry" : false,
  "extra" : {
    "severity" : "normal",
    "retries" : [ ],
    "categories" : [ {
      "name" : "Product defects",
      "matchedStatuses" : [ ],
      "flaky" : false
    } ],
    "history" : {
      "statistic" : {
        "failed" : 4,
        "broken" : 1,
        "skipped" : 0,
        "passed" : 9,
        "unknown" : 0,
        "total" : 14
      },
      "items" : [ {
        "uid" : "778c8810af0ea3cc",
        "reportUrl" : "https://Lv-648-TAQC-Java-project.github.io/Selenium648PageFactory/57//#testresult/778c8810af0ea3cc",
        "status" : "failed",
        "statusDetails" : "The following asserts failed:\n\texpected [400] but found [405],\n\texpected [400] but found [405],\n\texpected [\"firstName\" can`t contain numbers] but found [Request method 'POST' not supported],\n\texpected [400] but found [405],\n\texpected [400] but found [405],\n\texpected [\"firstName\" can contain only ukrainian and english letters] but found [Request method 'POST' not supported],\n\texpected [400] but found [405],\n\texpected [400] but found [405],\n\texpected [\"firstName\" can contain from 1 to 25 letters] but found [Request method 'POST' not supported],\n\texpected [400] but found [405],\n\texpected [400] but found [405],\n\texpected [\"lastName\" can`t contain numbers] but found [Request method 'POST' not supported],\n\texpected [400] but found [405],\n\texpected [400] but found [405],\n\texpected [\"lastName\" can contain only ukrainian and english letters] but found [Request method 'POST' not supported],\n\texpected [400] but found [405],\n\texpected [400] but found [405],\n\texpected [\"lastName\" can contain from 1 to 25 letters] but found [Request method 'POST' not supported]",
        "time" : {
          "start" : 1642789602700,
          "stop" : 1642789607647,
          "duration" : 4947
        }
      }, {
        "uid" : "dbf8c3b253359008",
        "reportUrl" : "https://Lv-648-TAQC-Java-project.github.io/Selenium648PageFactory/57//#testresult/dbf8c3b253359008",
        "status" : "failed",
        "statusDetails" : "The following asserts failed:\n\texpected [400] but found [405],\n\texpected [400] but found [405],\n\texpected [\"firstName\" can`t contain numbers] but found [Request method 'POST' not supported],\n\texpected [400] but found [405],\n\texpected [400] but found [405],\n\texpected [\"firstName\" can contain only ukrainian and english letters] but found [Request method 'POST' not supported],\n\texpected [400] but found [405],\n\texpected [400] but found [405],\n\texpected [\"firstName\" can contain from 1 to 25 letters] but found [Request method 'POST' not supported],\n\texpected [400] but found [405],\n\texpected [400] but found [405],\n\texpected [\"lastName\" can`t contain numbers] but found [Request method 'POST' not supported],\n\texpected [400] but found [405],\n\texpected [400] but found [405],\n\texpected [\"lastName\" can contain only ukrainian and english letters] but found [Request method 'POST' not supported],\n\texpected [400] but found [405],\n\texpected [400] but found [405],\n\texpected [\"lastName\" can contain from 1 to 25 letters] but found [Request method 'POST' not supported]",
        "time" : {
          "start" : 1642787161596,
          "stop" : 1642787167138,
          "duration" : 5542
        }
      }, {
        "uid" : "7a55297bd343ac4f",
        "reportUrl" : "https://Lv-648-TAQC-Java-project.github.io/Selenium648PageFactory/56//#testresult/7a55297bd343ac4f",
        "status" : "failed",
        "statusDetails" : "The following asserts failed:\n\texpected [400] but found [405],\n\texpected [400] but found [405],\n\texpected [\"firstName\" can`t contain numbers] but found [Request method 'POST' not supported],\n\texpected [400] but found [405],\n\texpected [400] but found [405],\n\texpected [\"firstName\" can contain only ukrainian and english letters] but found [Request method 'POST' not supported],\n\texpected [400] but found [405],\n\texpected [400] but found [405],\n\texpected [\"firstName\" can contain from 1 to 25 letters] but found [Request method 'POST' not supported],\n\texpected [400] but found [405],\n\texpected [400] but found [405],\n\texpected [\"lastName\" can`t contain numbers] but found [Request method 'POST' not supported],\n\texpected [400] but found [405],\n\texpected [400] but found [405],\n\texpected [\"lastName\" can contain only ukrainian and english letters] but found [Request method 'POST' not supported],\n\texpected [400] but found [405],\n\texpected [400] but found [405],\n\texpected [\"lastName\" can contain from 1 to 25 letters] but found [Request method 'POST' not supported]",
        "time" : {
          "start" : 1642787159172,
          "stop" : 1642787164640,
          "duration" : 5468
        }
      }, {
        "uid" : "6069e4a96e73c23",
        "reportUrl" : "https://Lv-648-TAQC-Java-project.github.io/Selenium648PageFactory/55//#testresult/6069e4a96e73c23",
        "status" : "passed",
        "time" : {
          "start" : 1642786600182,
          "stop" : 1642786605238,
          "duration" : 5056
        }
      }, {
        "uid" : "930dfd9b45ae9df1",
        "reportUrl" : "https://Lv-648-TAQC-Java-project.github.io/Selenium648PageFactory/54//#testresult/930dfd9b45ae9df1",
        "status" : "passed",
        "time" : {
          "start" : 1642786588952,
          "stop" : 1642786594065,
          "duration" : 5113
        }
      }, {
        "uid" : "49ff44cf9f0f3a11",
        "reportUrl" : "https://Lv-648-TAQC-Java-project.github.io/Selenium648PageFactory/53//#testresult/49ff44cf9f0f3a11",
        "status" : "passed",
        "time" : {
          "start" : 1642785670532,
          "stop" : 1642785676826,
          "duration" : 6294
        }
      }, {
        "uid" : "8a2bae8773b1219d",
        "reportUrl" : "https://Lv-648-TAQC-Java-project.github.io/Selenium648PageFactory/41//#testresult/8a2bae8773b1219d",
        "status" : "passed",
        "time" : {
          "start" : 1642773118452,
          "stop" : 1642773124338,
          "duration" : 5886
        }
      }, {
        "uid" : "247cd8ac88b4d330",
        "reportUrl" : "https://Lv-648-TAQC-Java-project.github.io/Selenium648PageFactory/39//#testresult/247cd8ac88b4d330",
        "status" : "passed",
        "time" : {
          "start" : 1642769142294,
          "stop" : 1642769148082,
          "duration" : 5788
        }
      }, {
        "uid" : "4990e864f7d78623",
        "reportUrl" : "https://Lv-648-TAQC-Java-project.github.io/Selenium648PageFactory/37//#testresult/4990e864f7d78623",
        "status" : "passed",
        "time" : {
          "start" : 1642762391275,
          "stop" : 1642762396945,
          "duration" : 5670
        }
      }, {
        "uid" : "d187166f632b8b43",
        "reportUrl" : "https://Lv-648-TAQC-Java-project.github.io/Selenium648PageFactory/36//#testresult/d187166f632b8b43",
        "status" : "broken",
        "statusDetails" : "Cannot parse object because no supported Content-Type was specified in response. Content-Type was 'text/html; charset=iso-8859-1'.",
        "time" : {
          "start" : 1642760874100,
          "stop" : 1642760875003,
          "duration" : 903
        }
      }, {
        "uid" : "184cfdaff03d0dfc",
        "reportUrl" : "https://Lv-648-TAQC-Java-project.github.io/Selenium648PageFactory/37//#testresult/184cfdaff03d0dfc",
        "status" : "passed",
        "time" : {
          "start" : 1642761107700,
          "stop" : 1642761115569,
          "duration" : 7869
        }
      }, {
        "uid" : "7258146f362ca326",
        "reportUrl" : "https://Lv-648-TAQC-Java-project.github.io/Selenium648PageFactory/35//#testresult/7258146f362ca326",
        "status" : "passed",
        "time" : {
          "start" : 1642759986422,
          "stop" : 1642759991274,
          "duration" : 4852
        }
      }, {
        "uid" : "b6aa83369ee09c27",
        "reportUrl" : "https://Lv-648-TAQC-Java-project.github.io/Selenium648PageFactory/33//#testresult/b6aa83369ee09c27",
        "status" : "passed",
        "time" : {
          "start" : 1642759275708,
          "stop" : 1642759281517,
          "duration" : 5809
        }
      } ]
    },
    "tags" : [ ]
  },
  "source" : "51f8e684d29cae16.json",
  "parameterValues" : [ ]
}